C000  JMP                    A:00 X:00 Y:00 P:24 SP:FD CYC:7
C5F5  LDX                    A:00 X:00 Y:00 P:24 SP:FD CYC:10
C5F7  STX                    A:00 X:00 Y:00 P:26 SP:FD CYC:12
C5F9  STX                    A:00 X:00 Y:00 P:26 SP:FD CYC:15
C5FB  STX                    A:00 X:00 Y:00 P:26 SP:FD CYC:18
C5FD  JSR                    A:00 X:00 Y:00 P:26 SP:FD CYC:21
C72D  NOP                    A:00 X:00 Y:00 P:26 SP:FB CYC:27
C72E  SEC                    A:00 X:00 Y:00 P:26 SP:FB CYC:29
C72F  BCS                    A:00 X:00 Y:00 P:27 SP:FB CYC:31
C735  NOP                    A:00 X:00 Y:00 P:27 SP:FB CYC:34
C736  CLC                    A:00 X:00 Y:00 P:27 SP:FB CYC:36
C737  BCS                    A:00 X:00 Y:00 P:26 SP:FB CYC:38
C739  JMP                    A:00 X:00 Y:00 P:26 SP:FB CYC:40
C740  NOP                    A:00 X:00 Y:00 P:26 SP:FB CYC:43
C741  SEC                    A:00 X:00 Y:00 P:26 SP:FB CYC:45
C742  BCC                    A:00 X:00 Y:00 P:27 SP:FB CYC:47
C744  JMP                    A:00 X:00 Y:00 P:27 SP:FB CYC:49
C74B  NOP                    A:00 X:00 Y:00 P:27 SP:FB CYC:52
C74C  CLC                    A:00 X:00 Y:00 P:27 SP:FB CYC:54
C74D  BCC                    A:00 X:00 Y:00 P:26 SP:FB CYC:56
C753  NOP                    A:00 X:00 Y:00 P:26 SP:FB CYC:59
C754  LDA                    A:00 X:00 Y:00 P:26 SP:FB CYC:61
C756  BEQ                    A:00 X:00 Y:00 P:26 SP:FB CYC:63
C75C  NOP                    A:00 X:00 Y:00 P:26 SP:FB CYC:66
C75D  LDA                    A:00 X:00 Y:00 P:26 SP:FB CYC:68
C75F  BEQ                    A:40 X:00 Y:00 P:24 SP:FB CYC:70
C761  JMP                    A:40 X:00 Y:00 P:24 SP:FB CYC:72
C768  NOP                    A:40 X:00 Y:00 P:24 SP:FB CYC:75
C769  LDA                    A:40 X:00 Y:00 P:24 SP:FB CYC:77
C76B  BNE                    A:40 X:00 Y:00 P:24 SP:FB CYC:79
C771  NOP                    A:40 X:00 Y:00 P:24 SP:FB CYC:82
C772  LDA                    A:40 X:00 Y:00 P:24 SP:FB CYC:84
C774  BNE                    A:00 X:00 Y:00 P:26 SP:FB CYC:86
C776  JMP                    A:00 X:00 Y:00 P:26 SP:FB CYC:88
C77D  NOP                    A:00 X:00 Y:00 P:26 SP:FB CYC:91
C77E  LDA                    A:00 X:00 Y:00 P:26 SP:FB CYC:93
C780  STA                    A:FF X:00 Y:00 P:A4 SP:FB CYC:95
C782  BIT                    A:FF X:00 Y:00 P:A4 SP:FB CYC:98
C784  BVS                    A:FF X:00 Y:00 P:E4 SP:FB CYC:101
C78A  NOP                    A:FF X:00 Y:00 P:E4 SP:FB CYC:104
C78B  BIT                    A:FF X:00 Y:00 P:E4 SP:FB CYC:106
C78D  BVC                    A:FF X:00 Y:00 P:E4 SP:FB CYC:109
C78F  JMP                    A:FF X:00 Y:00 P:E4 SP:FB CYC:111
C796  NOP                    A:FF X:00 Y:00 P:E4 SP:FB CYC:114
C797  LDA                    A:FF X:00 Y:00 P:E4 SP:FB CYC:116
C799  STA                    A:00 X:00 Y:00 P:66 SP:FB CYC:118
C79B  BIT                    A:00 X:00 Y:00 P:66 SP:FB CYC:121
C79D  BVC                    A:00 X:00 Y:00 P:26 SP:FB CYC:124
C7A3  NOP                    A:00 X:00 Y:00 P:26 SP:FB CYC:127
C7A4  BIT                    A:00 X:00 Y:00 P:26 SP:FB CYC:129
C7A6  BVS                    A:00 X:00 Y:00 P:26 SP:FB CYC:132
C7A8  JMP                    A:00 X:00 Y:00 P:26 SP:FB CYC:134
C7AF  NOP                    A:00 X:00 Y:00 P:26 SP:FB CYC:137
C7B0  LDA                    A:00 X:00 Y:00 P:26 SP:FB CYC:139
C7B2  BPL                    A:00 X:00 Y:00 P:26 SP:FB CYC:141
C7B8  NOP                    A:00 X:00 Y:00 P:26 SP:FB CYC:144
C7B9  LDA                    A:00 X:00 Y:00 P:26 SP:FB CYC:146
C7BB  BPL                    A:80 X:00 Y:00 P:A4 SP:FB CYC:148
C7BD  JMP                    A:80 X:00 Y:00 P:A4 SP:FB CYC:150
C7D9  NOP                    A:80 X:00 Y:00 P:A4 SP:FB CYC:153
C7DA  RTS                    A:80 X:00 Y:00 P:A4 SP:FB CYC:155
C600  JSR                    A:80 X:00 Y:00 P:A4 SP:FD CYC:161
C7DB  NOP                    A:80 X:00 Y:00 P:A4 SP:FB CYC:167
C7DC  LDA                    A:80 X:00 Y:00 P:A4 SP:FB CYC:169
C7DE  STA                    A:FF X:00 Y:00 P:A4 SP:FB CYC:171
C7E0  BIT                    A:FF X:00 Y:00 P:A4 SP:FB CYC:174
C7E2  LDA                    A:FF X:00 Y:00 P:E4 SP:FB CYC:177
C7E4  SEC                    A:00 X:00 Y:00 P:66 SP:FB CYC:179
C7E5  SEI                    A:00 X:00 Y:00 P:67 SP:FB CYC:181
C7E6  SED                    A:00 X:00 Y:00 P:67 SP:FB CYC:183
C7E7  PHP                    A:00 X:00 Y:00 P:6F SP:FB CYC:185
C7E8  PLA                    A:00 X:00 Y:00 P:6F SP:FA CYC:188
C7E9  AND                    A:7F X:00 Y:00 P:6D SP:FB CYC:192
C7EB  CMP                    A:6F X:00 Y:00 P:6D SP:FB CYC:194
C7ED  BEQ                    A:6F X:00 Y:00 P:6F SP:FB CYC:196
C7F3  NOP                    A:6F X:00 Y:00 P:6F SP:FB CYC:199
C7F4  LDA                    A:6F X:00 Y:00 P:6F SP:FB CYC:201
C7F6  STA                    A:40 X:00 Y:00 P:6D SP:FB CYC:203
C7F8  BIT                    A:40 X:00 Y:00 P:6D SP:FB CYC:206
C7FA  CLD                    A:40 X:00 Y:00 P:6D SP:FB CYC:209
C7FB  LDA                    A:40 X:00 Y:00 P:65 SP:FB CYC:211
C7FD  CLC                    A:10 X:00 Y:00 P:65 SP:FB CYC:213
C7FE  PHP                    A:10 X:00 Y:00 P:64 SP:FB CYC:215
C7FF  PLA                    A:10 X:00 Y:00 P:64 SP:FA CYC:218
C800  AND                    A:74 X:00 Y:00 P:64 SP:FB CYC:222
C802  CMP                    A:64 X:00 Y:00 P:64 SP:FB CYC:224
C804  BEQ                    A:64 X:00 Y:00 P:67 SP:FB CYC:226
C80A  NOP                    A:64 X:00 Y:00 P:67 SP:FB CYC:229
C80B  LDA                    A:64 X:00 Y:00 P:67 SP:FB CYC:231
C80D  STA                    A:80 X:00 Y:00 P:E5 SP:FB CYC:233
C80F  BIT                    A:80 X:00 Y:00 P:E5 SP:FB CYC:236
C811  SED                    A:80 X:00 Y:00 P:A5 SP:FB CYC:239
C812  LDA                    A:80 X:00 Y:00 P:AD SP:FB CYC:241
C814  SEC                    A:00 X:00 Y:00 P:2F SP:FB CYC:243
C815  PHP                    A:00 X:00 Y:00 P:2F SP:FB CYC:245
C816  PLA                    A:00 X:00 Y:00 P:2F SP:FA CYC:248
C817  AND                    A:3F X:00 Y:00 P:2D SP:FB CYC:252
C819  CMP                    A:2F X:00 Y:00 P:2D SP:FB CYC:254
C81B  BEQ                    A:2F X:00 Y:00 P:2F SP:FB CYC:256
C821  NOP                    A:2F X:00 Y:00 P:2F SP:FB CYC:259
C822  LDA                    A:2F X:00 Y:00 P:2F SP:FB CYC:261
C824  PHA                    A:FF X:00 Y:00 P:AD SP:FB CYC:263
C825  PLP                    A:FF X:00 Y:00 P:AD SP:FA CYC:266
C826  BNE                    A:FF X:00 Y:00 P:EF SP:FB CYC:270
C828  BPL                    A:FF X:00 Y:00 P:EF SP:FB CYC:272
C82A  BVC                    A:FF X:00 Y:00 P:EF SP:FB CYC:274
C82C  BCC                    A:FF X:00 Y:00 P:EF SP:FB CYC:276
C82E  JMP                    A:FF X:00 Y:00 P:EF SP:FB CYC:278
C835  NOP                    A:FF X:00 Y:00 P:EF SP:FB CYC:281
C836  LDA                    A:FF X:00 Y:00 P:EF SP:FB CYC:283
C838  PHA                    A:04 X:00 Y:00 P:6D SP:FB CYC:285
C839  PLP                    A:04 X:00 Y:00 P:6D SP:FA CYC:288
C83A  BEQ                    A:04 X:00 Y:00 P:24 SP:FB CYC:292
C83C  BMI                    A:04 X:00 Y:00 P:24 SP:FB CYC:294
C83E  BVS                    A:04 X:00 Y:00 P:24 SP:FB CYC:296
C840  BCS                    A:04 X:00 Y:00 P:24 SP:FB CYC:298
C842  JMP                    A:04 X:00 Y:00 P:24 SP:FB CYC:300
C849  NOP                    A:04 X:00 Y:00 P:24 SP:FB CYC:303
C84A  SED                    A:04 X:00 Y:00 P:24 SP:FB CYC:305
C84B  LDA                    A:04 X:00 Y:00 P:2C SP:FB CYC:307
C84D  STA                    A:FF X:00 Y:00 P:AC SP:FB CYC:309
C84F  BIT                    A:FF X:00 Y:00 P:AC SP:FB CYC:312
C851  CLC                    A:FF X:00 Y:00 P:EC SP:FB CYC:315
C852  LDA                    A:FF X:00 Y:00 P:EC SP:FB CYC:317
C854  PHA                    A:00 X:00 Y:00 P:6E SP:FB CYC:319
C855  LDA                    A:00 X:00 Y:00 P:6E SP:FA CYC:322
C857  PLA                    A:FF X:00 Y:00 P:EC SP:FA CYC:324
C858  BNE                    A:00 X:00 Y:00 P:6E SP:FB CYC:328
C85A  BMI                    A:00 X:00 Y:00 P:6E SP:FB CYC:330
C85C  BVC                    A:00 X:00 Y:00 P:6E SP:FB CYC:332
C85E  BCS                    A:00 X:00 Y:00 P:6E SP:FB CYC:334
C860  JMP                    A:00 X:00 Y:00 P:6E SP:FB CYC:336
C867  NOP                    A:00 X:00 Y:00 P:6E SP:FB CYC:339
C868  LDA                    A:00 X:00 Y:00 P:6E SP:FB CYC:341
C86A  STA                    A:00 X:00 Y:00 P:6E SP:FB CYC:343
C86C  BIT                    A:00 X:00 Y:00 P:6E SP:FB CYC:346
C86E  SEC                    A:00 X:00 Y:00 P:2E SP:FB CYC:349
C86F  LDA                    A:00 X:00 Y:00 P:2F SP:FB CYC:351
C871  PHA                    A:FF X:00 Y:00 P:AD SP:FB CYC:353
C872  LDA                    A:FF X:00 Y:00 P:AD SP:FA CYC:356
C874  PLA                    A:00 X:00 Y:00 P:2F SP:FA CYC:358
C875  BEQ                    A:FF X:00 Y:00 P:AD SP:FB CYC:362
C877  BPL                    A:FF X:00 Y:00 P:AD SP:FB CYC:364
C879  BVS                    A:FF X:00 Y:00 P:AD SP:FB CYC:366
C87B  BCC                    A:FF X:00 Y:00 P:AD SP:FB CYC:368
C87D  JMP                    A:FF X:00 Y:00 P:AD SP:FB CYC:370
C884  RTS                    A:FF X:00 Y:00 P:AD SP:FB CYC:373
C603  JSR                    A:FF X:00 Y:00 P:AD SP:FD CYC:379
C885  NOP                    A:FF X:00 Y:00 P:AD SP:FB CYC:385
C886  CLC                    A:FF X:00 Y:00 P:AD SP:FB CYC:387
C887  LDA                    A:FF X:00 Y:00 P:AC SP:FB CYC:389
C889  STA                    A:FF X:00 Y:00 P:AC SP:FB CYC:391
C88B  BIT                    A:FF X:00 Y:00 P:AC SP:FB CYC:394
C88D  LDA                    A:FF X:00 Y:00 P:EC SP:FB CYC:397
C88F  ORA                    A:55 X:00 Y:00 P:6C SP:FB CYC:399
C891  BCS                    A:FF X:00 Y:00 P:EC SP:FB CYC:401
C893  BPL                    A:FF X:00 Y:00 P:EC SP:FB CYC:403
C895  CMP                    A:FF X:00 Y:00 P:EC SP:FB CYC:405
C897  BNE                    A:FF X:00 Y:00 P:6F SP:FB CYC:407
C899  BVC                    A:FF X:00 Y:00 P:6F SP:FB CYC:409
C89B  JMP                    A:FF X:00 Y:00 P:6F SP:FB CYC:411
C8A2  NOP                    A:FF X:00 Y:00 P:6F SP:FB CYC:414
C8A3  SEC                    A:FF X:00 Y:00 P:6F SP:FB CYC:416
C8A4  CLV                    A:FF X:00 Y:00 P:6F SP:FB CYC:418
C8A5  LDA                    A:FF X:00 Y:00 P:2F SP:FB CYC:420
C8A7  ORA                    A:00 X:00 Y:00 P:2F SP:FB CYC:422
C8A9  BNE                    A:00 X:00 Y:00 P:2F SP:FB CYC:424
C8AB  BVS                    A:00 X:00 Y:00 P:2F SP:FB CYC:426
C8AD  BCC                    A:00 X:00 Y:00 P:2F SP:FB CYC:428
C8AF  BMI                    A:00 X:00 Y:00 P:2F SP:FB CYC:430
C8B1  JMP                    A:00 X:00 Y:00 P:2F SP:FB CYC:432
C8B8  NOP                    A:00 X:00 Y:00 P:2F SP:FB CYC:435
C8B9  CLC                    A:00 X:00 Y:00 P:2F SP:FB CYC:437
C8BA  BIT                    A:00 X:00 Y:00 P:2E SP:FB CYC:439
C8BC  LDA                    A:00 X:00 Y:00 P:EE SP:FB CYC:442
C8BE  AND                    A:55 X:00 Y:00 P:6C SP:FB CYC:444
C8C0  BNE                    A:00 X:00 Y:00 P:6E SP:FB CYC:446
C8C2  BVC                    A:00 X:00 Y:00 P:6E SP:FB CYC:448
C8C4  BCS                    A:00 X:00 Y:00 P:6E SP:FB CYC:450
C8C6  BMI                    A:00 X:00 Y:00 P:6E SP:FB CYC:452
C8C8  JMP                    A:00 X:00 Y:00 P:6E SP:FB CYC:454
C8CF  NOP                    A:00 X:00 Y:00 P:6E SP:FB CYC:457
C8D0  SEC                    A:00 X:00 Y:00 P:6E SP:FB CYC:459
C8D1  CLV                    A:00 X:00 Y:00 P:6F SP:FB CYC:461
C8D2  LDA                    A:00 X:00 Y:00 P:2F SP:FB CYC:463
C8D4  AND                    A:F8 X:00 Y:00 P:AD SP:FB CYC:465
C8D6  BCC                    A:E8 X:00 Y:00 P:AD SP:FB CYC:467
C8D8  BPL                    A:E8 X:00 Y:00 P:AD SP:FB CYC:469
C8DA  CMP                    A:E8 X:00 Y:00 P:AD SP:FB CYC:471
C8DC  BNE                    A:E8 X:00 Y:00 P:2F SP:FB CYC:473
C8DE  BVS                    A:E8 X:00 Y:00 P:2F SP:FB CYC:475
C8E0  JMP                    A:E8 X:00 Y:00 P:2F SP:FB CYC:477
C8E7  NOP                    A:E8 X:00 Y:00 P:2F SP:FB CYC:480
C8E8  CLC                    A:E8 X:00 Y:00 P:2F SP:FB CYC:482
C8E9  BIT                    A:E8 X:00 Y:00 P:2E SP:FB CYC:484
C8EB  LDA                    A:E8 X:00 Y:00 P:EC SP:FB CYC:487
C8ED  EOR                    A:5F X:00 Y:00 P:6C SP:FB CYC:489
C8EF  BCS                    A:F5 X:00 Y:00 P:EC SP:FB CYC:491
C8F1  BPL                    A:F5 X:00 Y:00 P:EC SP:FB CYC:493
C8F3  CMP                    A:F5 X:00 Y:00 P:EC SP:FB CYC:495
C8F5  BNE                    A:F5 X:00 Y:00 P:6F SP:FB CYC:497
C8F7  BVC                    A:F5 X:00 Y:00 P:6F SP:FB CYC:499
C8F9  JMP                    A:F5 X:00 Y:00 P:6F SP:FB CYC:501
C900  NOP                    A:F5 X:00 Y:00 P:6F SP:FB CYC:504
C901  SEC                    A:F5 X:00 Y:00 P:6F SP:FB CYC:506
C902  CLV                    A:F5 X:00 Y:00 P:6F SP:FB CYC:508
C903  LDA                    A:F5 X:00 Y:00 P:2F SP:FB CYC:510
C905  EOR                    A:70 X:00 Y:00 P:2D SP:FB CYC:512
C907  BNE                    A:00 X:00 Y:00 P:2F SP:FB CYC:514
C909  BVS                    A:00 X:00 Y:00 P:2F SP:FB CYC:516
C90B  BCC                    A:00 X:00 Y:00 P:2F SP:FB CYC:518
C90D  BMI                    A:00 X:00 Y:00 P:2F SP:FB CYC:520
C90F  JMP                    A:00 X:00 Y:00 P:2F SP:FB CYC:522
C916  NOP                    A:00 X:00 Y:00 P:2F SP:FB CYC:525
C917  CLC                    A:00 X:00 Y:00 P:2F SP:FB CYC:527
C918  BIT                    A:00 X:00 Y:00 P:2E SP:FB CYC:529
C91A  LDA                    A:00 X:00 Y:00 P:EE SP:FB CYC:532
C91C  ADC                    A:00 X:00 Y:00 P:6E SP:FB CYC:534
C91E  BMI                    A:69 X:00 Y:00 P:2C SP:FB CYC:536
C920  BCS                    A:69 X:00 Y:00 P:2C SP:FB CYC:538
C922  CMP                    A:69 X:00 Y:00 P:2C SP:FB CYC:540
C924  BNE                    A:69 X:00 Y:00 P:2F SP:FB CYC:542
C926  BVS                    A:69 X:00 Y:00 P:2F SP:FB CYC:544
C928  JMP                    A:69 X:00 Y:00 P:2F SP:FB CYC:546
C92F  NOP                    A:69 X:00 Y:00 P:2F SP:FB CYC:549
C930  SEC                    A:69 X:00 Y:00 P:2F SP:FB CYC:551
C931  SED                    A:69 X:00 Y:00 P:2F SP:FB CYC:553
C932  BIT                    A:69 X:00 Y:00 P:2F SP:FB CYC:555
C934  LDA                    A:69 X:00 Y:00 P:ED SP:FB CYC:558
C936  ADC                    A:01 X:00 Y:00 P:6D SP:FB CYC:560
C938  BMI                    A:6B X:00 Y:00 P:2C SP:FB CYC:562
C93A  BCS                    A:6B X:00 Y:00 P:2C SP:FB CYC:564
C93C  CMP                    A:6B X:00 Y:00 P:2C SP:FB CYC:566
C93E  BNE                    A:6B X:00 Y:00 P:2F SP:FB CYC:568
C940  BVS                    A:6B X:00 Y:00 P:2F SP:FB CYC:570
C942  JMP                    A:6B X:00 Y:00 P:2F SP:FB CYC:572
C949  NOP                    A:6B X:00 Y:00 P:2F SP:FB CYC:575
C94A  CLD                    A:6B X:00 Y:00 P:2F SP:FB CYC:577
C94B  SEC                    A:6B X:00 Y:00 P:27 SP:FB CYC:579
C94C  CLV                    A:6B X:00 Y:00 P:27 SP:FB CYC:581
C94D  LDA                    A:6B X:00 Y:00 P:27 SP:FB CYC:583
C94F  ADC                    A:7F X:00 Y:00 P:25 SP:FB CYC:585
C951  BPL                    A:FF X:00 Y:00 P:E4 SP:FB CYC:587
C953  BCS                    A:FF X:00 Y:00 P:E4 SP:FB CYC:589
C955  CMP                    A:FF X:00 Y:00 P:E4 SP:FB CYC:591
C957  BNE                    A:FF X:00 Y:00 P:67 SP:FB CYC:593
C959  BVC                    A:FF X:00 Y:00 P:67 SP:FB CYC:595
C95B  JMP                    A:FF X:00 Y:00 P:67 SP:FB CYC:597
C962  NOP                    A:FF X:00 Y:00 P:67 SP:FB CYC:600
C963  CLC                    A:FF X:00 Y:00 P:67 SP:FB CYC:602
C964  BIT                    A:FF X:00 Y:00 P:66 SP:FB CYC:604
C966  LDA                    A:FF X:00 Y:00 P:E4 SP:FB CYC:607
C968  ADC                    A:7F X:00 Y:00 P:64 SP:FB CYC:609
C96A  BPL                    A:FF X:00 Y:00 P:A4 SP:FB CYC:611
C96C  BCS                    A:FF X:00 Y:00 P:A4 SP:FB CYC:613
C96E  CMP                    A:FF X:00 Y:00 P:A4 SP:FB CYC:615
C970  BNE                    A:FF X:00 Y:00 P:27 SP:FB CYC:617
C972  BVS                    A:FF X:00 Y:00 P:27 SP:FB CYC:619
C974  JMP                    A:FF X:00 Y:00 P:27 SP:FB CYC:621
C97B  NOP                    A:FF X:00 Y:00 P:27 SP:FB CYC:624
C97C  SEC                    A:FF X:00 Y:00 P:27 SP:FB CYC:626
C97D  CLV                    A:FF X:00 Y:00 P:27 SP:FB CYC:628
C97E  LDA                    A:FF X:00 Y:00 P:27 SP:FB CYC:630
C980  ADC                    A:7F X:00 Y:00 P:25 SP:FB CYC:632
C982  BNE                    A:00 X:00 Y:00 P:27 SP:FB CYC:634
C984  BMI                    A:00 X:00 Y:00 P:27 SP:FB CYC:636
C986  BVS                    A:00 X:00 Y:00 P:27 SP:FB CYC:638
C988  BCC                    A:00 X:00 Y:00 P:27 SP:FB CYC:640
C98A  JMP                    A:00 X:00 Y:00 P:27 SP:FB CYC:642
C991  NOP                    A:00 X:00 Y:00 P:27 SP:FB CYC:645
C992  SEC                    A:00 X:00 Y:00 P:27 SP:FB CYC:647
C993  CLV                    A:00 X:00 Y:00 P:27 SP:FB CYC:649
C994  LDA                    A:00 X:00 Y:00 P:27 SP:FB CYC:651
C996  BEQ                    A:9F X:00 Y:00 P:A5 SP:FB CYC:653
C998  BPL                    A:9F X:00 Y:00 P:A5 SP:FB CYC:655
C99A  BVS                    A:9F X:00 Y:00 P:A5 SP:FB CYC:657
C99C  BCC                    A:9F X:00 Y:00 P:A5 SP:FB CYC:659
C99E  JMP                    A:9F X:00 Y:00 P:A5 SP:FB CYC:661
C9A5  NOP                    A:9F X:00 Y:00 P:A5 SP:FB CYC:664
C9A6  CLC                    A:9F X:00 Y:00 P:A5 SP:FB CYC:666
C9A7  BIT                    A:9F X:00 Y:00 P:A4 SP:FB CYC:668
C9A9  LDA                    A:9F X:00 Y:00 P:E4 SP:FB CYC:671
C9AB  BNE                    A:00 X:00 Y:00 P:66 SP:FB CYC:673
C9AD  BMI                    A:00 X:00 Y:00 P:66 SP:FB CYC:675
C9AF  BVC                    A:00 X:00 Y:00 P:66 SP:FB CYC:677
C9B1  BCS                    A:00 X:00 Y:00 P:66 SP:FB CYC:679
C9B3  JMP                    A:00 X:00 Y:00 P:66 SP:FB CYC:681
C9BA  NOP                    A:00 X:00 Y:00 P:66 SP:FB CYC:684
C9BB  BIT                    A:00 X:00 Y:00 P:66 SP:FB CYC:686
C9BD  LDA                    A:00 X:00 Y:00 P:E6 SP:FB CYC:689
C9BF  CMP                    A:40 X:00 Y:00 P:64 SP:FB CYC:691
C9C1  BMI                    A:40 X:00 Y:00 P:67 SP:FB CYC:693
C9C3  BCC                    A:40 X:00 Y:00 P:67 SP:FB CYC:695
C9C5  BNE                    A:40 X:00 Y:00 P:67 SP:FB CYC:697
C9C7  BVC                    A:40 X:00 Y:00 P:67 SP:FB CYC:699
C9C9  JMP                    A:40 X:00 Y:00 P:67 SP:FB CYC:701
C9D0  NOP                    A:40 X:00 Y:00 P:67 SP:FB CYC:704
C9D1  CLV                    A:40 X:00 Y:00 P:67 SP:FB CYC:706
C9D2  CMP                    A:40 X:00 Y:00 P:27 SP:FB CYC:708
C9D4  BEQ                    A:40 X:00 Y:00 P:25 SP:FB CYC:710
C9D6  BMI                    A:40 X:00 Y:00 P:25 SP:FB CYC:712
C9D8  BCC                    A:40 X:00 Y:00 P:25 SP:FB CYC:714
C9DA  BVS                    A:40 X:00 Y:00 P:25 SP:FB CYC:716
C9DC  JMP                    A:40 X:00 Y:00 P:25 SP:FB CYC:718
C9E3  NOP                    A:40 X:00 Y:00 P:25 SP:FB CYC:721
C9E4  CMP                    A:40 X:00 Y:00 P:25 SP:FB CYC:723
C9E6  BEQ                    A:40 X:00 Y:00 P:A4 SP:FB CYC:725
C9E8  BPL                    A:40 X:00 Y:00 P:A4 SP:FB CYC:727
C9EA  BPL                    A:40 X:00 Y:00 P:A4 SP:FB CYC:729
C9EC  JMP                    A:40 X:00 Y:00 P:A4 SP:FB CYC:731
C9F3  NOP                    A:40 X:00 Y:00 P:A4 SP:FB CYC:734
C9F4  LDA                    A:40 X:00 Y:00 P:A4 SP:FB CYC:736
C9F6  CMP                    A:80 X:00 Y:00 P:A4 SP:FB CYC:738
C9F8  BEQ                    A:80 X:00 Y:00 P:A5 SP:FB CYC:740
C9FA  BPL                    A:80 X:00 Y:00 P:A5 SP:FB CYC:742
C9FC  BCC                    A:80 X:00 Y:00 P:A5 SP:FB CYC:744
C9FE  JMP                    A:80 X:00 Y:00 P:A5 SP:FB CYC:746
CA05  NOP                    A:80 X:00 Y:00 P:A5 SP:FB CYC:749
CA06  CMP                    A:80 X:00 Y:00 P:A5 SP:FB CYC:751
CA08  BNE                    A:80 X:00 Y:00 P:27 SP:FB CYC:753
CA0A  BMI                    A:80 X:00 Y:00 P:27 SP:FB CYC:755
CA0C  BCC                    A:80 X:00 Y:00 P:27 SP:FB CYC:757
CA0E  JMP                    A:80 X:00 Y:00 P:27 SP:FB CYC:759
CA15  NOP                    A:80 X:00 Y:00 P:27 SP:FB CYC:762
CA16  CMP                    A:80 X:00 Y:00 P:27 SP:FB CYC:764
CA18  BCS                    A:80 X:00 Y:00 P:A4 SP:FB CYC:766
CA1A  BEQ                    A:80 X:00 Y:00 P:A4 SP:FB CYC:768
CA1C  BPL                    A:80 X:00 Y:00 P:A4 SP:FB CYC:770
CA1E  JMP                    A:80 X:00 Y:00 P:A4 SP:FB CYC:772
CA25  NOP                    A:80 X:00 Y:00 P:A4 SP:FB CYC:775
CA26  CMP                    A:80 X:00 Y:00 P:A4 SP:FB CYC:777
CA28  BCC                    A:80 X:00 Y:00 P:25 SP:FB CYC:779
CA2A  BEQ                    A:80 X:00 Y:00 P:25 SP:FB CYC:781
CA2C  BMI                    A:80 X:00 Y:00 P:25 SP:FB CYC:783
CA2E  JMP                    A:80 X:00 Y:00 P:25 SP:FB CYC:785
CA35  NOP                    A:80 X:00 Y:00 P:25 SP:FB CYC:788
CA36  BIT                    A:80 X:00 Y:00 P:25 SP:FB CYC:790
CA38  LDY                    A:80 X:00 Y:00 P:E5 SP:FB CYC:793
CA3A  CPY                    A:80 X:00 Y:40 P:65 SP:FB CYC:795
CA3C  BNE                    A:80 X:00 Y:40 P:67 SP:FB CYC:797
CA3E  BMI                    A:80 X:00 Y:40 P:67 SP:FB CYC:799
CA40  BCC                    A:80 X:00 Y:40 P:67 SP:FB CYC:801
CA42  BVC                    A:80 X:00 Y:40 P:67 SP:FB CYC:803
CA44  JMP                    A:80 X:00 Y:40 P:67 SP:FB CYC:805
CA4B  NOP                    A:80 X:00 Y:40 P:67 SP:FB CYC:808
CA4C  CLV                    A:80 X:00 Y:40 P:67 SP:FB CYC:810
CA4D  CPY                    A:80 X:00 Y:40 P:27 SP:FB CYC:812
CA4F  BEQ                    A:80 X:00 Y:40 P:25 SP:FB CYC:814
CA51  BMI                    A:80 X:00 Y:40 P:25 SP:FB CYC:816
CA53  BCC                    A:80 X:00 Y:40 P:25 SP:FB CYC:818
CA55  BVS                    A:80 X:00 Y:40 P:25 SP:FB CYC:820
CA57  JMP                    A:80 X:00 Y:40 P:25 SP:FB CYC:822
CA5E  NOP                    A:80 X:00 Y:40 P:25 SP:FB CYC:825
CA5F  CPY                    A:80 X:00 Y:40 P:25 SP:FB CYC:827
CA61  BEQ                    A:80 X:00 Y:40 P:A4 SP:FB CYC:829
CA63  BPL                    A:80 X:00 Y:40 P:A4 SP:FB CYC:831
CA65  BPL                    A:80 X:00 Y:40 P:A4 SP:FB CYC:833
CA67  JMP                    A:80 X:00 Y:40 P:A4 SP:FB CYC:835
CA6E  NOP                    A:80 X:00 Y:40 P:A4 SP:FB CYC:838
CA6F  LDY                    A:80 X:00 Y:40 P:A4 SP:FB CYC:840
CA71  CPY                    A:80 X:00 Y:80 P:A4 SP:FB CYC:842
CA73  BEQ                    A:80 X:00 Y:80 P:A5 SP:FB CYC:844
CA75  BPL                    A:80 X:00 Y:80 P:A5 SP:FB CYC:846
CA77  BCC                    A:80 X:00 Y:80 P:A5 SP:FB CYC:848
CA79  JMP                    A:80 X:00 Y:80 P:A5 SP:FB CYC:850
CA80  NOP                    A:80 X:00 Y:80 P:A5 SP:FB CYC:853
CA81  CPY                    A:80 X:00 Y:80 P:A5 SP:FB CYC:855
CA83  BNE                    A:80 X:00 Y:80 P:27 SP:FB CYC:857
CA85  BMI                    A:80 X:00 Y:80 P:27 SP:FB CYC:859
CA87  BCC                    A:80 X:00 Y:80 P:27 SP:FB CYC:861
CA89  JMP                    A:80 X:00 Y:80 P:27 SP:FB CYC:863
CA90  NOP                    A:80 X:00 Y:80 P:27 SP:FB CYC:866
CA91  CPY                    A:80 X:00 Y:80 P:27 SP:FB CYC:868
CA93  BCS                    A:80 X:00 Y:80 P:A4 SP:FB CYC:870
CA95  BEQ                    A:80 X:00 Y:80 P:A4 SP:FB CYC:872
CA97  BPL                    A:80 X:00 Y:80 P:A4 SP:FB CYC:874
CA99  JMP                    A:80 X:00 Y:80 P:A4 SP:FB CYC:876
CAA0  NOP                    A:80 X:00 Y:80 P:A4 SP:FB CYC:879
CAA1  CPY                    A:80 X:00 Y:80 P:A4 SP:FB CYC:881
CAA3  BCC                    A:80 X:00 Y:80 P:25 SP:FB CYC:883
CAA5  BEQ                    A:80 X:00 Y:80 P:25 SP:FB CYC:885
CAA7  BMI                    A:80 X:00 Y:80 P:25 SP:FB CYC:887
CAA9  JMP                    A:80 X:00 Y:80 P:25 SP:FB CYC:889
CAB0  NOP                    A:80 X:00 Y:80 P:25 SP:FB CYC:892
CAB1  BIT                    A:80 X:00 Y:80 P:25 SP:FB CYC:894
CAB3  LDX                    A:80 X:00 Y:80 P:E5 SP:FB CYC:897
CAB5  CPX                    A:80 X:40 Y:80 P:65 SP:FB CYC:899
CAB7  BNE                    A:80 X:40 Y:80 P:67 SP:FB CYC:901
CAB9  BMI                    A:80 X:40 Y:80 P:67 SP:FB CYC:903
CABB  BCC                    A:80 X:40 Y:80 P:67 SP:FB CYC:905
CABD  BVC                    A:80 X:40 Y:80 P:67 SP:FB CYC:907
CABF  JMP                    A:80 X:40 Y:80 P:67 SP:FB CYC:909
CAC6  NOP                    A:80 X:40 Y:80 P:67 SP:FB CYC:912
CAC7  CLV                    A:80 X:40 Y:80 P:67 SP:FB CYC:914
CAC8  CPX                    A:80 X:40 Y:80 P:27 SP:FB CYC:916
CACA  BEQ                    A:80 X:40 Y:80 P:25 SP:FB CYC:918
CACC  BMI                    A:80 X:40 Y:80 P:25 SP:FB CYC:920
CACE  BCC                    A:80 X:40 Y:80 P:25 SP:FB CYC:922
CAD0  BVS                    A:80 X:40 Y:80 P:25 SP:FB CYC:924
CAD2  JMP                    A:80 X:40 Y:80 P:25 SP:FB CYC:926
CAD9  NOP                    A:80 X:40 Y:80 P:25 SP:FB CYC:929
CADA  CPX                    A:80 X:40 Y:80 P:25 SP:FB CYC:931
CADC  BEQ                    A:80 X:40 Y:80 P:A4 SP:FB CYC:933
CADE  BPL                    A:80 X:40 Y:80 P:A4 SP:FB CYC:935
CAE0  BPL                    A:80 X:40 Y:80 P:A4 SP:FB CYC:937
CAE2  JMP                    A:80 X:40 Y:80 P:A4 SP:FB CYC:939
CAE9  NOP                    A:80 X:40 Y:80 P:A4 SP:FB CYC:942
CAEA  LDX                    A:80 X:40 Y:80 P:A4 SP:FB CYC:944
CAEC  CPX                    A:80 X:80 Y:80 P:A4 SP:FB CYC:946
CAEE  BEQ                    A:80 X:80 Y:80 P:A5 SP:FB CYC:948
CAF0  BPL                    A:80 X:80 Y:80 P:A5 SP:FB CYC:950
CAF2  BCC                    A:80 X:80 Y:80 P:A5 SP:FB CYC:952
CAF4  JMP                    A:80 X:80 Y:80 P:A5 SP:FB CYC:954
CAFB  NOP                    A:80 X:80 Y:80 P:A5 SP:FB CYC:957
CAFC  CPX                    A:80 X:80 Y:80 P:A5 SP:FB CYC:959
CAFE  BNE                    A:80 X:80 Y:80 P:27 SP:FB CYC:961
CB00  BMI                    A:80 X:80 Y:80 P:27 SP:FB CYC:963
CB02  BCC                    A:80 X:80 Y:80 P:27 SP:FB CYC:965
CB04  JMP                    A:80 X:80 Y:80 P:27 SP:FB CYC:967
CB0B  NOP                    A:80 X:80 Y:80 P:27 SP:FB CYC:970
CB0C  CPX                    A:80 X:80 Y:80 P:27 SP:FB CYC:972
CB0E  BCS                    A:80 X:80 Y:80 P:A4 SP:FB CYC:974
CB10  BEQ                    A:80 X:80 Y:80 P:A4 SP:FB CYC:976
CB12  BPL                    A:80 X:80 Y:80 P:A4 SP:FB CYC:978
CB14  JMP                    A:80 X:80 Y:80 P:A4 SP:FB CYC:980
CB1B  NOP                    A:80 X:80 Y:80 P:A4 SP:FB CYC:983
CB1C  CPX                    A:80 X:80 Y:80 P:A4 SP:FB CYC:985
CB1E  BCC                    A:80 X:80 Y:80 P:25 SP:FB CYC:987
CB20  BEQ                    A:80 X:80 Y:80 P:25 SP:FB CYC:989
CB22  BMI                    A:80 X:80 Y:80 P:25 SP:FB CYC:991
CB24  JMP                    A:80 X:80 Y:80 P:25 SP:FB CYC:993
CB2B  NOP                    A:80 X:80 Y:80 P:25 SP:FB CYC:996
CB2C  SEC                    A:80 X:80 Y:80 P:25 SP:FB CYC:998
CB2D  CLV                    A:80 X:80 Y:80 P:25 SP:FB CYC:1000
CB2E  LDX                    A:80 X:80 Y:80 P:25 SP:FB CYC:1002
CB30  BEQ                    A:80 X:9F Y:80 P:A5 SP:FB CYC:1004
CB32  BPL                    A:80 X:9F Y:80 P:A5 SP:FB CYC:1006
CB34  BVS                    A:80 X:9F Y:80 P:A5 SP:FB CYC:1008
CB36  BCC                    A:80 X:9F Y:80 P:A5 SP:FB CYC:1010
CB38  JMP                    A:80 X:9F Y:80 P:A5 SP:FB CYC:1012
CB3F  NOP                    A:80 X:9F Y:80 P:A5 SP:FB CYC:1015
CB40  CLC                    A:80 X:9F Y:80 P:A5 SP:FB CYC:1017
CB41  BIT                    A:80 X:9F Y:80 P:A4 SP:FB CYC:1019
CB43  LDX                    A:80 X:9F Y:80 P:E4 SP:FB CYC:1022
CB45  BNE                    A:80 X:00 Y:80 P:66 SP:FB CYC:1024
CB47  BMI                    A:80 X:00 Y:80 P:66 SP:FB CYC:1026
CB49  BVC                    A:80 X:00 Y:80 P:66 SP:FB CYC:1028
CB4B  BCS                    A:80 X:00 Y:80 P:66 SP:FB CYC:1030
CB4D  JMP                    A:80 X:00 Y:80 P:66 SP:FB CYC:1032
CB54  NOP                    A:80 X:00 Y:80 P:66 SP:FB CYC:1035
CB55  SEC                    A:80 X:00 Y:80 P:66 SP:FB CYC:1037
CB56  CLV                    A:80 X:00 Y:80 P:67 SP:FB CYC:1039
CB57  LDY                    A:80 X:00 Y:80 P:27 SP:FB CYC:1041
CB59  BEQ                    A:80 X:00 Y:9F P:A5 SP:FB CYC:1043
CB5B  BPL                    A:80 X:00 Y:9F P:A5 SP:FB CYC:1045
CB5D  BVS                    A:80 X:00 Y:9F P:A5 SP:FB CYC:1047
CB5F  BCC                    A:80 X:00 Y:9F P:A5 SP:FB CYC:1049
CB61  JMP                    A:80 X:00 Y:9F P:A5 SP:FB CYC:1051
CB68  NOP                    A:80 X:00 Y:9F P:A5 SP:FB CYC:1054
CB69  CLC                    A:80 X:00 Y:9F P:A5 SP:FB CYC:1056
CB6A  BIT                    A:80 X:00 Y:9F P:A4 SP:FB CYC:1058
CB6C  LDY                    A:80 X:00 Y:9F P:E4 SP:FB CYC:1061
CB6E  BNE                    A:80 X:00 Y:00 P:66 SP:FB CYC:1063
CB70  BMI                    A:80 X:00 Y:00 P:66 SP:FB CYC:1065
CB72  BVC                    A:80 X:00 Y:00 P:66 SP:FB CYC:1067
CB74  BCS                    A:80 X:00 Y:00 P:66 SP:FB CYC:1069
CB76  JMP                    A:80 X:00 Y:00 P:66 SP:FB CYC:1071
CB7D  NOP                    A:80 X:00 Y:00 P:66 SP:FB CYC:1074
CB7E  LDA                    A:80 X:00 Y:00 P:66 SP:FB CYC:1076
CB80  LDX                    A:55 X:00 Y:00 P:64 SP:FB CYC:1078
CB82  LDY                    A:55 X:AA Y:00 P:E4 SP:FB CYC:1080
CB84  CMP                    A:55 X:AA Y:33 P:64 SP:FB CYC:1082
CB86  BNE                    A:55 X:AA Y:33 P:67 SP:FB CYC:1084
CB88  CPX                    A:55 X:AA Y:33 P:67 SP:FB CYC:1086
CB8A  BNE                    A:55 X:AA Y:33 P:67 SP:FB CYC:1088
CB8C  CPY                    A:55 X:AA Y:33 P:67 SP:FB CYC:1090
CB8E  BNE                    A:55 X:AA Y:33 P:67 SP:FB CYC:1092
CB90  CMP                    A:55 X:AA Y:33 P:67 SP:FB CYC:1094
CB92  BNE                    A:55 X:AA Y:33 P:67 SP:FB CYC:1096
CB94  CPX                    A:55 X:AA Y:33 P:67 SP:FB CYC:1098
CB96  BNE                    A:55 X:AA Y:33 P:67 SP:FB CYC:1100
CB98  CPY                    A:55 X:AA Y:33 P:67 SP:FB CYC:1102
CB9A  BNE                    A:55 X:AA Y:33 P:67 SP:FB CYC:1104
CB9C  CMP                    A:55 X:AA Y:33 P:67 SP:FB CYC:1106
CB9E  BEQ                    A:55 X:AA Y:33 P:E4 SP:FB CYC:1108
CBA0  CPX                    A:55 X:AA Y:33 P:E4 SP:FB CYC:1110
CBA2  BEQ                    A:55 X:AA Y:33 P:E4 SP:FB CYC:1112
CBA4  CPY                    A:55 X:AA Y:33 P:E4 SP:FB CYC:1114
CBA6  BEQ                    A:55 X:AA Y:33 P:E4 SP:FB CYC:1116
CBA8  JMP                    A:55 X:AA Y:33 P:E4 SP:FB CYC:1118
CBAF  LDY                    A:55 X:AA Y:33 P:E4 SP:FB CYC:1121
CBB1  JSR                    A:55 X:AA Y:71 P:64 SP:FB CYC:1123
F931  BIT                    A:55 X:AA Y:71 P:64 SP:F9 CYC:1129
F933  LDA                    A:55 X:AA Y:71 P:E4 SP:F9 CYC:1132
F935  SEC                    A:40 X:AA Y:71 P:64 SP:F9 CYC:1134
F936  RTS                    A:40 X:AA Y:71 P:65 SP:F9 CYC:1136
CBB4  SBC                    A:40 X:AA Y:71 P:65 SP:FB CYC:1142
CBB6  JSR                    A:00 X:AA Y:71 P:27 SP:FB CYC:1144
F937  BMI                    A:00 X:AA Y:71 P:27 SP:F9 CYC:1150
F939  BCC                    A:00 X:AA Y:71 P:27 SP:F9 CYC:1152
F93B  BNE                    A:00 X:AA Y:71 P:27 SP:F9 CYC:1154
F93D  BVS                    A:00 X:AA Y:71 P:27 SP:F9 CYC:1156
F93F  CMP                    A:00 X:AA Y:71 P:27 SP:F9 CYC:1158
F941  BNE                    A:00 X:AA Y:71 P:27 SP:F9 CYC:1160
F943  RTS                    A:00 X:AA Y:71 P:27 SP:F9 CYC:1162
CBB9  INY                    A:00 X:AA Y:71 P:27 SP:FB CYC:1168
CBBA  JSR                    A:00 X:AA Y:72 P:25 SP:FB CYC:1170
F947  CLV                    A:00 X:AA Y:72 P:25 SP:F9 CYC:1176
F948  SEC                    A:00 X:AA Y:72 P:25 SP:F9 CYC:1178
F949  LDA                    A:00 X:AA Y:72 P:25 SP:F9 CYC:1180
F94B  RTS                    A:40 X:AA Y:72 P:25 SP:F9 CYC:1182
CBBD  SBC                    A:40 X:AA Y:72 P:25 SP:FB CYC:1188
CBBF  JSR                    A:01 X:AA Y:72 P:25 SP:FB CYC:1190
F94C  BEQ                    A:01 X:AA Y:72 P:25 SP:F9 CYC:1196
F94E  BMI                    A:01 X:AA Y:72 P:25 SP:F9 CYC:1198
F950  BCC                    A:01 X:AA Y:72 P:25 SP:F9 CYC:1200
F952  BVS                    A:01 X:AA Y:72 P:25 SP:F9 CYC:1202
F954  CMP                    A:01 X:AA Y:72 P:25 SP:F9 CYC:1204
F956  BNE                    A:01 X:AA Y:72 P:27 SP:F9 CYC:1206
F958  RTS                    A:01 X:AA Y:72 P:27 SP:F9 CYC:1208
CBC2  INY                    A:01 X:AA Y:72 P:27 SP:FB CYC:1214
CBC3  JSR                    A:01 X:AA Y:73 P:25 SP:FB CYC:1216
F95C  LDA                    A:01 X:AA Y:73 P:25 SP:F9 CYC:1222
F95E  SEC                    A:40 X:AA Y:73 P:25 SP:F9 CYC:1224
F95F  BIT                    A:40 X:AA Y:73 P:25 SP:F9 CYC:1226
F961  RTS                    A:40 X:AA Y:73 P:E5 SP:F9 CYC:1229
CBC6  SBC                    A:40 X:AA Y:73 P:E5 SP:FB CYC:1235
CBC8  JSR                    A:FF X:AA Y:73 P:A4 SP:FB CYC:1237
F962  BCS                    A:FF X:AA Y:73 P:A4 SP:F9 CYC:1243
F964  BEQ                    A:FF X:AA Y:73 P:A4 SP:F9 CYC:1245
F966  BPL                    A:FF X:AA Y:73 P:A4 SP:F9 CYC:1247
F968  BVS                    A:FF X:AA Y:73 P:A4 SP:F9 CYC:1249
F96A  CMP                    A:FF X:AA Y:73 P:A4 SP:F9 CYC:1251
F96C  BNE                    A:FF X:AA Y:73 P:27 SP:F9 CYC:1253
F96E  RTS                    A:FF X:AA Y:73 P:27 SP:F9 CYC:1255
CBCB  INY                    A:FF X:AA Y:73 P:27 SP:FB CYC:1261
CBCC  JSR                    A:FF X:AA Y:74 P:25 SP:FB CYC:1263
F972  CLC                    A:FF X:AA Y:74 P:25 SP:F9 CYC:1269
F973  LDA                    A:FF X:AA Y:74 P:24 SP:F9 CYC:1271
F975  RTS                    A:80 X:AA Y:74 P:A4 SP:F9 CYC:1273
CBCF  SBC                    A:80 X:AA Y:74 P:A4 SP:FB CYC:1279
CBD1  JSR                    A:7F X:AA Y:74 P:65 SP:FB CYC:1281
F976  BCC                    A:7F X:AA Y:74 P:65 SP:F9 CYC:1287
F978  CMP                    A:7F X:AA Y:74 P:65 SP:F9 CYC:1289
F97A  BNE                    A:7F X:AA Y:74 P:67 SP:F9 CYC:1291
F97C  RTS                    A:7F X:AA Y:74 P:67 SP:F9 CYC:1293
CBD4  INY                    A:7F X:AA Y:74 P:67 SP:FB CYC:1299
CBD5  JSR                    A:7F X:AA Y:75 P:65 SP:FB CYC:1301
F980  SEC                    A:7F X:AA Y:75 P:65 SP:F9 CYC:1307
F981  LDA                    A:7F X:AA Y:75 P:65 SP:F9 CYC:1309
F983  RTS                    A:81 X:AA Y:75 P:E5 SP:F9 CYC:1311
CBD8  SBC                    A:81 X:AA Y:75 P:E5 SP:FB CYC:1317
CBDA  JSR                    A:02 X:AA Y:75 P:65 SP:FB CYC:1319
F984  BVC                    A:02 X:AA Y:75 P:65 SP:F9 CYC:1325
F986  BCC                    A:02 X:AA Y:75 P:65 SP:F9 CYC:1327
F988  CMP                    A:02 X:AA Y:75 P:65 SP:F9 CYC:1329
F98A  BNE                    A:02 X:AA Y:75 P:67 SP:F9 CYC:1331
F98C  RTS                    A:02 X:AA Y:75 P:67 SP:F9 CYC:1333
CBDD  RTS                    A:02 X:AA Y:75 P:67 SP:FB CYC:1339
C606  JSR                    A:02 X:AA Y:75 P:67 SP:FD CYC:1345
CBDE  NOP                    A:02 X:AA Y:75 P:67 SP:FB CYC:1351
CBDF  LDA                    A:02 X:AA Y:75 P:67 SP:FB CYC:1353
CBE1  STA                    A:FF X:AA Y:75 P:E5 SP:FB CYC:1355
CBE3  LDA                    A:FF X:AA Y:75 P:E5 SP:FB CYC:1358
CBE5  LDX                    A:44 X:AA Y:75 P:65 SP:FB CYC:1360
CBE7  LDY                    A:44 X:55 Y:75 P:65 SP:FB CYC:1362
CBE9  INX                    A:44 X:55 Y:66 P:65 SP:FB CYC:1364
CBEA  DEY                    A:44 X:56 Y:66 P:65 SP:FB CYC:1366
CBEB  CPX                    A:44 X:56 Y:65 P:65 SP:FB CYC:1368
CBED  BNE                    A:44 X:56 Y:65 P:67 SP:FB CYC:1370
CBEF  CPY                    A:44 X:56 Y:65 P:67 SP:FB CYC:1372
CBF1  BNE                    A:44 X:56 Y:65 P:67 SP:FB CYC:1374
CBF3  INX                    A:44 X:56 Y:65 P:67 SP:FB CYC:1376
CBF4  INX                    A:44 X:57 Y:65 P:65 SP:FB CYC:1378
CBF5  DEY                    A:44 X:58 Y:65 P:65 SP:FB CYC:1380
CBF6  DEY                    A:44 X:58 Y:64 P:65 SP:FB CYC:1382
CBF7  CPX                    A:44 X:58 Y:63 P:65 SP:FB CYC:1384
CBF9  BNE                    A:44 X:58 Y:63 P:67 SP:FB CYC:1386
CBFB  CPY                    A:44 X:58 Y:63 P:67 SP:FB CYC:1388
CBFD  BNE                    A:44 X:58 Y:63 P:67 SP:FB CYC:1390
CBFF  DEX                    A:44 X:58 Y:63 P:67 SP:FB CYC:1392
CC00  INY                    A:44 X:57 Y:63 P:65 SP:FB CYC:1394
CC01  CPX                    A:44 X:57 Y:64 P:65 SP:FB CYC:1396
CC03  BNE                    A:44 X:57 Y:64 P:67 SP:FB CYC:1398
CC05  CPY                    A:44 X:57 Y:64 P:67 SP:FB CYC:1400
CC07  BNE                    A:44 X:57 Y:64 P:67 SP:FB CYC:1402
CC09  CMP                    A:44 X:57 Y:64 P:67 SP:FB CYC:1404
CC0B  BNE                    A:44 X:57 Y:64 P:67 SP:FB CYC:1406
CC0D  JMP                    A:44 X:57 Y:64 P:67 SP:FB CYC:1408
CC14  NOP                    A:44 X:57 Y:64 P:67 SP:FB CYC:1411
CC15  SEC                    A:44 X:57 Y:64 P:67 SP:FB CYC:1413
CC16  LDX                    A:44 X:57 Y:64 P:67 SP:FB CYC:1415
CC18  LDA                    A:44 X:69 Y:64 P:65 SP:FB CYC:1417
CC1A  BIT                    A:96 X:69 Y:64 P:E5 SP:FB CYC:1419
CC1C  LDY                    A:96 X:69 Y:64 P:E5 SP:FB CYC:1422
CC1E  INY                    A:96 X:69 Y:FF P:E5 SP:FB CYC:1424
CC1F  BNE                    A:96 X:69 Y:00 P:67 SP:FB CYC:1426
CC21  BMI                    A:96 X:69 Y:00 P:67 SP:FB CYC:1428
CC23  BCC                    A:96 X:69 Y:00 P:67 SP:FB CYC:1430
CC25  BVC                    A:96 X:69 Y:00 P:67 SP:FB CYC:1432
CC27  CPY                    A:96 X:69 Y:00 P:67 SP:FB CYC:1434
CC29  BNE                    A:96 X:69 Y:00 P:67 SP:FB CYC:1436
CC2B  INY                    A:96 X:69 Y:00 P:67 SP:FB CYC:1438
CC2C  BEQ                    A:96 X:69 Y:01 P:65 SP:FB CYC:1440
CC2E  BMI                    A:96 X:69 Y:01 P:65 SP:FB CYC:1442
CC30  BCC                    A:96 X:69 Y:01 P:65 SP:FB CYC:1444
CC32  BVC                    A:96 X:69 Y:01 P:65 SP:FB CYC:1446
CC34  CLC                    A:96 X:69 Y:01 P:65 SP:FB CYC:1448
CC35  CLV                    A:96 X:69 Y:01 P:64 SP:FB CYC:1450
CC36  LDY                    A:96 X:69 Y:01 P:24 SP:FB CYC:1452
CC38  DEY                    A:96 X:69 Y:00 P:26 SP:FB CYC:1454
CC39  BEQ                    A:96 X:69 Y:FF P:A4 SP:FB CYC:1456
CC3B  BPL                    A:96 X:69 Y:FF P:A4 SP:FB CYC:1458
CC3D  BCS                    A:96 X:69 Y:FF P:A4 SP:FB CYC:1460
CC3F  BVS                    A:96 X:69 Y:FF P:A4 SP:FB CYC:1462
CC41  CPY                    A:96 X:69 Y:FF P:A4 SP:FB CYC:1464
CC43  BNE                    A:96 X:69 Y:FF P:27 SP:FB CYC:1466
CC45  CLC                    A:96 X:69 Y:FF P:27 SP:FB CYC:1468
CC46  DEY                    A:96 X:69 Y:FF P:26 SP:FB CYC:1470
CC47  BEQ                    A:96 X:69 Y:FE P:A4 SP:FB CYC:1472
CC49  BPL                    A:96 X:69 Y:FE P:A4 SP:FB CYC:1474
CC4B  BCS                    A:96 X:69 Y:FE P:A4 SP:FB CYC:1476
CC4D  BVS                    A:96 X:69 Y:FE P:A4 SP:FB CYC:1478
CC4F  CPY                    A:96 X:69 Y:FE P:A4 SP:FB CYC:1480
CC51  BNE                    A:96 X:69 Y:FE P:27 SP:FB CYC:1482
CC53  CMP                    A:96 X:69 Y:FE P:27 SP:FB CYC:1484
CC55  BNE                    A:96 X:69 Y:FE P:27 SP:FB CYC:1486
CC57  CPX                    A:96 X:69 Y:FE P:27 SP:FB CYC:1488
CC59  BNE                    A:96 X:69 Y:FE P:27 SP:FB CYC:1490
CC5B  JMP                    A:96 X:69 Y:FE P:27 SP:FB CYC:1492
CC62  NOP                    A:96 X:69 Y:FE P:27 SP:FB CYC:1495
CC63  SEC                    A:96 X:69 Y:FE P:27 SP:FB CYC:1497
CC64  LDY                    A:96 X:69 Y:FE P:27 SP:FB CYC:1499
CC66  LDA                    A:96 X:69 Y:69 P:25 SP:FB CYC:1501
CC68  BIT                    A:96 X:69 Y:69 P:A5 SP:FB CYC:1503
CC6A  LDX                    A:96 X:69 Y:69 P:E5 SP:FB CYC:1506
CC6C  INX                    A:96 X:FF Y:69 P:E5 SP:FB CYC:1508
CC6D  BNE                    A:96 X:00 Y:69 P:67 SP:FB CYC:1510
CC6F  BMI                    A:96 X:00 Y:69 P:67 SP:FB CYC:1512
CC71  BCC                    A:96 X:00 Y:69 P:67 SP:FB CYC:1514
CC73  BVC                    A:96 X:00 Y:69 P:67 SP:FB CYC:1516
CC75  CPX                    A:96 X:00 Y:69 P:67 SP:FB CYC:1518
CC77  BNE                    A:96 X:00 Y:69 P:67 SP:FB CYC:1520
CC79  INX                    A:96 X:00 Y:69 P:67 SP:FB CYC:1522
CC7A  BEQ                    A:96 X:01 Y:69 P:65 SP:FB CYC:1524
CC7C  BMI                    A:96 X:01 Y:69 P:65 SP:FB CYC:1526
CC7E  BCC                    A:96 X:01 Y:69 P:65 SP:FB CYC:1528
CC80  BVC                    A:96 X:01 Y:69 P:65 SP:FB CYC:1530
CC82  CLC                    A:96 X:01 Y:69 P:65 SP:FB CYC:1532
CC83  CLV                    A:96 X:01 Y:69 P:64 SP:FB CYC:1534
CC84  LDX                    A:96 X:01 Y:69 P:24 SP:FB CYC:1536
CC86  DEX                    A:96 X:00 Y:69 P:26 SP:FB CYC:1538
CC87  BEQ                    A:96 X:FF Y:69 P:A4 SP:FB CYC:1540
CC89  BPL                    A:96 X:FF Y:69 P:A4 SP:FB CYC:1542
CC8B  BCS                    A:96 X:FF Y:69 P:A4 SP:FB CYC:1544
CC8D  BVS                    A:96 X:FF Y:69 P:A4 SP:FB CYC:1546
CC8F  CPX                    A:96 X:FF Y:69 P:A4 SP:FB CYC:1548
CC91  BNE                    A:96 X:FF Y:69 P:27 SP:FB CYC:1550
CC93  CLC                    A:96 X:FF Y:69 P:27 SP:FB CYC:1552
CC94  DEX                    A:96 X:FF Y:69 P:26 SP:FB CYC:1554
CC95  BEQ                    A:96 X:FE Y:69 P:A4 SP:FB CYC:1556
CC97  BPL                    A:96 X:FE Y:69 P:A4 SP:FB CYC:1558
CC99  BCS                    A:96 X:FE Y:69 P:A4 SP:FB CYC:1560
CC9B  BVS                    A:96 X:FE Y:69 P:A4 SP:FB CYC:1562
CC9D  CPX                    A:96 X:FE Y:69 P:A4 SP:FB CYC:1564
CC9F  BNE                    A:96 X:FE Y:69 P:27 SP:FB CYC:1566
CCA1  CMP                    A:96 X:FE Y:69 P:27 SP:FB CYC:1568
CCA3  BNE                    A:96 X:FE Y:69 P:27 SP:FB CYC:1570
CCA5  CPY                    A:96 X:FE Y:69 P:27 SP:FB CYC:1572
CCA7  BNE                    A:96 X:FE Y:69 P:27 SP:FB CYC:1574
CCA9  JMP                    A:96 X:FE Y:69 P:27 SP:FB CYC:1576
CCB0  NOP                    A:96 X:FE Y:69 P:27 SP:FB CYC:1579
CCB1  LDA                    A:96 X:FE Y:69 P:27 SP:FB CYC:1581
CCB3  LDX                    A:85 X:FE Y:69 P:A5 SP:FB CYC:1583
CCB5  LDY                    A:85 X:34 Y:69 P:25 SP:FB CYC:1585
CCB7  CLC                    A:85 X:34 Y:99 P:A5 SP:FB CYC:1587
CCB8  BIT                    A:85 X:34 Y:99 P:A4 SP:FB CYC:1589
CCBA  TAY                    A:85 X:34 Y:99 P:E4 SP:FB CYC:1592
CCBB  BEQ                    A:85 X:34 Y:85 P:E4 SP:FB CYC:1594
CCBD  BCS                    A:85 X:34 Y:85 P:E4 SP:FB CYC:1596
CCBF  BVC                    A:85 X:34 Y:85 P:E4 SP:FB CYC:1598
CCC1  BPL                    A:85 X:34 Y:85 P:E4 SP:FB CYC:1600
CCC3  CMP                    A:85 X:34 Y:85 P:E4 SP:FB CYC:1602
CCC5  BNE                    A:85 X:34 Y:85 P:67 SP:FB CYC:1604
CCC7  CPX                    A:85 X:34 Y:85 P:67 SP:FB CYC:1606
CCC9  BNE                    A:85 X:34 Y:85 P:67 SP:FB CYC:1608
CCCB  CPY                    A:85 X:34 Y:85 P:67 SP:FB CYC:1610
CCCD  BNE                    A:85 X:34 Y:85 P:67 SP:FB CYC:1612
CCCF  LDA                    A:85 X:34 Y:85 P:67 SP:FB CYC:1614
CCD1  SEC                    A:00 X:34 Y:85 P:67 SP:FB CYC:1616
CCD2  CLV                    A:00 X:34 Y:85 P:67 SP:FB CYC:1618
CCD3  TAY                    A:00 X:34 Y:85 P:27 SP:FB CYC:1620
CCD4  BNE                    A:00 X:34 Y:00 P:27 SP:FB CYC:1622
CCD6  BCC                    A:00 X:34 Y:00 P:27 SP:FB CYC:1624
CCD8  BVS                    A:00 X:34 Y:00 P:27 SP:FB CYC:1626
CCDA  BMI                    A:00 X:34 Y:00 P:27 SP:FB CYC:1628
CCDC  CMP                    A:00 X:34 Y:00 P:27 SP:FB CYC:1630
CCDE  BNE                    A:00 X:34 Y:00 P:27 SP:FB CYC:1632
CCE0  CPX                    A:00 X:34 Y:00 P:27 SP:FB CYC:1634
CCE2  BNE                    A:00 X:34 Y:00 P:27 SP:FB CYC:1636
CCE4  CPY                    A:00 X:34 Y:00 P:27 SP:FB CYC:1638
CCE6  BNE                    A:00 X:34 Y:00 P:27 SP:FB CYC:1640
CCE8  JMP                    A:00 X:34 Y:00 P:27 SP:FB CYC:1642
CCEF  NOP                    A:00 X:34 Y:00 P:27 SP:FB CYC:1645
CCF0  LDA                    A:00 X:34 Y:00 P:27 SP:FB CYC:1647
CCF2  LDX                    A:85 X:34 Y:00 P:A5 SP:FB CYC:1649
CCF4  LDY                    A:85 X:34 Y:00 P:25 SP:FB CYC:1651
CCF6  CLC                    A:85 X:34 Y:99 P:A5 SP:FB CYC:1653
CCF7  BIT                    A:85 X:34 Y:99 P:A4 SP:FB CYC:1655
CCF9  TAX                    A:85 X:34 Y:99 P:E4 SP:FB CYC:1658
CCFA  BEQ                    A:85 X:85 Y:99 P:E4 SP:FB CYC:1660
CCFC  BCS                    A:85 X:85 Y:99 P:E4 SP:FB CYC:1662
CCFE  BVC                    A:85 X:85 Y:99 P:E4 SP:FB CYC:1664
CD00  BPL                    A:85 X:85 Y:99 P:E4 SP:FB CYC:1666
CD02  CMP                    A:85 X:85 Y:99 P:E4 SP:FB CYC:1668
CD04  BNE                    A:85 X:85 Y:99 P:67 SP:FB CYC:1670
CD06  CPX                    A:85 X:85 Y:99 P:67 SP:FB CYC:1672
CD08  BNE                    A:85 X:85 Y:99 P:67 SP:FB CYC:1674
CD0A  CPY                    A:85 X:85 Y:99 P:67 SP:FB CYC:1676
CD0C  BNE                    A:85 X:85 Y:99 P:67 SP:FB CYC:1678
CD0E  LDA                    A:85 X:85 Y:99 P:67 SP:FB CYC:1680
CD10  SEC                    A:00 X:85 Y:99 P:67 SP:FB CYC:1682
CD11  CLV                    A:00 X:85 Y:99 P:67 SP:FB CYC:1684
CD12  TAX                    A:00 X:85 Y:99 P:27 SP:FB CYC:1686
CD13  BNE                    A:00 X:00 Y:99 P:27 SP:FB CYC:1688
CD15  BCC                    A:00 X:00 Y:99 P:27 SP:FB CYC:1690
CD17  BVS                    A:00 X:00 Y:99 P:27 SP:FB CYC:1692
CD19  BMI                    A:00 X:00 Y:99 P:27 SP:FB CYC:1694
CD1B  CMP                    A:00 X:00 Y:99 P:27 SP:FB CYC:1696
CD1D  BNE                    A:00 X:00 Y:99 P:27 SP:FB CYC:1698
CD1F  CPX                    A:00 X:00 Y:99 P:27 SP:FB CYC:1700
CD21  BNE                    A:00 X:00 Y:99 P:27 SP:FB CYC:1702
CD23  CPY                    A:00 X:00 Y:99 P:27 SP:FB CYC:1704
CD25  BNE                    A:00 X:00 Y:99 P:27 SP:FB CYC:1706
CD27  JMP                    A:00 X:00 Y:99 P:27 SP:FB CYC:1708
CD2E  NOP                    A:00 X:00 Y:99 P:27 SP:FB CYC:1711
CD2F  LDA                    A:00 X:00 Y:99 P:27 SP:FB CYC:1713
CD31  LDX                    A:85 X:00 Y:99 P:A5 SP:FB CYC:1715
CD33  LDY                    A:85 X:34 Y:99 P:25 SP:FB CYC:1717
CD35  CLC                    A:85 X:34 Y:99 P:A5 SP:FB CYC:1719
CD36  BIT                    A:85 X:34 Y:99 P:A4 SP:FB CYC:1721
CD38  TYA                    A:85 X:34 Y:99 P:E4 SP:FB CYC:1724
CD39  BEQ                    A:99 X:34 Y:99 P:E4 SP:FB CYC:1726
CD3B  BCS                    A:99 X:34 Y:99 P:E4 SP:FB CYC:1728
CD3D  BVC                    A:99 X:34 Y:99 P:E4 SP:FB CYC:1730
CD3F  BPL                    A:99 X:34 Y:99 P:E4 SP:FB CYC:1732
CD41  CMP                    A:99 X:34 Y:99 P:E4 SP:FB CYC:1734
CD43  BNE                    A:99 X:34 Y:99 P:67 SP:FB CYC:1736
CD45  CPX                    A:99 X:34 Y:99 P:67 SP:FB CYC:1738
CD47  BNE                    A:99 X:34 Y:99 P:67 SP:FB CYC:1740
CD49  CPY                    A:99 X:34 Y:99 P:67 SP:FB CYC:1742
CD4B  BNE                    A:99 X:34 Y:99 P:67 SP:FB CYC:1744
CD4D  LDY                    A:99 X:34 Y:99 P:67 SP:FB CYC:1746
CD4F  SEC                    A:99 X:34 Y:00 P:67 SP:FB CYC:1748
CD50  CLV                    A:99 X:34 Y:00 P:67 SP:FB CYC:1750
CD51  TYA                    A:99 X:34 Y:00 P:27 SP:FB CYC:1752
CD52  BNE                    A:00 X:34 Y:00 P:27 SP:FB CYC:1754
CD54  BCC                    A:00 X:34 Y:00 P:27 SP:FB CYC:1756
CD56  BVS                    A:00 X:34 Y:00 P:27 SP:FB CYC:1758
CD58  BMI                    A:00 X:34 Y:00 P:27 SP:FB CYC:1760
CD5A  CMP                    A:00 X:34 Y:00 P:27 SP:FB CYC:1762
CD5C  BNE                    A:00 X:34 Y:00 P:27 SP:FB CYC:1764
CD5E  CPX                    A:00 X:34 Y:00 P:27 SP:FB CYC:1766
CD60  BNE                    A:00 X:34 Y:00 P:27 SP:FB CYC:1768
CD62  CPY                    A:00 X:34 Y:00 P:27 SP:FB CYC:1770
CD64  BNE                    A:00 X:34 Y:00 P:27 SP:FB CYC:1772
CD66  JMP                    A:00 X:34 Y:00 P:27 SP:FB CYC:1774
CD6D  NOP                    A:00 X:34 Y:00 P:27 SP:FB CYC:1777
CD6E  LDA                    A:00 X:34 Y:00 P:27 SP:FB CYC:1779
CD70  LDX                    A:85 X:34 Y:00 P:A5 SP:FB CYC:1781
CD72  LDY                    A:85 X:34 Y:00 P:25 SP:FB CYC:1783
CD74  CLC                    A:85 X:34 Y:99 P:A5 SP:FB CYC:1785
CD75  BIT                    A:85 X:34 Y:99 P:A4 SP:FB CYC:1787
CD77  TXA                    A:85 X:34 Y:99 P:E4 SP:FB CYC:1790
CD78  BEQ                    A:34 X:34 Y:99 P:64 SP:FB CYC:1792
CD7A  BCS                    A:34 X:34 Y:99 P:64 SP:FB CYC:1794
CD7C  BVC                    A:34 X:34 Y:99 P:64 SP:FB CYC:1796
CD7E  BMI                    A:34 X:34 Y:99 P:64 SP:FB CYC:1798
CD80  CMP                    A:34 X:34 Y:99 P:64 SP:FB CYC:1800
CD82  BNE                    A:34 X:34 Y:99 P:67 SP:FB CYC:1802
CD84  CPX                    A:34 X:34 Y:99 P:67 SP:FB CYC:1804
CD86  BNE                    A:34 X:34 Y:99 P:67 SP:FB CYC:1806
CD88  CPY                    A:34 X:34 Y:99 P:67 SP:FB CYC:1808
CD8A  BNE                    A:34 X:34 Y:99 P:67 SP:FB CYC:1810
CD8C  LDX                    A:34 X:34 Y:99 P:67 SP:FB CYC:1812
CD8E  SEC                    A:34 X:00 Y:99 P:67 SP:FB CYC:1814
CD8F  CLV                    A:34 X:00 Y:99 P:67 SP:FB CYC:1816
CD90  TXA                    A:34 X:00 Y:99 P:27 SP:FB CYC:1818
CD91  BNE                    A:00 X:00 Y:99 P:27 SP:FB CYC:1820
CD93  BCC                    A:00 X:00 Y:99 P:27 SP:FB CYC:1822
CD95  BVS                    A:00 X:00 Y:99 P:27 SP:FB CYC:1824
CD97  BMI                    A:00 X:00 Y:99 P:27 SP:FB CYC:1826
CD99  CMP                    A:00 X:00 Y:99 P:27 SP:FB CYC:1828
CD9B  BNE                    A:00 X:00 Y:99 P:27 SP:FB CYC:1830
CD9D  CPX                    A:00 X:00 Y:99 P:27 SP:FB CYC:1832
CD9F  BNE                    A:00 X:00 Y:99 P:27 SP:FB CYC:1834
CDA1  CPY                    A:00 X:00 Y:99 P:27 SP:FB CYC:1836
CDA3  BNE                    A:00 X:00 Y:99 P:27 SP:FB CYC:1838
CDA5  JMP                    A:00 X:00 Y:99 P:27 SP:FB CYC:1840
CDAC  NOP                    A:00 X:00 Y:99 P:27 SP:FB CYC:1843
CDAD  TSX                    A:00 X:00 Y:99 P:27 SP:FB CYC:1845
CDAE  STX                    A:00 X:FB Y:99 P:A5 SP:FB CYC:1847
CDB1  LDY                    A:00 X:FB Y:99 P:A5 SP:FB CYC:1851
CDB3  LDX                    A:00 X:FB Y:33 P:25 SP:FB CYC:1853
CDB5  LDA                    A:00 X:69 Y:33 P:25 SP:FB CYC:1855
CDB7  CLC                    A:84 X:69 Y:33 P:A5 SP:FB CYC:1857
CDB8  BIT                    A:84 X:69 Y:33 P:A4 SP:FB CYC:1859
CDBA  TXS                    A:84 X:69 Y:33 P:E4 SP:FB CYC:1862
CDBB  BEQ                    A:84 X:69 Y:33 P:E4 SP:69 CYC:1864
CDBD  BPL                    A:84 X:69 Y:33 P:E4 SP:69 CYC:1866
CDBF  BCS                    A:84 X:69 Y:33 P:E4 SP:69 CYC:1868
CDC1  BVC                    A:84 X:69 Y:33 P:E4 SP:69 CYC:1870
CDC3  CMP                    A:84 X:69 Y:33 P:E4 SP:69 CYC:1872
CDC5  BNE                    A:84 X:69 Y:33 P:67 SP:69 CYC:1874
CDC7  CPX                    A:84 X:69 Y:33 P:67 SP:69 CYC:1876
CDC9  BNE                    A:84 X:69 Y:33 P:67 SP:69 CYC:1878
CDCB  CPY                    A:84 X:69 Y:33 P:67 SP:69 CYC:1880
CDCD  BNE                    A:84 X:69 Y:33 P:67 SP:69 CYC:1882
CDCF  LDY                    A:84 X:69 Y:33 P:67 SP:69 CYC:1884
CDD1  LDA                    A:84 X:69 Y:01 P:65 SP:69 CYC:1886
CDD3  SEC                    A:04 X:69 Y:01 P:65 SP:69 CYC:1888
CDD4  CLV                    A:04 X:69 Y:01 P:65 SP:69 CYC:1890
CDD5  LDX                    A:04 X:69 Y:01 P:25 SP:69 CYC:1892
CDD7  TSX                    A:04 X:00 Y:01 P:27 SP:69 CYC:1894
CDD8  BEQ                    A:04 X:69 Y:01 P:25 SP:69 CYC:1896
CDDA  BMI                    A:04 X:69 Y:01 P:25 SP:69 CYC:1898
CDDC  BCC                    A:04 X:69 Y:01 P:25 SP:69 CYC:1900
CDDE  BVS                    A:04 X:69 Y:01 P:25 SP:69 CYC:1902
CDE0  CPX                    A:04 X:69 Y:01 P:25 SP:69 CYC:1904
CDE2  BNE                    A:04 X:69 Y:01 P:27 SP:69 CYC:1906
CDE4  CMP                    A:04 X:69 Y:01 P:27 SP:69 CYC:1908
CDE6  BNE                    A:04 X:69 Y:01 P:27 SP:69 CYC:1910
CDE8  CPY                    A:04 X:69 Y:01 P:27 SP:69 CYC:1912
CDEA  BNE                    A:04 X:69 Y:01 P:27 SP:69 CYC:1914
CDEC  JMP                    A:04 X:69 Y:01 P:27 SP:69 CYC:1916
CDF3  LDX                    A:04 X:69 Y:01 P:27 SP:69 CYC:1919
CDF6  TXS                    A:04 X:FB Y:01 P:A5 SP:69 CYC:1923
CDF7  RTS                    A:04 X:FB Y:01 P:A5 SP:FB CYC:1925
C609  JSR                    A:04 X:FB Y:01 P:A5 SP:FD CYC:1931
CDF8  LDA                    A:04 X:FB Y:01 P:A5 SP:FB CYC:1937
CDFA  STA                    A:FF X:FB Y:01 P:A5 SP:FB CYC:1939
CDFC  TSX                    A:FF X:FB Y:01 P:A5 SP:FB CYC:1942
CDFD  STX                    A:FF X:FB Y:01 P:A5 SP:FB CYC:1944
CE00  NOP                    A:FF X:FB Y:01 P:A5 SP:FB CYC:1948
CE01  LDX                    A:FF X:FB Y:01 P:A5 SP:FB CYC:1950
CE03  TXS                    A:FF X:80 Y:01 P:A5 SP:FB CYC:1952
CE04  LDA                    A:FF X:80 Y:01 P:A5 SP:80 CYC:1954
CE06  PHA                    A:33 X:80 Y:01 P:25 SP:80 CYC:1956
CE07  LDA                    A:33 X:80 Y:01 P:25 SP:7F CYC:1959
CE09  PHA                    A:69 X:80 Y:01 P:25 SP:7F CYC:1961
CE0A  TSX                    A:69 X:80 Y:01 P:25 SP:7E CYC:1964
CE0B  CPX                    A:69 X:7E Y:01 P:25 SP:7E CYC:1966
CE0D  BNE                    A:69 X:7E Y:01 P:27 SP:7E CYC:1968
CE0F  PLA                    A:69 X:7E Y:01 P:27 SP:7E CYC:1970
CE10  CMP                    A:69 X:7E Y:01 P:25 SP:7F CYC:1974
CE12  BNE                    A:69 X:7E Y:01 P:27 SP:7F CYC:1976
CE14  PLA                    A:69 X:7E Y:01 P:27 SP:7F CYC:1978
CE15  CMP                    A:33 X:7E Y:01 P:25 SP:80 CYC:1982
CE17  BNE                    A:33 X:7E Y:01 P:27 SP:80 CYC:1984
CE19  TSX                    A:33 X:7E Y:01 P:27 SP:80 CYC:1986
CE1A  CPX                    A:33 X:80 Y:01 P:A5 SP:80 CYC:1988
CE1C  BNE                    A:33 X:80 Y:01 P:27 SP:80 CYC:1990
CE1E  LDA                    A:33 X:80 Y:01 P:27 SP:80 CYC:1992
CE21  CMP                    A:33 X:80 Y:01 P:25 SP:80 CYC:1996
CE23  BNE                    A:33 X:80 Y:01 P:27 SP:80 CYC:1998
CE25  LDA                    A:33 X:80 Y:01 P:27 SP:80 CYC:2000
CE28  CMP                    A:69 X:80 Y:01 P:25 SP:80 CYC:2004
CE2A  BNE                    A:69 X:80 Y:01 P:27 SP:80 CYC:2006
CE2C  JMP                    A:69 X:80 Y:01 P:27 SP:80 CYC:2008
CE33  NOP                    A:69 X:80 Y:01 P:27 SP:80 CYC:2011
CE34  LDX                    A:69 X:80 Y:01 P:27 SP:80 CYC:2013
CE36  TXS                    A:69 X:80 Y:01 P:A5 SP:80 CYC:2015
CE37  JSR                    A:69 X:80 Y:01 P:A5 SP:80 CYC:2017
CE3D  TSX                    A:69 X:80 Y:01 P:A5 SP:7E CYC:2023
CE3E  CPX                    A:69 X:7E Y:01 P:25 SP:7E CYC:2025
CE40  BNE                    A:69 X:7E Y:01 P:27 SP:7E CYC:2027
CE42  PLA                    A:69 X:7E Y:01 P:27 SP:7E CYC:2029
CE43  PLA                    A:39 X:7E Y:01 P:25 SP:7F CYC:2033
CE44  TSX                    A:CE X:7E Y:01 P:A5 SP:80 CYC:2037
CE45  CPX                    A:CE X:80 Y:01 P:A5 SP:80 CYC:2039
CE47  BNE                    A:CE X:80 Y:01 P:27 SP:80 CYC:2041
CE49  LDA                    A:CE X:80 Y:01 P:27 SP:80 CYC:2043
CE4B  JSR                    A:00 X:80 Y:01 P:27 SP:80 CYC:2045
CE4E  PLA                    A:00 X:80 Y:01 P:27 SP:7E CYC:2051
CE4F  CMP                    A:4D X:80 Y:01 P:25 SP:7F CYC:2055
CE51  BNE                    A:4D X:80 Y:01 P:27 SP:7F CYC:2057
CE53  PLA                    A:4D X:80 Y:01 P:27 SP:7F CYC:2059
CE54  CMP                    A:CE X:80 Y:01 P:A5 SP:80 CYC:2063
CE56  BNE                    A:CE X:80 Y:01 P:27 SP:80 CYC:2065
CE58  JMP                    A:CE X:80 Y:01 P:27 SP:80 CYC:2067
CE5F  NOP                    A:CE X:80 Y:01 P:27 SP:80 CYC:2070
CE60  LDA                    A:CE X:80 Y:01 P:27 SP:80 CYC:2072
CE62  PHA                    A:CE X:80 Y:01 P:A5 SP:80 CYC:2074
CE63  LDA                    A:CE X:80 Y:01 P:A5 SP:7F CYC:2077
CE65  PHA                    A:66 X:80 Y:01 P:25 SP:7F CYC:2079
CE66  RTS                    A:66 X:80 Y:01 P:25 SP:7E CYC:2082
CE67  LDX                    A:66 X:80 Y:01 P:25 SP:80 CYC:2088
CE69  LDY                    A:66 X:77 Y:01 P:25 SP:80 CYC:2090
CE6B  CLC                    A:66 X:77 Y:69 P:25 SP:80 CYC:2092
CE6C  BIT                    A:66 X:77 Y:69 P:24 SP:80 CYC:2094
CE6E  LDA                    A:66 X:77 Y:69 P:E4 SP:80 CYC:2097
CE70  JSR                    A:83 X:77 Y:69 P:E4 SP:80 CYC:2099
CE66  RTS                    A:83 X:77 Y:69 P:E4 SP:7E CYC:2105
CE73  BEQ                    A:83 X:77 Y:69 P:E4 SP:80 CYC:2111
CE75  BPL                    A:83 X:77 Y:69 P:E4 SP:80 CYC:2113
CE77  BCS                    A:83 X:77 Y:69 P:E4 SP:80 CYC:2115
CE79  BVC                    A:83 X:77 Y:69 P:E4 SP:80 CYC:2117
CE7B  CMP                    A:83 X:77 Y:69 P:E4 SP:80 CYC:2119
CE7D  BNE                    A:83 X:77 Y:69 P:67 SP:80 CYC:2121
CE7F  CPY                    A:83 X:77 Y:69 P:67 SP:80 CYC:2123
CE81  BNE                    A:83 X:77 Y:69 P:67 SP:80 CYC:2125
CE83  CPX                    A:83 X:77 Y:69 P:67 SP:80 CYC:2127
CE85  BNE                    A:83 X:77 Y:69 P:67 SP:80 CYC:2129
CE87  SEC                    A:83 X:77 Y:69 P:67 SP:80 CYC:2131
CE88  CLV                    A:83 X:77 Y:69 P:67 SP:80 CYC:2133
CE89  LDA                    A:83 X:77 Y:69 P:27 SP:80 CYC:2135
CE8B  JSR                    A:00 X:77 Y:69 P:27 SP:80 CYC:2137
CE66  RTS                    A:00 X:77 Y:69 P:27 SP:7E CYC:2143
CE8E  BNE                    A:00 X:77 Y:69 P:27 SP:80 CYC:2149
CE90  BMI                    A:00 X:77 Y:69 P:27 SP:80 CYC:2151
CE92  BCC                    A:00 X:77 Y:69 P:27 SP:80 CYC:2153
CE94  BVS                    A:00 X:77 Y:69 P:27 SP:80 CYC:2155
CE96  JMP                    A:00 X:77 Y:69 P:27 SP:80 CYC:2157
CE9D  NOP                    A:00 X:77 Y:69 P:27 SP:80 CYC:2160
CE9E  LDA                    A:00 X:77 Y:69 P:27 SP:80 CYC:2162
CEA0  PHA                    A:CE X:77 Y:69 P:A5 SP:80 CYC:2164
CEA1  LDA                    A:CE X:77 Y:69 P:A5 SP:7F CYC:2167
CEA3  PHA                    A:AE X:77 Y:69 P:A5 SP:7F CYC:2169
CEA4  LDA                    A:AE X:77 Y:69 P:A5 SP:7E CYC:2172
CEA6  PHA                    A:65 X:77 Y:69 P:25 SP:7E CYC:2174
CEA7  LDA                    A:65 X:77 Y:69 P:25 SP:7D CYC:2177
CEA9  LDY                    A:55 X:77 Y:69 P:25 SP:7D CYC:2179
CEAB  LDX                    A:55 X:77 Y:88 P:A5 SP:7D CYC:2181
CEAD  RTI                    A:55 X:99 Y:88 P:A5 SP:7D CYC:2183
CEAE  BMI                    A:55 X:99 Y:88 P:65 SP:80 CYC:2189
CEB0  BVC                    A:55 X:99 Y:88 P:65 SP:80 CYC:2191
CEB2  BEQ                    A:55 X:99 Y:88 P:65 SP:80 CYC:2193
CEB4  BCC                    A:55 X:99 Y:88 P:65 SP:80 CYC:2195
CEB6  CMP                    A:55 X:99 Y:88 P:65 SP:80 CYC:2197
CEB8  BNE                    A:55 X:99 Y:88 P:67 SP:80 CYC:2199
CEBA  CPY                    A:55 X:99 Y:88 P:67 SP:80 CYC:2201
CEBC  BNE                    A:55 X:99 Y:88 P:67 SP:80 CYC:2203
CEBE  CPX                    A:55 X:99 Y:88 P:67 SP:80 CYC:2205
CEC0  BNE                    A:55 X:99 Y:88 P:67 SP:80 CYC:2207
CEC2  LDA                    A:55 X:99 Y:88 P:67 SP:80 CYC:2209
CEC4  PHA                    A:CE X:99 Y:88 P:E5 SP:80 CYC:2211
CEC5  LDA                    A:CE X:99 Y:88 P:E5 SP:7F CYC:2214
CEC7  PHA                    A:CE X:99 Y:88 P:E5 SP:7F CYC:2216
CEC8  LDA                    A:CE X:99 Y:88 P:E5 SP:7E CYC:2219
CECA  PHA                    A:87 X:99 Y:88 P:E5 SP:7E CYC:2221
CECB  LDA                    A:87 X:99 Y:88 P:E5 SP:7D CYC:2224
CECD  RTI                    A:55 X:99 Y:88 P:65 SP:7D CYC:2226
CECE  BPL                    A:55 X:99 Y:88 P:A7 SP:80 CYC:2232
CED0  BVS                    A:55 X:99 Y:88 P:A7 SP:80 CYC:2234
CED2  BNE                    A:55 X:99 Y:88 P:A7 SP:80 CYC:2236
CED4  BCC                    A:55 X:99 Y:88 P:A7 SP:80 CYC:2238
CED6  CMP                    A:55 X:99 Y:88 P:A7 SP:80 CYC:2240
CED8  BNE                    A:55 X:99 Y:88 P:27 SP:80 CYC:2242
CEDA  CPY                    A:55 X:99 Y:88 P:27 SP:80 CYC:2244
CEDC  BNE                    A:55 X:99 Y:88 P:27 SP:80 CYC:2246
CEDE  CPX                    A:55 X:99 Y:88 P:27 SP:80 CYC:2248
CEE0  BNE                    A:55 X:99 Y:88 P:27 SP:80 CYC:2250
CEE2  JMP                    A:55 X:99 Y:88 P:27 SP:80 CYC:2252
CEE9  LDX                    A:55 X:99 Y:88 P:27 SP:80 CYC:2255
CEEC  TXS                    A:55 X:FB Y:88 P:A5 SP:80 CYC:2259
CEED  RTS                    A:55 X:FB Y:88 P:A5 SP:FB CYC:2261
C60C  JSR                    A:55 X:FB Y:88 P:A5 SP:FD CYC:2267
CEEE  LDX                    A:55 X:FB Y:88 P:A5 SP:FB CYC:2273
CEF0  LDY                    A:55 X:55 Y:88 P:25 SP:FB CYC:2275
CEF2  LDA                    A:55 X:55 Y:69 P:25 SP:FB CYC:2277
CEF4  STA                    A:FF X:55 Y:69 P:A5 SP:FB CYC:2279
CEF6  NOP                    A:FF X:55 Y:69 P:A5 SP:FB CYC:2282
CEF7  BIT                    A:FF X:55 Y:69 P:A5 SP:FB CYC:2284
CEF9  SEC                    A:FF X:55 Y:69 P:E5 SP:FB CYC:2287
CEFA  LDA                    A:FF X:55 Y:69 P:E5 SP:FB CYC:2289
CEFC  LSR                    A:01 X:55 Y:69 P:65 SP:FB CYC:2291
CEFD  BCC                    A:00 X:55 Y:69 P:67 SP:FB CYC:2293
CEFF  BNE                    A:00 X:55 Y:69 P:67 SP:FB CYC:2295
CF01  BMI                    A:00 X:55 Y:69 P:67 SP:FB CYC:2297
CF03  BVC                    A:00 X:55 Y:69 P:67 SP:FB CYC:2299
CF05  CMP                    A:00 X:55 Y:69 P:67 SP:FB CYC:2301
CF07  BNE                    A:00 X:55 Y:69 P:67 SP:FB CYC:2303
CF09  CLV                    A:00 X:55 Y:69 P:67 SP:FB CYC:2305
CF0A  LDA                    A:00 X:55 Y:69 P:27 SP:FB CYC:2307
CF0C  LSR                    A:AA X:55 Y:69 P:A5 SP:FB CYC:2309
CF0D  BCS                    A:55 X:55 Y:69 P:24 SP:FB CYC:2311
CF0F  BEQ                    A:55 X:55 Y:69 P:24 SP:FB CYC:2313
CF11  BMI                    A:55 X:55 Y:69 P:24 SP:FB CYC:2315
CF13  BVS                    A:55 X:55 Y:69 P:24 SP:FB CYC:2317
CF15  CMP                    A:55 X:55 Y:69 P:24 SP:FB CYC:2319
CF17  BNE                    A:55 X:55 Y:69 P:27 SP:FB CYC:2321
CF19  JMP                    A:55 X:55 Y:69 P:27 SP:FB CYC:2323
CF20  NOP                    A:55 X:55 Y:69 P:27 SP:FB CYC:2326
CF21  BIT                    A:55 X:55 Y:69 P:27 SP:FB CYC:2328
CF23  SEC                    A:55 X:55 Y:69 P:E5 SP:FB CYC:2331
CF24  LDA                    A:55 X:55 Y:69 P:E5 SP:FB CYC:2333
CF26  ASL                    A:80 X:55 Y:69 P:E5 SP:FB CYC:2335
CF27  BCC                    A:80 X:55 Y:69 P:E5 SP:FB CYC:2337
CF29  BNE                    A:80 X:55 Y:69 P:E5 SP:FB CYC:2339
CF47  LDX                    A:80 X:55 Y:69 P:E5 SP:FB CYC:2342
CF49  STX                    A:80 X:80 Y:69 P:E5 SP:FB CYC:2344
CF4B  NOP                    A:80 X:80 Y:69 P:E5 SP:FB CYC:2347
CF4C  BIT                    A:80 X:80 Y:69 P:E5 SP:FB CYC:2349
CF4E  SEC                    A:80 X:80 Y:69 P:A5 SP:FB CYC:2352
CF4F  LDA                    A:80 X:80 Y:69 P:A5 SP:FB CYC:2354
CF51  ROR                    A:80 X:80 Y:69 P:A5 SP:FB CYC:2356
CF52  BCC                    A:C0 X:80 Y:69 P:A4 SP:FB CYC:2358
CF72  LDX                    A:C0 X:80 Y:69 P:A4 SP:FB CYC:2361
CF74  STX                    A:C0 X:4C Y:69 P:24 SP:FB CYC:2363
CF76  NOP                    A:C0 X:4C Y:69 P:24 SP:FB CYC:2366
CF77  BIT                    A:C0 X:4C Y:69 P:24 SP:FB CYC:2368
CF79  SEC                    A:C0 X:4C Y:69 P:64 SP:FB CYC:2371
CF7A  LDA                    A:C0 X:4C Y:69 P:65 SP:FB CYC:2373
CF7C  ROL                    A:80 X:4C Y:69 P:E5 SP:FB CYC:2375
CF7D  BCC                    A:01 X:4C Y:69 P:65 SP:FB CYC:2377
CF7F  BEQ                    A:01 X:4C Y:69 P:65 SP:FB CYC:2379
CF81  BMI                    A:01 X:4C Y:69 P:65 SP:FB CYC:2381
CF83  BVC                    A:01 X:4C Y:69 P:65 SP:FB CYC:2383
CF85  CMP                    A:01 X:4C Y:69 P:65 SP:FB CYC:2385
CF87  BNE                    A:01 X:4C Y:69 P:67 SP:FB CYC:2387
CF89  CLV                    A:01 X:4C Y:69 P:67 SP:FB CYC:2389
CF8A  CLC                    A:01 X:4C Y:69 P:27 SP:FB CYC:2391
CF8B  LDA                    A:01 X:4C Y:69 P:26 SP:FB CYC:2393
CF8D  ROL                    A:55 X:4C Y:69 P:24 SP:FB CYC:2395
CF8E  BCS                    A:AA X:4C Y:69 P:A4 SP:FB CYC:2397
CF90  BEQ                    A:AA X:4C Y:69 P:A4 SP:FB CYC:2399
CF92  BPL                    A:AA X:4C Y:69 P:A4 SP:FB CYC:2401
CF94  BVS                    A:AA X:4C Y:69 P:A4 SP:FB CYC:2403
CF96  CMP                    A:AA X:4C Y:69 P:A4 SP:FB CYC:2405
CF98  BNE                    A:AA X:4C Y:69 P:27 SP:FB CYC:2407
CF9A  JMP                    A:AA X:4C Y:69 P:27 SP:FB CYC:2409
CFA1  RTS                    A:AA X:4C Y:69 P:27 SP:FB CYC:2412
C60F  JSR                    A:AA X:4C Y:69 P:27 SP:FD CYC:2418
CFA2  LDA                    A:AA X:4C Y:69 P:27 SP:FB CYC:2424
CFA4  STA                    A:4C X:4C Y:69 P:25 SP:FB CYC:2427
CFA6  ???                    A:4C X:4C Y:69 P:25 SP:FB CYC:2431
CFA7  LDA                    A:4C X:4C Y:69 P:25 SP:FB CYC:2433
CFA9  STA                    A:00 X:4C Y:69 P:27 SP:FB CYC:2435
CFAB  LDA                    A:00 X:4C Y:69 P:27 SP:FB CYC:2438
CFAD  STA                    A:02 X:4C Y:69 P:25 SP:FB CYC:2440
CFAF  LDA                    A:02 X:4C Y:69 P:25 SP:FB CYC:2443
CFB1  STA                    A:FF X:4C Y:69 P:A5 SP:FB CYC:2445
CFB3  LDA                    A:FF X:4C Y:69 P:A5 SP:FB CYC:2448
CFB5  STA                    A:00 X:4C Y:69 P:27 SP:FB CYC:2450
CFB7  LDA                    A:00 X:4C Y:69 P:27 SP:FB CYC:2453
CFB9  STA                    A:03 X:4C Y:69 P:25 SP:FB CYC:2455
CFBB  STA                    A:03 X:4C Y:69 P:25 SP:FB CYC:2458
CFBD  LDA                    A:03 X:4C Y:69 P:25 SP:FB CYC:2461
CFBF  STA                    A:00 X:4C Y:69 P:27 SP:FB CYC:2463
CFC1  LDA                    A:00 X:4C Y:69 P:27 SP:FB CYC:2466
CFC3  STA                    A:04 X:4C Y:69 P:25 SP:FB CYC:2468
CFC5  LDA                    A:04 X:4C Y:69 P:25 SP:FB CYC:2471
CFC7  STA                    A:5A X:4C Y:69 P:25 SP:FB CYC:2473
CFC9  ???                    A:5A X:4C Y:69 P:25 SP:FB CYC:2477
CFCA  LDA                    A:5A X:4C Y:69 P:25 SP:FB CYC:2479
CFCC  STA                    A:5B X:4C Y:69 P:25 SP:FB CYC:2481
CFCE  ???                    A:5B X:4C Y:69 P:25 SP:FB CYC:2485
CFCF  LDA                    A:5B X:4C Y:69 P:25 SP:FB CYC:2487
CFD1  STA                    A:5C X:4C Y:69 P:25 SP:FB CYC:2489
CFD3  ???                    A:5C X:4C Y:69 P:25 SP:FB CYC:2493
CFD4  LDA                    A:5C X:4C Y:69 P:25 SP:FB CYC:2495
CFD6  STA                    A:5D X:4C Y:69 P:25 SP:FB CYC:2497
CFD8  ???                    A:5D X:4C Y:69 P:25 SP:FB CYC:2501
CFD9  LDX                    A:5D X:4C Y:69 P:25 SP:FB CYC:2503
CFDB  LDA                    A:5D X:00 Y:69 P:27 SP:FB CYC:2505
CFDD  CMP                    A:00 X:00 Y:69 P:27 SP:FB CYC:2511
CFDF  BNE                    A:00 X:00 Y:69 P:A4 SP:FB CYC:2513
D000  LDA                    A:00 X:00 Y:69 P:A4 SP:FB CYC:2516
D002  STA                    A:58 X:00 Y:69 P:24 SP:FB CYC:2518
D004  ???                    A:58 X:00 Y:69 P:24 SP:FB CYC:2522
D005  LDA                    A:58 X:00 Y:69 P:24 SP:FB CYC:2524
D007  LDX                    A:AA X:00 Y:69 P:A4 SP:FB CYC:2526
D009  STA                    A:AA X:00 Y:69 P:26 SP:FB CYC:2528
D00B  INX                    A:AA X:00 Y:69 P:26 SP:FB CYC:2534
D00C  INX                    A:AA X:01 Y:69 P:24 SP:FB CYC:2536
D00D  LDA                    A:AA X:02 Y:69 P:24 SP:FB CYC:2538
D00F  STA                    A:AB X:02 Y:69 P:A4 SP:FB CYC:2540
D011  INX                    A:AB X:02 Y:69 P:A4 SP:FB CYC:2546
D012  LDA                    A:AB X:03 Y:69 P:24 SP:FB CYC:2548
D014  STA                    A:AC X:03 Y:69 P:A4 SP:FB CYC:2550
D016  LDX                    A:AC X:03 Y:69 P:A4 SP:FB CYC:2556
D018  LDA                    A:AC X:00 Y:69 P:26 SP:FB CYC:2558
D01A  STA                    A:AD X:00 Y:69 P:A4 SP:FB CYC:2560
D01C  LDA                    A:AD X:00 Y:69 P:A4 SP:FB CYC:2566
D01F  CMP                    A:5A X:00 Y:69 P:24 SP:FB CYC:2570
D021  BNE                    A:5A X:00 Y:69 P:A4 SP:FB CYC:2572
D038  LDA                    A:5A X:00 Y:69 P:A4 SP:FB CYC:2575
D03A  STA                    A:59 X:00 Y:69 P:24 SP:FB CYC:2577
D03C  ???                    A:59 X:00 Y:69 P:24 SP:FB CYC:2581
D03D  LDA                    A:59 X:00 Y:69 P:24 SP:FB CYC:2583
D040  STA                    A:59 X:00 Y:69 P:24 SP:FB CYC:2587
D042  LDA                    A:59 X:00 Y:69 P:24 SP:FB CYC:2590
D044  STA                    A:00 X:00 Y:69 P:26 SP:FB CYC:2592
D046  ???                    A:00 X:00 Y:69 P:26 SP:FB CYC:2596
D047  LDA                    A:00 X:00 Y:69 P:26 SP:FB CYC:2598
D049  STA                    A:AA X:00 Y:69 P:A4 SP:FB CYC:2600
D04B  ???                    A:AA X:00 Y:69 P:A4 SP:FB CYC:2604
D04C  LDX                    A:AA X:00 Y:69 P:A4 SP:FB CYC:2606
D04E  LDY                    A:AA X:00 Y:69 P:26 SP:FB CYC:2608
D050  JSR                    A:AA X:00 Y:5A P:24 SP:FB CYC:2610
F7B6  CLC                    A:AA X:00 Y:5A P:24 SP:F9 CYC:2616
F7B7  LDA                    A:AA X:00 Y:5A P:24 SP:F9 CYC:2618
F7B9  STA                    A:FF X:00 Y:5A P:A4 SP:F9 CYC:2620
F7BB  BIT                    A:FF X:00 Y:5A P:A4 SP:F9 CYC:2623
F7BD  LDA                    A:FF X:00 Y:5A P:E4 SP:F9 CYC:2626
F7BF  RTS                    A:55 X:00 Y:5A P:64 SP:F9 CYC:2628
D053  ORA                    A:55 X:00 Y:5A P:64 SP:FB CYC:2634
D055  JSR                    A:FD X:00 Y:5A P:E4 SP:FB CYC:2640
F7C0  BCS                    A:FD X:00 Y:5A P:E4 SP:F9 CYC:2646
F7C2  BPL                    A:FD X:00 Y:5A P:E4 SP:F9 CYC:2648
F7C4  CMP                    A:FD X:00 Y:5A P:E4 SP:F9 CYC:2650
F7C6  BNE                    A:FD X:00 Y:5A P:E4 SP:F9 CYC:2652
F7CB  STY                    A:FD X:00 Y:5A P:E4 SP:F9 CYC:2655
F7CD  RTS                    A:FD X:00 Y:5A P:E4 SP:F9 CYC:2658
D058  INY                    A:FD X:00 Y:5A P:E4 SP:FB CYC:2664
D059  JSR                    A:FD X:00 Y:5B P:64 SP:FB CYC:2666
F7CE  SEC                    A:FD X:00 Y:5B P:64 SP:F9 CYC:2672
F7CF  CLV                    A:FD X:00 Y:5B P:65 SP:F9 CYC:2674
F7D0  LDA                    A:FD X:00 Y:5B P:25 SP:F9 CYC:2676
F7D2  RTS                    A:00 X:00 Y:5B P:27 SP:F9 CYC:2678
D05C  ORA                    A:00 X:00 Y:5B P:27 SP:FB CYC:2684
D05E  JSR                    A:AD X:00 Y:5B P:A5 SP:FB CYC:2690
F7D3  BNE                    A:AD X:00 Y:5B P:A5 SP:F9 CYC:2696
F7DC  STY                    A:AD X:00 Y:5B P:A5 SP:F9 CYC:2699
F7DE  RTS                    A:AD X:00 Y:5B P:A5 SP:F9 CYC:2702
D061  INY                    A:AD X:00 Y:5B P:A5 SP:FB CYC:2708
D062  JSR                    A:AD X:00 Y:5C P:25 SP:FB CYC:2710
F7DF  CLC                    A:AD X:00 Y:5C P:25 SP:F9 CYC:2716
F7E0  BIT                    A:AD X:00 Y:5C P:24 SP:F9 CYC:2718
F7E2  LDA                    A:AD X:00 Y:5C P:64 SP:F9 CYC:2721
F7E4  RTS                    A:55 X:00 Y:5C P:64 SP:F9 CYC:2723
D065  AND                    A:55 X:00 Y:5C P:64 SP:FB CYC:2729
D067  JSR                    A:05 X:00 Y:5C P:64 SP:FB CYC:2735
F7E5  BNE                    A:05 X:00 Y:5C P:64 SP:F9 CYC:2741
F7EE  STY                    A:05 X:00 Y:5C P:64 SP:F9 CYC:2744
F7F0  RTS                    A:05 X:00 Y:5C P:64 SP:F9 CYC:2747
D06A  INY                    A:05 X:00 Y:5C P:64 SP:FB CYC:2753
D06B  LDA                    A:05 X:00 Y:5D P:64 SP:FB CYC:2755
D06D  STA                    A:EF X:00 Y:5D P:E4 SP:FB CYC:2757
D06F  ???                    A:EF X:00 Y:5D P:E4 SP:FB CYC:2761
D070  JSR                    A:EF X:00 Y:5D P:E4 SP:FB CYC:2763
F7F1  SEC                    A:EF X:00 Y:5D P:E4 SP:F9 CYC:2769
F7F2  CLV                    A:EF X:00 Y:5D P:E5 SP:F9 CYC:2771
F7F3  LDA                    A:EF X:00 Y:5D P:A5 SP:F9 CYC:2773
F7F5  RTS                    A:F8 X:00 Y:5D P:A5 SP:F9 CYC:2775
D073  AND                    A:F8 X:00 Y:5D P:A5 SP:FB CYC:2781
D075  JSR                    A:A8 X:00 Y:5D P:A5 SP:FB CYC:2787
F7F6  BCC                    A:A8 X:00 Y:5D P:A5 SP:F9 CYC:2793
F7F8  BPL                    A:A8 X:00 Y:5D P:A5 SP:F9 CYC:2795
F7FA  CMP                    A:A8 X:00 Y:5D P:A5 SP:F9 CYC:2797
F7FC  BNE                    A:A8 X:00 Y:5D P:A4 SP:F9 CYC:2799
F801  STY                    A:A8 X:00 Y:5D P:A4 SP:F9 CYC:2803
F803  RTS                    A:A8 X:00 Y:5D P:A4 SP:F9 CYC:2806
D078  INY                    A:A8 X:00 Y:5D P:A4 SP:FB CYC:2812
D079  JSR                    A:A8 X:00 Y:5E P:24 SP:FB CYC:2814
F804  CLC                    A:A8 X:00 Y:5E P:24 SP:F9 CYC:2820
F805  BIT                    A:A8 X:00 Y:5E P:24 SP:F9 CYC:2822
F807  LDA                    A:A8 X:00 Y:5E P:64 SP:F9 CYC:2825
F809  RTS                    A:5F X:00 Y:5E P:64 SP:F9 CYC:2827
D07C  EOR                    A:5F X:00 Y:5E P:64 SP:FB CYC:2833
D07E  JSR                    A:F2 X:00 Y:5E P:E4 SP:FB CYC:2839
F80A  BCS                    A:F2 X:00 Y:5E P:E4 SP:F9 CYC:2845
F80C  BPL                    A:F2 X:00 Y:5E P:E4 SP:F9 CYC:2847
F80E  CMP                    A:F2 X:00 Y:5E P:E4 SP:F9 CYC:2849
F810  BNE                    A:F2 X:00 Y:5E P:E4 SP:F9 CYC:2851
F815  STY                    A:F2 X:00 Y:5E P:E4 SP:F9 CYC:2854
F817  RTS                    A:F2 X:00 Y:5E P:E4 SP:F9 CYC:2857
D081  INY                    A:F2 X:00 Y:5E P:E4 SP:FB CYC:2863
D082  LDA                    A:F2 X:00 Y:5F P:64 SP:FB CYC:2865
D084  STA                    A:70 X:00 Y:5F P:64 SP:FB CYC:2867
D086  ???                    A:70 X:00 Y:5F P:64 SP:FB CYC:2871
D087  JSR                    A:70 X:00 Y:5F P:64 SP:FB CYC:2873
F818  SEC                    A:70 X:00 Y:5F P:64 SP:F9 CYC:2879
F819  CLV                    A:70 X:00 Y:5F P:65 SP:F9 CYC:2881
F81A  LDA                    A:70 X:00 Y:5F P:25 SP:F9 CYC:2883
F81C  RTS                    A:70 X:00 Y:5F P:25 SP:F9 CYC:2885
D08A  EOR                    A:70 X:00 Y:5F P:25 SP:FB CYC:2891
D08C  JSR                    A:DD X:00 Y:5F P:A5 SP:FB CYC:2897
F81D  BNE                    A:DD X:00 Y:5F P:A5 SP:F9 CYC:2903
F826  STY                    A:DD X:00 Y:5F P:A5 SP:F9 CYC:2906
F828  RTS                    A:DD X:00 Y:5F P:A5 SP:F9 CYC:2909
D08F  INY                    A:DD X:00 Y:5F P:A5 SP:FB CYC:2915
D090  LDA                    A:DD X:00 Y:60 P:25 SP:FB CYC:2917
D092  STA                    A:69 X:00 Y:60 P:25 SP:FB CYC:2919
D094  ???                    A:69 X:00 Y:60 P:25 SP:FB CYC:2923
D095  JSR                    A:69 X:00 Y:60 P:25 SP:FB CYC:2925
F829  CLC                    A:69 X:00 Y:60 P:25 SP:F9 CYC:2931
F82A  BIT                    A:69 X:00 Y:60 P:24 SP:F9 CYC:2933
F82C  LDA                    A:69 X:00 Y:60 P:64 SP:F9 CYC:2936
F82E  RTS                    A:00 X:00 Y:60 P:66 SP:F9 CYC:2938
D098  ADC                    A:00 X:00 Y:60 P:66 SP:FB CYC:2944
D09A  JSR                    A:AD X:00 Y:60 P:A4 SP:FB CYC:2950
F82F  BMI                    A:AD X:00 Y:60 P:A4 SP:F9 CYC:2956
F83B  BRK                    A:AD X:00 Y:60 P:A4 SP:F9 CYC:2959
F83C  RTS                    A:AD X:00 Y:60 P:B4 SP:F9 CYC:2966
D09D  INY                    A:AD X:00 Y:60 P:B4 SP:FB CYC:2972
D09E  JSR                    A:AD X:00 Y:61 P:34 SP:FB CYC:2974
F83D  SEC                    A:AD X:00 Y:61 P:34 SP:F9 CYC:2980
F83E  BIT                    A:AD X:00 Y:61 P:35 SP:F9 CYC:2982
F840  LDA                    A:AD X:00 Y:61 P:75 SP:F9 CYC:2985
F842  RTS                    A:00 X:00 Y:61 P:77 SP:F9 CYC:2987
D0A1  ADC                    A:00 X:00 Y:61 P:77 SP:FB CYC:2993
D0A3  JSR                    A:AE X:00 Y:61 P:B4 SP:FB CYC:2999
F843  BMI                    A:AE X:00 Y:61 P:B4 SP:F9 CYC:3005
F84F  BRK                    A:AE X:00 Y:61 P:B4 SP:F9 CYC:3008
F850  RTS                    A:AE X:00 Y:61 P:B4 SP:F9 CYC:3015
D0A6  INY                    A:AE X:00 Y:61 P:B4 SP:FB CYC:3021
D0A7  LDA                    A:AE X:00 Y:62 P:34 SP:FB CYC:3023
D0A9  STA                    A:7F X:00 Y:62 P:34 SP:FB CYC:3025
D0AB  ???                    A:7F X:00 Y:62 P:34 SP:FB CYC:3029
D0AC  JSR                    A:7F X:00 Y:62 P:34 SP:FB CYC:3031
F851  SEC                    A:7F X:00 Y:62 P:34 SP:F9 CYC:3037
F852  CLV                    A:7F X:00 Y:62 P:35 SP:F9 CYC:3039
F853  LDA                    A:7F X:00 Y:62 P:35 SP:F9 CYC:3041
F855  RTS                    A:7F X:00 Y:62 P:35 SP:F9 CYC:3043
D0AF  ADC                    A:7F X:00 Y:62 P:35 SP:FB CYC:3049
D0B1  JSR                    A:2D X:00 Y:62 P:35 SP:FB CYC:3055
F856  BPL                    A:2D X:00 Y:62 P:35 SP:F9 CYC:3061
F861  STY                    A:2D X:00 Y:62 P:35 SP:F9 CYC:3064
F863  RTS                    A:2D X:00 Y:62 P:35 SP:F9 CYC:3067
D0B4  INY                    A:2D X:00 Y:62 P:35 SP:FB CYC:3073
D0B5  LDA                    A:2D X:00 Y:63 P:35 SP:FB CYC:3075
D0B7  STA                    A:80 X:00 Y:63 P:B5 SP:FB CYC:3077
D0B9  ???                    A:80 X:00 Y:63 P:B5 SP:FB CYC:3081
D0BA  JSR                    A:80 X:00 Y:63 P:B5 SP:FB CYC:3083
F864  CLC                    A:80 X:00 Y:63 P:B5 SP:F9 CYC:3089
F865  BIT                    A:80 X:00 Y:63 P:B4 SP:F9 CYC:3091
F867  LDA                    A:80 X:00 Y:63 P:76 SP:F9 CYC:3094
F869  RTS                    A:7F X:00 Y:63 P:74 SP:F9 CYC:3096
D0BD  ADC                    A:7F X:00 Y:63 P:74 SP:FB CYC:3102
D0BF  JSR                    A:2C X:00 Y:63 P:35 SP:FB CYC:3108
F86A  BPL                    A:2C X:00 Y:63 P:35 SP:F9 CYC:3114
F875  STY                    A:2C X:00 Y:63 P:35 SP:F9 CYC:3117
F877  RTS                    A:2C X:00 Y:63 P:35 SP:F9 CYC:3120
D0C2  INY                    A:2C X:00 Y:63 P:35 SP:FB CYC:3126
D0C3  JSR                    A:2C X:00 Y:64 P:35 SP:FB CYC:3128
F878  SEC                    A:2C X:00 Y:64 P:35 SP:F9 CYC:3134
F879  CLV                    A:2C X:00 Y:64 P:35 SP:F9 CYC:3136
F87A  LDA                    A:2C X:00 Y:64 P:35 SP:F9 CYC:3138
F87C  RTS                    A:7F X:00 Y:64 P:35 SP:F9 CYC:3140
D0C6  ADC                    A:7F X:00 Y:64 P:35 SP:FB CYC:3146
D0C8  JSR                    A:2D X:00 Y:64 P:35 SP:FB CYC:3152
F87D  BNE                    A:2D X:00 Y:64 P:35 SP:F9 CYC:3158
F886  STY                    A:2D X:00 Y:64 P:35 SP:F9 CYC:3161
F888  RTS                    A:2D X:00 Y:64 P:35 SP:F9 CYC:3164
D0CB  INY                    A:2D X:00 Y:64 P:35 SP:FB CYC:3170
D0CC  LDA                    A:2D X:00 Y:65 P:35 SP:FB CYC:3172
D0CE  STA                    A:40 X:00 Y:65 P:35 SP:FB CYC:3174
D0D0  ???                    A:40 X:00 Y:65 P:35 SP:FB CYC:3178
D0D1  JSR                    A:40 X:00 Y:65 P:35 SP:FB CYC:3180
F889  BIT                    A:40 X:00 Y:65 P:35 SP:F9 CYC:3186
F88B  LDA                    A:40 X:00 Y:65 P:75 SP:F9 CYC:3189
F88D  RTS                    A:40 X:00 Y:65 P:75 SP:F9 CYC:3191
D0D4  CMP                    A:40 X:00 Y:65 P:75 SP:FB CYC:3197
D0D6  JSR                    A:40 X:00 Y:65 P:F4 SP:FB CYC:3203
F88E  BMI                    A:40 X:00 Y:65 P:F4 SP:F9 CYC:3209
F898  BRK                    A:40 X:00 Y:65 P:F4 SP:F9 CYC:3212
F899  RTS                    A:40 X:00 Y:65 P:F4 SP:F9 CYC:3219
D0D9  INY                    A:40 X:00 Y:65 P:F4 SP:FB CYC:3225
D0DA  PHA                    A:40 X:00 Y:66 P:74 SP:FB CYC:3227
D0DB  LDA                    A:40 X:00 Y:66 P:74 SP:FA CYC:3230
D0DD  STA                    A:3F X:00 Y:66 P:74 SP:FA CYC:3232
D0DF  ???                    A:3F X:00 Y:66 P:74 SP:FA CYC:3236
D0E0  PLA                    A:3F X:00 Y:66 P:74 SP:FA CYC:3238
D0E1  JSR                    A:40 X:00 Y:66 P:74 SP:FB CYC:3242
F89A  CLV                    A:40 X:00 Y:66 P:74 SP:F9 CYC:3248
F89B  RTS                    A:40 X:00 Y:66 P:34 SP:F9 CYC:3250
D0E4  CMP                    A:40 X:00 Y:66 P:34 SP:FB CYC:3256
D0E6  JSR                    A:40 X:00 Y:66 P:B4 SP:FB CYC:3262
F89C  BEQ                    A:40 X:00 Y:66 P:B4 SP:F9 CYC:3268
F89E  BMI                    A:40 X:00 Y:66 P:B4 SP:F9 CYC:3270
F8A6  BRK                    A:40 X:00 Y:66 P:B4 SP:F9 CYC:3273
F8A7  RTS                    A:40 X:00 Y:66 P:B4 SP:F9 CYC:3280
D0E9  INY                    A:40 X:00 Y:66 P:B4 SP:FB CYC:3286
D0EA  PHA                    A:40 X:00 Y:67 P:34 SP:FB CYC:3288
D0EB  LDA                    A:40 X:00 Y:67 P:34 SP:FA CYC:3291
D0ED  STA                    A:41 X:00 Y:67 P:34 SP:FA CYC:3293
D0EF  ???                    A:41 X:00 Y:67 P:34 SP:FA CYC:3297
D0F0  PLA                    A:41 X:00 Y:67 P:34 SP:FA CYC:3299
D0F1  CMP                    A:40 X:00 Y:67 P:34 SP:FB CYC:3303
D0F3  JSR                    A:40 X:00 Y:67 P:B4 SP:FB CYC:3309
F8A8  BEQ                    A:40 X:00 Y:67 P:B4 SP:F9 CYC:3315
F8AA  BPL                    A:40 X:00 Y:67 P:B4 SP:F9 CYC:3317
F8AC  BPL                    A:40 X:00 Y:67 P:B4 SP:F9 CYC:3319
F8AE  RTS                    A:40 X:00 Y:67 P:B4 SP:F9 CYC:3321
D0F6  INY                    A:40 X:00 Y:67 P:B4 SP:FB CYC:3327
D0F7  PHA                    A:40 X:00 Y:68 P:34 SP:FB CYC:3329
D0F8  LDA                    A:40 X:00 Y:68 P:34 SP:FA CYC:3332
D0FA  STA                    A:00 X:00 Y:68 P:36 SP:FA CYC:3334
D0FC  ???                    A:00 X:00 Y:68 P:36 SP:FA CYC:3338
D0FD  PLA                    A:00 X:00 Y:68 P:36 SP:FA CYC:3340
D0FE  JSR                    A:40 X:00 Y:68 P:34 SP:FB CYC:3344
F8B2  LDA                    A:40 X:00 Y:68 P:34 SP:F9 CYC:3350
F8B4  RTS                    A:80 X:00 Y:68 P:B4 SP:F9 CYC:3352
D101  CMP                    A:80 X:00 Y:68 P:B4 SP:FB CYC:3358
D103  JSR                    A:80 X:00 Y:68 P:B4 SP:FB CYC:3364
F8B5  BEQ                    A:80 X:00 Y:68 P:B4 SP:F9 CYC:3370
F8B7  BPL                    A:80 X:00 Y:68 P:B4 SP:F9 CYC:3372
F8B9  BCC                    A:80 X:00 Y:68 P:B4 SP:F9 CYC:3374
F8BC  STY                    A:80 X:00 Y:68 P:B4 SP:F9 CYC:3377
F8BE  RTS                    A:80 X:00 Y:68 P:B4 SP:F9 CYC:3380
D106  INY                    A:80 X:00 Y:68 P:B4 SP:FB CYC:3386
D107  PHA                    A:80 X:00 Y:69 P:34 SP:FB CYC:3388
D108  LDA                    A:80 X:00 Y:69 P:34 SP:FA CYC:3391
D10A  STA                    A:80 X:00 Y:69 P:B4 SP:FA CYC:3393
D10C  ???                    A:80 X:00 Y:69 P:B4 SP:FA CYC:3397
D10D  PLA                    A:80 X:00 Y:69 P:B4 SP:FA CYC:3399
D10E  CMP                    A:80 X:00 Y:69 P:B4 SP:FB CYC:3403
D110  JSR                    A:80 X:00 Y:69 P:B4 SP:FB CYC:3409
F8BF  BNE                    A:80 X:00 Y:69 P:B4 SP:F9 CYC:3415
F8C6  STY                    A:80 X:00 Y:69 P:B4 SP:F9 CYC:3418
F8C8  RTS                    A:80 X:00 Y:69 P:B4 SP:F9 CYC:3421
D113  INY                    A:80 X:00 Y:69 P:B4 SP:FB CYC:3427
D114  PHA                    A:80 X:00 Y:6A P:34 SP:FB CYC:3429
D115  LDA                    A:80 X:00 Y:6A P:34 SP:FA CYC:3432
D117  STA                    A:81 X:00 Y:6A P:B4 SP:FA CYC:3434
D119  ???                    A:81 X:00 Y:6A P:B4 SP:FA CYC:3438
D11A  PLA                    A:81 X:00 Y:6A P:B4 SP:FA CYC:3440
D11B  CMP                    A:80 X:00 Y:6A P:B4 SP:FB CYC:3444
D11D  JSR                    A:80 X:00 Y:6A P:B4 SP:FB CYC:3450
F8C9  BCS                    A:80 X:00 Y:6A P:B4 SP:F9 CYC:3456
F8CB  BEQ                    A:80 X:00 Y:6A P:B4 SP:F9 CYC:3458
F8CD  BPL                    A:80 X:00 Y:6A P:B4 SP:F9 CYC:3460
F8CF  RTS                    A:80 X:00 Y:6A P:B4 SP:F9 CYC:3462
D120  INY                    A:80 X:00 Y:6A P:B4 SP:FB CYC:3468
D121  PHA                    A:80 X:00 Y:6B P:34 SP:FB CYC:3470
D122  LDA                    A:80 X:00 Y:6B P:34 SP:FA CYC:3473
D124  STA                    A:7F X:00 Y:6B P:34 SP:FA CYC:3475
D126  ???                    A:7F X:00 Y:6B P:34 SP:FA CYC:3479
D127  PLA                    A:7F X:00 Y:6B P:34 SP:FA CYC:3481
D128  CMP                    A:80 X:00 Y:6B P:B4 SP:FB CYC:3485
D12A  JSR                    A:80 X:00 Y:6B P:B4 SP:FB CYC:3491
F8D3  BCC                    A:80 X:00 Y:6B P:B4 SP:F9 CYC:3497
F8DA  STY                    A:80 X:00 Y:6B P:B4 SP:F9 CYC:3500
F8DC  RTS                    A:80 X:00 Y:6B P:B4 SP:F9 CYC:3503
D12D  INY                    A:80 X:00 Y:6B P:B4 SP:FB CYC:3509
D12E  LDA                    A:80 X:00 Y:6C P:34 SP:FB CYC:3511
D130  STA                    A:40 X:00 Y:6C P:34 SP:FB CYC:3513
D132  ???                    A:40 X:00 Y:6C P:34 SP:FB CYC:3517
D133  JSR                    A:40 X:00 Y:6C P:34 SP:FB CYC:3519
F931  BIT                    A:40 X:00 Y:6C P:34 SP:F9 CYC:3525
F933  LDA                    A:40 X:00 Y:6C P:74 SP:F9 CYC:3528
F935  SEC                    A:40 X:00 Y:6C P:74 SP:F9 CYC:3530
F936  RTS                    A:40 X:00 Y:6C P:75 SP:F9 CYC:3532
D136  SBC                    A:40 X:00 Y:6C P:75 SP:FB CYC:3538
D138  JSR                    A:93 X:00 Y:6C P:F4 SP:FB CYC:3544
F937  BMI                    A:93 X:00 Y:6C P:F4 SP:F9 CYC:3550
F945  BRK                    A:93 X:00 Y:6C P:F4 SP:F9 CYC:3553
F946  RTS                    A:93 X:00 Y:6C P:F4 SP:F9 CYC:3560
D13B  INY                    A:93 X:00 Y:6C P:F4 SP:FB CYC:3566
D13C  LDA                    A:93 X:00 Y:6D P:74 SP:FB CYC:3568
D13E  STA                    A:3F X:00 Y:6D P:74 SP:FB CYC:3570
D140  ???                    A:3F X:00 Y:6D P:74 SP:FB CYC:3574
D141  JSR                    A:3F X:00 Y:6D P:74 SP:FB CYC:3576
F947  CLV                    A:3F X:00 Y:6D P:74 SP:F9 CYC:3582
F948  SEC                    A:3F X:00 Y:6D P:34 SP:F9 CYC:3584
F949  LDA                    A:3F X:00 Y:6D P:35 SP:F9 CYC:3586
F94B  RTS                    A:40 X:00 Y:6D P:35 SP:F9 CYC:3588
D144  SBC                    A:40 X:00 Y:6D P:35 SP:FB CYC:3594
D146  JSR                    A:93 X:00 Y:6D P:F4 SP:FB CYC:3600
F94C  BEQ                    A:93 X:00 Y:6D P:F4 SP:F9 CYC:3606
F94E  BMI                    A:93 X:00 Y:6D P:F4 SP:F9 CYC:3608
F95A  BRK                    A:93 X:00 Y:6D P:F4 SP:F9 CYC:3611
F95B  RTS                    A:93 X:00 Y:6D P:F4 SP:F9 CYC:3618
D149  INY                    A:93 X:00 Y:6D P:F4 SP:FB CYC:3624
D14A  LDA                    A:93 X:00 Y:6E P:74 SP:FB CYC:3626
D14C  STA                    A:41 X:00 Y:6E P:74 SP:FB CYC:3628
D14E  ???                    A:41 X:00 Y:6E P:74 SP:FB CYC:3632
D14F  JSR                    A:41 X:00 Y:6E P:74 SP:FB CYC:3634
F95C  LDA                    A:41 X:00 Y:6E P:74 SP:F9 CYC:3640
F95E  SEC                    A:40 X:00 Y:6E P:74 SP:F9 CYC:3642
F95F  BIT                    A:40 X:00 Y:6E P:75 SP:F9 CYC:3644
F961  RTS                    A:40 X:00 Y:6E P:75 SP:F9 CYC:3647
D152  SBC                    A:40 X:00 Y:6E P:75 SP:FB CYC:3653
D154  JSR                    A:93 X:00 Y:6E P:F4 SP:FB CYC:3659
F962  BCS                    A:93 X:00 Y:6E P:F4 SP:F9 CYC:3665
F964  BEQ                    A:93 X:00 Y:6E P:F4 SP:F9 CYC:3667
F966  BPL                    A:93 X:00 Y:6E P:F4 SP:F9 CYC:3669
F968  BVS                    A:93 X:00 Y:6E P:F4 SP:F9 CYC:3671
F96F  STY                    A:93 X:00 Y:6E P:F4 SP:F9 CYC:3674
F971  RTS                    A:93 X:00 Y:6E P:F4 SP:F9 CYC:3677
D157  INY                    A:93 X:00 Y:6E P:F4 SP:FB CYC:3683
D158  LDA                    A:93 X:00 Y:6F P:74 SP:FB CYC:3685
D15A  STA                    A:00 X:00 Y:6F P:76 SP:FB CYC:3687
D15C  ???                    A:00 X:00 Y:6F P:76 SP:FB CYC:3691
D15D  JSR                    A:00 X:00 Y:6F P:76 SP:FB CYC:3693
F972  CLC                    A:00 X:00 Y:6F P:76 SP:F9 CYC:3699
F973  LDA                    A:00 X:00 Y:6F P:76 SP:F9 CYC:3701
F975  RTS                    A:80 X:00 Y:6F P:F4 SP:F9 CYC:3703
D160  SBC                    A:80 X:00 Y:6F P:F4 SP:FB CYC:3709
D162  JSR                    A:D2 X:00 Y:6F P:B4 SP:FB CYC:3715
F976  BCC                    A:D2 X:00 Y:6F P:B4 SP:F9 CYC:3721
F97D  STY                    A:D2 X:00 Y:6F P:B4 SP:F9 CYC:3724
F97F  RTS                    A:D2 X:00 Y:6F P:B4 SP:F9 CYC:3727
D165  INY                    A:D2 X:00 Y:6F P:B4 SP:FB CYC:3733
D166  LDA                    A:D2 X:00 Y:70 P:34 SP:FB CYC:3735
D168  STA                    A:7F X:00 Y:70 P:34 SP:FB CYC:3737
D16A  ???                    A:7F X:00 Y:70 P:34 SP:FB CYC:3741
D16B  JSR                    A:7F X:00 Y:70 P:34 SP:FB CYC:3743
F980  SEC                    A:7F X:00 Y:70 P:34 SP:F9 CYC:3749
F981  LDA                    A:7F X:00 Y:70 P:35 SP:F9 CYC:3751
F983  RTS                    A:81 X:00 Y:70 P:B5 SP:F9 CYC:3753
D16E  SBC                    A:81 X:00 Y:70 P:B5 SP:FB CYC:3759
D170  JSR                    A:D4 X:00 Y:70 P:B4 SP:FB CYC:3765
F984  BVC                    A:D4 X:00 Y:70 P:B4 SP:F9 CYC:3771
F98D  STY                    A:D4 X:00 Y:70 P:B4 SP:F9 CYC:3774
F98F  RTS                    A:D4 X:00 Y:70 P:B4 SP:F9 CYC:3777
D173  RTS                    A:D4 X:00 Y:70 P:B4 SP:FB CYC:3783
C612  JSR                    A:D4 X:00 Y:70 P:B4 SP:FD CYC:3789
D174  LDA                    A:D4 X:00 Y:70 P:B4 SP:FB CYC:3795
D176  STA                    A:55 X:00 Y:70 P:34 SP:FB CYC:3797
D178  LDA                    A:55 X:00 Y:70 P:34 SP:FB CYC:3800
D17A  STA                    A:FF X:00 Y:70 P:B4 SP:FB CYC:3802
D17C  BIT                    A:FF X:00 Y:70 P:B4 SP:FB CYC:3805
D17E  LDY                    A:FF X:00 Y:70 P:F4 SP:FB CYC:3808
D180  LDX                    A:FF X:00 Y:11 P:74 SP:FB CYC:3810
D182  LDA                    A:FF X:23 Y:11 P:74 SP:FB CYC:3812
D184  LDA                    A:00 X:23 Y:11 P:76 SP:FB CYC:3814
D186  BEQ                    A:FF X:23 Y:11 P:F4 SP:FB CYC:3817
D188  BMI                    A:FF X:23 Y:11 P:F4 SP:FB CYC:3819
D199  ROR                    A:FF X:23 Y:11 P:F4 SP:FB CYC:3822
D19B  BRK                    A:FF X:23 Y:11 P:F5 SP:FB CYC:3828
D19C  LDA                    A:FF X:23 Y:11 P:F5 SP:FB CYC:3835
D19E  BIT                    A:46 X:23 Y:11 P:75 SP:FB CYC:3837
D1A0  STA                    A:46 X:23 Y:11 P:75 SP:FB CYC:3840
D1A2  BEQ                    A:46 X:23 Y:11 P:75 SP:FB CYC:3843
D1A4  BPL                    A:46 X:23 Y:11 P:75 SP:FB CYC:3845
D1AE  LDA                    A:46 X:23 Y:11 P:75 SP:FB CYC:3848
D1B0  STA                    A:77 X:23 Y:11 P:75 SP:FB CYC:3850
D1B2  LDA                    A:77 X:23 Y:11 P:75 SP:FB CYC:3853
D1B4  STA                    A:55 X:23 Y:11 P:75 SP:FB CYC:3855
D1B6  BIT                    A:55 X:23 Y:11 P:75 SP:FB CYC:3858
D1B8  LDA                    A:55 X:23 Y:11 P:75 SP:FB CYC:3861
D1BA  LDX                    A:11 X:23 Y:11 P:75 SP:FB CYC:3863
D1BC  LDY                    A:11 X:23 Y:11 P:75 SP:FB CYC:3865
D1BE  LDY                    A:11 X:23 Y:00 P:77 SP:FB CYC:3867
D1C0  BEQ                    A:11 X:23 Y:55 P:75 SP:FB CYC:3870
D1C2  BMI                    A:11 X:23 Y:55 P:75 SP:FB CYC:3872
D1C4  CPY                    A:11 X:23 Y:55 P:75 SP:FB CYC:3874
D1C6  BNE                    A:11 X:23 Y:55 P:77 SP:FB CYC:3876
D1C8  CMP                    A:11 X:23 Y:55 P:77 SP:FB CYC:3878
D1CA  BNE                    A:11 X:23 Y:55 P:77 SP:FB CYC:3880
D1CC  CPX                    A:11 X:23 Y:55 P:77 SP:FB CYC:3882
D1CE  BVC                    A:11 X:23 Y:55 P:77 SP:FB CYC:3884
D1D0  BEQ                    A:11 X:23 Y:55 P:77 SP:FB CYC:3886
D1D6  LDY                    A:11 X:23 Y:55 P:77 SP:FB CYC:3889
D1D8  BIT                    A:11 X:23 Y:46 P:75 SP:FB CYC:3891
D1DA  STY                    A:11 X:23 Y:46 P:75 SP:FB CYC:3894
D1DC  BEQ                    A:11 X:23 Y:46 P:75 SP:FB CYC:3897
D1DE  BPL                    A:11 X:23 Y:46 P:75 SP:FB CYC:3899
D1E8  LDA                    A:11 X:23 Y:46 P:75 SP:FB CYC:3902
D1EA  STA                    A:79 X:23 Y:46 P:75 SP:FB CYC:3904
D1EC  BIT                    A:79 X:23 Y:46 P:75 SP:FB CYC:3907
D1EE  LDA                    A:79 X:23 Y:46 P:75 SP:FB CYC:3910
D1F0  STA                    A:55 X:23 Y:46 P:75 SP:FB CYC:3912
D1F2  LDY                    A:55 X:23 Y:46 P:75 SP:FB CYC:3915
D1F4  LDA                    A:55 X:23 Y:11 P:75 SP:FB CYC:3917
D1F6  LDX                    A:23 X:23 Y:11 P:75 SP:FB CYC:3919
D1F8  LDX                    A:23 X:00 Y:11 P:77 SP:FB CYC:3921
D1FA  BEQ                    A:23 X:55 Y:11 P:75 SP:FB CYC:3924
D1FC  BMI                    A:23 X:55 Y:11 P:75 SP:FB CYC:3926
D1FE  CPX                    A:23 X:55 Y:11 P:75 SP:FB CYC:3928
D200  BNE                    A:23 X:55 Y:11 P:77 SP:FB CYC:3930
D202  CPY                    A:23 X:55 Y:11 P:77 SP:FB CYC:3932
D204  BNE                    A:23 X:55 Y:11 P:77 SP:FB CYC:3934
D206  CMP                    A:23 X:55 Y:11 P:77 SP:FB CYC:3936
D208  BVC                    A:23 X:55 Y:11 P:77 SP:FB CYC:3938
D20A  BEQ                    A:23 X:55 Y:11 P:77 SP:FB CYC:3940
D210  LDX                    A:23 X:55 Y:11 P:77 SP:FB CYC:3943
D212  BIT                    A:23 X:46 Y:11 P:75 SP:FB CYC:3945
D214  STX                    A:23 X:46 Y:11 P:75 SP:FB CYC:3948
D216  BEQ                    A:23 X:46 Y:11 P:75 SP:FB CYC:3951
D218  BPL                    A:23 X:46 Y:11 P:75 SP:FB CYC:3953
D222  LDA                    A:23 X:46 Y:11 P:75 SP:FB CYC:3956
D224  STA                    A:7B X:46 Y:11 P:75 SP:FB CYC:3958
D226  LDA                    A:7B X:46 Y:11 P:75 SP:FB CYC:3961
D228  STA                    A:C0 X:46 Y:11 P:F5 SP:FB CYC:3963
D22A  LDX                    A:C0 X:46 Y:11 P:F5 SP:FB CYC:3966
D22C  LDY                    A:C0 X:33 Y:11 P:75 SP:FB CYC:3968
D22E  LDA                    A:C0 X:33 Y:88 P:F5 SP:FB CYC:3970
D230  BIT                    A:05 X:33 Y:88 P:75 SP:FB CYC:3972
D232  BPL                    A:05 X:33 Y:88 P:F7 SP:FB CYC:3975
D234  BVC                    A:05 X:33 Y:88 P:F7 SP:FB CYC:3977
D236  BNE                    A:05 X:33 Y:88 P:F7 SP:FB CYC:3979
D238  CMP                    A:05 X:33 Y:88 P:F7 SP:FB CYC:3981
D23A  BNE                    A:05 X:33 Y:88 P:77 SP:FB CYC:3983
D23C  CPX                    A:05 X:33 Y:88 P:77 SP:FB CYC:3985
D23E  BNE                    A:05 X:33 Y:88 P:77 SP:FB CYC:3987
D240  CPY                    A:05 X:33 Y:88 P:77 SP:FB CYC:3989
D242  BEQ                    A:05 X:33 Y:88 P:77 SP:FB CYC:3991
D248  LDA                    A:05 X:33 Y:88 P:77 SP:FB CYC:3994
D24A  STA                    A:03 X:33 Y:88 P:75 SP:FB CYC:3996
D24C  LDA                    A:03 X:33 Y:88 P:75 SP:FB CYC:3999
D24E  BIT                    A:01 X:33 Y:88 P:75 SP:FB CYC:4001
D250  BMI                    A:01 X:33 Y:88 P:35 SP:FB CYC:4004
D252  BVS                    A:01 X:33 Y:88 P:35 SP:FB CYC:4006
D254  BEQ                    A:01 X:33 Y:88 P:35 SP:FB CYC:4008
D256  CMP                    A:01 X:33 Y:88 P:35 SP:FB CYC:4010
D258  BEQ                    A:01 X:33 Y:88 P:37 SP:FB CYC:4012
D25E  LDY                    A:01 X:33 Y:88 P:37 SP:FB CYC:4015
D260  LDA                    A:01 X:33 Y:7E P:35 SP:FB CYC:4017
D262  STA                    A:AA X:33 Y:7E P:B5 SP:FB CYC:4019
D264  JSR                    A:AA X:33 Y:7E P:B5 SP:FB CYC:4022
F7B6  CLC                    A:AA X:33 Y:7E P:B5 SP:F9 CYC:4028
F7B7  LDA                    A:AA X:33 Y:7E P:B4 SP:F9 CYC:4030
F7B9  STA                    A:FF X:33 Y:7E P:B4 SP:F9 CYC:4032
F7BB  BIT                    A:FF X:33 Y:7E P:B4 SP:F9 CYC:4035
F7BD  LDA                    A:FF X:33 Y:7E P:F4 SP:F9 CYC:4038
F7BF  RTS                    A:55 X:33 Y:7E P:74 SP:F9 CYC:4040
D267  ORA                    A:55 X:33 Y:7E P:74 SP:FB CYC:4046
D269  JSR                    A:FF X:33 Y:7E P:F4 SP:FB CYC:4049
F7C0  BCS                    A:FF X:33 Y:7E P:F4 SP:F9 CYC:4055
F7C2  BPL                    A:FF X:33 Y:7E P:F4 SP:F9 CYC:4057
F7C4  CMP                    A:FF X:33 Y:7E P:F4 SP:F9 CYC:4059
F7C6  BNE                    A:FF X:33 Y:7E P:77 SP:F9 CYC:4061
F7C8  BVC                    A:FF X:33 Y:7E P:77 SP:F9 CYC:4063
F7CA  RTS                    A:FF X:33 Y:7E P:77 SP:F9 CYC:4065
D26C  INY                    A:FF X:33 Y:7E P:77 SP:FB CYC:4071
D26D  LDA                    A:FF X:33 Y:7F P:75 SP:FB CYC:4073
D26F  STA                    A:00 X:33 Y:7F P:77 SP:FB CYC:4075
D271  JSR                    A:00 X:33 Y:7F P:77 SP:FB CYC:4078
F7CE  SEC                    A:00 X:33 Y:7F P:77 SP:F9 CYC:4084
F7CF  CLV                    A:00 X:33 Y:7F P:77 SP:F9 CYC:4086
F7D0  LDA                    A:00 X:33 Y:7F P:37 SP:F9 CYC:4088
F7D2  RTS                    A:00 X:33 Y:7F P:37 SP:F9 CYC:4090
D274  ORA                    A:00 X:33 Y:7F P:37 SP:FB CYC:4096
D276  JSR                    A:00 X:33 Y:7F P:37 SP:FB CYC:4099
F7D3  BNE                    A:00 X:33 Y:7F P:37 SP:F9 CYC:4105
F7D5  BVS                    A:00 X:33 Y:7F P:37 SP:F9 CYC:4107
F7D7  BCC                    A:00 X:33 Y:7F P:37 SP:F9 CYC:4109
F7D9  BMI                    A:00 X:33 Y:7F P:37 SP:F9 CYC:4111
F7DB  RTS                    A:00 X:33 Y:7F P:37 SP:F9 CYC:4113
D279  INY                    A:00 X:33 Y:7F P:37 SP:FB CYC:4119
D27A  LDA                    A:00 X:33 Y:80 P:B5 SP:FB CYC:4121
D27C  STA                    A:AA X:33 Y:80 P:B5 SP:FB CYC:4123
D27E  JSR                    A:AA X:33 Y:80 P:B5 SP:FB CYC:4126
F7DF  CLC                    A:AA X:33 Y:80 P:B5 SP:F9 CYC:4132
F7E0  BIT                    A:AA X:33 Y:80 P:B4 SP:F9 CYC:4134
F7E2  LDA                    A:AA X:33 Y:80 P:B4 SP:F9 CYC:4137
F7E4  RTS                    A:55 X:33 Y:80 P:34 SP:F9 CYC:4139
D281  AND                    A:55 X:33 Y:80 P:34 SP:FB CYC:4145
D283  JSR                    A:00 X:33 Y:80 P:36 SP:FB CYC:4148
F7E5  BNE                    A:00 X:33 Y:80 P:36 SP:F9 CYC:4154
F7E7  BVC                    A:00 X:33 Y:80 P:36 SP:F9 CYC:4156
F7EE  STY                    A:00 X:33 Y:80 P:36 SP:F9 CYC:4159
F7F0  RTS                    A:00 X:33 Y:80 P:36 SP:F9 CYC:4162
D286  INY                    A:00 X:33 Y:80 P:36 SP:FB CYC:4168
D287  LDA                    A:00 X:33 Y:81 P:B4 SP:FB CYC:4170
D289  STA                    A:EF X:33 Y:81 P:B4 SP:FB CYC:4172
D28B  JSR                    A:EF X:33 Y:81 P:B4 SP:FB CYC:4175
F7F1  SEC                    A:EF X:33 Y:81 P:B4 SP:F9 CYC:4181
F7F2  CLV                    A:EF X:33 Y:81 P:B5 SP:F9 CYC:4183
F7F3  LDA                    A:EF X:33 Y:81 P:B5 SP:F9 CYC:4185
F7F5  RTS                    A:F8 X:33 Y:81 P:B5 SP:F9 CYC:4187
D28E  AND                    A:F8 X:33 Y:81 P:B5 SP:FB CYC:4193
D290  JSR                    A:E8 X:33 Y:81 P:B5 SP:FB CYC:4196
F7F6  BCC                    A:E8 X:33 Y:81 P:B5 SP:F9 CYC:4202
F7F8  BPL                    A:E8 X:33 Y:81 P:B5 SP:F9 CYC:4204
F7FA  CMP                    A:E8 X:33 Y:81 P:B5 SP:F9 CYC:4206
F7FC  BNE                    A:E8 X:33 Y:81 P:37 SP:F9 CYC:4208
F7FE  BVS                    A:E8 X:33 Y:81 P:37 SP:F9 CYC:4210
F800  RTS                    A:E8 X:33 Y:81 P:37 SP:F9 CYC:4212
D293  INY                    A:E8 X:33 Y:81 P:37 SP:FB CYC:4218
D294  LDA                    A:E8 X:33 Y:82 P:B5 SP:FB CYC:4220
D296  STA                    A:AA X:33 Y:82 P:B5 SP:FB CYC:4222
D298  JSR                    A:AA X:33 Y:82 P:B5 SP:FB CYC:4225
F804  CLC                    A:AA X:33 Y:82 P:B5 SP:F9 CYC:4231
F805  BIT                    A:AA X:33 Y:82 P:B4 SP:F9 CYC:4233
F807  LDA                    A:AA X:33 Y:82 P:B4 SP:F9 CYC:4236
F809  RTS                    A:5F X:33 Y:82 P:34 SP:F9 CYC:4238
D29B  EOR                    A:5F X:33 Y:82 P:34 SP:FB CYC:4244
D29D  JSR                    A:F5 X:33 Y:82 P:B4 SP:FB CYC:4247
F80A  BCS                    A:F5 X:33 Y:82 P:B4 SP:F9 CYC:4253
F80C  BPL                    A:F5 X:33 Y:82 P:B4 SP:F9 CYC:4255
F80E  CMP                    A:F5 X:33 Y:82 P:B4 SP:F9 CYC:4257
F810  BNE                    A:F5 X:33 Y:82 P:37 SP:F9 CYC:4259
F812  BVC                    A:F5 X:33 Y:82 P:37 SP:F9 CYC:4261
F815  STY                    A:F5 X:33 Y:82 P:37 SP:F9 CYC:4264
F817  RTS                    A:F5 X:33 Y:82 P:37 SP:F9 CYC:4267
D2A0  INY                    A:F5 X:33 Y:82 P:37 SP:FB CYC:4273
D2A1  LDA                    A:F5 X:33 Y:83 P:B5 SP:FB CYC:4275
D2A3  STA                    A:70 X:33 Y:83 P:35 SP:FB CYC:4277
D2A5  JSR                    A:70 X:33 Y:83 P:35 SP:FB CYC:4280
F818  SEC                    A:70 X:33 Y:83 P:35 SP:F9 CYC:4286
F819  CLV                    A:70 X:33 Y:83 P:35 SP:F9 CYC:4288
F81A  LDA                    A:70 X:33 Y:83 P:35 SP:F9 CYC:4290
F81C  RTS                    A:70 X:33 Y:83 P:35 SP:F9 CYC:4292
D2A8  EOR                    A:70 X:33 Y:83 P:35 SP:FB CYC:4298
D2AA  JSR                    A:00 X:33 Y:83 P:37 SP:FB CYC:4301
F81D  BNE                    A:00 X:33 Y:83 P:37 SP:F9 CYC:4307
F81F  BVS                    A:00 X:33 Y:83 P:37 SP:F9 CYC:4309
F821  BCC                    A:00 X:33 Y:83 P:37 SP:F9 CYC:4311
F823  BMI                    A:00 X:33 Y:83 P:37 SP:F9 CYC:4313
F825  RTS                    A:00 X:33 Y:83 P:37 SP:F9 CYC:4315
D2AD  INY                    A:00 X:33 Y:83 P:37 SP:FB CYC:4321
D2AE  LDA                    A:00 X:33 Y:84 P:B5 SP:FB CYC:4323
D2B0  STA                    A:69 X:33 Y:84 P:35 SP:FB CYC:4325
D2B2  JSR                    A:69 X:33 Y:84 P:35 SP:FB CYC:4328
F829  CLC                    A:69 X:33 Y:84 P:35 SP:F9 CYC:4334
F82A  BIT                    A:69 X:33 Y:84 P:34 SP:F9 CYC:4336
F82C  LDA                    A:69 X:33 Y:84 P:74 SP:F9 CYC:4339
F82E  RTS                    A:00 X:33 Y:84 P:76 SP:F9 CYC:4341
D2B5  ADC                    A:00 X:33 Y:84 P:76 SP:FB CYC:4347
D2B7  JSR                    A:69 X:33 Y:84 P:34 SP:FB CYC:4350
F82F  BMI                    A:69 X:33 Y:84 P:34 SP:F9 CYC:4356
F831  BCS                    A:69 X:33 Y:84 P:34 SP:F9 CYC:4358
F833  CMP                    A:69 X:33 Y:84 P:34 SP:F9 CYC:4360
F835  BNE                    A:69 X:33 Y:84 P:37 SP:F9 CYC:4362
F837  BVS                    A:69 X:33 Y:84 P:37 SP:F9 CYC:4364
F839  RTS                    A:69 X:33 Y:84 P:37 SP:F9 CYC:4366
D2BA  INY                    A:69 X:33 Y:84 P:37 SP:FB CYC:4372
D2BB  JSR                    A:69 X:33 Y:85 P:B5 SP:FB CYC:4374
F83D  SEC                    A:69 X:33 Y:85 P:B5 SP:F9 CYC:4380
F83E  BIT                    A:69 X:33 Y:85 P:B5 SP:F9 CYC:4382
F840  LDA                    A:69 X:33 Y:85 P:75 SP:F9 CYC:4385
F842  RTS                    A:00 X:33 Y:85 P:77 SP:F9 CYC:4387
D2BE  ADC                    A:00 X:33 Y:85 P:77 SP:FB CYC:4393
D2C0  JSR                    A:6A X:33 Y:85 P:34 SP:FB CYC:4396
F843  BMI                    A:6A X:33 Y:85 P:34 SP:F9 CYC:4402
F845  BCS                    A:6A X:33 Y:85 P:34 SP:F9 CYC:4404
F847  CMP                    A:6A X:33 Y:85 P:34 SP:F9 CYC:4406
F849  BNE                    A:6A X:33 Y:85 P:37 SP:F9 CYC:4408
F84B  BVS                    A:6A X:33 Y:85 P:37 SP:F9 CYC:4410
F84D  RTS                    A:6A X:33 Y:85 P:37 SP:F9 CYC:4412
D2C3  INY                    A:6A X:33 Y:85 P:37 SP:FB CYC:4418
D2C4  LDA                    A:6A X:33 Y:86 P:B5 SP:FB CYC:4420
D2C6  STA                    A:7F X:33 Y:86 P:35 SP:FB CYC:4422
D2C8  JSR                    A:7F X:33 Y:86 P:35 SP:FB CYC:4425
F851  SEC                    A:7F X:33 Y:86 P:35 SP:F9 CYC:4431
F852  CLV                    A:7F X:33 Y:86 P:35 SP:F9 CYC:4433
F853  LDA                    A:7F X:33 Y:86 P:35 SP:F9 CYC:4435
F855  RTS                    A:7F X:33 Y:86 P:35 SP:F9 CYC:4437
D2CB  ADC                    A:7F X:33 Y:86 P:35 SP:FB CYC:4443
D2CD  JSR                    A:FF X:33 Y:86 P:F4 SP:FB CYC:4446
F856  BPL                    A:FF X:33 Y:86 P:F4 SP:F9 CYC:4452
F858  BCS                    A:FF X:33 Y:86 P:F4 SP:F9 CYC:4454
F85A  CMP                    A:FF X:33 Y:86 P:F4 SP:F9 CYC:4456
F85C  BNE                    A:FF X:33 Y:86 P:77 SP:F9 CYC:4458
F85E  BVC                    A:FF X:33 Y:86 P:77 SP:F9 CYC:4460
F860  RTS                    A:FF X:33 Y:86 P:77 SP:F9 CYC:4462
D2D0  INY                    A:FF X:33 Y:86 P:77 SP:FB CYC:4468
D2D1  LDA                    A:FF X:33 Y:87 P:F5 SP:FB CYC:4470
D2D3  STA                    A:80 X:33 Y:87 P:F5 SP:FB CYC:4472
D2D5  JSR                    A:80 X:33 Y:87 P:F5 SP:FB CYC:4475
F864  CLC                    A:80 X:33 Y:87 P:F5 SP:F9 CYC:4481
F865  BIT                    A:80 X:33 Y:87 P:F4 SP:F9 CYC:4483
F867  LDA                    A:80 X:33 Y:87 P:B4 SP:F9 CYC:4486
F869  RTS                    A:7F X:33 Y:87 P:34 SP:F9 CYC:4488
D2D8  ADC                    A:7F X:33 Y:87 P:34 SP:FB CYC:4494
D2DA  JSR                    A:FF X:33 Y:87 P:B4 SP:FB CYC:4497
F86A  BPL                    A:FF X:33 Y:87 P:B4 SP:F9 CYC:4503
F86C  BCS                    A:FF X:33 Y:87 P:B4 SP:F9 CYC:4505
F86E  CMP                    A:FF X:33 Y:87 P:B4 SP:F9 CYC:4507
F870  BNE                    A:FF X:33 Y:87 P:37 SP:F9 CYC:4509
F872  BVS                    A:FF X:33 Y:87 P:37 SP:F9 CYC:4511
F874  RTS                    A:FF X:33 Y:87 P:37 SP:F9 CYC:4513
D2DD  INY                    A:FF X:33 Y:87 P:37 SP:FB CYC:4519
D2DE  JSR                    A:FF X:33 Y:88 P:B5 SP:FB CYC:4521
F878  SEC                    A:FF X:33 Y:88 P:B5 SP:F9 CYC:4527
F879  CLV                    A:FF X:33 Y:88 P:B5 SP:F9 CYC:4529
F87A  LDA                    A:FF X:33 Y:88 P:B5 SP:F9 CYC:4531
F87C  RTS                    A:7F X:33 Y:88 P:35 SP:F9 CYC:4533
D2E1  ADC                    A:7F X:33 Y:88 P:35 SP:FB CYC:4539
D2E3  JSR                    A:00 X:33 Y:88 P:37 SP:FB CYC:4542
F87D  BNE                    A:00 X:33 Y:88 P:37 SP:F9 CYC:4548
F87F  BMI                    A:00 X:33 Y:88 P:37 SP:F9 CYC:4550
F881  BVS                    A:00 X:33 Y:88 P:37 SP:F9 CYC:4552
F883  BCC                    A:00 X:33 Y:88 P:37 SP:F9 CYC:4554
F885  RTS                    A:00 X:33 Y:88 P:37 SP:F9 CYC:4556
D2E6  INY                    A:00 X:33 Y:88 P:37 SP:FB CYC:4562
D2E7  LDA                    A:00 X:33 Y:89 P:B5 SP:FB CYC:4564
D2E9  STA                    A:40 X:33 Y:89 P:35 SP:FB CYC:4566
D2EB  JSR                    A:40 X:33 Y:89 P:35 SP:FB CYC:4569
F889  BIT                    A:40 X:33 Y:89 P:35 SP:F9 CYC:4575
F88B  LDA                    A:40 X:33 Y:89 P:75 SP:F9 CYC:4578
F88D  RTS                    A:40 X:33 Y:89 P:75 SP:F9 CYC:4580
D2EE  CMP                    A:40 X:33 Y:89 P:75 SP:FB CYC:4586
D2F0  JSR                    A:40 X:33 Y:89 P:77 SP:FB CYC:4589
F88E  BMI                    A:40 X:33 Y:89 P:77 SP:F9 CYC:4595
F890  BCC                    A:40 X:33 Y:89 P:77 SP:F9 CYC:4597
F892  BNE                    A:40 X:33 Y:89 P:77 SP:F9 CYC:4599
F894  BVC                    A:40 X:33 Y:89 P:77 SP:F9 CYC:4601
F896  RTS                    A:40 X:33 Y:89 P:77 SP:F9 CYC:4603
D2F3  INY                    A:40 X:33 Y:89 P:77 SP:FB CYC:4609
D2F4  PHA                    A:40 X:33 Y:8A P:F5 SP:FB CYC:4611
D2F5  LDA                    A:40 X:33 Y:8A P:F5 SP:FA CYC:4614
D2F7  STA                    A:3F X:33 Y:8A P:75 SP:FA CYC:4616
D2F9  PLA                    A:3F X:33 Y:8A P:75 SP:FA CYC:4619
D2FA  JSR                    A:40 X:33 Y:8A P:75 SP:FB CYC:4623
F89A  CLV                    A:40 X:33 Y:8A P:75 SP:F9 CYC:4629
F89B  RTS                    A:40 X:33 Y:8A P:35 SP:F9 CYC:4631
D2FD  CMP                    A:40 X:33 Y:8A P:35 SP:FB CYC:4637
D2FF  JSR                    A:40 X:33 Y:8A P:35 SP:FB CYC:4640
F89C  BEQ                    A:40 X:33 Y:8A P:35 SP:F9 CYC:4646
F89E  BMI                    A:40 X:33 Y:8A P:35 SP:F9 CYC:4648
F8A0  BCC                    A:40 X:33 Y:8A P:35 SP:F9 CYC:4650
F8A2  BVS                    A:40 X:33 Y:8A P:35 SP:F9 CYC:4652
F8A4  RTS                    A:40 X:33 Y:8A P:35 SP:F9 CYC:4654
D302  INY                    A:40 X:33 Y:8A P:35 SP:FB CYC:4660
D303  PHA                    A:40 X:33 Y:8B P:B5 SP:FB CYC:4662
D304  LDA                    A:40 X:33 Y:8B P:B5 SP:FA CYC:4665
D306  STA                    A:41 X:33 Y:8B P:35 SP:FA CYC:4667
D308  PLA                    A:41 X:33 Y:8B P:35 SP:FA CYC:4670
D309  CMP                    A:40 X:33 Y:8B P:35 SP:FB CYC:4674
D30B  JSR                    A:40 X:33 Y:8B P:B4 SP:FB CYC:4677
F8A8  BEQ                    A:40 X:33 Y:8B P:B4 SP:F9 CYC:4683
F8AA  BPL                    A:40 X:33 Y:8B P:B4 SP:F9 CYC:4685
F8AC  BPL                    A:40 X:33 Y:8B P:B4 SP:F9 CYC:4687
F8AE  RTS                    A:40 X:33 Y:8B P:B4 SP:F9 CYC:4689
D30E  INY                    A:40 X:33 Y:8B P:B4 SP:FB CYC:4695
D30F  PHA                    A:40 X:33 Y:8C P:B4 SP:FB CYC:4697
D310  LDA                    A:40 X:33 Y:8C P:B4 SP:FA CYC:4700
D312  STA                    A:00 X:33 Y:8C P:36 SP:FA CYC:4702
D314  PLA                    A:00 X:33 Y:8C P:36 SP:FA CYC:4705
D315  JSR                    A:40 X:33 Y:8C P:34 SP:FB CYC:4709
F8B2  LDA                    A:40 X:33 Y:8C P:34 SP:F9 CYC:4715
F8B4  RTS                    A:80 X:33 Y:8C P:B4 SP:F9 CYC:4717
D318  CMP                    A:80 X:33 Y:8C P:B4 SP:FB CYC:4723
D31A  JSR                    A:80 X:33 Y:8C P:B5 SP:FB CYC:4726
F8B5  BEQ                    A:80 X:33 Y:8C P:B5 SP:F9 CYC:4732
F8B7  BPL                    A:80 X:33 Y:8C P:B5 SP:F9 CYC:4734
F8B9  BCC                    A:80 X:33 Y:8C P:B5 SP:F9 CYC:4736
F8BB  RTS                    A:80 X:33 Y:8C P:B5 SP:F9 CYC:4738
D31D  INY                    A:80 X:33 Y:8C P:B5 SP:FB CYC:4744
D31E  PHA                    A:80 X:33 Y:8D P:B5 SP:FB CYC:4746
D31F  LDA                    A:80 X:33 Y:8D P:B5 SP:FA CYC:4749
D321  STA                    A:80 X:33 Y:8D P:B5 SP:FA CYC:4751
D323  PLA                    A:80 X:33 Y:8D P:B5 SP:FA CYC:4754
D324  CMP                    A:80 X:33 Y:8D P:B5 SP:FB CYC:4758
D326  JSR                    A:80 X:33 Y:8D P:37 SP:FB CYC:4761
F8BF  BNE                    A:80 X:33 Y:8D P:37 SP:F9 CYC:4767
F8C1  BMI                    A:80 X:33 Y:8D P:37 SP:F9 CYC:4769
F8C3  BCC                    A:80 X:33 Y:8D P:37 SP:F9 CYC:4771
F8C5  RTS                    A:80 X:33 Y:8D P:37 SP:F9 CYC:4773
D329  INY                    A:80 X:33 Y:8D P:37 SP:FB CYC:4779
D32A  PHA                    A:80 X:33 Y:8E P:B5 SP:FB CYC:4781
D32B  LDA                    A:80 X:33 Y:8E P:B5 SP:FA CYC:4784
D32D  STA                    A:81 X:33 Y:8E P:B5 SP:FA CYC:4786
D32F  PLA                    A:81 X:33 Y:8E P:B5 SP:FA CYC:4789
D330  CMP                    A:80 X:33 Y:8E P:B5 SP:FB CYC:4793
D332  JSR                    A:80 X:33 Y:8E P:B4 SP:FB CYC:4796
F8C9  BCS                    A:80 X:33 Y:8E P:B4 SP:F9 CYC:4802
F8CB  BEQ                    A:80 X:33 Y:8E P:B4 SP:F9 CYC:4804
F8CD  BPL                    A:80 X:33 Y:8E P:B4 SP:F9 CYC:4806
F8CF  RTS                    A:80 X:33 Y:8E P:B4 SP:F9 CYC:4808
D335  INY                    A:80 X:33 Y:8E P:B4 SP:FB CYC:4814
D336  PHA                    A:80 X:33 Y:8F P:B4 SP:FB CYC:4816
D337  LDA                    A:80 X:33 Y:8F P:B4 SP:FA CYC:4819
D339  STA                    A:7F X:33 Y:8F P:34 SP:FA CYC:4821
D33B  PLA                    A:7F X:33 Y:8F P:34 SP:FA CYC:4824
D33C  CMP                    A:80 X:33 Y:8F P:B4 SP:FB CYC:4828
D33E  JSR                    A:80 X:33 Y:8F P:35 SP:FB CYC:4831
F8D3  BCC                    A:80 X:33 Y:8F P:35 SP:F9 CYC:4837
F8D5  BEQ                    A:80 X:33 Y:8F P:35 SP:F9 CYC:4839
F8D7  BMI                    A:80 X:33 Y:8F P:35 SP:F9 CYC:4841
F8D9  RTS                    A:80 X:33 Y:8F P:35 SP:F9 CYC:4843
D341  INY                    A:80 X:33 Y:8F P:35 SP:FB CYC:4849
D342  LDA                    A:80 X:33 Y:90 P:B5 SP:FB CYC:4851
D344  STA                    A:40 X:33 Y:90 P:35 SP:FB CYC:4853
D346  JSR                    A:40 X:33 Y:90 P:35 SP:FB CYC:4856
F931  BIT                    A:40 X:33 Y:90 P:35 SP:F9 CYC:4862
F933  LDA                    A:40 X:33 Y:90 P:75 SP:F9 CYC:4865
F935  SEC                    A:40 X:33 Y:90 P:75 SP:F9 CYC:4867
F936  RTS                    A:40 X:33 Y:90 P:75 SP:F9 CYC:4869
D349  SBC                    A:40 X:33 Y:90 P:75 SP:FB CYC:4875
D34B  JSR                    A:00 X:33 Y:90 P:37 SP:FB CYC:4878
F937  BMI                    A:00 X:33 Y:90 P:37 SP:F9 CYC:4884
F939  BCC                    A:00 X:33 Y:90 P:37 SP:F9 CYC:4886
F93B  BNE                    A:00 X:33 Y:90 P:37 SP:F9 CYC:4888
F93D  BVS                    A:00 X:33 Y:90 P:37 SP:F9 CYC:4890
F93F  CMP                    A:00 X:33 Y:90 P:37 SP:F9 CYC:4892
F941  BNE                    A:00 X:33 Y:90 P:37 SP:F9 CYC:4894
F943  RTS                    A:00 X:33 Y:90 P:37 SP:F9 CYC:4896
D34E  INY                    A:00 X:33 Y:90 P:37 SP:FB CYC:4902
D34F  LDA                    A:00 X:33 Y:91 P:B5 SP:FB CYC:4904
D351  STA                    A:3F X:33 Y:91 P:35 SP:FB CYC:4906
D353  JSR                    A:3F X:33 Y:91 P:35 SP:FB CYC:4909
F947  CLV                    A:3F X:33 Y:91 P:35 SP:F9 CYC:4915
F948  SEC                    A:3F X:33 Y:91 P:35 SP:F9 CYC:4917
F949  LDA                    A:3F X:33 Y:91 P:35 SP:F9 CYC:4919
F94B  RTS                    A:40 X:33 Y:91 P:35 SP:F9 CYC:4921
D356  SBC                    A:40 X:33 Y:91 P:35 SP:FB CYC:4927
D358  JSR                    A:01 X:33 Y:91 P:35 SP:FB CYC:4930
F94C  BEQ                    A:01 X:33 Y:91 P:35 SP:F9 CYC:4936
F94E  BMI                    A:01 X:33 Y:91 P:35 SP:F9 CYC:4938
F950  BCC                    A:01 X:33 Y:91 P:35 SP:F9 CYC:4940
F952  BVS                    A:01 X:33 Y:91 P:35 SP:F9 CYC:4942
F954  CMP                    A:01 X:33 Y:91 P:35 SP:F9 CYC:4944
F956  BNE                    A:01 X:33 Y:91 P:37 SP:F9 CYC:4946
F958  RTS                    A:01 X:33 Y:91 P:37 SP:F9 CYC:4948
D35B  INY                    A:01 X:33 Y:91 P:37 SP:FB CYC:4954
D35C  LDA                    A:01 X:33 Y:92 P:B5 SP:FB CYC:4956
D35E  STA                    A:41 X:33 Y:92 P:35 SP:FB CYC:4958
D360  JSR                    A:41 X:33 Y:92 P:35 SP:FB CYC:4961
F95C  LDA                    A:41 X:33 Y:92 P:35 SP:F9 CYC:4967
F95E  SEC                    A:40 X:33 Y:92 P:35 SP:F9 CYC:4969
F95F  BIT                    A:40 X:33 Y:92 P:35 SP:F9 CYC:4971
F961  RTS                    A:40 X:33 Y:92 P:75 SP:F9 CYC:4974
D363  SBC                    A:40 X:33 Y:92 P:75 SP:FB CYC:4980
D365  JSR                    A:FF X:33 Y:92 P:B4 SP:FB CYC:4983
F962  BCS                    A:FF X:33 Y:92 P:B4 SP:F9 CYC:4989
F964  BEQ                    A:FF X:33 Y:92 P:B4 SP:F9 CYC:4991
F966  BPL                    A:FF X:33 Y:92 P:B4 SP:F9 CYC:4993
F968  BVS                    A:FF X:33 Y:92 P:B4 SP:F9 CYC:4995
F96A  CMP                    A:FF X:33 Y:92 P:B4 SP:F9 CYC:4997
F96C  BNE                    A:FF X:33 Y:92 P:37 SP:F9 CYC:4999
