Opcode: JMP 4C F5 C5 A: 0x0 X: 0x0 Y: 0x0 SP: 0xFD PC: 0x8000 P: 0x24 CYC: 7
Opcode: LDX A2 0 A: 0x0 X: 0x0 Y: 0x0 SP: 0xFD PC: 0xC5F5 P: 0x24 CYC: 11
Opcode: STX 86 0 A: 0x0 X: 0x0 Y: 0x0 SP: 0xFD PC: 0xC5F7 P: 0x0 CYC: 14
Opcode: STX 86 10 A: 0x0 X: 0x0 Y: 0x0 SP: 0xFD PC: 0xC5F9 P: 0x0 CYC: 18
Opcode: STX 86 11 A: 0x0 X: 0x0 Y: 0x0 SP: 0xFD PC: 0xC5FB P: 0x0 CYC: 22
Opcode: JSR 20 2D C7 A: 0x0 X: 0x0 Y: 0x0 SP: 0xFD PC: 0xC5FD P: 0x0 CYC: 26
Opcode: NOP EA A: 0x0 X: 0x0 Y: 0x0 SP: 0xFB PC: 0xC72D P: 0x0 CYC: 33
Opcode: SEC 38 A: 0x0 X: 0x0 Y: 0x0 SP: 0xFB PC: 0xC72E P: 0x0 CYC: 36
Opcode: BCS B0 4 A: 0x0 X: 0x0 Y: 0x0 SP: 0xFB PC: 0xC72F P: 0x1 CYC: 39
Opcode: NOP EA A: 0x0 X: 0x0 Y: 0x0 SP: 0xFB PC: 0xC735 P: 0x1 CYC: 42
Opcode: CLC 18 A: 0x0 X: 0x0 Y: 0x0 SP: 0xFB PC: 0xC736 P: 0x1 CYC: 45
Opcode: BCS B0 3 A: 0x0 X: 0x0 Y: 0x0 SP: 0xFB PC: 0xC737 P: 0x1 CYC: 48
Opcode: LDX A2 2 A: 0x0 X: 0x0 Y: 0x0 SP: 0xFB PC: 0xC73C P: 0x1 CYC: 51
Opcode: STX 86 0 A: 0x0 X: 0x2 Y: 0x0 SP: 0xFB PC: 0xC73E P: 0x0 CYC: 54
Opcode: NOP EA A: 0x0 X: 0x2 Y: 0x0 SP: 0xFB PC: 0xC740 P: 0x0 CYC: 58
Opcode: SEC 38 A: 0x0 X: 0x2 Y: 0x0 SP: 0xFB PC: 0xC741 P: 0x0 CYC: 61
Opcode: BCC 90 3 A: 0x0 X: 0x2 Y: 0x0 SP: 0xFB PC: 0xC742 P: 0x1 CYC: 64
Opcode: JMP 4C 4B C7 A: 0x0 X: 0x2 Y: 0x0 SP: 0xFB PC: 0xC744 P: 0x1 CYC: 67
Opcode: NOP EA A: 0x0 X: 0x2 Y: 0x0 SP: 0xFB PC: 0xC74B P: 0x1 CYC: 71
Opcode: CLC 18 A: 0x0 X: 0x2 Y: 0x0 SP: 0xFB PC: 0xC74C P: 0x1 CYC: 74
Opcode: BCC 90 4 A: 0x0 X: 0x2 Y: 0x0 SP: 0xFB PC: 0xC74D P: 0x1 CYC: 77
Opcode: LDX A2 4 A: 0x0 X: 0x2 Y: 0x0 SP: 0xFB PC: 0xC74F P: 0x1 CYC: 80
Opcode: STX 86 0 A: 0x0 X: 0x4 Y: 0x0 SP: 0xFB PC: 0xC751 P: 0x0 CYC: 83
Opcode: NOP EA A: 0x0 X: 0x4 Y: 0x0 SP: 0xFB PC: 0xC753 P: 0x0 CYC: 87
Opcode: LDA A9 0 A: 0x0 X: 0x4 Y: 0x0 SP: 0xFB PC: 0xC754 P: 0x0 CYC: 90
Opcode: BEQ F0 4 A: 0x0 X: 0x4 Y: 0x0 SP: 0xFB PC: 0xC756 P: 0x0 CYC: 93
Opcode: LDX A2 5 A: 0x0 X: 0x4 Y: 0x0 SP: 0xFB PC: 0xC758 P: 0x0 CYC: 96
Opcode: STX 86 0 A: 0x0 X: 0x5 Y: 0x0 SP: 0xFB PC: 0xC75A P: 0x0 CYC: 99
Opcode: NOP EA A: 0x0 X: 0x5 Y: 0x0 SP: 0xFB PC: 0xC75C P: 0x0 CYC: 103
Opcode: LDA A9 40 A: 0x0 X: 0x5 Y: 0x0 SP: 0xFB PC: 0xC75D P: 0x0 CYC: 106
Opcode: BEQ F0 3 A: 0x40 X: 0x5 Y: 0x0 SP: 0xFB PC: 0xC75F P: 0x0 CYC: 109
Opcode: JMP 4C 68 C7 A: 0x40 X: 0x5 Y: 0x0 SP: 0xFB PC: 0xC761 P: 0x0 CYC: 112
Opcode: NOP EA A: 0x40 X: 0x5 Y: 0x0 SP: 0xFB PC: 0xC768 P: 0x0 CYC: 116
Opcode: LDA A9 40 A: 0x40 X: 0x5 Y: 0x0 SP: 0xFB PC: 0xC769 P: 0x0 CYC: 119
Opcode: BNE D0 4 A: 0x40 X: 0x5 Y: 0x0 SP: 0xFB PC: 0xC76B P: 0x0 CYC: 122
Opcode: NOP EA A: 0x40 X: 0x5 Y: 0x0 SP: 0xFB PC: 0xC771 P: 0x0 CYC: 125
Opcode: LDA A9 0 A: 0x40 X: 0x5 Y: 0x0 SP: 0xFB PC: 0xC772 P: 0x0 CYC: 128
Opcode: BNE D0 3 A: 0x0 X: 0x5 Y: 0x0 SP: 0xFB PC: 0xC774 P: 0x0 CYC: 131
Opcode: LDX A2 8 A: 0x0 X: 0x5 Y: 0x0 SP: 0xFB PC: 0xC779 P: 0x0 CYC: 134
Opcode: STX 86 0 A: 0x0 X: 0x8 Y: 0x0 SP: 0xFB PC: 0xC77B P: 0x0 CYC: 137
Opcode: NOP EA A: 0x0 X: 0x8 Y: 0x0 SP: 0xFB PC: 0xC77D P: 0x0 CYC: 141
Opcode: LDA A9 FF A: 0x0 X: 0x8 Y: 0x0 SP: 0xFB PC: 0xC77E P: 0x0 CYC: 144
Opcode: STA 85 1 A: 0xFF X: 0x8 Y: 0x0 SP: 0xFB PC: 0xC780 P: 0x80 CYC: 147
Opcode: BIT 24 1 A: 0xFF X: 0x8 Y: 0x0 SP: 0xFB PC: 0xC782 P: 0x80 CYC: 151
Opcode: BVS 70 4 A: 0xFF X: 0x8 Y: 0x0 SP: 0xFB PC: 0xC784 P: 0xC0 CYC: 155
Opcode: NOP EA A: 0xFF X: 0x8 Y: 0x0 SP: 0xFB PC: 0xC78A P: 0xC0 CYC: 158
Opcode: BIT 24 1 A: 0xFF X: 0x8 Y: 0x0 SP: 0xFB PC: 0xC78B P: 0xC0 CYC: 161
Opcode: BVC 50 3 A: 0xFF X: 0x8 Y: 0x0 SP: 0xFB PC: 0xC78D P: 0xC0 CYC: 165
Opcode: JMP 4C 96 C7 A: 0xFF X: 0x8 Y: 0x0 SP: 0xFB PC: 0xC78F P: 0xC0 CYC: 168
Opcode: NOP EA A: 0xFF X: 0x8 Y: 0x0 SP: 0xFB PC: 0xC796 P: 0xC0 CYC: 172
Opcode: LDA A9 0 A: 0xFF X: 0x8 Y: 0x0 SP: 0xFB PC: 0xC797 P: 0xC0 CYC: 175
Opcode: STA 85 1 A: 0x0 X: 0x8 Y: 0x0 SP: 0xFB PC: 0xC799 P: 0x80 CYC: 178
Opcode: BIT 24 1 A: 0x0 X: 0x8 Y: 0x0 SP: 0xFB PC: 0xC79B P: 0x80 CYC: 182
Opcode: BVC 50 4 A: 0x0 X: 0x8 Y: 0x0 SP: 0xFB PC: 0xC79D P: 0x0 CYC: 186
Opcode: NOP EA A: 0x0 X: 0x8 Y: 0x0 SP: 0xFB PC: 0xC7A3 P: 0x0 CYC: 189
Opcode: BIT 24 1 A: 0x0 X: 0x8 Y: 0x0 SP: 0xFB PC: 0xC7A4 P: 0x0 CYC: 192
Opcode: BVS 70 3 A: 0x0 X: 0x8 Y: 0x0 SP: 0xFB PC: 0xC7A6 P: 0x0 CYC: 196
Opcode: JMP 4C AF C7 A: 0x0 X: 0x8 Y: 0x0 SP: 0xFB PC: 0xC7A8 P: 0x0 CYC: 199
Opcode: NOP EA A: 0x0 X: 0x8 Y: 0x0 SP: 0xFB PC: 0xC7AF P: 0x0 CYC: 203
Opcode: LDA A9 0 A: 0x0 X: 0x8 Y: 0x0 SP: 0xFB PC: 0xC7B0 P: 0x0 CYC: 206
Opcode: BPL 10 4 A: 0x0 X: 0x8 Y: 0x0 SP: 0xFB PC: 0xC7B2 P: 0x0 CYC: 209
Opcode: NOP EA A: 0x0 X: 0x8 Y: 0x0 SP: 0xFB PC: 0xC7B8 P: 0x0 CYC: 212
Opcode: LDA A9 80 A: 0x0 X: 0x8 Y: 0x0 SP: 0xFB PC: 0xC7B9 P: 0x0 CYC: 215
Opcode: BPL 10 3 A: 0x80 X: 0x8 Y: 0x0 SP: 0xFB PC: 0xC7BB P: 0x80 CYC: 218
Opcode: JMP 4C D9 C7 A: 0x80 X: 0x8 Y: 0x0 SP: 0xFB PC: 0xC7BD P: 0x80 CYC: 221
Opcode: NOP EA A: 0x80 X: 0x8 Y: 0x0 SP: 0xFB PC: 0xC7D9 P: 0x80 CYC: 225
Opcode: RTS 60 A: 0x80 X: 0x8 Y: 0x0 SP: 0xFB PC: 0xC7DA P: 0x80 CYC: 228
Opcode: BRK 0 A: 0x80 X: 0x8 Y: 0x0 SP: 0xFD PC: 0x1 P: 0x80 CYC: 235
Opcode: JMP 4C B0 CA A: 0x80 X: 0x8 Y: 0x0 SP: 0xFA PC: 0xAAA9 P: 0x84 CYC: 243
Opcode: NOP EA A: 0x80 X: 0x8 Y: 0x0 SP: 0xFA PC: 0xCAB0 P: 0x84 CYC: 247
Opcode: BIT 24 1 A: 0x80 X: 0x8 Y: 0x0 SP: 0xFA PC: 0xCAB1 P: 0x84 CYC: 250
Opcode: LDX A2 40 A: 0x80 X: 0x8 Y: 0x0 SP: 0xFA PC: 0xCAB3 P: 0x0 CYC: 254
Opcode: CPX E0 40 A: 0x80 X: 0x40 Y: 0x0 SP: 0xFA PC: 0xCAB5 P: 0x0 CYC: 257
Opcode: BNE D0 9 A: 0x80 X: 0x40 Y: 0x0 SP: 0xFA PC: 0xCAB7 P: 0x0 CYC: 260
Opcode: LDA A9 32 A: 0x80 X: 0x40 Y: 0x0 SP: 0xFA PC: 0xCAC2 P: 0x0 CYC: 263
Opcode: STA 85 0 A: 0x32 X: 0x40 Y: 0x0 SP: 0xFA PC: 0xCAC4 P: 0x0 CYC: 266
Opcode: NOP EA A: 0x32 X: 0x40 Y: 0x0 SP: 0xFA PC: 0xCAC6 P: 0x0 CYC: 270
Opcode: CLV B8 A: 0x32 X: 0x40 Y: 0x0 SP: 0xFA PC: 0xCAC7 P: 0x0 CYC: 273
Opcode: CPX E0 3F A: 0x32 X: 0x40 Y: 0x0 SP: 0xFA PC: 0xCAC8 P: 0x0 CYC: 276
Opcode: BEQ F0 9 A: 0x32 X: 0x40 Y: 0x0 SP: 0xFA PC: 0xCACA P: 0x0 CYC: 279
Opcode: BMI 30 7 A: 0x32 X: 0x40 Y: 0x0 SP: 0xFA PC: 0xCACC P: 0x0 CYC: 282
Opcode: BCC 90 5 A: 0x32 X: 0x40 Y: 0x0 SP: 0xFA PC: 0xCACE P: 0x0 CYC: 285
Opcode: LDA A9 33 A: 0x32 X: 0x40 Y: 0x0 SP: 0xFA PC: 0xCAD5 P: 0x0 CYC: 288
Opcode: STA 85 0 A: 0x33 X: 0x40 Y: 0x0 SP: 0xFA PC: 0xCAD7 P: 0x0 CYC: 291
Opcode: NOP EA A: 0x33 X: 0x40 Y: 0x0 SP: 0xFA PC: 0xCAD9 P: 0x0 CYC: 295
Opcode: CPX E0 41 A: 0x33 X: 0x40 Y: 0x0 SP: 0xFA PC: 0xCADA P: 0x0 CYC: 298
Opcode: BEQ F0 7 A: 0x33 X: 0x40 Y: 0x0 SP: 0xFA PC: 0xCADC P: 0x80 CYC: 301
Opcode: BPL 10 5 A: 0x33 X: 0x40 Y: 0x0 SP: 0xFA PC: 0xCADE P: 0x80 CYC: 304
Opcode: BPL 10 3 A: 0x33 X: 0x40 Y: 0x0 SP: 0xFA PC: 0xCAE0 P: 0x80 CYC: 307
Opcode: JMP 4C E9 CA A: 0x33 X: 0x40 Y: 0x0 SP: 0xFA PC: 0xCAE2 P: 0x80 CYC: 310
Opcode: NOP EA A: 0x33 X: 0x40 Y: 0x0 SP: 0xFA PC: 0xCAE9 P: 0x80 CYC: 314
Opcode: LDX A2 80 A: 0x33 X: 0x40 Y: 0x0 SP: 0xFA PC: 0xCAEA P: 0x80 CYC: 317
Opcode: CPX E0 0 A: 0x33 X: 0x80 Y: 0x0 SP: 0xFA PC: 0xCAEC P: 0x80 CYC: 320
Opcode: BEQ F0 7 A: 0x33 X: 0x80 Y: 0x0 SP: 0xFA PC: 0xCAEE P: 0x80 CYC: 323
Opcode: BPL 10 5 A: 0x33 X: 0x80 Y: 0x0 SP: 0xFA PC: 0xCAF0 P: 0x80 CYC: 326
Opcode: BCC 90 3 A: 0x33 X: 0x80 Y: 0x0 SP: 0xFA PC: 0xCAF2 P: 0x80 CYC: 329
Opcode: LDA A9 35 A: 0x33 X: 0x80 Y: 0x0 SP: 0xFA PC: 0xCAF7 P: 0x80 CYC: 332
Opcode: STA 85 0 A: 0x35 X: 0x80 Y: 0x0 SP: 0xFA PC: 0xCAF9 P: 0x0 CYC: 335
Opcode: NOP EA A: 0x35 X: 0x80 Y: 0x0 SP: 0xFA PC: 0xCAFB P: 0x0 CYC: 339
Opcode: CPX E0 80 A: 0x35 X: 0x80 Y: 0x0 SP: 0xFA PC: 0xCAFC P: 0x0 CYC: 342
Opcode: BNE D0 7 A: 0x35 X: 0x80 Y: 0x0 SP: 0xFA PC: 0xCAFE P: 0x0 CYC: 345
Opcode: LDA A9 36 A: 0x35 X: 0x80 Y: 0x0 SP: 0xFA PC: 0xCB07 P: 0x0 CYC: 348
Opcode: STA 85 0 A: 0x36 X: 0x80 Y: 0x0 SP: 0xFA PC: 0xCB09 P: 0x0 CYC: 351
Opcode: NOP EA A: 0x36 X: 0x80 Y: 0x0 SP: 0xFA PC: 0xCB0B P: 0x0 CYC: 355
Opcode: CPX E0 81 A: 0x36 X: 0x80 Y: 0x0 SP: 0xFA PC: 0xCB0C P: 0x0 CYC: 358
Opcode: BCS B0 7 A: 0x36 X: 0x80 Y: 0x0 SP: 0xFA PC: 0xCB0E P: 0x80 CYC: 361
Opcode: BEQ F0 5 A: 0x36 X: 0x80 Y: 0x0 SP: 0xFA PC: 0xCB10 P: 0x80 CYC: 364
Opcode: BPL 10 3 A: 0x36 X: 0x80 Y: 0x0 SP: 0xFA PC: 0xCB12 P: 0x80 CYC: 367
Opcode: JMP 4C 1B CB A: 0x36 X: 0x80 Y: 0x0 SP: 0xFA PC: 0xCB14 P: 0x80 CYC: 370
Opcode: NOP EA A: 0x36 X: 0x80 Y: 0x0 SP: 0xFA PC: 0xCB1B P: 0x80 CYC: 374
Opcode: CPX E0 7F A: 0x36 X: 0x80 Y: 0x0 SP: 0xFA PC: 0xCB1C P: 0x80 CYC: 377
Opcode: BCC 90 7 A: 0x36 X: 0x80 Y: 0x0 SP: 0xFA PC: 0xCB1E P: 0x0 CYC: 380
Opcode: LDA A9 38 A: 0x36 X: 0x80 Y: 0x0 SP: 0xFA PC: 0xCB27 P: 0x0 CYC: 383
Opcode: STA 85 0 A: 0x38 X: 0x80 Y: 0x0 SP: 0xFA PC: 0xCB29 P: 0x0 CYC: 386
Opcode: NOP EA A: 0x38 X: 0x80 Y: 0x0 SP: 0xFA PC: 0xCB2B P: 0x0 CYC: 390
Opcode: SEC 38 A: 0x38 X: 0x80 Y: 0x0 SP: 0xFA PC: 0xCB2C P: 0x0 CYC: 393
Opcode: CLV B8 A: 0x38 X: 0x80 Y: 0x0 SP: 0xFA PC: 0xCB2D P: 0x1 CYC: 396
Opcode: LDX A2 9F A: 0x38 X: 0x80 Y: 0x0 SP: 0xFA PC: 0xCB2E P: 0x0 CYC: 399
Opcode: BEQ F0 9 A: 0x38 X: 0x9F Y: 0x0 SP: 0xFA PC: 0xCB30 P: 0x80 CYC: 402
Opcode: BPL 10 7 A: 0x38 X: 0x9F Y: 0x0 SP: 0xFA PC: 0xCB32 P: 0x80 CYC: 405
Opcode: BVS 70 5 A: 0x38 X: 0x9F Y: 0x0 SP: 0xFA PC: 0xCB34 P: 0x80 CYC: 408
Opcode: BCC 90 3 A: 0x38 X: 0x9F Y: 0x0 SP: 0xFA PC: 0xCB36 P: 0x80 CYC: 411
Opcode: LDX A2 39 A: 0x38 X: 0x9F Y: 0x0 SP: 0xFA PC: 0xCB3B P: 0x80 CYC: 414
Opcode: STX 86 0 A: 0x38 X: 0x39 Y: 0x0 SP: 0xFA PC: 0xCB3D P: 0x0 CYC: 417
Opcode: NOP EA A: 0x38 X: 0x39 Y: 0x0 SP: 0xFA PC: 0xCB3F P: 0x0 CYC: 421
Opcode: CLC 18 A: 0x38 X: 0x39 Y: 0x0 SP: 0xFA PC: 0xCB40 P: 0x0 CYC: 424
Opcode: BIT 24 1 A: 0x38 X: 0x39 Y: 0x0 SP: 0xFA PC: 0xCB41 P: 0x0 CYC: 427
Opcode: LDX A2 0 A: 0x38 X: 0x39 Y: 0x0 SP: 0xFA PC: 0xCB43 P: 0x0 CYC: 431
Opcode: BNE D0 9 A: 0x38 X: 0x0 Y: 0x0 SP: 0xFA PC: 0xCB45 P: 0x0 CYC: 434
Opcode: LDX A2 3A A: 0x38 X: 0x0 Y: 0x0 SP: 0xFA PC: 0xCB50 P: 0x0 CYC: 437
Opcode: STX 86 0 A: 0x38 X: 0x3A Y: 0x0 SP: 0xFA PC: 0xCB52 P: 0x0 CYC: 440
Opcode: NOP EA A: 0x38 X: 0x3A Y: 0x0 SP: 0xFA PC: 0xCB54 P: 0x0 CYC: 444
Opcode: SEC 38 A: 0x38 X: 0x3A Y: 0x0 SP: 0xFA PC: 0xCB55 P: 0x0 CYC: 447
Opcode: CLV B8 A: 0x38 X: 0x3A Y: 0x0 SP: 0xFA PC: 0xCB56 P: 0x1 CYC: 450
Opcode: LDY A0 9F A: 0x38 X: 0x3A Y: 0x0 SP: 0xFA PC: 0xCB57 P: 0x0 CYC: 453
Opcode: BEQ F0 9 A: 0x38 X: 0x3A Y: 0x9F SP: 0xFA PC: 0xCB59 P: 0x80 CYC: 456
Opcode: BPL 10 7 A: 0x38 X: 0x3A Y: 0x9F SP: 0xFA PC: 0xCB5B P: 0x80 CYC: 459
Opcode: BVS 70 5 A: 0x38 X: 0x3A Y: 0x9F SP: 0xFA PC: 0xCB5D P: 0x80 CYC: 462
Opcode: BCC 90 3 A: 0x38 X: 0x3A Y: 0x9F SP: 0xFA PC: 0xCB5F P: 0x80 CYC: 465
Opcode: LDX A2 3B A: 0x38 X: 0x3A Y: 0x9F SP: 0xFA PC: 0xCB64 P: 0x80 CYC: 468
Opcode: STX 86 0 A: 0x38 X: 0x3B Y: 0x9F SP: 0xFA PC: 0xCB66 P: 0x0 CYC: 471
Opcode: NOP EA A: 0x38 X: 0x3B Y: 0x9F SP: 0xFA PC: 0xCB68 P: 0x0 CYC: 475
Opcode: CLC 18 A: 0x38 X: 0x3B Y: 0x9F SP: 0xFA PC: 0xCB69 P: 0x0 CYC: 478
Opcode: BIT 24 1 A: 0x38 X: 0x3B Y: 0x9F SP: 0xFA PC: 0xCB6A P: 0x0 CYC: 481
Opcode: LDY A0 0 A: 0x38 X: 0x3B Y: 0x9F SP: 0xFA PC: 0xCB6C P: 0x0 CYC: 485
Opcode: BNE D0 9 A: 0x38 X: 0x3B Y: 0x0 SP: 0xFA PC: 0xCB6E P: 0x0 CYC: 488
Opcode: LDX A2 3C A: 0x38 X: 0x3B Y: 0x0 SP: 0xFA PC: 0xCB79 P: 0x0 CYC: 491
Opcode: STX 86 0 A: 0x38 X: 0x3C Y: 0x0 SP: 0xFA PC: 0xCB7B P: 0x0 CYC: 494
Opcode: NOP EA A: 0x38 X: 0x3C Y: 0x0 SP: 0xFA PC: 0xCB7D P: 0x0 CYC: 498
Opcode: LDA A9 55 A: 0x38 X: 0x3C Y: 0x0 SP: 0xFA PC: 0xCB7E P: 0x0 CYC: 501
Opcode: LDX A2 AA A: 0x55 X: 0x3C Y: 0x0 SP: 0xFA PC: 0xCB80 P: 0x0 CYC: 504
Opcode: LDY A0 33 A: 0x55 X: 0xAA Y: 0x0 SP: 0xFA PC: 0xCB82 P: 0x80 CYC: 507
Opcode: CMP C9 55 A: 0x55 X: 0xAA Y: 0x33 SP: 0xFA PC: 0xCB84 P: 0x0 CYC: 510
Opcode: BNE D0 23 A: 0x55 X: 0xAA Y: 0x33 SP: 0xFA PC: 0xCB86 P: 0x0 CYC: 513
Opcode: LDX A2 3D A: 0x55 X: 0xAA Y: 0x33 SP: 0xFA PC: 0xCBAB P: 0x0 CYC: 516
Opcode: STX 86 0 A: 0x55 X: 0x3D Y: 0x33 SP: 0xFA PC: 0xCBAD P: 0x0 CYC: 519
Opcode: LDY A0 71 A: 0x55 X: 0x3D Y: 0x33 SP: 0xFA PC: 0xCBAF P: 0x0 CYC: 523
Opcode: JSR 20 31 F9 A: 0x55 X: 0x3D Y: 0x71 SP: 0xFA PC: 0xCBB1 P: 0x0 CYC: 526
Opcode: NOP 4 A9 A: 0x55 X: 0x3D Y: 0x71 SP: 0xF8 PC: 0xF931 P: 0x0 CYC: 533
Opcode: NOP EA A: 0x55 X: 0x3D Y: 0x71 SP: 0xF8 PC: 0xF933 P: 0x0 CYC: 537
Opcode: STA 85 0 A: 0x55 X: 0x3D Y: 0x71 SP: 0xF8 PC: 0xF934 P: 0x0 CYC: 540
Opcode: LDA A9 FF A: 0x55 X: 0x3D Y: 0x71 SP: 0xF8 PC: 0xF936 P: 0x0 CYC: 544
Opcode: STA 85 97 A: 0xFF X: 0x3D Y: 0x71 SP: 0xF8 PC: 0xF938 P: 0x80 CYC: 547
Opcode: STA 85 98 A: 0xFF X: 0x3D Y: 0x71 SP: 0xF8 PC: 0xF93A P: 0x80 CYC: 551
Opcode: BIT 24 98 A: 0xFF X: 0x3D Y: 0x71 SP: 0xF8 PC: 0xF93C P: 0x80 CYC: 555
Opcode: LDY A0 34 A: 0xFF X: 0x3D Y: 0x71 SP: 0xF8 PC: 0xF93E P: 0x0 CYC: 559
Opcode: LDA B1 97 A: 0xFF X: 0x3D Y: 0x34 SP: 0xF8 PC: 0xF940 P: 0x0 CYC: 562
Opcode: CMP C9 A3 A: 0x24 X: 0x3D Y: 0x34 SP: 0xF8 PC: 0xF942 P: 0x0 CYC: 568
Opcode: BNE D0 2 A: 0x24 X: 0x3D Y: 0x34 SP: 0xF8 PC: 0xF944 P: 0x80 CYC: 571
Opcode: LDA A9 EB A: 0x24 X: 0x3D Y: 0x34 SP: 0xF8 PC: 0xF948 P: 0x80 CYC: 574
Opcode: STA 85 0 A: 0xEB X: 0x3D Y: 0x34 SP: 0xF8 PC: 0xF94A P: 0x80 CYC: 577
Opcode: LDA A5 0 A: 0xEB X: 0x3D Y: 0x34 SP: 0xF8 PC: 0xF94C P: 0x80 CYC: 581
Opcode: PHA 48 A: 0x0 X: 0x3D Y: 0x34 SP: 0xF8 PC: 0xF94E P: 0x80 CYC: 585
Opcode: LDA A9 46 A: 0x0 X: 0x3D Y: 0x34 SP: 0xF7 PC: 0xF94F P: 0x80 CYC: 589
Opcode: STA 85 FF A: 0x46 X: 0x3D Y: 0x34 SP: 0xF7 PC: 0xF951 P: 0x0 CYC: 592
Opcode: LDA A9 1 A: 0x46 X: 0x3D Y: 0x34 SP: 0xF7 PC: 0xF953 P: 0x0 CYC: 596
Opcode: STA 85 0 A: 0x1 X: 0x3D Y: 0x34 SP: 0xF7 PC: 0xF955 P: 0x0 CYC: 599
Opcode: LDY A0 FF A: 0x1 X: 0x3D Y: 0x34 SP: 0xF7 PC: 0xF957 P: 0x0 CYC: 603
Opcode: LDA B1 FF A: 0x1 X: 0x3D Y: 0xFF SP: 0xF7 PC: 0xF959 P: 0x80 CYC: 606
Opcode: CMP C9 12 A: 0x4C X: 0x3D Y: 0xFF SP: 0xF7 PC: 0xF95B P: 0x0 CYC: 612
Opcode: BEQ F0 4 A: 0x4C X: 0x3D Y: 0xFF SP: 0xF7 PC: 0xF95D P: 0x0 CYC: 615
Opcode: PLA 68 A: 0x4C X: 0x3D Y: 0xFF SP: 0xF7 PC: 0xF95F P: 0x0 CYC: 618
Opcode: LDA A9 EC A: 0x0 X: 0x3D Y: 0xFF SP: 0xF8 PC: 0xF960 P: 0x0 CYC: 623
Opcode: PHA 48 A: 0xEC X: 0x3D Y: 0xFF SP: 0xF8 PC: 0xF962 P: 0x80 CYC: 626
Opcode: PLA 68 A: 0xEC X: 0x3D Y: 0xFF SP: 0xF7 PC: 0xF963 P: 0x80 CYC: 630
Opcode: STA 85 0 A: 0x0 X: 0x3D Y: 0xFF SP: 0xF8 PC: 0xF964 P: 0x80 CYC: 635
Opcode: LDX A2 ED A: 0x0 X: 0x3D Y: 0xFF SP: 0xF8 PC: 0xF966 P: 0x80 CYC: 639
Opcode: LDA A9 0 A: 0x0 X: 0xED Y: 0xFF SP: 0xF8 PC: 0xF968 P: 0x80 CYC: 642
Opcode: STA 85 33 A: 0x0 X: 0xED Y: 0xFF SP: 0xF8 PC: 0xF96A P: 0x80 CYC: 645
Opcode: LDA A9 4 A: 0x0 X: 0xED Y: 0xFF SP: 0xF8 PC: 0xF96C P: 0x80 CYC: 649
Opcode: STA 85 34 A: 0x4 X: 0xED Y: 0xFF SP: 0xF8 PC: 0xF96E P: 0x0 CYC: 652
Opcode: LDY A0 0 A: 0x4 X: 0xED Y: 0xFF SP: 0xF8 PC: 0xF970 P: 0x0 CYC: 656
Opcode: CLC 18 A: 0x4 X: 0xED Y: 0x0 SP: 0xF8 PC: 0xF972 P: 0x0 CYC: 659
Opcode: LDA A9 FF A: 0x4 X: 0xED Y: 0x0 SP: 0xF8 PC: 0xF973 P: 0x0 CYC: 662
Opcode: STA 85 1 A: 0xFF X: 0xED Y: 0x0 SP: 0xF8 PC: 0xF975 P: 0x80 CYC: 665
Opcode: BIT 24 1 A: 0xFF X: 0xED Y: 0x0 SP: 0xF8 PC: 0xF977 P: 0x80 CYC: 669
Opcode: LDA A9 AA A: 0xFF X: 0xED Y: 0x0 SP: 0xF8 PC: 0xF979 P: 0xC0 CYC: 673
Opcode: STA 8D 0 4 A: 0xAA X: 0xED Y: 0x0 SP: 0xF8 PC: 0xF97B P: 0x80 CYC: 676
Opcode: LDA A9 55 A: 0xAA X: 0xED Y: 0x0 SP: 0xF8 PC: 0xF97E P: 0x80 CYC: 681
Opcode: ORA 11 33 A: 0x55 X: 0xED Y: 0x0 SP: 0xF8 PC: 0xF980 P: 0x0 CYC: 684
Opcode: BCS B0 8 A: 0x55 X: 0xED Y: 0x0 SP: 0xF8 PC: 0xF982 P: 0x0 CYC: 690
Opcode: BPL 10 6 A: 0x55 X: 0xED Y: 0x0 SP: 0xF8 PC: 0xF984 P: 0x0 CYC: 693
Opcode: STX 86 0 A: 0x55 X: 0xED Y: 0x0 SP: 0xF8 PC: 0xF98C P: 0x0 CYC: 696
Opcode: INX E8 A: 0x55 X: 0xED Y: 0x0 SP: 0xF8 PC: 0xF98E P: 0x0 CYC: 700
Opcode: SEC 38 A: 0x55 X: 0xEE Y: 0x0 SP: 0xF8 PC: 0xF98F P: 0x0 CYC: 703
Opcode: CLV B8 A: 0x55 X: 0xEE Y: 0x0 SP: 0xF8 PC: 0xF990 P: 0x1 CYC: 706
Opcode: LDA A9 0 A: 0x55 X: 0xEE Y: 0x0 SP: 0xF8 PC: 0xF991 P: 0x0 CYC: 709
Opcode: ORA 11 33 A: 0x0 X: 0xEE Y: 0x0 SP: 0xF8 PC: 0xF993 P: 0x0 CYC: 712
Opcode: BEQ F0 6 A: 0x4 X: 0xEE Y: 0x0 SP: 0xF8 PC: 0xF995 P: 0x0 CYC: 718
Opcode: BVS 70 4 A: 0x4 X: 0xEE Y: 0x0 SP: 0xF8 PC: 0xF997 P: 0x0 CYC: 721
Opcode: BCC 90 2 A: 0x4 X: 0xEE Y: 0x0 SP: 0xF8 PC: 0xF999 P: 0x0 CYC: 724
Opcode: STX 86 0 A: 0x4 X: 0xEE Y: 0x0 SP: 0xF8 PC: 0xF99D P: 0x0 CYC: 727
Opcode: INX E8 A: 0x4 X: 0xEE Y: 0x0 SP: 0xF8 PC: 0xF99F P: 0x0 CYC: 731
Opcode: CLC 18 A: 0x4 X: 0xEF Y: 0x0 SP: 0xF8 PC: 0xF9A0 P: 0x0 CYC: 734
Opcode: BIT 24 1 A: 0x4 X: 0xEF Y: 0x0 SP: 0xF8 PC: 0xF9A1 P: 0x0 CYC: 737
Opcode: LDA A9 55 A: 0x4 X: 0xEF Y: 0x0 SP: 0xF8 PC: 0xF9A3 P: 0xC0 CYC: 741
Opcode: AND 31 33 A: 0x55 X: 0xEF Y: 0x0 SP: 0xF8 PC: 0xF9A5 P: 0x0 CYC: 744
Opcode: BNE D0 6 A: 0x4 X: 0xEF Y: 0x0 SP: 0xF8 PC: 0xF9A7 P: 0x0 CYC: 750
Opcode: STX 86 0 A: 0x4 X: 0xEF Y: 0x0 SP: 0xF8 PC: 0xF9AF P: 0x0 CYC: 753
Opcode: INX E8 A: 0x4 X: 0xEF Y: 0x0 SP: 0xF8 PC: 0xF9B1 P: 0x0 CYC: 757
Opcode: SEC 38 A: 0x4 X: 0xF0 Y: 0x0 SP: 0xF8 PC: 0xF9B2 P: 0x0 CYC: 760
Opcode: CLV B8 A: 0x4 X: 0xF0 Y: 0x0 SP: 0xF8 PC: 0xF9B3 P: 0x1 CYC: 763
Opcode: LDA A9 EF A: 0x4 X: 0xF0 Y: 0x0 SP: 0xF8 PC: 0xF9B4 P: 0x0 CYC: 766
Opcode: STA 8D 0 4 A: 0xEF X: 0xF0 Y: 0x0 SP: 0xF8 PC: 0xF9B6 P: 0x80 CYC: 769
Opcode: LDA A9 F8 A: 0xEF X: 0xF0 Y: 0x0 SP: 0xF8 PC: 0xF9B9 P: 0x80 CYC: 774
Opcode: AND 31 33 A: 0xF8 X: 0xF0 Y: 0x0 SP: 0xF8 PC: 0xF9BB P: 0x80 CYC: 777
Opcode: BCC 90 8 A: 0x0 X: 0xF0 Y: 0x0 SP: 0xF8 PC: 0xF9BD P: 0x80 CYC: 783
Opcode: STX 86 0 A: 0x0 X: 0xF0 Y: 0x0 SP: 0xF8 PC: 0xF9C7 P: 0x80 CYC: 786
Opcode: INX E8 A: 0x0 X: 0xF0 Y: 0x0 SP: 0xF8 PC: 0xF9C9 P: 0x80 CYC: 790
Opcode: CLC 18 A: 0x0 X: 0xF1 Y: 0x0 SP: 0xF8 PC: 0xF9CA P: 0x80 CYC: 793
Opcode: BIT 24 1 A: 0x0 X: 0xF1 Y: 0x0 SP: 0xF8 PC: 0xF9CB P: 0x0 CYC: 796
Opcode: LDA A9 AA A: 0x0 X: 0xF1 Y: 0x0 SP: 0xF8 PC: 0xF9CD P: 0xC2 CYC: 800
Opcode: STA 8D 0 4 A: 0xAA X: 0xF1 Y: 0x0 SP: 0xF8 PC: 0xF9CF P: 0x82 CYC: 803
Opcode: LDA A9 5F A: 0xAA X: 0xF1 Y: 0x0 SP: 0xF8 PC: 0xF9D2 P: 0x82 CYC: 808
Opcode: EOR 51 33 A: 0x5F X: 0xF1 Y: 0x0 SP: 0xF8 PC: 0xF9D4 P: 0x0 CYC: 811
Opcode: BCS B0 8 A: 0x5B X: 0xF1 Y: 0x0 SP: 0xF8 PC: 0xF9D6 P: 0x0 CYC: 817
Opcode: BPL 10 6 A: 0x5B X: 0xF1 Y: 0x0 SP: 0xF8 PC: 0xF9D8 P: 0x0 CYC: 820
Opcode: STX 86 0 A: 0x5B X: 0xF1 Y: 0x0 SP: 0xF8 PC: 0xF9E0 P: 0x0 CYC: 823
Opcode: INX E8 A: 0x5B X: 0xF1 Y: 0x0 SP: 0xF8 PC: 0xF9E2 P: 0x0 CYC: 827
Opcode: SEC 38 A: 0x5B X: 0xF2 Y: 0x0 SP: 0xF8 PC: 0xF9E3 P: 0x0 CYC: 830
Opcode: CLV B8 A: 0x5B X: 0xF2 Y: 0x0 SP: 0xF8 PC: 0xF9E4 P: 0x1 CYC: 833
Opcode: LDA A9 70 A: 0x5B X: 0xF2 Y: 0x0 SP: 0xF8 PC: 0xF9E5 P: 0x0 CYC: 836
Opcode: STA 8D 0 4 A: 0x70 X: 0xF2 Y: 0x0 SP: 0xF8 PC: 0xF9E7 P: 0x0 CYC: 839
Opcode: EOR 51 33 A: 0x70 X: 0xF2 Y: 0x0 SP: 0xF8 PC: 0xF9EA P: 0x0 CYC: 844
Opcode: BNE D0 6 A: 0x74 X: 0xF2 Y: 0x0 SP: 0xF8 PC: 0xF9EC P: 0x0 CYC: 850
Opcode: STX 86 0 A: 0x74 X: 0xF2 Y: 0x0 SP: 0xF8 PC: 0xF9F4 P: 0x0 CYC: 853
Opcode: INX E8 A: 0x74 X: 0xF2 Y: 0x0 SP: 0xF8 PC: 0xF9F6 P: 0x0 CYC: 857
Opcode: CLC 18 A: 0x74 X: 0xF3 Y: 0x0 SP: 0xF8 PC: 0xF9F7 P: 0x0 CYC: 860
Opcode: BIT 24 1 A: 0x74 X: 0xF3 Y: 0x0 SP: 0xF8 PC: 0xF9F8 P: 0x0 CYC: 863
Opcode: LDA A9 69 A: 0x74 X: 0xF3 Y: 0x0 SP: 0xF8 PC: 0xF9FA P: 0xC0 CYC: 867
Opcode: STA 8D 0 4 A: 0x69 X: 0xF3 Y: 0x0 SP: 0xF8 PC: 0xF9FC P: 0x0 CYC: 870
Opcode: LDA A9 0 A: 0x69 X: 0xF3 Y: 0x0 SP: 0xF8 PC: 0xF9FF P: 0x0 CYC: 875
Opcode: ADC 71 33 A: 0x0 X: 0xF3 Y: 0x0 SP: 0xF8 PC: 0xFA01 P: 0x0 CYC: 878
Opcode: BMI 30 8 A: 0x0 X: 0xF3 Y: 0x0 SP: 0xF8 PC: 0xFA03 P: 0x0 CYC: 884
Opcode: BCS B0 6 A: 0x0 X: 0xF3 Y: 0x0 SP: 0xF8 PC: 0xFA05 P: 0x0 CYC: 887
Opcode: CMP C9 69 A: 0x0 X: 0xF3 Y: 0x0 SP: 0xF8 PC: 0xFA07 P: 0x0 CYC: 890
Opcode: BNE D0 2 A: 0x0 X: 0xF3 Y: 0x0 SP: 0xF8 PC: 0xFA09 P: 0x80 CYC: 893
Opcode: STX 86 0 A: 0x0 X: 0xF3 Y: 0x0 SP: 0xF8 PC: 0xFA0D P: 0x80 CYC: 896
Opcode: INX E8 A: 0x0 X: 0xF3 Y: 0x0 SP: 0xF8 PC: 0xFA0F P: 0x80 CYC: 900
Opcode: SEC 38 A: 0x0 X: 0xF4 Y: 0x0 SP: 0xF8 PC: 0xFA10 P: 0x80 CYC: 903
Opcode: BIT 24 1 A: 0x0 X: 0xF4 Y: 0x0 SP: 0xF8 PC: 0xFA11 P: 0x81 CYC: 906
Opcode: LDA A9 0 A: 0x0 X: 0xF4 Y: 0x0 SP: 0xF8 PC: 0xFA13 P: 0xC3 CYC: 910
Opcode: ADC 71 33 A: 0x0 X: 0xF4 Y: 0x0 SP: 0xF8 PC: 0xFA15 P: 0x80 CYC: 913
Opcode: BMI 30 8 A: 0x0 X: 0xF4 Y: 0x0 SP: 0xF8 PC: 0xFA17 P: 0x0 CYC: 919
Opcode: BCS B0 6 A: 0x0 X: 0xF4 Y: 0x0 SP: 0xF8 PC: 0xFA19 P: 0x0 CYC: 922
Opcode: CMP C9 6A A: 0x0 X: 0xF4 Y: 0x0 SP: 0xF8 PC: 0xFA1B P: 0x0 CYC: 925
Opcode: BNE D0 2 A: 0x0 X: 0xF4 Y: 0x0 SP: 0xF8 PC: 0xFA1D P: 0x80 CYC: 928
Opcode: STX 86 0 A: 0x0 X: 0xF4 Y: 0x0 SP: 0xF8 PC: 0xFA21 P: 0x80 CYC: 931
Opcode: INX E8 A: 0x0 X: 0xF4 Y: 0x0 SP: 0xF8 PC: 0xFA23 P: 0x80 CYC: 935
Opcode: SEC 38 A: 0x0 X: 0xF5 Y: 0x0 SP: 0xF8 PC: 0xFA24 P: 0x80 CYC: 938
Opcode: CLV B8 A: 0x0 X: 0xF5 Y: 0x0 SP: 0xF8 PC: 0xFA25 P: 0x81 CYC: 941
Opcode: LDA A9 7F A: 0x0 X: 0xF5 Y: 0x0 SP: 0xF8 PC: 0xFA26 P: 0x0 CYC: 944
Opcode: STA 8D 0 4 A: 0x7F X: 0xF5 Y: 0x0 SP: 0xF8 PC: 0xFA28 P: 0x0 CYC: 947
Opcode: ADC 71 33 A: 0x7F X: 0xF5 Y: 0x0 SP: 0xF8 PC: 0xFA2B P: 0x0 CYC: 952
Opcode: BPL 10 8 A: 0x7E X: 0xF5 Y: 0x0 SP: 0xF8 PC: 0xFA2D P: 0x0 CYC: 958
Opcode: STX 86 0 A: 0x7E X: 0xF5 Y: 0x0 SP: 0xF8 PC: 0xFA37 P: 0x0 CYC: 961
Opcode: INX E8 A: 0x7E X: 0xF5 Y: 0x0 SP: 0xF8 PC: 0xFA39 P: 0x0 CYC: 965
Opcode: CLC 18 A: 0x7E X: 0xF6 Y: 0x0 SP: 0xF8 PC: 0xFA3A P: 0x0 CYC: 968
Opcode: BIT 24 1 A: 0x7E X: 0xF6 Y: 0x0 SP: 0xF8 PC: 0xFA3B P: 0x0 CYC: 971
Opcode: LDA A9 80 A: 0x7E X: 0xF6 Y: 0x0 SP: 0xF8 PC: 0xFA3D P: 0xC0 CYC: 975
Opcode: STA 8D 0 4 A: 0x80 X: 0xF6 Y: 0x0 SP: 0xF8 PC: 0xFA3F P: 0x80 CYC: 978
Opcode: LDA A9 7F A: 0x80 X: 0xF6 Y: 0x0 SP: 0xF8 PC: 0xFA42 P: 0x80 CYC: 983
Opcode: ADC 71 33 A: 0x7F X: 0xF6 Y: 0x0 SP: 0xF8 PC: 0xFA44 P: 0x0 CYC: 986
Opcode: BPL 10 8 A: 0x7E X: 0xF6 Y: 0x0 SP: 0xF8 PC: 0xFA46 P: 0x0 CYC: 992
Opcode: STX 86 0 A: 0x7E X: 0xF6 Y: 0x0 SP: 0xF8 PC: 0xFA50 P: 0x0 CYC: 995
Opcode: INX E8 A: 0x7E X: 0xF6 Y: 0x0 SP: 0xF8 PC: 0xFA52 P: 0x0 CYC: 999
Opcode: SEC 38 A: 0x7E X: 0xF7 Y: 0x0 SP: 0xF8 PC: 0xFA53 P: 0x0 CYC: 1002
Opcode: CLV B8 A: 0x7E X: 0xF7 Y: 0x0 SP: 0xF8 PC: 0xFA54 P: 0x1 CYC: 1005
Opcode: LDA A9 80 A: 0x7E X: 0xF7 Y: 0x0 SP: 0xF8 PC: 0xFA55 P: 0x0 CYC: 1008
Opcode: STA 8D 0 4 A: 0x80 X: 0xF7 Y: 0x0 SP: 0xF8 PC: 0xFA57 P: 0x80 CYC: 1011
Opcode: LDA A9 7F A: 0x80 X: 0xF7 Y: 0x0 SP: 0xF8 PC: 0xFA5A P: 0x80 CYC: 1016
Opcode: ADC 71 33 A: 0x7F X: 0xF7 Y: 0x0 SP: 0xF8 PC: 0xFA5C P: 0x0 CYC: 1019
Opcode: BNE D0 6 A: 0x83 X: 0xF7 Y: 0x0 SP: 0xF8 PC: 0xFA5E P: 0x0 CYC: 1025
Opcode: STX 86 0 A: 0x83 X: 0xF7 Y: 0x0 SP: 0xF8 PC: 0xFA66 P: 0x0 CYC: 1028
Opcode: INX E8 A: 0x83 X: 0xF7 Y: 0x0 SP: 0xF8 PC: 0xFA68 P: 0x0 CYC: 1032
Opcode: BIT 24 1 A: 0x83 X: 0xF8 Y: 0x0 SP: 0xF8 PC: 0xFA69 P: 0x0 CYC: 1035
Opcode: LDA A9 40 A: 0x83 X: 0xF8 Y: 0x0 SP: 0xF8 PC: 0xFA6B P: 0xC0 CYC: 1039
Opcode: STA 8D 0 4 A: 0x40 X: 0xF8 Y: 0x0 SP: 0xF8 PC: 0xFA6D P: 0x0 CYC: 1042
Opcode: CMP D1 33 A: 0x40 X: 0xF8 Y: 0x0 SP: 0xF8 PC: 0xFA70 P: 0x0 CYC: 1047
Opcode: BMI 30 6 A: 0x40 X: 0xF8 Y: 0x0 SP: 0xF8 PC: 0xFA72 P: 0x80 CYC: 1053
Opcode: STX 86 0 A: 0x40 X: 0xF8 Y: 0x0 SP: 0xF8 PC: 0xFA7A P: 0x80 CYC: 1056
Opcode: INX E8 A: 0x40 X: 0xF8 Y: 0x0 SP: 0xF8 PC: 0xFA7C P: 0x80 CYC: 1060
Opcode: CLV B8 A: 0x40 X: 0xF9 Y: 0x0 SP: 0xF8 PC: 0xFA7D P: 0x80 CYC: 1063
Opcode: DEC CE 0 4 A: 0x40 X: 0xF9 Y: 0x0 SP: 0xF8 PC: 0xFA7E P: 0x0 CYC: 1066
Opcode: CMP D1 33 A: 0x40 X: 0xF9 Y: 0x0 SP: 0xF8 PC: 0xFA81 P: 0x0 CYC: 1073
Opcode: BEQ F0 6 A: 0x40 X: 0xF9 Y: 0x0 SP: 0xF8 PC: 0xFA83 P: 0x0 CYC: 1079
Opcode: BMI 30 4 A: 0x40 X: 0xF9 Y: 0x0 SP: 0xF8 PC: 0xFA85 P: 0x0 CYC: 1082
Opcode: BCC 90 2 A: 0x40 X: 0xF9 Y: 0x0 SP: 0xF8 PC: 0xFA87 P: 0x0 CYC: 1085
Opcode: STX 86 0 A: 0x40 X: 0xF9 Y: 0x0 SP: 0xF8 PC: 0xFA8B P: 0x0 CYC: 1088
Opcode: INX E8 A: 0x40 X: 0xF9 Y: 0x0 SP: 0xF8 PC: 0xFA8D P: 0x0 CYC: 1092
Opcode: INC EE 0 4 A: 0x40 X: 0xFA Y: 0x0 SP: 0xF8 PC: 0xFA8E P: 0x0 CYC: 1095
Opcode: INC EE 0 4 A: 0x40 X: 0xFA Y: 0x0 SP: 0xF8 PC: 0xFA91 P: 0x0 CYC: 1102
Opcode: CMP D1 33 A: 0x40 X: 0xFA Y: 0x0 SP: 0xF8 PC: 0xFA94 P: 0x0 CYC: 1109
Opcode: BEQ F0 2 A: 0x40 X: 0xFA Y: 0x0 SP: 0xF8 PC: 0xFA96 P: 0x0 CYC: 1115
Opcode: BMI 30 2 A: 0x40 X: 0xFA Y: 0x0 SP: 0xF8 PC: 0xFA98 P: 0x0 CYC: 1118
Opcode: STX 86 0 A: 0x40 X: 0xFA Y: 0x0 SP: 0xF8 PC: 0xFA9A P: 0x0 CYC: 1121
Opcode: INX E8 A: 0x40 X: 0xFA Y: 0x0 SP: 0xF8 PC: 0xFA9C P: 0x0 CYC: 1125
Opcode: LDA A9 0 A: 0x40 X: 0xFB Y: 0x0 SP: 0xF8 PC: 0xFA9D P: 0x0 CYC: 1128
Opcode: STA 8D 0 4 A: 0x0 X: 0xFB Y: 0x0 SP: 0xF8 PC: 0xFA9F P: 0x0 CYC: 1131
Opcode: LDA A9 80 A: 0x0 X: 0xFB Y: 0x0 SP: 0xF8 PC: 0xFAA2 P: 0x0 CYC: 1136
Opcode: CMP D1 33 A: 0x80 X: 0xFB Y: 0x0 SP: 0xF8 PC: 0xFAA4 P: 0x80 CYC: 1139
Opcode: BEQ F0 4 A: 0x80 X: 0xFB Y: 0x0 SP: 0xF8 PC: 0xFAA6 P: 0x80 CYC: 1145
Opcode: BPL 10 2 A: 0x80 X: 0xFB Y: 0x0 SP: 0xF8 PC: 0xFAA8 P: 0x80 CYC: 1148
Opcode: BCS B0 2 A: 0x80 X: 0xFB Y: 0x0 SP: 0xF8 PC: 0xFAAA P: 0x80 CYC: 1151
Opcode: STX 86 0 A: 0x80 X: 0xFB Y: 0x0 SP: 0xF8 PC: 0xFAAC P: 0x80 CYC: 1154
Opcode: INX E8 A: 0x80 X: 0xFB Y: 0x0 SP: 0xF8 PC: 0xFAAE P: 0x80 CYC: 1158
Opcode: LDY A0 80 A: 0x80 X: 0xFC Y: 0x0 SP: 0xF8 PC: 0xFAAF P: 0x80 CYC: 1161
Opcode: STY 8C 0 4 A: 0x80 X: 0xFC Y: 0x80 SP: 0xF8 PC: 0xFAB1 P: 0x80 CYC: 1164
Opcode: LDY A0 0 A: 0x80 X: 0xFC Y: 0x80 SP: 0xF8 PC: 0xFAB4 P: 0x80 CYC: 1169
Opcode: CMP D1 33 A: 0x80 X: 0xFC Y: 0x0 SP: 0xF8 PC: 0xFAB6 P: 0x80 CYC: 1172
Opcode: BNE D0 4 A: 0x80 X: 0xFC Y: 0x0 SP: 0xF8 PC: 0xFAB8 P: 0x80 CYC: 1178
Opcode: STX 86 0 A: 0x80 X: 0xFC Y: 0x0 SP: 0xF8 PC: 0xFABE P: 0x80 CYC: 1181
Opcode: INX E8 A: 0x80 X: 0xFC Y: 0x0 SP: 0xF8 PC: 0xFAC0 P: 0x80 CYC: 1185
Opcode: INC EE 0 4 A: 0x80 X: 0xFD Y: 0x0 SP: 0xF8 PC: 0xFAC1 P: 0x80 CYC: 1188
Opcode: CMP D1 33 A: 0x80 X: 0xFD Y: 0x0 SP: 0xF8 PC: 0xFAC4 P: 0x80 CYC: 1195
Opcode: BCS B0 4 A: 0x80 X: 0xFD Y: 0x0 SP: 0xF8 PC: 0xFAC6 P: 0x0 CYC: 1201
Opcode: BEQ F0 2 A: 0x80 X: 0xFD Y: 0x0 SP: 0xF8 PC: 0xFAC8 P: 0x0 CYC: 1204
Opcode: BMI 30 2 A: 0x80 X: 0xFD Y: 0x0 SP: 0xF8 PC: 0xFACA P: 0x0 CYC: 1207
Opcode: STX 86 0 A: 0x80 X: 0xFD Y: 0x0 SP: 0xF8 PC: 0xFACC P: 0x0 CYC: 1210
Opcode: INX E8 A: 0x80 X: 0xFD Y: 0x0 SP: 0xF8 PC: 0xFACE P: 0x0 CYC: 1214
Opcode: DEC CE 0 4 A: 0x80 X: 0xFE Y: 0x0 SP: 0xF8 PC: 0xFACF P: 0x0 CYC: 1217
Opcode: DEC CE 0 4 A: 0x80 X: 0xFE Y: 0x0 SP: 0xF8 PC: 0xFAD2 P: 0x0 CYC: 1224
Opcode: CMP D1 33 A: 0x80 X: 0xFE Y: 0x0 SP: 0xF8 PC: 0xFAD5 P: 0x0 CYC: 1231
Opcode: BCC 90 4 A: 0x80 X: 0xFE Y: 0x0 SP: 0xF8 PC: 0xFAD7 P: 0x80 CYC: 1237
Opcode: STX 86 0 A: 0x80 X: 0xFE Y: 0x0 SP: 0xF8 PC: 0xFADD P: 0x80 CYC: 1240
Opcode: RTS 60 A: 0x80 X: 0xFE Y: 0x0 SP: 0xF8 PC: 0xFADF P: 0x80 CYC: 1244
Opcode: BRK 0 A: 0x80 X: 0xFE Y: 0x0 SP: 0xFA PC: 0x0 P: 0x80 CYC: 1251
Opcode: JMP 4C B0 CA A: 0x80 X: 0xFE Y: 0x0 SP: 0xF7 PC: 0xAAA9 P: 0x84 CYC: 1259
Opcode: NOP EA A: 0x80 X: 0xFE Y: 0x0 SP: 0xF7 PC: 0xCAB0 P: 0x84 CYC: 1263
Opcode: BIT 24 1 A: 0x80 X: 0xFE Y: 0x0 SP: 0xF7 PC: 0xCAB1 P: 0x84 CYC: 1266
Opcode: LDX A2 40 A: 0x80 X: 0xFE Y: 0x0 SP: 0xF7 PC: 0xCAB3 P: 0xC0 CYC: 1270
Opcode: CPX E0 40 A: 0x80 X: 0x40 Y: 0x0 SP: 0xF7 PC: 0xCAB5 P: 0x0 CYC: 1273
Opcode: BNE D0 9 A: 0x80 X: 0x40 Y: 0x0 SP: 0xF7 PC: 0xCAB7 P: 0x0 CYC: 1276
Opcode: LDA A9 32 A: 0x80 X: 0x40 Y: 0x0 SP: 0xF7 PC: 0xCAC2 P: 0x0 CYC: 1279
Opcode: STA 85 0 A: 0x32 X: 0x40 Y: 0x0 SP: 0xF7 PC: 0xCAC4 P: 0x0 CYC: 1282
Opcode: NOP EA A: 0x32 X: 0x40 Y: 0x0 SP: 0xF7 PC: 0xCAC6 P: 0x0 CYC: 1286
Opcode: CLV B8 A: 0x32 X: 0x40 Y: 0x0 SP: 0xF7 PC: 0xCAC7 P: 0x0 CYC: 1289
Opcode: CPX E0 3F A: 0x32 X: 0x40 Y: 0x0 SP: 0xF7 PC: 0xCAC8 P: 0x0 CYC: 1292
Opcode: BEQ F0 9 A: 0x32 X: 0x40 Y: 0x0 SP: 0xF7 PC: 0xCACA P: 0x0 CYC: 1295
Opcode: BMI 30 7 A: 0x32 X: 0x40 Y: 0x0 SP: 0xF7 PC: 0xCACC P: 0x0 CYC: 1298
Opcode: BCC 90 5 A: 0x32 X: 0x40 Y: 0x0 SP: 0xF7 PC: 0xCACE P: 0x0 CYC: 1301
Opcode: LDA A9 33 A: 0x32 X: 0x40 Y: 0x0 SP: 0xF7 PC: 0xCAD5 P: 0x0 CYC: 1304
Opcode: STA 85 0 A: 0x33 X: 0x40 Y: 0x0 SP: 0xF7 PC: 0xCAD7 P: 0x0 CYC: 1307
Opcode: NOP EA A: 0x33 X: 0x40 Y: 0x0 SP: 0xF7 PC: 0xCAD9 P: 0x0 CYC: 1311
Opcode: CPX E0 41 A: 0x33 X: 0x40 Y: 0x0 SP: 0xF7 PC: 0xCADA P: 0x0 CYC: 1314
Opcode: BEQ F0 7 A: 0x33 X: 0x40 Y: 0x0 SP: 0xF7 PC: 0xCADC P: 0x80 CYC: 1317
Opcode: BPL 10 5 A: 0x33 X: 0x40 Y: 0x0 SP: 0xF7 PC: 0xCADE P: 0x80 CYC: 1320
Opcode: BPL 10 3 A: 0x33 X: 0x40 Y: 0x0 SP: 0xF7 PC: 0xCAE0 P: 0x80 CYC: 1323
Opcode: JMP 4C E9 CA A: 0x33 X: 0x40 Y: 0x0 SP: 0xF7 PC: 0xCAE2 P: 0x80 CYC: 1326
Opcode: NOP EA A: 0x33 X: 0x40 Y: 0x0 SP: 0xF7 PC: 0xCAE9 P: 0x80 CYC: 1330
Opcode: LDX A2 80 A: 0x33 X: 0x40 Y: 0x0 SP: 0xF7 PC: 0xCAEA P: 0x80 CYC: 1333
Opcode: CPX E0 0 A: 0x33 X: 0x80 Y: 0x0 SP: 0xF7 PC: 0xCAEC P: 0x80 CYC: 1336
Opcode: BEQ F0 7 A: 0x33 X: 0x80 Y: 0x0 SP: 0xF7 PC: 0xCAEE P: 0x80 CYC: 1339
Opcode: BPL 10 5 A: 0x33 X: 0x80 Y: 0x0 SP: 0xF7 PC: 0xCAF0 P: 0x80 CYC: 1342
Opcode: BCC 90 3 A: 0x33 X: 0x80 Y: 0x0 SP: 0xF7 PC: 0xCAF2 P: 0x80 CYC: 1345
Opcode: LDA A9 35 A: 0x33 X: 0x80 Y: 0x0 SP: 0xF7 PC: 0xCAF7 P: 0x80 CYC: 1348
Opcode: STA 85 0 A: 0x35 X: 0x80 Y: 0x0 SP: 0xF7 PC: 0xCAF9 P: 0x0 CYC: 1351
Opcode: NOP EA A: 0x35 X: 0x80 Y: 0x0 SP: 0xF7 PC: 0xCAFB P: 0x0 CYC: 1355
Opcode: CPX E0 80 A: 0x35 X: 0x80 Y: 0x0 SP: 0xF7 PC: 0xCAFC P: 0x0 CYC: 1358
Opcode: BNE D0 7 A: 0x35 X: 0x80 Y: 0x0 SP: 0xF7 PC: 0xCAFE P: 0x0 CYC: 1361
Opcode: LDA A9 36 A: 0x35 X: 0x80 Y: 0x0 SP: 0xF7 PC: 0xCB07 P: 0x0 CYC: 1364
Opcode: STA 85 0 A: 0x36 X: 0x80 Y: 0x0 SP: 0xF7 PC: 0xCB09 P: 0x0 CYC: 1367
Opcode: NOP EA A: 0x36 X: 0x80 Y: 0x0 SP: 0xF7 PC: 0xCB0B P: 0x0 CYC: 1371
Opcode: CPX E0 81 A: 0x36 X: 0x80 Y: 0x0 SP: 0xF7 PC: 0xCB0C P: 0x0 CYC: 1374
Opcode: BCS B0 7 A: 0x36 X: 0x80 Y: 0x0 SP: 0xF7 PC: 0xCB0E P: 0x80 CYC: 1377
Opcode: BEQ F0 5 A: 0x36 X: 0x80 Y: 0x0 SP: 0xF7 PC: 0xCB10 P: 0x80 CYC: 1380
Opcode: BPL 10 3 A: 0x36 X: 0x80 Y: 0x0 SP: 0xF7 PC: 0xCB12 P: 0x80 CYC: 1383
Opcode: JMP 4C 1B CB A: 0x36 X: 0x80 Y: 0x0 SP: 0xF7 PC: 0xCB14 P: 0x80 CYC: 1386
Opcode: NOP EA A: 0x36 X: 0x80 Y: 0x0 SP: 0xF7 PC: 0xCB1B P: 0x80 CYC: 1390
Opcode: CPX E0 7F A: 0x36 X: 0x80 Y: 0x0 SP: 0xF7 PC: 0xCB1C P: 0x80 CYC: 1393
Opcode: BCC 90 7 A: 0x36 X: 0x80 Y: 0x0 SP: 0xF7 PC: 0xCB1E P: 0x0 CYC: 1396
Opcode: LDA A9 38 A: 0x36 X: 0x80 Y: 0x0 SP: 0xF7 PC: 0xCB27 P: 0x0 CYC: 1399
Opcode: STA 85 0 A: 0x38 X: 0x80 Y: 0x0 SP: 0xF7 PC: 0xCB29 P: 0x0 CYC: 1402
Opcode: NOP EA A: 0x38 X: 0x80 Y: 0x0 SP: 0xF7 PC: 0xCB2B P: 0x0 CYC: 1406
Opcode: SEC 38 A: 0x38 X: 0x80 Y: 0x0 SP: 0xF7 PC: 0xCB2C P: 0x0 CYC: 1409
Opcode: CLV B8 A: 0x38 X: 0x80 Y: 0x0 SP: 0xF7 PC: 0xCB2D P: 0x1 CYC: 1412
Opcode: LDX A2 9F A: 0x38 X: 0x80 Y: 0x0 SP: 0xF7 PC: 0xCB2E P: 0x0 CYC: 1415
Opcode: BEQ F0 9 A: 0x38 X: 0x9F Y: 0x0 SP: 0xF7 PC: 0xCB30 P: 0x80 CYC: 1418
Opcode: BPL 10 7 A: 0x38 X: 0x9F Y: 0x0 SP: 0xF7 PC: 0xCB32 P: 0x80 CYC: 1421
Opcode: BVS 70 5 A: 0x38 X: 0x9F Y: 0x0 SP: 0xF7 PC: 0xCB34 P: 0x80 CYC: 1424
Opcode: BCC 90 3 A: 0x38 X: 0x9F Y: 0x0 SP: 0xF7 PC: 0xCB36 P: 0x80 CYC: 1427
Opcode: LDX A2 39 A: 0x38 X: 0x9F Y: 0x0 SP: 0xF7 PC: 0xCB3B P: 0x80 CYC: 1430
Opcode: STX 86 0 A: 0x38 X: 0x39 Y: 0x0 SP: 0xF7 PC: 0xCB3D P: 0x0 CYC: 1433
Opcode: NOP EA A: 0x38 X: 0x39 Y: 0x0 SP: 0xF7 PC: 0xCB3F P: 0x0 CYC: 1437
Opcode: CLC 18 A: 0x38 X: 0x39 Y: 0x0 SP: 0xF7 PC: 0xCB40 P: 0x0 CYC: 1440
Opcode: BIT 24 1 A: 0x38 X: 0x39 Y: 0x0 SP: 0xF7 PC: 0xCB41 P: 0x0 CYC: 1443
Opcode: LDX A2 0 A: 0x38 X: 0x39 Y: 0x0 SP: 0xF7 PC: 0xCB43 P: 0xC0 CYC: 1447
Opcode: BNE D0 9 A: 0x38 X: 0x0 Y: 0x0 SP: 0xF7 PC: 0xCB45 P: 0x80 CYC: 1450
Opcode: LDX A2 3A A: 0x38 X: 0x0 Y: 0x0 SP: 0xF7 PC: 0xCB50 P: 0x80 CYC: 1453
Opcode: STX 86 0 A: 0x38 X: 0x3A Y: 0x0 SP: 0xF7 PC: 0xCB52 P: 0x0 CYC: 1456
Opcode: NOP EA A: 0x38 X: 0x3A Y: 0x0 SP: 0xF7 PC: 0xCB54 P: 0x0 CYC: 1460
Opcode: SEC 38 A: 0x38 X: 0x3A Y: 0x0 SP: 0xF7 PC: 0xCB55 P: 0x0 CYC: 1463
Opcode: CLV B8 A: 0x38 X: 0x3A Y: 0x0 SP: 0xF7 PC: 0xCB56 P: 0x1 CYC: 1466
Opcode: LDY A0 9F A: 0x38 X: 0x3A Y: 0x0 SP: 0xF7 PC: 0xCB57 P: 0x0 CYC: 1469
Opcode: BEQ F0 9 A: 0x38 X: 0x3A Y: 0x9F SP: 0xF7 PC: 0xCB59 P: 0x80 CYC: 1472
Opcode: BPL 10 7 A: 0x38 X: 0x3A Y: 0x9F SP: 0xF7 PC: 0xCB5B P: 0x80 CYC: 1475
Opcode: BVS 70 5 A: 0x38 X: 0x3A Y: 0x9F SP: 0xF7 PC: 0xCB5D P: 0x80 CYC: 1478
Opcode: BCC 90 3 A: 0x38 X: 0x3A Y: 0x9F SP: 0xF7 PC: 0xCB5F P: 0x80 CYC: 1481
Opcode: LDX A2 3B A: 0x38 X: 0x3A Y: 0x9F SP: 0xF7 PC: 0xCB64 P: 0x80 CYC: 1484
Opcode: STX 86 0 A: 0x38 X: 0x3B Y: 0x9F SP: 0xF7 PC: 0xCB66 P: 0x0 CYC: 1487
Opcode: NOP EA A: 0x38 X: 0x3B Y: 0x9F SP: 0xF7 PC: 0xCB68 P: 0x0 CYC: 1491
Opcode: CLC 18 A: 0x38 X: 0x3B Y: 0x9F SP: 0xF7 PC: 0xCB69 P: 0x0 CYC: 1494
Opcode: BIT 24 1 A: 0x38 X: 0x3B Y: 0x9F SP: 0xF7 PC: 0xCB6A P: 0x0 CYC: 1497
Opcode: LDY A0 0 A: 0x38 X: 0x3B Y: 0x9F SP: 0xF7 PC: 0xCB6C P: 0xC0 CYC: 1501
Opcode: BNE D0 9 A: 0x38 X: 0x3B Y: 0x0 SP: 0xF7 PC: 0xCB6E P: 0x80 CYC: 1504
Opcode: LDX A2 3C A: 0x38 X: 0x3B Y: 0x0 SP: 0xF7 PC: 0xCB79 P: 0x80 CYC: 1507
Opcode: STX 86 0 A: 0x38 X: 0x3C Y: 0x0 SP: 0xF7 PC: 0xCB7B P: 0x0 CYC: 1510
Opcode: NOP EA A: 0x38 X: 0x3C Y: 0x0 SP: 0xF7 PC: 0xCB7D P: 0x0 CYC: 1514
Opcode: LDA A9 55 A: 0x38 X: 0x3C Y: 0x0 SP: 0xF7 PC: 0xCB7E P: 0x0 CYC: 1517
Opcode: LDX A2 AA A: 0x55 X: 0x3C Y: 0x0 SP: 0xF7 PC: 0xCB80 P: 0x0 CYC: 1520
Opcode: LDY A0 33 A: 0x55 X: 0xAA Y: 0x0 SP: 0xF7 PC: 0xCB82 P: 0x80 CYC: 1523
Opcode: CMP C9 55 A: 0x55 X: 0xAA Y: 0x33 SP: 0xF7 PC: 0xCB84 P: 0x0 CYC: 1526
Opcode: BNE D0 23 A: 0x55 X: 0xAA Y: 0x33 SP: 0xF7 PC: 0xCB86 P: 0x0 CYC: 1529
Opcode: LDX A2 3D A: 0x55 X: 0xAA Y: 0x33 SP: 0xF7 PC: 0xCBAB P: 0x0 CYC: 1532
Opcode: STX 86 0 A: 0x55 X: 0x3D Y: 0x33 SP: 0xF7 PC: 0xCBAD P: 0x0 CYC: 1535
Opcode: LDY A0 71 A: 0x55 X: 0x3D Y: 0x33 SP: 0xF7 PC: 0xCBAF P: 0x0 CYC: 1539
Opcode: JSR 20 31 F9 A: 0x55 X: 0x3D Y: 0x71 SP: 0xF7 PC: 0xCBB1 P: 0x0 CYC: 1542
Opcode: NOP 4 A9 A: 0x55 X: 0x3D Y: 0x71 SP: 0xF5 PC: 0xF931 P: 0x0 CYC: 1549
Opcode: NOP EA A: 0x55 X: 0x3D Y: 0x71 SP: 0xF5 PC: 0xF933 P: 0x0 CYC: 1553
Opcode: STA 85 0 A: 0x55 X: 0x3D Y: 0x71 SP: 0xF5 PC: 0xF934 P: 0x0 CYC: 1556
Opcode: LDA A9 FF A: 0x55 X: 0x3D Y: 0x71 SP: 0xF5 PC: 0xF936 P: 0x0 CYC: 1560
Opcode: STA 85 97 A: 0xFF X: 0x3D Y: 0x71 SP: 0xF5 PC: 0xF938 P: 0x80 CYC: 1563
Opcode: STA 85 98 A: 0xFF X: 0x3D Y: 0x71 SP: 0xF5 PC: 0xF93A P: 0x80 CYC: 1567
Opcode: BIT 24 98 A: 0xFF X: 0x3D Y: 0x71 SP: 0xF5 PC: 0xF93C P: 0x80 CYC: 1571
Opcode: LDY A0 34 A: 0xFF X: 0x3D Y: 0x71 SP: 0xF5 PC: 0xF93E P: 0xC0 CYC: 1575
Opcode: LDA B1 97 A: 0xFF X: 0x3D Y: 0x34 SP: 0xF5 PC: 0xF940 P: 0x0 CYC: 1578
Opcode: CMP C9 A3 A: 0x24 X: 0x3D Y: 0x34 SP: 0xF5 PC: 0xF942 P: 0x0 CYC: 1584
Opcode: BNE D0 2 A: 0x24 X: 0x3D Y: 0x34 SP: 0xF5 PC: 0xF944 P: 0x80 CYC: 1587
Opcode: LDA A9 EB A: 0x24 X: 0x3D Y: 0x34 SP: 0xF5 PC: 0xF948 P: 0x80 CYC: 1590
Opcode: STA 85 0 A: 0xEB X: 0x3D Y: 0x34 SP: 0xF5 PC: 0xF94A P: 0x80 CYC: 1593
Opcode: LDA A5 0 A: 0xEB X: 0x3D Y: 0x34 SP: 0xF5 PC: 0xF94C P: 0x80 CYC: 1597
Opcode: PHA 48 A: 0x0 X: 0x3D Y: 0x34 SP: 0xF5 PC: 0xF94E P: 0x80 CYC: 1601
Opcode: LDA A9 46 A: 0x0 X: 0x3D Y: 0x34 SP: 0xF4 PC: 0xF94F P: 0x80 CYC: 1605
Opcode: STA 85 FF A: 0x46 X: 0x3D Y: 0x34 SP: 0xF4 PC: 0xF951 P: 0x0 CYC: 1608
Opcode: LDA A9 1 A: 0x46 X: 0x3D Y: 0x34 SP: 0xF4 PC: 0xF953 P: 0x0 CYC: 1612
Opcode: STA 85 0 A: 0x1 X: 0x3D Y: 0x34 SP: 0xF4 PC: 0xF955 P: 0x0 CYC: 1615
Opcode: LDY A0 FF A: 0x1 X: 0x3D Y: 0x34 SP: 0xF4 PC: 0xF957 P: 0x0 CYC: 1619
Opcode: LDA B1 FF A: 0x1 X: 0x3D Y: 0xFF SP: 0xF4 PC: 0xF959 P: 0x80 CYC: 1622
Opcode: CMP C9 12 A: 0x4C X: 0x3D Y: 0xFF SP: 0xF4 PC: 0xF95B P: 0x0 CYC: 1628
Opcode: BEQ F0 4 A: 0x4C X: 0x3D Y: 0xFF SP: 0xF4 PC: 0xF95D P: 0x0 CYC: 1631
Opcode: PLA 68 A: 0x4C X: 0x3D Y: 0xFF SP: 0xF4 PC: 0xF95F P: 0x0 CYC: 1634
Opcode: LDA A9 EC A: 0xFF X: 0x3D Y: 0xFF SP: 0xF5 PC: 0xF960 P: 0x80 CYC: 1639
Opcode: PHA 48 A: 0xEC X: 0x3D Y: 0xFF SP: 0xF5 PC: 0xF962 P: 0x80 CYC: 1642
Opcode: PLA 68 A: 0xEC X: 0x3D Y: 0xFF SP: 0xF4 PC: 0xF963 P: 0x80 CYC: 1646
Opcode: STA 85 0 A: 0xFF X: 0x3D Y: 0xFF SP: 0xF5 PC: 0xF964 P: 0x80 CYC: 1651
Opcode: LDX A2 ED A: 0xFF X: 0x3D Y: 0xFF SP: 0xF5 PC: 0xF966 P: 0x80 CYC: 1655
Opcode: LDA A9 0 A: 0xFF X: 0xED Y: 0xFF SP: 0xF5 PC: 0xF968 P: 0x80 CYC: 1658
Opcode: STA 85 33 A: 0x0 X: 0xED Y: 0xFF SP: 0xF5 PC: 0xF96A P: 0x80 CYC: 1661
Opcode: LDA A9 4 A: 0x0 X: 0xED Y: 0xFF SP: 0xF5 PC: 0xF96C P: 0x80 CYC: 1665
Opcode: STA 85 34 A: 0x4 X: 0xED Y: 0xFF SP: 0xF5 PC: 0xF96E P: 0x0 CYC: 1668
Opcode: LDY A0 0 A: 0x4 X: 0xED Y: 0xFF SP: 0xF5 PC: 0xF970 P: 0x0 CYC: 1672
Opcode: CLC 18 A: 0x4 X: 0xED Y: 0x0 SP: 0xF5 PC: 0xF972 P: 0x0 CYC: 1675
Opcode: LDA A9 FF A: 0x4 X: 0xED Y: 0x0 SP: 0xF5 PC: 0xF973 P: 0x0 CYC: 1678
Opcode: STA 85 1 A: 0xFF X: 0xED Y: 0x0 SP: 0xF5 PC: 0xF975 P: 0x80 CYC: 1681
Opcode: BIT 24 1 A: 0xFF X: 0xED Y: 0x0 SP: 0xF5 PC: 0xF977 P: 0x80 CYC: 1685
Opcode: LDA A9 AA A: 0xFF X: 0xED Y: 0x0 SP: 0xF5 PC: 0xF979 P: 0xC0 CYC: 1689
Opcode: STA 8D 0 4 A: 0xAA X: 0xED Y: 0x0 SP: 0xF5 PC: 0xF97B P: 0x80 CYC: 1692
Opcode: LDA A9 55 A: 0xAA X: 0xED Y: 0x0 SP: 0xF5 PC: 0xF97E P: 0x80 CYC: 1697
Opcode: ORA 11 33 A: 0x55 X: 0xED Y: 0x0 SP: 0xF5 PC: 0xF980 P: 0x0 CYC: 1700
Opcode: BCS B0 8 A: 0x55 X: 0xED Y: 0x0 SP: 0xF5 PC: 0xF982 P: 0x0 CYC: 1706
Opcode: BPL 10 6 A: 0x55 X: 0xED Y: 0x0 SP: 0xF5 PC: 0xF984 P: 0x0 CYC: 1709
Opcode: STX 86 0 A: 0x55 X: 0xED Y: 0x0 SP: 0xF5 PC: 0xF98C P: 0x0 CYC: 1712
Opcode: INX E8 A: 0x55 X: 0xED Y: 0x0 SP: 0xF5 PC: 0xF98E P: 0x0 CYC: 1716
Opcode: SEC 38 A: 0x55 X: 0xEE Y: 0x0 SP: 0xF5 PC: 0xF98F P: 0x0 CYC: 1719
Opcode: CLV B8 A: 0x55 X: 0xEE Y: 0x0 SP: 0xF5 PC: 0xF990 P: 0x1 CYC: 1722
Opcode: LDA A9 0 A: 0x55 X: 0xEE Y: 0x0 SP: 0xF5 PC: 0xF991 P: 0x0 CYC: 1725
Opcode: ORA 11 33 A: 0x0 X: 0xEE Y: 0x0 SP: 0xF5 PC: 0xF993 P: 0x0 CYC: 1728
Opcode: BEQ F0 6 A: 0x4 X: 0xEE Y: 0x0 SP: 0xF5 PC: 0xF995 P: 0x0 CYC: 1734
Opcode: BVS 70 4 A: 0x4 X: 0xEE Y: 0x0 SP: 0xF5 PC: 0xF997 P: 0x0 CYC: 1737
Opcode: BCC 90 2 A: 0x4 X: 0xEE Y: 0x0 SP: 0xF5 PC: 0xF999 P: 0x0 CYC: 1740
Opcode: STX 86 0 A: 0x4 X: 0xEE Y: 0x0 SP: 0xF5 PC: 0xF99D P: 0x0 CYC: 1743
Opcode: INX E8 A: 0x4 X: 0xEE Y: 0x0 SP: 0xF5 PC: 0xF99F P: 0x0 CYC: 1747
Opcode: CLC 18 A: 0x4 X: 0xEF Y: 0x0 SP: 0xF5 PC: 0xF9A0 P: 0x0 CYC: 1750
Opcode: BIT 24 1 A: 0x4 X: 0xEF Y: 0x0 SP: 0xF5 PC: 0xF9A1 P: 0x0 CYC: 1753
Opcode: LDA A9 55 A: 0x4 X: 0xEF Y: 0x0 SP: 0xF5 PC: 0xF9A3 P: 0xC0 CYC: 1757
Opcode: AND 31 33 A: 0x55 X: 0xEF Y: 0x0 SP: 0xF5 PC: 0xF9A5 P: 0x0 CYC: 1760
Opcode: BNE D0 6 A: 0x4 X: 0xEF Y: 0x0 SP: 0xF5 PC: 0xF9A7 P: 0x0 CYC: 1766
Opcode: STX 86 0 A: 0x4 X: 0xEF Y: 0x0 SP: 0xF5 PC: 0xF9AF P: 0x0 CYC: 1769
Opcode: INX E8 A: 0x4 X: 0xEF Y: 0x0 SP: 0xF5 PC: 0xF9B1 P: 0x0 CYC: 1773
Opcode: SEC 38 A: 0x4 X: 0xF0 Y: 0x0 SP: 0xF5 PC: 0xF9B2 P: 0x0 CYC: 1776
Opcode: CLV B8 A: 0x4 X: 0xF0 Y: 0x0 SP: 0xF5 PC: 0xF9B3 P: 0x1 CYC: 1779
Opcode: LDA A9 EF A: 0x4 X: 0xF0 Y: 0x0 SP: 0xF5 PC: 0xF9B4 P: 0x0 CYC: 1782
Opcode: STA 8D 0 4 A: 0xEF X: 0xF0 Y: 0x0 SP: 0xF5 PC: 0xF9B6 P: 0x80 CYC: 1785
Opcode: LDA A9 F8 A: 0xEF X: 0xF0 Y: 0x0 SP: 0xF5 PC: 0xF9B9 P: 0x80 CYC: 1790
Opcode: AND 31 33 A: 0xF8 X: 0xF0 Y: 0x0 SP: 0xF5 PC: 0xF9BB P: 0x80 CYC: 1793
Opcode: BCC 90 8 A: 0x0 X: 0xF0 Y: 0x0 SP: 0xF5 PC: 0xF9BD P: 0x80 CYC: 1799
Opcode: STX 86 0 A: 0x0 X: 0xF0 Y: 0x0 SP: 0xF5 PC: 0xF9C7 P: 0x80 CYC: 1802
Opcode: INX E8 A: 0x0 X: 0xF0 Y: 0x0 SP: 0xF5 PC: 0xF9C9 P: 0x80 CYC: 1806
Opcode: CLC 18 A: 0x0 X: 0xF1 Y: 0x0 SP: 0xF5 PC: 0xF9CA P: 0x80 CYC: 1809
Opcode: BIT 24 1 A: 0x0 X: 0xF1 Y: 0x0 SP: 0xF5 PC: 0xF9CB P: 0x0 CYC: 1812
Opcode: LDA A9 AA A: 0x0 X: 0xF1 Y: 0x0 SP: 0xF5 PC: 0xF9CD P: 0xC2 CYC: 1816
Opcode: STA 8D 0 4 A: 0xAA X: 0xF1 Y: 0x0 SP: 0xF5 PC: 0xF9CF P: 0x82 CYC: 1819
Opcode: LDA A9 5F A: 0xAA X: 0xF1 Y: 0x0 SP: 0xF5 PC: 0xF9D2 P: 0x82 CYC: 1824
Opcode: EOR 51 33 A: 0x5F X: 0xF1 Y: 0x0 SP: 0xF5 PC: 0xF9D4 P: 0x0 CYC: 1827
Opcode: BCS B0 8 A: 0x5B X: 0xF1 Y: 0x0 SP: 0xF5 PC: 0xF9D6 P: 0x0 CYC: 1833
Opcode: BPL 10 6 A: 0x5B X: 0xF1 Y: 0x0 SP: 0xF5 PC: 0xF9D8 P: 0x0 CYC: 1836
Opcode: STX 86 0 A: 0x5B X: 0xF1 Y: 0x0 SP: 0xF5 PC: 0xF9E0 P: 0x0 CYC: 1839
Opcode: INX E8 A: 0x5B X: 0xF1 Y: 0x0 SP: 0xF5 PC: 0xF9E2 P: 0x0 CYC: 1843
Opcode: SEC 38 A: 0x5B X: 0xF2 Y: 0x0 SP: 0xF5 PC: 0xF9E3 P: 0x0 CYC: 1846
Opcode: CLV B8 A: 0x5B X: 0xF2 Y: 0x0 SP: 0xF5 PC: 0xF9E4 P: 0x1 CYC: 1849
Opcode: LDA A9 70 A: 0x5B X: 0xF2 Y: 0x0 SP: 0xF5 PC: 0xF9E5 P: 0x0 CYC: 1852
Opcode: STA 8D 0 4 A: 0x70 X: 0xF2 Y: 0x0 SP: 0xF5 PC: 0xF9E7 P: 0x0 CYC: 1855
Opcode: EOR 51 33 A: 0x70 X: 0xF2 Y: 0x0 SP: 0xF5 PC: 0xF9EA P: 0x0 CYC: 1860
Opcode: BNE D0 6 A: 0x74 X: 0xF2 Y: 0x0 SP: 0xF5 PC: 0xF9EC P: 0x0 CYC: 1866
Opcode: STX 86 0 A: 0x74 X: 0xF2 Y: 0x0 SP: 0xF5 PC: 0xF9F4 P: 0x0 CYC: 1869
Opcode: INX E8 A: 0x74 X: 0xF2 Y: 0x0 SP: 0xF5 PC: 0xF9F6 P: 0x0 CYC: 1873
Opcode: CLC 18 A: 0x74 X: 0xF3 Y: 0x0 SP: 0xF5 PC: 0xF9F7 P: 0x0 CYC: 1876
Opcode: BIT 24 1 A: 0x74 X: 0xF3 Y: 0x0 SP: 0xF5 PC: 0xF9F8 P: 0x0 CYC: 1879
Opcode: LDA A9 69 A: 0x74 X: 0xF3 Y: 0x0 SP: 0xF5 PC: 0xF9FA P: 0xC0 CYC: 1883
Opcode: STA 8D 0 4 A: 0x69 X: 0xF3 Y: 0x0 SP: 0xF5 PC: 0xF9FC P: 0x0 CYC: 1886
Opcode: LDA A9 0 A: 0x69 X: 0xF3 Y: 0x0 SP: 0xF5 PC: 0xF9FF P: 0x0 CYC: 1891
Opcode: ADC 71 33 A: 0x0 X: 0xF3 Y: 0x0 SP: 0xF5 PC: 0xFA01 P: 0x0 CYC: 1894
Opcode: BMI 30 8 A: 0x0 X: 0xF3 Y: 0x0 SP: 0xF5 PC: 0xFA03 P: 0x0 CYC: 1900
Opcode: BCS B0 6 A: 0x0 X: 0xF3 Y: 0x0 SP: 0xF5 PC: 0xFA05 P: 0x0 CYC: 1903
Opcode: CMP C9 69 A: 0x0 X: 0xF3 Y: 0x0 SP: 0xF5 PC: 0xFA07 P: 0x0 CYC: 1906
Opcode: BNE D0 2 A: 0x0 X: 0xF3 Y: 0x0 SP: 0xF5 PC: 0xFA09 P: 0x80 CYC: 1909
Opcode: STX 86 0 A: 0x0 X: 0xF3 Y: 0x0 SP: 0xF5 PC: 0xFA0D P: 0x80 CYC: 1912
Opcode: INX E8 A: 0x0 X: 0xF3 Y: 0x0 SP: 0xF5 PC: 0xFA0F P: 0x80 CYC: 1916
Opcode: SEC 38 A: 0x0 X: 0xF4 Y: 0x0 SP: 0xF5 PC: 0xFA10 P: 0x80 CYC: 1919
Opcode: BIT 24 1 A: 0x0 X: 0xF4 Y: 0x0 SP: 0xF5 PC: 0xFA11 P: 0x81 CYC: 1922
Opcode: LDA A9 0 A: 0x0 X: 0xF4 Y: 0x0 SP: 0xF5 PC: 0xFA13 P: 0xC3 CYC: 1926
Opcode: ADC 71 33 A: 0x0 X: 0xF4 Y: 0x0 SP: 0xF5 PC: 0xFA15 P: 0x80 CYC: 1929
Opcode: BMI 30 8 A: 0x0 X: 0xF4 Y: 0x0 SP: 0xF5 PC: 0xFA17 P: 0x0 CYC: 1935
Opcode: BCS B0 6 A: 0x0 X: 0xF4 Y: 0x0 SP: 0xF5 PC: 0xFA19 P: 0x0 CYC: 1938
Opcode: CMP C9 6A A: 0x0 X: 0xF4 Y: 0x0 SP: 0xF5 PC: 0xFA1B P: 0x0 CYC: 1941
Opcode: BNE D0 2 A: 0x0 X: 0xF4 Y: 0x0 SP: 0xF5 PC: 0xFA1D P: 0x80 CYC: 1944
Opcode: STX 86 0 A: 0x0 X: 0xF4 Y: 0x0 SP: 0xF5 PC: 0xFA21 P: 0x80 CYC: 1947
Opcode: INX E8 A: 0x0 X: 0xF4 Y: 0x0 SP: 0xF5 PC: 0xFA23 P: 0x80 CYC: 1951
Opcode: SEC 38 A: 0x0 X: 0xF5 Y: 0x0 SP: 0xF5 PC: 0xFA24 P: 0x80 CYC: 1954
Opcode: CLV B8 A: 0x0 X: 0xF5 Y: 0x0 SP: 0xF5 PC: 0xFA25 P: 0x81 CYC: 1957
Opcode: LDA A9 7F A: 0x0 X: 0xF5 Y: 0x0 SP: 0xF5 PC: 0xFA26 P: 0x0 CYC: 1960
Opcode: STA 8D 0 4 A: 0x7F X: 0xF5 Y: 0x0 SP: 0xF5 PC: 0xFA28 P: 0x0 CYC: 1963
Opcode: ADC 71 33 A: 0x7F X: 0xF5 Y: 0x0 SP: 0xF5 PC: 0xFA2B P: 0x0 CYC: 1968
Opcode: BPL 10 8 A: 0x7E X: 0xF5 Y: 0x0 SP: 0xF5 PC: 0xFA2D P: 0x0 CYC: 1974
Opcode: STX 86 0 A: 0x7E X: 0xF5 Y: 0x0 SP: 0xF5 PC: 0xFA37 P: 0x0 CYC: 1977
Opcode: INX E8 A: 0x7E X: 0xF5 Y: 0x0 SP: 0xF5 PC: 0xFA39 P: 0x0 CYC: 1981
Opcode: CLC 18 A: 0x7E X: 0xF6 Y: 0x0 SP: 0xF5 PC: 0xFA3A P: 0x0 CYC: 1984
Opcode: BIT 24 1 A: 0x7E X: 0xF6 Y: 0x0 SP: 0xF5 PC: 0xFA3B P: 0x0 CYC: 1987
Opcode: LDA A9 80 A: 0x7E X: 0xF6 Y: 0x0 SP: 0xF5 PC: 0xFA3D P: 0xC0 CYC: 1991
Opcode: STA 8D 0 4 A: 0x80 X: 0xF6 Y: 0x0 SP: 0xF5 PC: 0xFA3F P: 0x80 CYC: 1994
Opcode: LDA A9 7F A: 0x80 X: 0xF6 Y: 0x0 SP: 0xF5 PC: 0xFA42 P: 0x80 CYC: 1999
Opcode: ADC 71 33 A: 0x7F X: 0xF6 Y: 0x0 SP: 0xF5 PC: 0xFA44 P: 0x0 CYC: 2002
Opcode: BPL 10 8 A: 0x7E X: 0xF6 Y: 0x0 SP: 0xF5 PC: 0xFA46 P: 0x0 CYC: 2008
Opcode: STX 86 0 A: 0x7E X: 0xF6 Y: 0x0 SP: 0xF5 PC: 0xFA50 P: 0x0 CYC: 2011
Opcode: INX E8 A: 0x7E X: 0xF6 Y: 0x0 SP: 0xF5 PC: 0xFA52 P: 0x0 CYC: 2015
Opcode: SEC 38 A: 0x7E X: 0xF7 Y: 0x0 SP: 0xF5 PC: 0xFA53 P: 0x0 CYC: 2018
Opcode: CLV B8 A: 0x7E X: 0xF7 Y: 0x0 SP: 0xF5 PC: 0xFA54 P: 0x1 CYC: 2021
Opcode: LDA A9 80 A: 0x7E X: 0xF7 Y: 0x0 SP: 0xF5 PC: 0xFA55 P: 0x0 CYC: 2024
Opcode: STA 8D 0 4 A: 0x80 X: 0xF7 Y: 0x0 SP: 0xF5 PC: 0xFA57 P: 0x80 CYC: 2027
Opcode: LDA A9 7F A: 0x80 X: 0xF7 Y: 0x0 SP: 0xF5 PC: 0xFA5A P: 0x80 CYC: 2032
Opcode: ADC 71 33 A: 0x7F X: 0xF7 Y: 0x0 SP: 0xF5 PC: 0xFA5C P: 0x0 CYC: 2035
Opcode: BNE D0 6 A: 0x83 X: 0xF7 Y: 0x0 SP: 0xF5 PC: 0xFA5E P: 0x0 CYC: 2041
Opcode: STX 86 0 A: 0x83 X: 0xF7 Y: 0x0 SP: 0xF5 PC: 0xFA66 P: 0x0 CYC: 2044
Opcode: INX E8 A: 0x83 X: 0xF7 Y: 0x0 SP: 0xF5 PC: 0xFA68 P: 0x0 CYC: 2048
Opcode: BIT 24 1 A: 0x83 X: 0xF8 Y: 0x0 SP: 0xF5 PC: 0xFA69 P: 0x0 CYC: 2051
Opcode: LDA A9 40 A: 0x83 X: 0xF8 Y: 0x0 SP: 0xF5 PC: 0xFA6B P: 0xC0 CYC: 2055
Opcode: STA 8D 0 4 A: 0x40 X: 0xF8 Y: 0x0 SP: 0xF5 PC: 0xFA6D P: 0x0 CYC: 2058
Opcode: CMP D1 33 A: 0x40 X: 0xF8 Y: 0x0 SP: 0xF5 PC: 0xFA70 P: 0x0 CYC: 2063
Opcode: BMI 30 6 A: 0x40 X: 0xF8 Y: 0x0 SP: 0xF5 PC: 0xFA72 P: 0x80 CYC: 2069
Opcode: STX 86 0 A: 0x40 X: 0xF8 Y: 0x0 SP: 0xF5 PC: 0xFA7A P: 0x80 CYC: 2072
Opcode: INX E8 A: 0x40 X: 0xF8 Y: 0x0 SP: 0xF5 PC: 0xFA7C P: 0x80 CYC: 2076
Opcode: CLV B8 A: 0x40 X: 0xF9 Y: 0x0 SP: 0xF5 PC: 0xFA7D P: 0x80 CYC: 2079
Opcode: DEC CE 0 4 A: 0x40 X: 0xF9 Y: 0x0 SP: 0xF5 PC: 0xFA7E P: 0x0 CYC: 2082
Opcode: CMP D1 33 A: 0x40 X: 0xF9 Y: 0x0 SP: 0xF5 PC: 0xFA81 P: 0x0 CYC: 2089
Opcode: BEQ F0 6 A: 0x40 X: 0xF9 Y: 0x0 SP: 0xF5 PC: 0xFA83 P: 0x0 CYC: 2095
Opcode: BMI 30 4 A: 0x40 X: 0xF9 Y: 0x0 SP: 0xF5 PC: 0xFA85 P: 0x0 CYC: 2098
Opcode: BCC 90 2 A: 0x40 X: 0xF9 Y: 0x0 SP: 0xF5 PC: 0xFA87 P: 0x0 CYC: 2101
Opcode: STX 86 0 A: 0x40 X: 0xF9 Y: 0x0 SP: 0xF5 PC: 0xFA8B P: 0x0 CYC: 2104
Opcode: INX E8 A: 0x40 X: 0xF9 Y: 0x0 SP: 0xF5 PC: 0xFA8D P: 0x0 CYC: 2108
Opcode: INC EE 0 4 A: 0x40 X: 0xFA Y: 0x0 SP: 0xF5 PC: 0xFA8E P: 0x0 CYC: 2111
Opcode: INC EE 0 4 A: 0x40 X: 0xFA Y: 0x0 SP: 0xF5 PC: 0xFA91 P: 0x0 CYC: 2118
Opcode: CMP D1 33 A: 0x40 X: 0xFA Y: 0x0 SP: 0xF5 PC: 0xFA94 P: 0x0 CYC: 2125
Opcode: BEQ F0 2 A: 0x40 X: 0xFA Y: 0x0 SP: 0xF5 PC: 0xFA96 P: 0x0 CYC: 2131
Opcode: BMI 30 2 A: 0x40 X: 0xFA Y: 0x0 SP: 0xF5 PC: 0xFA98 P: 0x0 CYC: 2134
Opcode: STX 86 0 A: 0x40 X: 0xFA Y: 0x0 SP: 0xF5 PC: 0xFA9A P: 0x0 CYC: 2137
Opcode: INX E8 A: 0x40 X: 0xFA Y: 0x0 SP: 0xF5 PC: 0xFA9C P: 0x0 CYC: 2141
Opcode: LDA A9 0 A: 0x40 X: 0xFB Y: 0x0 SP: 0xF5 PC: 0xFA9D P: 0x0 CYC: 2144
Opcode: STA 8D 0 4 A: 0x0 X: 0xFB Y: 0x0 SP: 0xF5 PC: 0xFA9F P: 0x0 CYC: 2147
Opcode: LDA A9 80 A: 0x0 X: 0xFB Y: 0x0 SP: 0xF5 PC: 0xFAA2 P: 0x0 CYC: 2152
Opcode: CMP D1 33 A: 0x80 X: 0xFB Y: 0x0 SP: 0xF5 PC: 0xFAA4 P: 0x80 CYC: 2155
Opcode: BEQ F0 4 A: 0x80 X: 0xFB Y: 0x0 SP: 0xF5 PC: 0xFAA6 P: 0x80 CYC: 2161
Opcode: BPL 10 2 A: 0x80 X: 0xFB Y: 0x0 SP: 0xF5 PC: 0xFAA8 P: 0x80 CYC: 2164
Opcode: BCS B0 2 A: 0x80 X: 0xFB Y: 0x0 SP: 0xF5 PC: 0xFAAA P: 0x80 CYC: 2167
Opcode: STX 86 0 A: 0x80 X: 0xFB Y: 0x0 SP: 0xF5 PC: 0xFAAC P: 0x80 CYC: 2170
Opcode: INX E8 A: 0x80 X: 0xFB Y: 0x0 SP: 0xF5 PC: 0xFAAE P: 0x80 CYC: 2174
Opcode: LDY A0 80 A: 0x80 X: 0xFC Y: 0x0 SP: 0xF5 PC: 0xFAAF P: 0x80 CYC: 2177
Opcode: STY 8C 0 4 A: 0x80 X: 0xFC Y: 0x80 SP: 0xF5 PC: 0xFAB1 P: 0x80 CYC: 2180
Opcode: LDY A0 0 A: 0x80 X: 0xFC Y: 0x80 SP: 0xF5 PC: 0xFAB4 P: 0x80 CYC: 2185
Opcode: CMP D1 33 A: 0x80 X: 0xFC Y: 0x0 SP: 0xF5 PC: 0xFAB6 P: 0x80 CYC: 2188
Opcode: BNE D0 4 A: 0x80 X: 0xFC Y: 0x0 SP: 0xF5 PC: 0xFAB8 P: 0x80 CYC: 2194
Opcode: STX 86 0 A: 0x80 X: 0xFC Y: 0x0 SP: 0xF5 PC: 0xFABE P: 0x80 CYC: 2197
Opcode: INX E8 A: 0x80 X: 0xFC Y: 0x0 SP: 0xF5 PC: 0xFAC0 P: 0x80 CYC: 2201
Opcode: INC EE 0 4 A: 0x80 X: 0xFD Y: 0x0 SP: 0xF5 PC: 0xFAC1 P: 0x80 CYC: 2204
Opcode: CMP D1 33 A: 0x80 X: 0xFD Y: 0x0 SP: 0xF5 PC: 0xFAC4 P: 0x80 CYC: 2211
Opcode: BCS B0 4 A: 0x80 X: 0xFD Y: 0x0 SP: 0xF5 PC: 0xFAC6 P: 0x0 CYC: 2217
Opcode: BEQ F0 2 A: 0x80 X: 0xFD Y: 0x0 SP: 0xF5 PC: 0xFAC8 P: 0x0 CYC: 2220
Opcode: BMI 30 2 A: 0x80 X: 0xFD Y: 0x0 SP: 0xF5 PC: 0xFACA P: 0x0 CYC: 2223
Opcode: STX 86 0 A: 0x80 X: 0xFD Y: 0x0 SP: 0xF5 PC: 0xFACC P: 0x0 CYC: 2226
Opcode: INX E8 A: 0x80 X: 0xFD Y: 0x0 SP: 0xF5 PC: 0xFACE P: 0x0 CYC: 2230
Opcode: DEC CE 0 4 A: 0x80 X: 0xFE Y: 0x0 SP: 0xF5 PC: 0xFACF P: 0x0 CYC: 2233
Opcode: DEC CE 0 4 A: 0x80 X: 0xFE Y: 0x0 SP: 0xF5 PC: 0xFAD2 P: 0x0 CYC: 2240
Opcode: CMP D1 33 A: 0x80 X: 0xFE Y: 0x0 SP: 0xF5 PC: 0xFAD5 P: 0x0 CYC: 2247
Opcode: BCC 90 4 A: 0x80 X: 0xFE Y: 0x0 SP: 0xF5 PC: 0xFAD7 P: 0x80 CYC: 2253
Opcode: STX 86 0 A: 0x80 X: 0xFE Y: 0x0 SP: 0xF5 PC: 0xFADD P: 0x80 CYC: 2256
Opcode: RTS 60 A: 0x80 X: 0xFE Y: 0x0 SP: 0xF5 PC: 0xFADF P: 0x80 CYC: 2260
Opcode: BRK 0 A: 0x80 X: 0xFE Y: 0x0 SP: 0xF7 PC: 0x0 P: 0x80 CYC: 2267
Opcode: JMP 4C B0 CA A: 0x80 X: 0xFE Y: 0x0 SP: 0xF4 PC: 0xAAA9 P: 0x84 CYC: 2275
Opcode: NOP EA A: 0x80 X: 0xFE Y: 0x0 SP: 0xF4 PC: 0xCAB0 P: 0x84 CYC: 2279
Opcode: BIT 24 1 A: 0x80 X: 0xFE Y: 0x0 SP: 0xF4 PC: 0xCAB1 P: 0x84 CYC: 2282
Opcode: LDX A2 40 A: 0x80 X: 0xFE Y: 0x0 SP: 0xF4 PC: 0xCAB3 P: 0xC0 CYC: 2286
Opcode: CPX E0 40 A: 0x80 X: 0x40 Y: 0x0 SP: 0xF4 PC: 0xCAB5 P: 0x0 CYC: 2289
Opcode: BNE D0 9 A: 0x80 X: 0x40 Y: 0x0 SP: 0xF4 PC: 0xCAB7 P: 0x0 CYC: 2292
Opcode: LDA A9 32 A: 0x80 X: 0x40 Y: 0x0 SP: 0xF4 PC: 0xCAC2 P: 0x0 CYC: 2295
Opcode: STA 85 0 A: 0x32 X: 0x40 Y: 0x0 SP: 0xF4 PC: 0xCAC4 P: 0x0 CYC: 2298
Opcode: NOP EA A: 0x32 X: 0x40 Y: 0x0 SP: 0xF4 PC: 0xCAC6 P: 0x0 CYC: 2302
Opcode: CLV B8 A: 0x32 X: 0x40 Y: 0x0 SP: 0xF4 PC: 0xCAC7 P: 0x0 CYC: 2305
Opcode: CPX E0 3F A: 0x32 X: 0x40 Y: 0x0 SP: 0xF4 PC: 0xCAC8 P: 0x0 CYC: 2308
Opcode: BEQ F0 9 A: 0x32 X: 0x40 Y: 0x0 SP: 0xF4 PC: 0xCACA P: 0x0 CYC: 2311
Opcode: BMI 30 7 A: 0x32 X: 0x40 Y: 0x0 SP: 0xF4 PC: 0xCACC P: 0x0 CYC: 2314
Opcode: BCC 90 5 A: 0x32 X: 0x40 Y: 0x0 SP: 0xF4 PC: 0xCACE P: 0x0 CYC: 2317
Opcode: LDA A9 33 A: 0x32 X: 0x40 Y: 0x0 SP: 0xF4 PC: 0xCAD5 P: 0x0 CYC: 2320
Opcode: STA 85 0 A: 0x33 X: 0x40 Y: 0x0 SP: 0xF4 PC: 0xCAD7 P: 0x0 CYC: 2323
Opcode: NOP EA A: 0x33 X: 0x40 Y: 0x0 SP: 0xF4 PC: 0xCAD9 P: 0x0 CYC: 2327
Opcode: CPX E0 41 A: 0x33 X: 0x40 Y: 0x0 SP: 0xF4 PC: 0xCADA P: 0x0 CYC: 2330
Opcode: BEQ F0 7 A: 0x33 X: 0x40 Y: 0x0 SP: 0xF4 PC: 0xCADC P: 0x80 CYC: 2333
Opcode: BPL 10 5 A: 0x33 X: 0x40 Y: 0x0 SP: 0xF4 PC: 0xCADE P: 0x80 CYC: 2336
Opcode: BPL 10 3 A: 0x33 X: 0x40 Y: 0x0 SP: 0xF4 PC: 0xCAE0 P: 0x80 CYC: 2339
Opcode: JMP 4C E9 CA A: 0x33 X: 0x40 Y: 0x0 SP: 0xF4 PC: 0xCAE2 P: 0x80 CYC: 2342
Opcode: NOP EA A: 0x33 X: 0x40 Y: 0x0 SP: 0xF4 PC: 0xCAE9 P: 0x80 CYC: 2346
Opcode: LDX A2 80 A: 0x33 X: 0x40 Y: 0x0 SP: 0xF4 PC: 0xCAEA P: 0x80 CYC: 2349
Opcode: CPX E0 0 A: 0x33 X: 0x80 Y: 0x0 SP: 0xF4 PC: 0xCAEC P: 0x80 CYC: 2352
Opcode: BEQ F0 7 A: 0x33 X: 0x80 Y: 0x0 SP: 0xF4 PC: 0xCAEE P: 0x80 CYC: 2355
Opcode: BPL 10 5 A: 0x33 X: 0x80 Y: 0x0 SP: 0xF4 PC: 0xCAF0 P: 0x80 CYC: 2358
Opcode: BCC 90 3 A: 0x33 X: 0x80 Y: 0x0 SP: 0xF4 PC: 0xCAF2 P: 0x80 CYC: 2361
Opcode: LDA A9 35 A: 0x33 X: 0x80 Y: 0x0 SP: 0xF4 PC: 0xCAF7 P: 0x80 CYC: 2364
Opcode: STA 85 0 A: 0x35 X: 0x80 Y: 0x0 SP: 0xF4 PC: 0xCAF9 P: 0x0 CYC: 2367
Opcode: NOP EA A: 0x35 X: 0x80 Y: 0x0 SP: 0xF4 PC: 0xCAFB P: 0x0 CYC: 2371
Opcode: CPX E0 80 A: 0x35 X: 0x80 Y: 0x0 SP: 0xF4 PC: 0xCAFC P: 0x0 CYC: 2374
Opcode: BNE D0 7 A: 0x35 X: 0x80 Y: 0x0 SP: 0xF4 PC: 0xCAFE P: 0x0 CYC: 2377
Opcode: LDA A9 36 A: 0x35 X: 0x80 Y: 0x0 SP: 0xF4 PC: 0xCB07 P: 0x0 CYC: 2380
Opcode: STA 85 0 A: 0x36 X: 0x80 Y: 0x0 SP: 0xF4 PC: 0xCB09 P: 0x0 CYC: 2383
Opcode: NOP EA A: 0x36 X: 0x80 Y: 0x0 SP: 0xF4 PC: 0xCB0B P: 0x0 CYC: 2387
Opcode: CPX E0 81 A: 0x36 X: 0x80 Y: 0x0 SP: 0xF4 PC: 0xCB0C P: 0x0 CYC: 2390
Opcode: BCS B0 7 A: 0x36 X: 0x80 Y: 0x0 SP: 0xF4 PC: 0xCB0E P: 0x80 CYC: 2393
Opcode: BEQ F0 5 A: 0x36 X: 0x80 Y: 0x0 SP: 0xF4 PC: 0xCB10 P: 0x80 CYC: 2396
Opcode: BPL 10 3 A: 0x36 X: 0x80 Y: 0x0 SP: 0xF4 PC: 0xCB12 P: 0x80 CYC: 2399
Opcode: JMP 4C 1B CB A: 0x36 X: 0x80 Y: 0x0 SP: 0xF4 PC: 0xCB14 P: 0x80 CYC: 2402
Opcode: NOP EA A: 0x36 X: 0x80 Y: 0x0 SP: 0xF4 PC: 0xCB1B P: 0x80 CYC: 2406
Opcode: CPX E0 7F A: 0x36 X: 0x80 Y: 0x0 SP: 0xF4 PC: 0xCB1C P: 0x80 CYC: 2409
Opcode: BCC 90 7 A: 0x36 X: 0x80 Y: 0x0 SP: 0xF4 PC: 0xCB1E P: 0x0 CYC: 2412
Opcode: LDA A9 38 A: 0x36 X: 0x80 Y: 0x0 SP: 0xF4 PC: 0xCB27 P: 0x0 CYC: 2415
Opcode: STA 85 0 A: 0x38 X: 0x80 Y: 0x0 SP: 0xF4 PC: 0xCB29 P: 0x0 CYC: 2418
Opcode: NOP EA A: 0x38 X: 0x80 Y: 0x0 SP: 0xF4 PC: 0xCB2B P: 0x0 CYC: 2422
Opcode: SEC 38 A: 0x38 X: 0x80 Y: 0x0 SP: 0xF4 PC: 0xCB2C P: 0x0 CYC: 2425
Opcode: CLV B8 A: 0x38 X: 0x80 Y: 0x0 SP: 0xF4 PC: 0xCB2D P: 0x1 CYC: 2428
Opcode: LDX A2 9F A: 0x38 X: 0x80 Y: 0x0 SP: 0xF4 PC: 0xCB2E P: 0x0 CYC: 2431
Opcode: BEQ F0 9 A: 0x38 X: 0x9F Y: 0x0 SP: 0xF4 PC: 0xCB30 P: 0x80 CYC: 2434
Opcode: BPL 10 7 A: 0x38 X: 0x9F Y: 0x0 SP: 0xF4 PC: 0xCB32 P: 0x80 CYC: 2437
Opcode: BVS 70 5 A: 0x38 X: 0x9F Y: 0x0 SP: 0xF4 PC: 0xCB34 P: 0x80 CYC: 2440
Opcode: BCC 90 3 A: 0x38 X: 0x9F Y: 0x0 SP: 0xF4 PC: 0xCB36 P: 0x80 CYC: 2443
Opcode: LDX A2 39 A: 0x38 X: 0x9F Y: 0x0 SP: 0xF4 PC: 0xCB3B P: 0x80 CYC: 2446
Opcode: STX 86 0 A: 0x38 X: 0x39 Y: 0x0 SP: 0xF4 PC: 0xCB3D P: 0x0 CYC: 2449
Opcode: NOP EA A: 0x38 X: 0x39 Y: 0x0 SP: 0xF4 PC: 0xCB3F P: 0x0 CYC: 2453
Opcode: CLC 18 A: 0x38 X: 0x39 Y: 0x0 SP: 0xF4 PC: 0xCB40 P: 0x0 CYC: 2456
Opcode: BIT 24 1 A: 0x38 X: 0x39 Y: 0x0 SP: 0xF4 PC: 0xCB41 P: 0x0 CYC: 2459
Opcode: LDX A2 0 A: 0x38 X: 0x39 Y: 0x0 SP: 0xF4 PC: 0xCB43 P: 0xC0 CYC: 2463
Opcode: BNE D0 9 A: 0x38 X: 0x0 Y: 0x0 SP: 0xF4 PC: 0xCB45 P: 0x80 CYC: 2466
Opcode: LDX A2 3A A: 0x38 X: 0x0 Y: 0x0 SP: 0xF4 PC: 0xCB50 P: 0x80 CYC: 2469
Opcode: STX 86 0 A: 0x38 X: 0x3A Y: 0x0 SP: 0xF4 PC: 0xCB52 P: 0x0 CYC: 2472
Opcode: NOP EA A: 0x38 X: 0x3A Y: 0x0 SP: 0xF4 PC: 0xCB54 P: 0x0 CYC: 2476
Opcode: SEC 38 A: 0x38 X: 0x3A Y: 0x0 SP: 0xF4 PC: 0xCB55 P: 0x0 CYC: 2479
Opcode: CLV B8 A: 0x38 X: 0x3A Y: 0x0 SP: 0xF4 PC: 0xCB56 P: 0x1 CYC: 2482
Opcode: LDY A0 9F A: 0x38 X: 0x3A Y: 0x0 SP: 0xF4 PC: 0xCB57 P: 0x0 CYC: 2485
Opcode: BEQ F0 9 A: 0x38 X: 0x3A Y: 0x9F SP: 0xF4 PC: 0xCB59 P: 0x80 CYC: 2488
Opcode: BPL 10 7 A: 0x38 X: 0x3A Y: 0x9F SP: 0xF4 PC: 0xCB5B P: 0x80 CYC: 2491
Opcode: BVS 70 5 A: 0x38 X: 0x3A Y: 0x9F SP: 0xF4 PC: 0xCB5D P: 0x80 CYC: 2494
Opcode: BCC 90 3 A: 0x38 X: 0x3A Y: 0x9F SP: 0xF4 PC: 0xCB5F P: 0x80 CYC: 2497
Opcode: LDX A2 3B A: 0x38 X: 0x3A Y: 0x9F SP: 0xF4 PC: 0xCB64 P: 0x80 CYC: 2500
Opcode: STX 86 0 A: 0x38 X: 0x3B Y: 0x9F SP: 0xF4 PC: 0xCB66 P: 0x0 CYC: 2503
Opcode: NOP EA A: 0x38 X: 0x3B Y: 0x9F SP: 0xF4 PC: 0xCB68 P: 0x0 CYC: 2507
Opcode: CLC 18 A: 0x38 X: 0x3B Y: 0x9F SP: 0xF4 PC: 0xCB69 P: 0x0 CYC: 2510
Opcode: BIT 24 1 A: 0x38 X: 0x3B Y: 0x9F SP: 0xF4 PC: 0xCB6A P: 0x0 CYC: 2513
Opcode: LDY A0 0 A: 0x38 X: 0x3B Y: 0x9F SP: 0xF4 PC: 0xCB6C P: 0xC0 CYC: 2517
Opcode: BNE D0 9 A: 0x38 X: 0x3B Y: 0x0 SP: 0xF4 PC: 0xCB6E P: 0x80 CYC: 2520
Opcode: LDX A2 3C A: 0x38 X: 0x3B Y: 0x0 SP: 0xF4 PC: 0xCB79 P: 0x80 CYC: 2523
Opcode: STX 86 0 A: 0x38 X: 0x3C Y: 0x0 SP: 0xF4 PC: 0xCB7B P: 0x0 CYC: 2526
Opcode: NOP EA A: 0x38 X: 0x3C Y: 0x0 SP: 0xF4 PC: 0xCB7D P: 0x0 CYC: 2530
Opcode: LDA A9 55 A: 0x38 X: 0x3C Y: 0x0 SP: 0xF4 PC: 0xCB7E P: 0x0 CYC: 2533
Opcode: LDX A2 AA A: 0x55 X: 0x3C Y: 0x0 SP: 0xF4 PC: 0xCB80 P: 0x0 CYC: 2536
Opcode: LDY A0 33 A: 0x55 X: 0xAA Y: 0x0 SP: 0xF4 PC: 0xCB82 P: 0x80 CYC: 2539
Opcode: CMP C9 55 A: 0x55 X: 0xAA Y: 0x33 SP: 0xF4 PC: 0xCB84 P: 0x0 CYC: 2542
Opcode: BNE D0 23 A: 0x55 X: 0xAA Y: 0x33 SP: 0xF4 PC: 0xCB86 P: 0x0 CYC: 2545
Opcode: LDX A2 3D A: 0x55 X: 0xAA Y: 0x33 SP: 0xF4 PC: 0xCBAB P: 0x0 CYC: 2548
Opcode: STX 86 0 A: 0x55 X: 0x3D Y: 0x33 SP: 0xF4 PC: 0xCBAD P: 0x0 CYC: 2551
Opcode: LDY A0 71 A: 0x55 X: 0x3D Y: 0x33 SP: 0xF4 PC: 0xCBAF P: 0x0 CYC: 2555
Opcode: JSR 20 31 F9 A: 0x55 X: 0x3D Y: 0x71 SP: 0xF4 PC: 0xCBB1 P: 0x0 CYC: 2558
Opcode: NOP 4 A9 A: 0x55 X: 0x3D Y: 0x71 SP: 0xF2 PC: 0xF931 P: 0x0 CYC: 2565
Opcode: NOP EA A: 0x55 X: 0x3D Y: 0x71 SP: 0xF2 PC: 0xF933 P: 0x0 CYC: 2569
Opcode: STA 85 0 A: 0x55 X: 0x3D Y: 0x71 SP: 0xF2 PC: 0xF934 P: 0x0 CYC: 2572
Opcode: LDA A9 FF A: 0x55 X: 0x3D Y: 0x71 SP: 0xF2 PC: 0xF936 P: 0x0 CYC: 2576
Opcode: STA 85 97 A: 0xFF X: 0x3D Y: 0x71 SP: 0xF2 PC: 0xF938 P: 0x80 CYC: 2579
Opcode: STA 85 98 A: 0xFF X: 0x3D Y: 0x71 SP: 0xF2 PC: 0xF93A P: 0x80 CYC: 2583
Opcode: BIT 24 98 A: 0xFF X: 0x3D Y: 0x71 SP: 0xF2 PC: 0xF93C P: 0x80 CYC: 2587
Opcode: LDY A0 34 A: 0xFF X: 0x3D Y: 0x71 SP: 0xF2 PC: 0xF93E P: 0xC0 CYC: 2591
Opcode: LDA B1 97 A: 0xFF X: 0x3D Y: 0x34 SP: 0xF2 PC: 0xF940 P: 0x0 CYC: 2594
Opcode: CMP C9 A3 A: 0x24 X: 0x3D Y: 0x34 SP: 0xF2 PC: 0xF942 P: 0x0 CYC: 2600
Opcode: BNE D0 2 A: 0x24 X: 0x3D Y: 0x34 SP: 0xF2 PC: 0xF944 P: 0x80 CYC: 2603
Opcode: LDA A9 EB A: 0x24 X: 0x3D Y: 0x34 SP: 0xF2 PC: 0xF948 P: 0x80 CYC: 2606
Opcode: STA 85 0 A: 0xEB X: 0x3D Y: 0x34 SP: 0xF2 PC: 0xF94A P: 0x80 CYC: 2609
Opcode: LDA A5 0 A: 0xEB X: 0x3D Y: 0x34 SP: 0xF2 PC: 0xF94C P: 0x80 CYC: 2613
Opcode: PHA 48 A: 0x0 X: 0x3D Y: 0x34 SP: 0xF2 PC: 0xF94E P: 0x80 CYC: 2617
Opcode: LDA A9 46 A: 0x0 X: 0x3D Y: 0x34 SP: 0xF1 PC: 0xF94F P: 0x80 CYC: 2621
Opcode: STA 85 FF A: 0x46 X: 0x3D Y: 0x34 SP: 0xF1 PC: 0xF951 P: 0x0 CYC: 2624
Opcode: LDA A9 1 A: 0x46 X: 0x3D Y: 0x34 SP: 0xF1 PC: 0xF953 P: 0x0 CYC: 2628
Opcode: STA 85 0 A: 0x1 X: 0x3D Y: 0x34 SP: 0xF1 PC: 0xF955 P: 0x0 CYC: 2631
Opcode: LDY A0 FF A: 0x1 X: 0x3D Y: 0x34 SP: 0xF1 PC: 0xF957 P: 0x0 CYC: 2635
Opcode: LDA B1 FF A: 0x1 X: 0x3D Y: 0xFF SP: 0xF1 PC: 0xF959 P: 0x80 CYC: 2638
Opcode: CMP C9 12 A: 0x4C X: 0x3D Y: 0xFF SP: 0xF1 PC: 0xF95B P: 0x0 CYC: 2644
Opcode: BEQ F0 4 A: 0x4C X: 0x3D Y: 0xFF SP: 0xF1 PC: 0xF95D P: 0x0 CYC: 2647
Opcode: PLA 68 A: 0x4C X: 0x3D Y: 0xFF SP: 0xF1 PC: 0xF95F P: 0x0 CYC: 2650
Opcode: LDA A9 EC A: 0xFF X: 0x3D Y: 0xFF SP: 0xF2 PC: 0xF960 P: 0x80 CYC: 2655
Opcode: PHA 48 A: 0xEC X: 0x3D Y: 0xFF SP: 0xF2 PC: 0xF962 P: 0x80 CYC: 2658
Opcode: PLA 68 A: 0xEC X: 0x3D Y: 0xFF SP: 0xF1 PC: 0xF963 P: 0x80 CYC: 2662
Opcode: STA 85 0 A: 0xFF X: 0x3D Y: 0xFF SP: 0xF2 PC: 0xF964 P: 0x80 CYC: 2667
Opcode: LDX A2 ED A: 0xFF X: 0x3D Y: 0xFF SP: 0xF2 PC: 0xF966 P: 0x80 CYC: 2671
Opcode: LDA A9 0 A: 0xFF X: 0xED Y: 0xFF SP: 0xF2 PC: 0xF968 P: 0x80 CYC: 2674
Opcode: STA 85 33 A: 0x0 X: 0xED Y: 0xFF SP: 0xF2 PC: 0xF96A P: 0x80 CYC: 2677
Opcode: LDA A9 4 A: 0x0 X: 0xED Y: 0xFF SP: 0xF2 PC: 0xF96C P: 0x80 CYC: 2681
Opcode: STA 85 34 A: 0x4 X: 0xED Y: 0xFF SP: 0xF2 PC: 0xF96E P: 0x0 CYC: 2684
Opcode: LDY A0 0 A: 0x4 X: 0xED Y: 0xFF SP: 0xF2 PC: 0xF970 P: 0x0 CYC: 2688
Opcode: CLC 18 A: 0x4 X: 0xED Y: 0x0 SP: 0xF2 PC: 0xF972 P: 0x0 CYC: 2691
Opcode: LDA A9 FF A: 0x4 X: 0xED Y: 0x0 SP: 0xF2 PC: 0xF973 P: 0x0 CYC: 2694
Opcode: STA 85 1 A: 0xFF X: 0xED Y: 0x0 SP: 0xF2 PC: 0xF975 P: 0x80 CYC: 2697
Opcode: BIT 24 1 A: 0xFF X: 0xED Y: 0x0 SP: 0xF2 PC: 0xF977 P: 0x80 CYC: 2701
Opcode: LDA A9 AA A: 0xFF X: 0xED Y: 0x0 SP: 0xF2 PC: 0xF979 P: 0xC0 CYC: 2705
Opcode: STA 8D 0 4 A: 0xAA X: 0xED Y: 0x0 SP: 0xF2 PC: 0xF97B P: 0x80 CYC: 2708
Opcode: LDA A9 55 A: 0xAA X: 0xED Y: 0x0 SP: 0xF2 PC: 0xF97E P: 0x80 CYC: 2713
Opcode: ORA 11 33 A: 0x55 X: 0xED Y: 0x0 SP: 0xF2 PC: 0xF980 P: 0x0 CYC: 2716
Opcode: BCS B0 8 A: 0x55 X: 0xED Y: 0x0 SP: 0xF2 PC: 0xF982 P: 0x0 CYC: 2722
Opcode: BPL 10 6 A: 0x55 X: 0xED Y: 0x0 SP: 0xF2 PC: 0xF984 P: 0x0 CYC: 2725
Opcode: STX 86 0 A: 0x55 X: 0xED Y: 0x0 SP: 0xF2 PC: 0xF98C P: 0x0 CYC: 2728
Opcode: INX E8 A: 0x55 X: 0xED Y: 0x0 SP: 0xF2 PC: 0xF98E P: 0x0 CYC: 2732
Opcode: SEC 38 A: 0x55 X: 0xEE Y: 0x0 SP: 0xF2 PC: 0xF98F P: 0x0 CYC: 2735
Opcode: CLV B8 A: 0x55 X: 0xEE Y: 0x0 SP: 0xF2 PC: 0xF990 P: 0x1 CYC: 2738
Opcode: LDA A9 0 A: 0x55 X: 0xEE Y: 0x0 SP: 0xF2 PC: 0xF991 P: 0x0 CYC: 2741
Opcode: ORA 11 33 A: 0x0 X: 0xEE Y: 0x0 SP: 0xF2 PC: 0xF993 P: 0x0 CYC: 2744
Opcode: BEQ F0 6 A: 0x4 X: 0xEE Y: 0x0 SP: 0xF2 PC: 0xF995 P: 0x0 CYC: 2750
Opcode: BVS 70 4 A: 0x4 X: 0xEE Y: 0x0 SP: 0xF2 PC: 0xF997 P: 0x0 CYC: 2753
Opcode: BCC 90 2 A: 0x4 X: 0xEE Y: 0x0 SP: 0xF2 PC: 0xF999 P: 0x0 CYC: 2756
Opcode: STX 86 0 A: 0x4 X: 0xEE Y: 0x0 SP: 0xF2 PC: 0xF99D P: 0x0 CYC: 2759
Opcode: INX E8 A: 0x4 X: 0xEE Y: 0x0 SP: 0xF2 PC: 0xF99F P: 0x0 CYC: 2763
Opcode: CLC 18 A: 0x4 X: 0xEF Y: 0x0 SP: 0xF2 PC: 0xF9A0 P: 0x0 CYC: 2766
Opcode: BIT 24 1 A: 0x4 X: 0xEF Y: 0x0 SP: 0xF2 PC: 0xF9A1 P: 0x0 CYC: 2769
Opcode: LDA A9 55 A: 0x4 X: 0xEF Y: 0x0 SP: 0xF2 PC: 0xF9A3 P: 0xC0 CYC: 2773
Opcode: AND 31 33 A: 0x55 X: 0xEF Y: 0x0 SP: 0xF2 PC: 0xF9A5 P: 0x0 CYC: 2776
Opcode: BNE D0 6 A: 0x4 X: 0xEF Y: 0x0 SP: 0xF2 PC: 0xF9A7 P: 0x0 CYC: 2782
Opcode: STX 86 0 A: 0x4 X: 0xEF Y: 0x0 SP: 0xF2 PC: 0xF9AF P: 0x0 CYC: 2785
Opcode: INX E8 A: 0x4 X: 0xEF Y: 0x0 SP: 0xF2 PC: 0xF9B1 P: 0x0 CYC: 2789
Opcode: SEC 38 A: 0x4 X: 0xF0 Y: 0x0 SP: 0xF2 PC: 0xF9B2 P: 0x0 CYC: 2792
Opcode: CLV B8 A: 0x4 X: 0xF0 Y: 0x0 SP: 0xF2 PC: 0xF9B3 P: 0x1 CYC: 2795
Opcode: LDA A9 EF A: 0x4 X: 0xF0 Y: 0x0 SP: 0xF2 PC: 0xF9B4 P: 0x0 CYC: 2798
Opcode: STA 8D 0 4 A: 0xEF X: 0xF0 Y: 0x0 SP: 0xF2 PC: 0xF9B6 P: 0x80 CYC: 2801
Opcode: LDA A9 F8 A: 0xEF X: 0xF0 Y: 0x0 SP: 0xF2 PC: 0xF9B9 P: 0x80 CYC: 2806
Opcode: AND 31 33 A: 0xF8 X: 0xF0 Y: 0x0 SP: 0xF2 PC: 0xF9BB P: 0x80 CYC: 2809
Opcode: BCC 90 8 A: 0x0 X: 0xF0 Y: 0x0 SP: 0xF2 PC: 0xF9BD P: 0x80 CYC: 2815
Opcode: STX 86 0 A: 0x0 X: 0xF0 Y: 0x0 SP: 0xF2 PC: 0xF9C7 P: 0x80 CYC: 2818
Opcode: INX E8 A: 0x0 X: 0xF0 Y: 0x0 SP: 0xF2 PC: 0xF9C9 P: 0x80 CYC: 2822
Opcode: CLC 18 A: 0x0 X: 0xF1 Y: 0x0 SP: 0xF2 PC: 0xF9CA P: 0x80 CYC: 2825
Opcode: BIT 24 1 A: 0x0 X: 0xF1 Y: 0x0 SP: 0xF2 PC: 0xF9CB P: 0x0 CYC: 2828
Opcode: LDA A9 AA A: 0x0 X: 0xF1 Y: 0x0 SP: 0xF2 PC: 0xF9CD P: 0xC2 CYC: 2832
Opcode: STA 8D 0 4 A: 0xAA X: 0xF1 Y: 0x0 SP: 0xF2 PC: 0xF9CF P: 0x82 CYC: 2835
Opcode: LDA A9 5F A: 0xAA X: 0xF1 Y: 0x0 SP: 0xF2 PC: 0xF9D2 P: 0x82 CYC: 2840
Opcode: EOR 51 33 A: 0x5F X: 0xF1 Y: 0x0 SP: 0xF2 PC: 0xF9D4 P: 0x0 CYC: 2843
Opcode: BCS B0 8 A: 0x5B X: 0xF1 Y: 0x0 SP: 0xF2 PC: 0xF9D6 P: 0x0 CYC: 2849
Opcode: BPL 10 6 A: 0x5B X: 0xF1 Y: 0x0 SP: 0xF2 PC: 0xF9D8 P: 0x0 CYC: 2852
Opcode: STX 86 0 A: 0x5B X: 0xF1 Y: 0x0 SP: 0xF2 PC: 0xF9E0 P: 0x0 CYC: 2855
Opcode: INX E8 A: 0x5B X: 0xF1 Y: 0x0 SP: 0xF2 PC: 0xF9E2 P: 0x0 CYC: 2859
Opcode: SEC 38 A: 0x5B X: 0xF2 Y: 0x0 SP: 0xF2 PC: 0xF9E3 P: 0x0 CYC: 2862
Opcode: CLV B8 A: 0x5B X: 0xF2 Y: 0x0 SP: 0xF2 PC: 0xF9E4 P: 0x1 CYC: 2865
Opcode: LDA A9 70 A: 0x5B X: 0xF2 Y: 0x0 SP: 0xF2 PC: 0xF9E5 P: 0x0 CYC: 2868
Opcode: STA 8D 0 4 A: 0x70 X: 0xF2 Y: 0x0 SP: 0xF2 PC: 0xF9E7 P: 0x0 CYC: 2871
Opcode: EOR 51 33 A: 0x70 X: 0xF2 Y: 0x0 SP: 0xF2 PC: 0xF9EA P: 0x0 CYC: 2876
Opcode: BNE D0 6 A: 0x74 X: 0xF2 Y: 0x0 SP: 0xF2 PC: 0xF9EC P: 0x0 CYC: 2882
Opcode: STX 86 0 A: 0x74 X: 0xF2 Y: 0x0 SP: 0xF2 PC: 0xF9F4 P: 0x0 CYC: 2885
Opcode: INX E8 A: 0x74 X: 0xF2 Y: 0x0 SP: 0xF2 PC: 0xF9F6 P: 0x0 CYC: 2889
Opcode: CLC 18 A: 0x74 X: 0xF3 Y: 0x0 SP: 0xF2 PC: 0xF9F7 P: 0x0 CYC: 2892
Opcode: BIT 24 1 A: 0x74 X: 0xF3 Y: 0x0 SP: 0xF2 PC: 0xF9F8 P: 0x0 CYC: 2895
Opcode: LDA A9 69 A: 0x74 X: 0xF3 Y: 0x0 SP: 0xF2 PC: 0xF9FA P: 0xC0 CYC: 2899
Opcode: STA 8D 0 4 A: 0x69 X: 0xF3 Y: 0x0 SP: 0xF2 PC: 0xF9FC P: 0x0 CYC: 2902
Opcode: LDA A9 0 A: 0x69 X: 0xF3 Y: 0x0 SP: 0xF2 PC: 0xF9FF P: 0x0 CYC: 2907
Opcode: ADC 71 33 A: 0x0 X: 0xF3 Y: 0x0 SP: 0xF2 PC: 0xFA01 P: 0x0 CYC: 2910
Opcode: BMI 30 8 A: 0x0 X: 0xF3 Y: 0x0 SP: 0xF2 PC: 0xFA03 P: 0x0 CYC: 2916
Opcode: BCS B0 6 A: 0x0 X: 0xF3 Y: 0x0 SP: 0xF2 PC: 0xFA05 P: 0x0 CYC: 2919
Opcode: CMP C9 69 A: 0x0 X: 0xF3 Y: 0x0 SP: 0xF2 PC: 0xFA07 P: 0x0 CYC: 2922
Opcode: BNE D0 2 A: 0x0 X: 0xF3 Y: 0x0 SP: 0xF2 PC: 0xFA09 P: 0x80 CYC: 2925
Opcode: STX 86 0 A: 0x0 X: 0xF3 Y: 0x0 SP: 0xF2 PC: 0xFA0D P: 0x80 CYC: 2928
Opcode: INX E8 A: 0x0 X: 0xF3 Y: 0x0 SP: 0xF2 PC: 0xFA0F P: 0x80 CYC: 2932
Opcode: SEC 38 A: 0x0 X: 0xF4 Y: 0x0 SP: 0xF2 PC: 0xFA10 P: 0x80 CYC: 2935
Opcode: BIT 24 1 A: 0x0 X: 0xF4 Y: 0x0 SP: 0xF2 PC: 0xFA11 P: 0x81 CYC: 2938
Opcode: LDA A9 0 A: 0x0 X: 0xF4 Y: 0x0 SP: 0xF2 PC: 0xFA13 P: 0xC3 CYC: 2942
Opcode: ADC 71 33 A: 0x0 X: 0xF4 Y: 0x0 SP: 0xF2 PC: 0xFA15 P: 0x80 CYC: 2945
Opcode: BMI 30 8 A: 0x0 X: 0xF4 Y: 0x0 SP: 0xF2 PC: 0xFA17 P: 0x0 CYC: 2951
Opcode: BCS B0 6 A: 0x0 X: 0xF4 Y: 0x0 SP: 0xF2 PC: 0xFA19 P: 0x0 CYC: 2954
Opcode: CMP C9 6A A: 0x0 X: 0xF4 Y: 0x0 SP: 0xF2 PC: 0xFA1B P: 0x0 CYC: 2957
Opcode: BNE D0 2 A: 0x0 X: 0xF4 Y: 0x0 SP: 0xF2 PC: 0xFA1D P: 0x80 CYC: 2960
Opcode: STX 86 0 A: 0x0 X: 0xF4 Y: 0x0 SP: 0xF2 PC: 0xFA21 P: 0x80 CYC: 2963
Opcode: INX E8 A: 0x0 X: 0xF4 Y: 0x0 SP: 0xF2 PC: 0xFA23 P: 0x80 CYC: 2967
Opcode: SEC 38 A: 0x0 X: 0xF5 Y: 0x0 SP: 0xF2 PC: 0xFA24 P: 0x80 CYC: 2970
Opcode: CLV B8 A: 0x0 X: 0xF5 Y: 0x0 SP: 0xF2 PC: 0xFA25 P: 0x81 CYC: 2973
Opcode: LDA A9 7F A: 0x0 X: 0xF5 Y: 0x0 SP: 0xF2 PC: 0xFA26 P: 0x0 CYC: 2976
Opcode: STA 8D 0 4 A: 0x7F X: 0xF5 Y: 0x0 SP: 0xF2 PC: 0xFA28 P: 0x0 CYC: 2979
Opcode: ADC 71 33 A: 0x7F X: 0xF5 Y: 0x0 SP: 0xF2 PC: 0xFA2B P: 0x0 CYC: 2984
Opcode: BPL 10 8 A: 0x7E X: 0xF5 Y: 0x0 SP: 0xF2 PC: 0xFA2D P: 0x0 CYC: 2990
Opcode: STX 86 0 A: 0x7E X: 0xF5 Y: 0x0 SP: 0xF2 PC: 0xFA37 P: 0x0 CYC: 2993
Opcode: INX E8 A: 0x7E X: 0xF5 Y: 0x0 SP: 0xF2 PC: 0xFA39 P: 0x0 CYC: 2997
Opcode: CLC 18 A: 0x7E X: 0xF6 Y: 0x0 SP: 0xF2 PC: 0xFA3A P: 0x0 CYC: 3000
Opcode: BIT 24 1 A: 0x7E X: 0xF6 Y: 0x0 SP: 0xF2 PC: 0xFA3B P: 0x0 CYC: 3003
Opcode: LDA A9 80 A: 0x7E X: 0xF6 Y: 0x0 SP: 0xF2 PC: 0xFA3D P: 0xC0 CYC: 3007
Opcode: STA 8D 0 4 A: 0x80 X: 0xF6 Y: 0x0 SP: 0xF2 PC: 0xFA3F P: 0x80 CYC: 3010
Opcode: LDA A9 7F A: 0x80 X: 0xF6 Y: 0x0 SP: 0xF2 PC: 0xFA42 P: 0x80 CYC: 3015
Opcode: ADC 71 33 A: 0x7F X: 0xF6 Y: 0x0 SP: 0xF2 PC: 0xFA44 P: 0x0 CYC: 3018
Opcode: BPL 10 8 A: 0x7E X: 0xF6 Y: 0x0 SP: 0xF2 PC: 0xFA46 P: 0x0 CYC: 3024
Opcode: STX 86 0 A: 0x7E X: 0xF6 Y: 0x0 SP: 0xF2 PC: 0xFA50 P: 0x0 CYC: 3027
Opcode: INX E8 A: 0x7E X: 0xF6 Y: 0x0 SP: 0xF2 PC: 0xFA52 P: 0x0 CYC: 3031
Opcode: SEC 38 A: 0x7E X: 0xF7 Y: 0x0 SP: 0xF2 PC: 0xFA53 P: 0x0 CYC: 3034
Opcode: CLV B8 A: 0x7E X: 0xF7 Y: 0x0 SP: 0xF2 PC: 0xFA54 P: 0x1 CYC: 3037
Opcode: LDA A9 80 A: 0x7E X: 0xF7 Y: 0x0 SP: 0xF2 PC: 0xFA55 P: 0x0 CYC: 3040
Opcode: STA 8D 0 4 A: 0x80 X: 0xF7 Y: 0x0 SP: 0xF2 PC: 0xFA57 P: 0x80 CYC: 3043
Opcode: LDA A9 7F A: 0x80 X: 0xF7 Y: 0x0 SP: 0xF2 PC: 0xFA5A P: 0x80 CYC: 3048
Opcode: ADC 71 33 A: 0x7F X: 0xF7 Y: 0x0 SP: 0xF2 PC: 0xFA5C P: 0x0 CYC: 3051
Opcode: BNE D0 6 A: 0x83 X: 0xF7 Y: 0x0 SP: 0xF2 PC: 0xFA5E P: 0x0 CYC: 3057
Opcode: STX 86 0 A: 0x83 X: 0xF7 Y: 0x0 SP: 0xF2 PC: 0xFA66 P: 0x0 CYC: 3060
Opcode: INX E8 A: 0x83 X: 0xF7 Y: 0x0 SP: 0xF2 PC: 0xFA68 P: 0x0 CYC: 3064
Opcode: BIT 24 1 A: 0x83 X: 0xF8 Y: 0x0 SP: 0xF2 PC: 0xFA69 P: 0x0 CYC: 3067
Opcode: LDA A9 40 A: 0x83 X: 0xF8 Y: 0x0 SP: 0xF2 PC: 0xFA6B P: 0xC0 CYC: 3071
Opcode: STA 8D 0 4 A: 0x40 X: 0xF8 Y: 0x0 SP: 0xF2 PC: 0xFA6D P: 0x0 CYC: 3074
Opcode: CMP D1 33 A: 0x40 X: 0xF8 Y: 0x0 SP: 0xF2 PC: 0xFA70 P: 0x0 CYC: 3079
Opcode: BMI 30 6 A: 0x40 X: 0xF8 Y: 0x0 SP: 0xF2 PC: 0xFA72 P: 0x80 CYC: 3085
Opcode: STX 86 0 A: 0x40 X: 0xF8 Y: 0x0 SP: 0xF2 PC: 0xFA7A P: 0x80 CYC: 3088
Opcode: INX E8 A: 0x40 X: 0xF8 Y: 0x0 SP: 0xF2 PC: 0xFA7C P: 0x80 CYC: 3092
Opcode: CLV B8 A: 0x40 X: 0xF9 Y: 0x0 SP: 0xF2 PC: 0xFA7D P: 0x80 CYC: 3095
Opcode: DEC CE 0 4 A: 0x40 X: 0xF9 Y: 0x0 SP: 0xF2 PC: 0xFA7E P: 0x0 CYC: 3098
Opcode: CMP D1 33 A: 0x40 X: 0xF9 Y: 0x0 SP: 0xF2 PC: 0xFA81 P: 0x0 CYC: 3105
Opcode: BEQ F0 6 A: 0x40 X: 0xF9 Y: 0x0 SP: 0xF2 PC: 0xFA83 P: 0x0 CYC: 3111
Opcode: BMI 30 4 A: 0x40 X: 0xF9 Y: 0x0 SP: 0xF2 PC: 0xFA85 P: 0x0 CYC: 3114
Opcode: BCC 90 2 A: 0x40 X: 0xF9 Y: 0x0 SP: 0xF2 PC: 0xFA87 P: 0x0 CYC: 3117
Opcode: STX 86 0 A: 0x40 X: 0xF9 Y: 0x0 SP: 0xF2 PC: 0xFA8B P: 0x0 CYC: 3120
Opcode: INX E8 A: 0x40 X: 0xF9 Y: 0x0 SP: 0xF2 PC: 0xFA8D P: 0x0 CYC: 3124
Opcode: INC EE 0 4 A: 0x40 X: 0xFA Y: 0x0 SP: 0xF2 PC: 0xFA8E P: 0x0 CYC: 3127
Opcode: INC EE 0 4 A: 0x40 X: 0xFA Y: 0x0 SP: 0xF2 PC: 0xFA91 P: 0x0 CYC: 3134
Opcode: CMP D1 33 A: 0x40 X: 0xFA Y: 0x0 SP: 0xF2 PC: 0xFA94 P: 0x0 CYC: 3141
Opcode: BEQ F0 2 A: 0x40 X: 0xFA Y: 0x0 SP: 0xF2 PC: 0xFA96 P: 0x0 CYC: 3147
Opcode: BMI 30 2 A: 0x40 X: 0xFA Y: 0x0 SP: 0xF2 PC: 0xFA98 P: 0x0 CYC: 3150
Opcode: STX 86 0 A: 0x40 X: 0xFA Y: 0x0 SP: 0xF2 PC: 0xFA9A P: 0x0 CYC: 3153
Opcode: INX E8 A: 0x40 X: 0xFA Y: 0x0 SP: 0xF2 PC: 0xFA9C P: 0x0 CYC: 3157
Opcode: LDA A9 0 A: 0x40 X: 0xFB Y: 0x0 SP: 0xF2 PC: 0xFA9D P: 0x0 CYC: 3160
Opcode: STA 8D 0 4 A: 0x0 X: 0xFB Y: 0x0 SP: 0xF2 PC: 0xFA9F P: 0x0 CYC: 3163
Opcode: LDA A9 80 A: 0x0 X: 0xFB Y: 0x0 SP: 0xF2 PC: 0xFAA2 P: 0x0 CYC: 3168
Opcode: CMP D1 33 A: 0x80 X: 0xFB Y: 0x0 SP: 0xF2 PC: 0xFAA4 P: 0x80 CYC: 3171
Opcode: BEQ F0 4 A: 0x80 X: 0xFB Y: 0x0 SP: 0xF2 PC: 0xFAA6 P: 0x80 CYC: 3177
Opcode: BPL 10 2 A: 0x80 X: 0xFB Y: 0x0 SP: 0xF2 PC: 0xFAA8 P: 0x80 CYC: 3180
Opcode: BCS B0 2 A: 0x80 X: 0xFB Y: 0x0 SP: 0xF2 PC: 0xFAAA P: 0x80 CYC: 3183
Opcode: STX 86 0 A: 0x80 X: 0xFB Y: 0x0 SP: 0xF2 PC: 0xFAAC P: 0x80 CYC: 3186
Opcode: INX E8 A: 0x80 X: 0xFB Y: 0x0 SP: 0xF2 PC: 0xFAAE P: 0x80 CYC: 3190
Opcode: LDY A0 80 A: 0x80 X: 0xFC Y: 0x0 SP: 0xF2 PC: 0xFAAF P: 0x80 CYC: 3193
Opcode: STY 8C 0 4 A: 0x80 X: 0xFC Y: 0x80 SP: 0xF2 PC: 0xFAB1 P: 0x80 CYC: 3196
Opcode: LDY A0 0 A: 0x80 X: 0xFC Y: 0x80 SP: 0xF2 PC: 0xFAB4 P: 0x80 CYC: 3201
Opcode: CMP D1 33 A: 0x80 X: 0xFC Y: 0x0 SP: 0xF2 PC: 0xFAB6 P: 0x80 CYC: 3204
Opcode: BNE D0 4 A: 0x80 X: 0xFC Y: 0x0 SP: 0xF2 PC: 0xFAB8 P: 0x80 CYC: 3210
Opcode: STX 86 0 A: 0x80 X: 0xFC Y: 0x0 SP: 0xF2 PC: 0xFABE P: 0x80 CYC: 3213
Opcode: INX E8 A: 0x80 X: 0xFC Y: 0x0 SP: 0xF2 PC: 0xFAC0 P: 0x80 CYC: 3217
Opcode: INC EE 0 4 A: 0x80 X: 0xFD Y: 0x0 SP: 0xF2 PC: 0xFAC1 P: 0x80 CYC: 3220
Opcode: CMP D1 33 A: 0x80 X: 0xFD Y: 0x0 SP: 0xF2 PC: 0xFAC4 P: 0x80 CYC: 3227
Opcode: BCS B0 4 A: 0x80 X: 0xFD Y: 0x0 SP: 0xF2 PC: 0xFAC6 P: 0x0 CYC: 3233
Opcode: BEQ F0 2 A: 0x80 X: 0xFD Y: 0x0 SP: 0xF2 PC: 0xFAC8 P: 0x0 CYC: 3236
Opcode: BMI 30 2 A: 0x80 X: 0xFD Y: 0x0 SP: 0xF2 PC: 0xFACA P: 0x0 CYC: 3239
Opcode: STX 86 0 A: 0x80 X: 0xFD Y: 0x0 SP: 0xF2 PC: 0xFACC P: 0x0 CYC: 3242
Opcode: INX E8 A: 0x80 X: 0xFD Y: 0x0 SP: 0xF2 PC: 0xFACE P: 0x0 CYC: 3246
Opcode: DEC CE 0 4 A: 0x80 X: 0xFE Y: 0x0 SP: 0xF2 PC: 0xFACF P: 0x0 CYC: 3249
Opcode: DEC CE 0 4 A: 0x80 X: 0xFE Y: 0x0 SP: 0xF2 PC: 0xFAD2 P: 0x0 CYC: 3256
Opcode: CMP D1 33 A: 0x80 X: 0xFE Y: 0x0 SP: 0xF2 PC: 0xFAD5 P: 0x0 CYC: 3263
Opcode: BCC 90 4 A: 0x80 X: 0xFE Y: 0x0 SP: 0xF2 PC: 0xFAD7 P: 0x80 CYC: 3269
Opcode: STX 86 0 A: 0x80 X: 0xFE Y: 0x0 SP: 0xF2 PC: 0xFADD P: 0x80 CYC: 3272
Opcode: RTS 60 A: 0x80 X: 0xFE Y: 0x0 SP: 0xF2 PC: 0xFADF P: 0x80 CYC: 3276
Opcode: BRK 0 A: 0x80 X: 0xFE Y: 0x0 SP: 0xF4 PC: 0x0 P: 0x80 CYC: 3283
Opcode: JMP 4C B0 CA A: 0x80 X: 0xFE Y: 0x0 SP: 0xF1 PC: 0xAAA9 P: 0x84 CYC: 3291
Opcode: NOP EA A: 0x80 X: 0xFE Y: 0x0 SP: 0xF1 PC: 0xCAB0 P: 0x84 CYC: 3295
Opcode: BIT 24 1 A: 0x80 X: 0xFE Y: 0x0 SP: 0xF1 PC: 0xCAB1 P: 0x84 CYC: 3298
Opcode: LDX A2 40 A: 0x80 X: 0xFE Y: 0x0 SP: 0xF1 PC: 0xCAB3 P: 0xC0 CYC: 3302
Opcode: CPX E0 40 A: 0x80 X: 0x40 Y: 0x0 SP: 0xF1 PC: 0xCAB5 P: 0x0 CYC: 3305
Opcode: BNE D0 9 A: 0x80 X: 0x40 Y: 0x0 SP: 0xF1 PC: 0xCAB7 P: 0x0 CYC: 3308
Opcode: LDA A9 32 A: 0x80 X: 0x40 Y: 0x0 SP: 0xF1 PC: 0xCAC2 P: 0x0 CYC: 3311
Opcode: STA 85 0 A: 0x32 X: 0x40 Y: 0x0 SP: 0xF1 PC: 0xCAC4 P: 0x0 CYC: 3314
Opcode: NOP EA A: 0x32 X: 0x40 Y: 0x0 SP: 0xF1 PC: 0xCAC6 P: 0x0 CYC: 3318
Opcode: CLV B8 A: 0x32 X: 0x40 Y: 0x0 SP: 0xF1 PC: 0xCAC7 P: 0x0 CYC: 3321
Opcode: CPX E0 3F A: 0x32 X: 0x40 Y: 0x0 SP: 0xF1 PC: 0xCAC8 P: 0x0 CYC: 3324
Opcode: BEQ F0 9 A: 0x32 X: 0x40 Y: 0x0 SP: 0xF1 PC: 0xCACA P: 0x0 CYC: 3327
Opcode: BMI 30 7 A: 0x32 X: 0x40 Y: 0x0 SP: 0xF1 PC: 0xCACC P: 0x0 CYC: 3330
Opcode: BCC 90 5 A: 0x32 X: 0x40 Y: 0x0 SP: 0xF1 PC: 0xCACE P: 0x0 CYC: 3333
Opcode: LDA A9 33 A: 0x32 X: 0x40 Y: 0x0 SP: 0xF1 PC: 0xCAD5 P: 0x0 CYC: 3336
Opcode: STA 85 0 A: 0x33 X: 0x40 Y: 0x0 SP: 0xF1 PC: 0xCAD7 P: 0x0 CYC: 3339
Opcode: NOP EA A: 0x33 X: 0x40 Y: 0x0 SP: 0xF1 PC: 0xCAD9 P: 0x0 CYC: 3343
Opcode: CPX E0 41 A: 0x33 X: 0x40 Y: 0x0 SP: 0xF1 PC: 0xCADA P: 0x0 CYC: 3346
Opcode: BEQ F0 7 A: 0x33 X: 0x40 Y: 0x0 SP: 0xF1 PC: 0xCADC P: 0x80 CYC: 3349
Opcode: BPL 10 5 A: 0x33 X: 0x40 Y: 0x0 SP: 0xF1 PC: 0xCADE P: 0x80 CYC: 3352
Opcode: BPL 10 3 A: 0x33 X: 0x40 Y: 0x0 SP: 0xF1 PC: 0xCAE0 P: 0x80 CYC: 3355
Opcode: JMP 4C E9 CA A: 0x33 X: 0x40 Y: 0x0 SP: 0xF1 PC: 0xCAE2 P: 0x80 CYC: 3358
Opcode: NOP EA A: 0x33 X: 0x40 Y: 0x0 SP: 0xF1 PC: 0xCAE9 P: 0x80 CYC: 3362
Opcode: LDX A2 80 A: 0x33 X: 0x40 Y: 0x0 SP: 0xF1 PC: 0xCAEA P: 0x80 CYC: 3365
Opcode: CPX E0 0 A: 0x33 X: 0x80 Y: 0x0 SP: 0xF1 PC: 0xCAEC P: 0x80 CYC: 3368
Opcode: BEQ F0 7 A: 0x33 X: 0x80 Y: 0x0 SP: 0xF1 PC: 0xCAEE P: 0x80 CYC: 3371
Opcode: BPL 10 5 A: 0x33 X: 0x80 Y: 0x0 SP: 0xF1 PC: 0xCAF0 P: 0x80 CYC: 3374
Opcode: BCC 90 3 A: 0x33 X: 0x80 Y: 0x0 SP: 0xF1 PC: 0xCAF2 P: 0x80 CYC: 3377
Opcode: LDA A9 35 A: 0x33 X: 0x80 Y: 0x0 SP: 0xF1 PC: 0xCAF7 P: 0x80 CYC: 3380
Opcode: STA 85 0 A: 0x35 X: 0x80 Y: 0x0 SP: 0xF1 PC: 0xCAF9 P: 0x0 CYC: 3383
Opcode: NOP EA A: 0x35 X: 0x80 Y: 0x0 SP: 0xF1 PC: 0xCAFB P: 0x0 CYC: 3387
Opcode: CPX E0 80 A: 0x35 X: 0x80 Y: 0x0 SP: 0xF1 PC: 0xCAFC P: 0x0 CYC: 3390
Opcode: BNE D0 7 A: 0x35 X: 0x80 Y: 0x0 SP: 0xF1 PC: 0xCAFE P: 0x0 CYC: 3393
Opcode: LDA A9 36 A: 0x35 X: 0x80 Y: 0x0 SP: 0xF1 PC: 0xCB07 P: 0x0 CYC: 3396
Opcode: STA 85 0 A: 0x36 X: 0x80 Y: 0x0 SP: 0xF1 PC: 0xCB09 P: 0x0 CYC: 3399
Opcode: NOP EA A: 0x36 X: 0x80 Y: 0x0 SP: 0xF1 PC: 0xCB0B P: 0x0 CYC: 3403
Opcode: CPX E0 81 A: 0x36 X: 0x80 Y: 0x0 SP: 0xF1 PC: 0xCB0C P: 0x0 CYC: 3406
Opcode: BCS B0 7 A: 0x36 X: 0x80 Y: 0x0 SP: 0xF1 PC: 0xCB0E P: 0x80 CYC: 3409
Opcode: BEQ F0 5 A: 0x36 X: 0x80 Y: 0x0 SP: 0xF1 PC: 0xCB10 P: 0x80 CYC: 3412
Opcode: BPL 10 3 A: 0x36 X: 0x80 Y: 0x0 SP: 0xF1 PC: 0xCB12 P: 0x80 CYC: 3415
Opcode: JMP 4C 1B CB A: 0x36 X: 0x80 Y: 0x0 SP: 0xF1 PC: 0xCB14 P: 0x80 CYC: 3418
Opcode: NOP EA A: 0x36 X: 0x80 Y: 0x0 SP: 0xF1 PC: 0xCB1B P: 0x80 CYC: 3422
Opcode: CPX E0 7F A: 0x36 X: 0x80 Y: 0x0 SP: 0xF1 PC: 0xCB1C P: 0x80 CYC: 3425
Opcode: BCC 90 7 A: 0x36 X: 0x80 Y: 0x0 SP: 0xF1 PC: 0xCB1E P: 0x0 CYC: 3428
Opcode: LDA A9 38 A: 0x36 X: 0x80 Y: 0x0 SP: 0xF1 PC: 0xCB27 P: 0x0 CYC: 3431
Opcode: STA 85 0 A: 0x38 X: 0x80 Y: 0x0 SP: 0xF1 PC: 0xCB29 P: 0x0 CYC: 3434
Opcode: NOP EA A: 0x38 X: 0x80 Y: 0x0 SP: 0xF1 PC: 0xCB2B P: 0x0 CYC: 3438
Opcode: SEC 38 A: 0x38 X: 0x80 Y: 0x0 SP: 0xF1 PC: 0xCB2C P: 0x0 CYC: 3441
Opcode: CLV B8 A: 0x38 X: 0x80 Y: 0x0 SP: 0xF1 PC: 0xCB2D P: 0x1 CYC: 3444
Opcode: LDX A2 9F A: 0x38 X: 0x80 Y: 0x0 SP: 0xF1 PC: 0xCB2E P: 0x0 CYC: 3447
Opcode: BEQ F0 9 A: 0x38 X: 0x9F Y: 0x0 SP: 0xF1 PC: 0xCB30 P: 0x80 CYC: 3450
Opcode: BPL 10 7 A: 0x38 X: 0x9F Y: 0x0 SP: 0xF1 PC: 0xCB32 P: 0x80 CYC: 3453
Opcode: BVS 70 5 A: 0x38 X: 0x9F Y: 0x0 SP: 0xF1 PC: 0xCB34 P: 0x80 CYC: 3456
Opcode: BCC 90 3 A: 0x38 X: 0x9F Y: 0x0 SP: 0xF1 PC: 0xCB36 P: 0x80 CYC: 3459
Opcode: LDX A2 39 A: 0x38 X: 0x9F Y: 0x0 SP: 0xF1 PC: 0xCB3B P: 0x80 CYC: 3462
Opcode: STX 86 0 A: 0x38 X: 0x39 Y: 0x0 SP: 0xF1 PC: 0xCB3D P: 0x0 CYC: 3465
Opcode: NOP EA A: 0x38 X: 0x39 Y: 0x0 SP: 0xF1 PC: 0xCB3F P: 0x0 CYC: 3469
Opcode: CLC 18 A: 0x38 X: 0x39 Y: 0x0 SP: 0xF1 PC: 0xCB40 P: 0x0 CYC: 3472
Opcode: BIT 24 1 A: 0x38 X: 0x39 Y: 0x0 SP: 0xF1 PC: 0xCB41 P: 0x0 CYC: 3475
Opcode: LDX A2 0 A: 0x38 X: 0x39 Y: 0x0 SP: 0xF1 PC: 0xCB43 P: 0xC0 CYC: 3479
Opcode: BNE D0 9 A: 0x38 X: 0x0 Y: 0x0 SP: 0xF1 PC: 0xCB45 P: 0x80 CYC: 3482
Opcode: LDX A2 3A A: 0x38 X: 0x0 Y: 0x0 SP: 0xF1 PC: 0xCB50 P: 0x80 CYC: 3485
Opcode: STX 86 0 A: 0x38 X: 0x3A Y: 0x0 SP: 0xF1 PC: 0xCB52 P: 0x0 CYC: 3488
Opcode: NOP EA A: 0x38 X: 0x3A Y: 0x0 SP: 0xF1 PC: 0xCB54 P: 0x0 CYC: 3492
Opcode: SEC 38 A: 0x38 X: 0x3A Y: 0x0 SP: 0xF1 PC: 0xCB55 P: 0x0 CYC: 3495
Opcode: CLV B8 A: 0x38 X: 0x3A Y: 0x0 SP: 0xF1 PC: 0xCB56 P: 0x1 CYC: 3498
Opcode: LDY A0 9F A: 0x38 X: 0x3A Y: 0x0 SP: 0xF1 PC: 0xCB57 P: 0x0 CYC: 3501
Opcode: BEQ F0 9 A: 0x38 X: 0x3A Y: 0x9F SP: 0xF1 PC: 0xCB59 P: 0x80 CYC: 3504
Opcode: BPL 10 7 A: 0x38 X: 0x3A Y: 0x9F SP: 0xF1 PC: 0xCB5B P: 0x80 CYC: 3507
Opcode: BVS 70 5 A: 0x38 X: 0x3A Y: 0x9F SP: 0xF1 PC: 0xCB5D P: 0x80 CYC: 3510
Opcode: BCC 90 3 A: 0x38 X: 0x3A Y: 0x9F SP: 0xF1 PC: 0xCB5F P: 0x80 CYC: 3513
Opcode: LDX A2 3B A: 0x38 X: 0x3A Y: 0x9F SP: 0xF1 PC: 0xCB64 P: 0x80 CYC: 3516
Opcode: STX 86 0 A: 0x38 X: 0x3B Y: 0x9F SP: 0xF1 PC: 0xCB66 P: 0x0 CYC: 3519
Opcode: NOP EA A: 0x38 X: 0x3B Y: 0x9F SP: 0xF1 PC: 0xCB68 P: 0x0 CYC: 3523
Opcode: CLC 18 A: 0x38 X: 0x3B Y: 0x9F SP: 0xF1 PC: 0xCB69 P: 0x0 CYC: 3526
Opcode: BIT 24 1 A: 0x38 X: 0x3B Y: 0x9F SP: 0xF1 PC: 0xCB6A P: 0x0 CYC: 3529
Opcode: LDY A0 0 A: 0x38 X: 0x3B Y: 0x9F SP: 0xF1 PC: 0xCB6C P: 0xC0 CYC: 3533
Opcode: BNE D0 9 A: 0x38 X: 0x3B Y: 0x0 SP: 0xF1 PC: 0xCB6E P: 0x80 CYC: 3536
Opcode: LDX A2 3C A: 0x38 X: 0x3B Y: 0x0 SP: 0xF1 PC: 0xCB79 P: 0x80 CYC: 3539
Opcode: STX 86 0 A: 0x38 X: 0x3C Y: 0x0 SP: 0xF1 PC: 0xCB7B P: 0x0 CYC: 3542
Opcode: NOP EA A: 0x38 X: 0x3C Y: 0x0 SP: 0xF1 PC: 0xCB7D P: 0x0 CYC: 3546
Opcode: LDA A9 55 A: 0x38 X: 0x3C Y: 0x0 SP: 0xF1 PC: 0xCB7E P: 0x0 CYC: 3549
Opcode: LDX A2 AA A: 0x55 X: 0x3C Y: 0x0 SP: 0xF1 PC: 0xCB80 P: 0x0 CYC: 3552
Opcode: LDY A0 33 A: 0x55 X: 0xAA Y: 0x0 SP: 0xF1 PC: 0xCB82 P: 0x80 CYC: 3555
Opcode: CMP C9 55 A: 0x55 X: 0xAA Y: 0x33 SP: 0xF1 PC: 0xCB84 P: 0x0 CYC: 3558
Opcode: BNE D0 23 A: 0x55 X: 0xAA Y: 0x33 SP: 0xF1 PC: 0xCB86 P: 0x0 CYC: 3561
Opcode: LDX A2 3D A: 0x55 X: 0xAA Y: 0x33 SP: 0xF1 PC: 0xCBAB P: 0x0 CYC: 3564
Opcode: STX 86 0 A: 0x55 X: 0x3D Y: 0x33 SP: 0xF1 PC: 0xCBAD P: 0x0 CYC: 3567
Opcode: LDY A0 71 A: 0x55 X: 0x3D Y: 0x33 SP: 0xF1 PC: 0xCBAF P: 0x0 CYC: 3571
Opcode: JSR 20 31 F9 A: 0x55 X: 0x3D Y: 0x71 SP: 0xF1 PC: 0xCBB1 P: 0x0 CYC: 3574
Opcode: NOP 4 A9 A: 0x55 X: 0x3D Y: 0x71 SP: 0xEF PC: 0xF931 P: 0x0 CYC: 3581
Opcode: NOP EA A: 0x55 X: 0x3D Y: 0x71 SP: 0xEF PC: 0xF933 P: 0x0 CYC: 3585
Opcode: STA 85 0 A: 0x55 X: 0x3D Y: 0x71 SP: 0xEF PC: 0xF934 P: 0x0 CYC: 3588
Opcode: LDA A9 FF A: 0x55 X: 0x3D Y: 0x71 SP: 0xEF PC: 0xF936 P: 0x0 CYC: 3592
Opcode: STA 85 97 A: 0xFF X: 0x3D Y: 0x71 SP: 0xEF PC: 0xF938 P: 0x80 CYC: 3595
Opcode: STA 85 98 A: 0xFF X: 0x3D Y: 0x71 SP: 0xEF PC: 0xF93A P: 0x80 CYC: 3599
Opcode: BIT 24 98 A: 0xFF X: 0x3D Y: 0x71 SP: 0xEF PC: 0xF93C P: 0x80 CYC: 3603
Opcode: LDY A0 34 A: 0xFF X: 0x3D Y: 0x71 SP: 0xEF PC: 0xF93E P: 0xC0 CYC: 3607
Opcode: LDA B1 97 A: 0xFF X: 0x3D Y: 0x34 SP: 0xEF PC: 0xF940 P: 0x0 CYC: 3610
Opcode: CMP C9 A3 A: 0x24 X: 0x3D Y: 0x34 SP: 0xEF PC: 0xF942 P: 0x0 CYC: 3616
Opcode: BNE D0 2 A: 0x24 X: 0x3D Y: 0x34 SP: 0xEF PC: 0xF944 P: 0x80 CYC: 3619
Opcode: LDA A9 EB A: 0x24 X: 0x3D Y: 0x34 SP: 0xEF PC: 0xF948 P: 0x80 CYC: 3622
Opcode: STA 85 0 A: 0xEB X: 0x3D Y: 0x34 SP: 0xEF PC: 0xF94A P: 0x80 CYC: 3625
Opcode: LDA A5 0 A: 0xEB X: 0x3D Y: 0x34 SP: 0xEF PC: 0xF94C P: 0x80 CYC: 3629
Opcode: PHA 48 A: 0x0 X: 0x3D Y: 0x34 SP: 0xEF PC: 0xF94E P: 0x80 CYC: 3633
Opcode: LDA A9 46 A: 0x0 X: 0x3D Y: 0x34 SP: 0xEE PC: 0xF94F P: 0x80 CYC: 3637
Opcode: STA 85 FF A: 0x46 X: 0x3D Y: 0x34 SP: 0xEE PC: 0xF951 P: 0x0 CYC: 3640
Opcode: LDA A9 1 A: 0x46 X: 0x3D Y: 0x34 SP: 0xEE PC: 0xF953 P: 0x0 CYC: 3644
Opcode: STA 85 0 A: 0x1 X: 0x3D Y: 0x34 SP: 0xEE PC: 0xF955 P: 0x0 CYC: 3647
Opcode: LDY A0 FF A: 0x1 X: 0x3D Y: 0x34 SP: 0xEE PC: 0xF957 P: 0x0 CYC: 3651
Opcode: LDA B1 FF A: 0x1 X: 0x3D Y: 0xFF SP: 0xEE PC: 0xF959 P: 0x80 CYC: 3654
Opcode: CMP C9 12 A: 0x4C X: 0x3D Y: 0xFF SP: 0xEE PC: 0xF95B P: 0x0 CYC: 3660
Opcode: BEQ F0 4 A: 0x4C X: 0x3D Y: 0xFF SP: 0xEE PC: 0xF95D P: 0x0 CYC: 3663
Opcode: PLA 68 A: 0x4C X: 0x3D Y: 0xFF SP: 0xEE PC: 0xF95F P: 0x0 CYC: 3666
Opcode: LDA A9 EC A: 0xFF X: 0x3D Y: 0xFF SP: 0xEF PC: 0xF960 P: 0x80 CYC: 3671
Opcode: PHA 48 A: 0xEC X: 0x3D Y: 0xFF SP: 0xEF PC: 0xF962 P: 0x80 CYC: 3674
Opcode: PLA 68 A: 0xEC X: 0x3D Y: 0xFF SP: 0xEE PC: 0xF963 P: 0x80 CYC: 3678
Opcode: STA 85 0 A: 0xFF X: 0x3D Y: 0xFF SP: 0xEF PC: 0xF964 P: 0x80 CYC: 3683
Opcode: LDX A2 ED A: 0xFF X: 0x3D Y: 0xFF SP: 0xEF PC: 0xF966 P: 0x80 CYC: 3687
Opcode: LDA A9 0 A: 0xFF X: 0xED Y: 0xFF SP: 0xEF PC: 0xF968 P: 0x80 CYC: 3690
Opcode: STA 85 33 A: 0x0 X: 0xED Y: 0xFF SP: 0xEF PC: 0xF96A P: 0x80 CYC: 3693
Opcode: LDA A9 4 A: 0x0 X: 0xED Y: 0xFF SP: 0xEF PC: 0xF96C P: 0x80 CYC: 3697
Opcode: STA 85 34 A: 0x4 X: 0xED Y: 0xFF SP: 0xEF PC: 0xF96E P: 0x0 CYC: 3700
Opcode: LDY A0 0 A: 0x4 X: 0xED Y: 0xFF SP: 0xEF PC: 0xF970 P: 0x0 CYC: 3704
Opcode: CLC 18 A: 0x4 X: 0xED Y: 0x0 SP: 0xEF PC: 0xF972 P: 0x0 CYC: 3707
Opcode: LDA A9 FF A: 0x4 X: 0xED Y: 0x0 SP: 0xEF PC: 0xF973 P: 0x0 CYC: 3710
Opcode: STA 85 1 A: 0xFF X: 0xED Y: 0x0 SP: 0xEF PC: 0xF975 P: 0x80 CYC: 3713
Opcode: BIT 24 1 A: 0xFF X: 0xED Y: 0x0 SP: 0xEF PC: 0xF977 P: 0x80 CYC: 3717
Opcode: LDA A9 AA A: 0xFF X: 0xED Y: 0x0 SP: 0xEF PC: 0xF979 P: 0xC0 CYC: 3721
Opcode: STA 8D 0 4 A: 0xAA X: 0xED Y: 0x0 SP: 0xEF PC: 0xF97B P: 0x80 CYC: 3724
Opcode: LDA A9 55 A: 0xAA X: 0xED Y: 0x0 SP: 0xEF PC: 0xF97E P: 0x80 CYC: 3729
Opcode: ORA 11 33 A: 0x55 X: 0xED Y: 0x0 SP: 0xEF PC: 0xF980 P: 0x0 CYC: 3732
Opcode: BCS B0 8 A: 0x55 X: 0xED Y: 0x0 SP: 0xEF PC: 0xF982 P: 0x0 CYC: 3738
Opcode: BPL 10 6 A: 0x55 X: 0xED Y: 0x0 SP: 0xEF PC: 0xF984 P: 0x0 CYC: 3741
Opcode: STX 86 0 A: 0x55 X: 0xED Y: 0x0 SP: 0xEF PC: 0xF98C P: 0x0 CYC: 3744
Opcode: INX E8 A: 0x55 X: 0xED Y: 0x0 SP: 0xEF PC: 0xF98E P: 0x0 CYC: 3748
Opcode: SEC 38 A: 0x55 X: 0xEE Y: 0x0 SP: 0xEF PC: 0xF98F P: 0x0 CYC: 3751
Opcode: CLV B8 A: 0x55 X: 0xEE Y: 0x0 SP: 0xEF PC: 0xF990 P: 0x1 CYC: 3754
Opcode: LDA A9 0 A: 0x55 X: 0xEE Y: 0x0 SP: 0xEF PC: 0xF991 P: 0x0 CYC: 3757
Opcode: ORA 11 33 A: 0x0 X: 0xEE Y: 0x0 SP: 0xEF PC: 0xF993 P: 0x0 CYC: 3760
Opcode: BEQ F0 6 A: 0x4 X: 0xEE Y: 0x0 SP: 0xEF PC: 0xF995 P: 0x0 CYC: 3766
Opcode: BVS 70 4 A: 0x4 X: 0xEE Y: 0x0 SP: 0xEF PC: 0xF997 P: 0x0 CYC: 3769
Opcode: BCC 90 2 A: 0x4 X: 0xEE Y: 0x0 SP: 0xEF PC: 0xF999 P: 0x0 CYC: 3772
Opcode: STX 86 0 A: 0x4 X: 0xEE Y: 0x0 SP: 0xEF PC: 0xF99D P: 0x0 CYC: 3775
Opcode: INX E8 A: 0x4 X: 0xEE Y: 0x0 SP: 0xEF PC: 0xF99F P: 0x0 CYC: 3779
Opcode: CLC 18 A: 0x4 X: 0xEF Y: 0x0 SP: 0xEF PC: 0xF9A0 P: 0x0 CYC: 3782
Opcode: BIT 24 1 A: 0x4 X: 0xEF Y: 0x0 SP: 0xEF PC: 0xF9A1 P: 0x0 CYC: 3785
Opcode: LDA A9 55 A: 0x4 X: 0xEF Y: 0x0 SP: 0xEF PC: 0xF9A3 P: 0xC0 CYC: 3789
Opcode: AND 31 33 A: 0x55 X: 0xEF Y: 0x0 SP: 0xEF PC: 0xF9A5 P: 0x0 CYC: 3792
Opcode: BNE D0 6 A: 0x4 X: 0xEF Y: 0x0 SP: 0xEF PC: 0xF9A7 P: 0x0 CYC: 3798
Opcode: STX 86 0 A: 0x4 X: 0xEF Y: 0x0 SP: 0xEF PC: 0xF9AF P: 0x0 CYC: 3801
Opcode: INX E8 A: 0x4 X: 0xEF Y: 0x0 SP: 0xEF PC: 0xF9B1 P: 0x0 CYC: 3805
Opcode: SEC 38 A: 0x4 X: 0xF0 Y: 0x0 SP: 0xEF PC: 0xF9B2 P: 0x0 CYC: 3808
Opcode: CLV B8 A: 0x4 X: 0xF0 Y: 0x0 SP: 0xEF PC: 0xF9B3 P: 0x1 CYC: 3811
Opcode: LDA A9 EF A: 0x4 X: 0xF0 Y: 0x0 SP: 0xEF PC: 0xF9B4 P: 0x0 CYC: 3814
Opcode: STA 8D 0 4 A: 0xEF X: 0xF0 Y: 0x0 SP: 0xEF PC: 0xF9B6 P: 0x80 CYC: 3817
Opcode: LDA A9 F8 A: 0xEF X: 0xF0 Y: 0x0 SP: 0xEF PC: 0xF9B9 P: 0x80 CYC: 3822
Opcode: AND 31 33 A: 0xF8 X: 0xF0 Y: 0x0 SP: 0xEF PC: 0xF9BB P: 0x80 CYC: 3825
Opcode: BCC 90 8 A: 0x0 X: 0xF0 Y: 0x0 SP: 0xEF PC: 0xF9BD P: 0x80 CYC: 3831
Opcode: STX 86 0 A: 0x0 X: 0xF0 Y: 0x0 SP: 0xEF PC: 0xF9C7 P: 0x80 CYC: 3834
Opcode: INX E8 A: 0x0 X: 0xF0 Y: 0x0 SP: 0xEF PC: 0xF9C9 P: 0x80 CYC: 3838
Opcode: CLC 18 A: 0x0 X: 0xF1 Y: 0x0 SP: 0xEF PC: 0xF9CA P: 0x80 CYC: 3841
Opcode: BIT 24 1 A: 0x0 X: 0xF1 Y: 0x0 SP: 0xEF PC: 0xF9CB P: 0x0 CYC: 3844
Opcode: LDA A9 AA A: 0x0 X: 0xF1 Y: 0x0 SP: 0xEF PC: 0xF9CD P: 0xC2 CYC: 3848
Opcode: STA 8D 0 4 A: 0xAA X: 0xF1 Y: 0x0 SP: 0xEF PC: 0xF9CF P: 0x82 CYC: 3851
Opcode: LDA A9 5F A: 0xAA X: 0xF1 Y: 0x0 SP: 0xEF PC: 0xF9D2 P: 0x82 CYC: 3856
Opcode: EOR 51 33 A: 0x5F X: 0xF1 Y: 0x0 SP: 0xEF PC: 0xF9D4 P: 0x0 CYC: 3859
Opcode: BCS B0 8 A: 0x5B X: 0xF1 Y: 0x0 SP: 0xEF PC: 0xF9D6 P: 0x0 CYC: 3865
Opcode: BPL 10 6 A: 0x5B X: 0xF1 Y: 0x0 SP: 0xEF PC: 0xF9D8 P: 0x0 CYC: 3868
Opcode: STX 86 0 A: 0x5B X: 0xF1 Y: 0x0 SP: 0xEF PC: 0xF9E0 P: 0x0 CYC: 3871
Opcode: INX E8 A: 0x5B X: 0xF1 Y: 0x0 SP: 0xEF PC: 0xF9E2 P: 0x0 CYC: 3875
Opcode: SEC 38 A: 0x5B X: 0xF2 Y: 0x0 SP: 0xEF PC: 0xF9E3 P: 0x0 CYC: 3878
Opcode: CLV B8 A: 0x5B X: 0xF2 Y: 0x0 SP: 0xEF PC: 0xF9E4 P: 0x1 CYC: 3881
Opcode: LDA A9 70 A: 0x5B X: 0xF2 Y: 0x0 SP: 0xEF PC: 0xF9E5 P: 0x0 CYC: 3884
Opcode: STA 8D 0 4 A: 0x70 X: 0xF2 Y: 0x0 SP: 0xEF PC: 0xF9E7 P: 0x0 CYC: 3887
Opcode: EOR 51 33 A: 0x70 X: 0xF2 Y: 0x0 SP: 0xEF PC: 0xF9EA P: 0x0 CYC: 3892
Opcode: BNE D0 6 A: 0x74 X: 0xF2 Y: 0x0 SP: 0xEF PC: 0xF9EC P: 0x0 CYC: 3898
Opcode: STX 86 0 A: 0x74 X: 0xF2 Y: 0x0 SP: 0xEF PC: 0xF9F4 P: 0x0 CYC: 3901
Opcode: INX E8 A: 0x74 X: 0xF2 Y: 0x0 SP: 0xEF PC: 0xF9F6 P: 0x0 CYC: 3905
Opcode: CLC 18 A: 0x74 X: 0xF3 Y: 0x0 SP: 0xEF PC: 0xF9F7 P: 0x0 CYC: 3908
Opcode: BIT 24 1 A: 0x74 X: 0xF3 Y: 0x0 SP: 0xEF PC: 0xF9F8 P: 0x0 CYC: 3911
Opcode: LDA A9 69 A: 0x74 X: 0xF3 Y: 0x0 SP: 0xEF PC: 0xF9FA P: 0xC0 CYC: 3915
Opcode: STA 8D 0 4 A: 0x69 X: 0xF3 Y: 0x0 SP: 0xEF PC: 0xF9FC P: 0x0 CYC: 3918
Opcode: LDA A9 0 A: 0x69 X: 0xF3 Y: 0x0 SP: 0xEF PC: 0xF9FF P: 0x0 CYC: 3923
Opcode: ADC 71 33 A: 0x0 X: 0xF3 Y: 0x0 SP: 0xEF PC: 0xFA01 P: 0x0 CYC: 3926
Opcode: BMI 30 8 A: 0x0 X: 0xF3 Y: 0x0 SP: 0xEF PC: 0xFA03 P: 0x0 CYC: 3932
Opcode: BCS B0 6 A: 0x0 X: 0xF3 Y: 0x0 SP: 0xEF PC: 0xFA05 P: 0x0 CYC: 3935
Opcode: CMP C9 69 A: 0x0 X: 0xF3 Y: 0x0 SP: 0xEF PC: 0xFA07 P: 0x0 CYC: 3938
Opcode: BNE D0 2 A: 0x0 X: 0xF3 Y: 0x0 SP: 0xEF PC: 0xFA09 P: 0x80 CYC: 3941
Opcode: STX 86 0 A: 0x0 X: 0xF3 Y: 0x0 SP: 0xEF PC: 0xFA0D P: 0x80 CYC: 3944
Opcode: INX E8 A: 0x0 X: 0xF3 Y: 0x0 SP: 0xEF PC: 0xFA0F P: 0x80 CYC: 3948
Opcode: SEC 38 A: 0x0 X: 0xF4 Y: 0x0 SP: 0xEF PC: 0xFA10 P: 0x80 CYC: 3951
Opcode: BIT 24 1 A: 0x0 X: 0xF4 Y: 0x0 SP: 0xEF PC: 0xFA11 P: 0x81 CYC: 3954
Opcode: LDA A9 0 A: 0x0 X: 0xF4 Y: 0x0 SP: 0xEF PC: 0xFA13 P: 0xC3 CYC: 3958
Opcode: ADC 71 33 A: 0x0 X: 0xF4 Y: 0x0 SP: 0xEF PC: 0xFA15 P: 0x80 CYC: 3961
Opcode: BMI 30 8 A: 0x0 X: 0xF4 Y: 0x0 SP: 0xEF PC: 0xFA17 P: 0x0 CYC: 3967
Opcode: BCS B0 6 A: 0x0 X: 0xF4 Y: 0x0 SP: 0xEF PC: 0xFA19 P: 0x0 CYC: 3970
Opcode: CMP C9 6A A: 0x0 X: 0xF4 Y: 0x0 SP: 0xEF PC: 0xFA1B P: 0x0 CYC: 3973
Opcode: BNE D0 2 A: 0x0 X: 0xF4 Y: 0x0 SP: 0xEF PC: 0xFA1D P: 0x80 CYC: 3976
Opcode: STX 86 0 A: 0x0 X: 0xF4 Y: 0x0 SP: 0xEF PC: 0xFA21 P: 0x80 CYC: 3979
Opcode: INX E8 A: 0x0 X: 0xF4 Y: 0x0 SP: 0xEF PC: 0xFA23 P: 0x80 CYC: 3983
Opcode: SEC 38 A: 0x0 X: 0xF5 Y: 0x0 SP: 0xEF PC: 0xFA24 P: 0x80 CYC: 3986
Opcode: CLV B8 A: 0x0 X: 0xF5 Y: 0x0 SP: 0xEF PC: 0xFA25 P: 0x81 CYC: 3989
Opcode: LDA A9 7F A: 0x0 X: 0xF5 Y: 0x0 SP: 0xEF PC: 0xFA26 P: 0x0 CYC: 3992
Opcode: STA 8D 0 4 A: 0x7F X: 0xF5 Y: 0x0 SP: 0xEF PC: 0xFA28 P: 0x0 CYC: 3995
Opcode: ADC 71 33 A: 0x7F X: 0xF5 Y: 0x0 SP: 0xEF PC: 0xFA2B P: 0x0 CYC: 4000
Opcode: BPL 10 8 A: 0x7E X: 0xF5 Y: 0x0 SP: 0xEF PC: 0xFA2D P: 0x0 CYC: 4006
Opcode: STX 86 0 A: 0x7E X: 0xF5 Y: 0x0 SP: 0xEF PC: 0xFA37 P: 0x0 CYC: 4009
Opcode: INX E8 A: 0x7E X: 0xF5 Y: 0x0 SP: 0xEF PC: 0xFA39 P: 0x0 CYC: 4013
Opcode: CLC 18 A: 0x7E X: 0xF6 Y: 0x0 SP: 0xEF PC: 0xFA3A P: 0x0 CYC: 4016
Opcode: BIT 24 1 A: 0x7E X: 0xF6 Y: 0x0 SP: 0xEF PC: 0xFA3B P: 0x0 CYC: 4019
Opcode: LDA A9 80 A: 0x7E X: 0xF6 Y: 0x0 SP: 0xEF PC: 0xFA3D P: 0xC0 CYC: 4023
Opcode: STA 8D 0 4 A: 0x80 X: 0xF6 Y: 0x0 SP: 0xEF PC: 0xFA3F P: 0x80 CYC: 4026
Opcode: LDA A9 7F A: 0x80 X: 0xF6 Y: 0x0 SP: 0xEF PC: 0xFA42 P: 0x80 CYC: 4031
Opcode: ADC 71 33 A: 0x7F X: 0xF6 Y: 0x0 SP: 0xEF PC: 0xFA44 P: 0x0 CYC: 4034
Opcode: BPL 10 8 A: 0x7E X: 0xF6 Y: 0x0 SP: 0xEF PC: 0xFA46 P: 0x0 CYC: 4040
Opcode: STX 86 0 A: 0x7E X: 0xF6 Y: 0x0 SP: 0xEF PC: 0xFA50 P: 0x0 CYC: 4043
Opcode: INX E8 A: 0x7E X: 0xF6 Y: 0x0 SP: 0xEF PC: 0xFA52 P: 0x0 CYC: 4047
Opcode: SEC 38 A: 0x7E X: 0xF7 Y: 0x0 SP: 0xEF PC: 0xFA53 P: 0x0 CYC: 4050
Opcode: CLV B8 A: 0x7E X: 0xF7 Y: 0x0 SP: 0xEF PC: 0xFA54 P: 0x1 CYC: 4053
Opcode: LDA A9 80 A: 0x7E X: 0xF7 Y: 0x0 SP: 0xEF PC: 0xFA55 P: 0x0 CYC: 4056
Opcode: STA 8D 0 4 A: 0x80 X: 0xF7 Y: 0x0 SP: 0xEF PC: 0xFA57 P: 0x80 CYC: 4059
Opcode: LDA A9 7F A: 0x80 X: 0xF7 Y: 0x0 SP: 0xEF PC: 0xFA5A P: 0x80 CYC: 4064
Opcode: ADC 71 33 A: 0x7F X: 0xF7 Y: 0x0 SP: 0xEF PC: 0xFA5C P: 0x0 CYC: 4067
Opcode: BNE D0 6 A: 0x83 X: 0xF7 Y: 0x0 SP: 0xEF PC: 0xFA5E P: 0x0 CYC: 4073
Opcode: STX 86 0 A: 0x83 X: 0xF7 Y: 0x0 SP: 0xEF PC: 0xFA66 P: 0x0 CYC: 4076
Opcode: INX E8 A: 0x83 X: 0xF7 Y: 0x0 SP: 0xEF PC: 0xFA68 P: 0x0 CYC: 4080
Opcode: BIT 24 1 A: 0x83 X: 0xF8 Y: 0x0 SP: 0xEF PC: 0xFA69 P: 0x0 CYC: 4083
Opcode: LDA A9 40 A: 0x83 X: 0xF8 Y: 0x0 SP: 0xEF PC: 0xFA6B P: 0xC0 CYC: 4087
Opcode: STA 8D 0 4 A: 0x40 X: 0xF8 Y: 0x0 SP: 0xEF PC: 0xFA6D P: 0x0 CYC: 4090
Opcode: CMP D1 33 A: 0x40 X: 0xF8 Y: 0x0 SP: 0xEF PC: 0xFA70 P: 0x0 CYC: 4095
Opcode: BMI 30 6 A: 0x40 X: 0xF8 Y: 0x0 SP: 0xEF PC: 0xFA72 P: 0x80 CYC: 4101
Opcode: STX 86 0 A: 0x40 X: 0xF8 Y: 0x0 SP: 0xEF PC: 0xFA7A P: 0x80 CYC: 4104
Opcode: INX E8 A: 0x40 X: 0xF8 Y: 0x0 SP: 0xEF PC: 0xFA7C P: 0x80 CYC: 4108
Opcode: CLV B8 A: 0x40 X: 0xF9 Y: 0x0 SP: 0xEF PC: 0xFA7D P: 0x80 CYC: 4111
Opcode: DEC CE 0 4 A: 0x40 X: 0xF9 Y: 0x0 SP: 0xEF PC: 0xFA7E P: 0x0 CYC: 4114
Opcode: CMP D1 33 A: 0x40 X: 0xF9 Y: 0x0 SP: 0xEF PC: 0xFA81 P: 0x0 CYC: 4121
Opcode: BEQ F0 6 A: 0x40 X: 0xF9 Y: 0x0 SP: 0xEF PC: 0xFA83 P: 0x0 CYC: 4127
Opcode: BMI 30 4 A: 0x40 X: 0xF9 Y: 0x0 SP: 0xEF PC: 0xFA85 P: 0x0 CYC: 4130
Opcode: BCC 90 2 A: 0x40 X: 0xF9 Y: 0x0 SP: 0xEF PC: 0xFA87 P: 0x0 CYC: 4133
Opcode: STX 86 0 A: 0x40 X: 0xF9 Y: 0x0 SP: 0xEF PC: 0xFA8B P: 0x0 CYC: 4136
Opcode: INX E8 A: 0x40 X: 0xF9 Y: 0x0 SP: 0xEF PC: 0xFA8D P: 0x0 CYC: 4140
Opcode: INC EE 0 4 A: 0x40 X: 0xFA Y: 0x0 SP: 0xEF PC: 0xFA8E P: 0x0 CYC: 4143
Opcode: INC EE 0 4 A: 0x40 X: 0xFA Y: 0x0 SP: 0xEF PC: 0xFA91 P: 0x0 CYC: 4150
Opcode: CMP D1 33 A: 0x40 X: 0xFA Y: 0x0 SP: 0xEF PC: 0xFA94 P: 0x0 CYC: 4157
Opcode: BEQ F0 2 A: 0x40 X: 0xFA Y: 0x0 SP: 0xEF PC: 0xFA96 P: 0x0 CYC: 4163
Opcode: BMI 30 2 A: 0x40 X: 0xFA Y: 0x0 SP: 0xEF PC: 0xFA98 P: 0x0 CYC: 4166
Opcode: STX 86 0 A: 0x40 X: 0xFA Y: 0x0 SP: 0xEF PC: 0xFA9A P: 0x0 CYC: 4169
Opcode: INX E8 A: 0x40 X: 0xFA Y: 0x0 SP: 0xEF PC: 0xFA9C P: 0x0 CYC: 4173
Opcode: LDA A9 0 A: 0x40 X: 0xFB Y: 0x0 SP: 0xEF PC: 0xFA9D P: 0x0 CYC: 4176
Opcode: STA 8D 0 4 A: 0x0 X: 0xFB Y: 0x0 SP: 0xEF PC: 0xFA9F P: 0x0 CYC: 4179
Opcode: LDA A9 80 A: 0x0 X: 0xFB Y: 0x0 SP: 0xEF PC: 0xFAA2 P: 0x0 CYC: 4184
Opcode: CMP D1 33 A: 0x80 X: 0xFB Y: 0x0 SP: 0xEF PC: 0xFAA4 P: 0x80 CYC: 4187
Opcode: BEQ F0 4 A: 0x80 X: 0xFB Y: 0x0 SP: 0xEF PC: 0xFAA6 P: 0x80 CYC: 4193
Opcode: BPL 10 2 A: 0x80 X: 0xFB Y: 0x0 SP: 0xEF PC: 0xFAA8 P: 0x80 CYC: 4196
Opcode: BCS B0 2 A: 0x80 X: 0xFB Y: 0x0 SP: 0xEF PC: 0xFAAA P: 0x80 CYC: 4199
Opcode: STX 86 0 A: 0x80 X: 0xFB Y: 0x0 SP: 0xEF PC: 0xFAAC P: 0x80 CYC: 4202
Opcode: INX E8 A: 0x80 X: 0xFB Y: 0x0 SP: 0xEF PC: 0xFAAE P: 0x80 CYC: 4206
Opcode: LDY A0 80 A: 0x80 X: 0xFC Y: 0x0 SP: 0xEF PC: 0xFAAF P: 0x80 CYC: 4209
Opcode: STY 8C 0 4 A: 0x80 X: 0xFC Y: 0x80 SP: 0xEF PC: 0xFAB1 P: 0x80 CYC: 4212
Opcode: LDY A0 0 A: 0x80 X: 0xFC Y: 0x80 SP: 0xEF PC: 0xFAB4 P: 0x80 CYC: 4217
Opcode: CMP D1 33 A: 0x80 X: 0xFC Y: 0x0 SP: 0xEF PC: 0xFAB6 P: 0x80 CYC: 4220
Opcode: BNE D0 4 A: 0x80 X: 0xFC Y: 0x0 SP: 0xEF PC: 0xFAB8 P: 0x80 CYC: 4226
Opcode: STX 86 0 A: 0x80 X: 0xFC Y: 0x0 SP: 0xEF PC: 0xFABE P: 0x80 CYC: 4229
Opcode: INX E8 A: 0x80 X: 0xFC Y: 0x0 SP: 0xEF PC: 0xFAC0 P: 0x80 CYC: 4233
Opcode: INC EE 0 4 A: 0x80 X: 0xFD Y: 0x0 SP: 0xEF PC: 0xFAC1 P: 0x80 CYC: 4236
Opcode: CMP D1 33 A: 0x80 X: 0xFD Y: 0x0 SP: 0xEF PC: 0xFAC4 P: 0x80 CYC: 4243
Opcode: BCS B0 4 A: 0x80 X: 0xFD Y: 0x0 SP: 0xEF PC: 0xFAC6 P: 0x0 CYC: 4249
Opcode: BEQ F0 2 A: 0x80 X: 0xFD Y: 0x0 SP: 0xEF PC: 0xFAC8 P: 0x0 CYC: 4252
Opcode: BMI 30 2 A: 0x80 X: 0xFD Y: 0x0 SP: 0xEF PC: 0xFACA P: 0x0 CYC: 4255
Opcode: STX 86 0 A: 0x80 X: 0xFD Y: 0x0 SP: 0xEF PC: 0xFACC P: 0x0 CYC: 4258
Opcode: INX E8 A: 0x80 X: 0xFD Y: 0x0 SP: 0xEF PC: 0xFACE P: 0x0 CYC: 4262
Opcode: DEC CE 0 4 A: 0x80 X: 0xFE Y: 0x0 SP: 0xEF PC: 0xFACF P: 0x0 CYC: 4265
Opcode: DEC CE 0 4 A: 0x80 X: 0xFE Y: 0x0 SP: 0xEF PC: 0xFAD2 P: 0x0 CYC: 4272
Opcode: CMP D1 33 A: 0x80 X: 0xFE Y: 0x0 SP: 0xEF PC: 0xFAD5 P: 0x0 CYC: 4279
Opcode: BCC 90 4 A: 0x80 X: 0xFE Y: 0x0 SP: 0xEF PC: 0xFAD7 P: 0x80 CYC: 4285
Opcode: STX 86 0 A: 0x80 X: 0xFE Y: 0x0 SP: 0xEF PC: 0xFADD P: 0x80 CYC: 4288
Opcode: RTS 60 A: 0x80 X: 0xFE Y: 0x0 SP: 0xEF PC: 0xFADF P: 0x80 CYC: 4292
Opcode: BRK 0 A: 0x80 X: 0xFE Y: 0x0 SP: 0xF1 PC: 0x0 P: 0x80 CYC: 4299
Opcode: JMP 4C B0 CA A: 0x80 X: 0xFE Y: 0x0 SP: 0xEE PC: 0xAAA9 P: 0x84 CYC: 4307
Opcode: NOP EA A: 0x80 X: 0xFE Y: 0x0 SP: 0xEE PC: 0xCAB0 P: 0x84 CYC: 4311
Opcode: BIT 24 1 A: 0x80 X: 0xFE Y: 0x0 SP: 0xEE PC: 0xCAB1 P: 0x84 CYC: 4314
Opcode: LDX A2 40 A: 0x80 X: 0xFE Y: 0x0 SP: 0xEE PC: 0xCAB3 P: 0xC0 CYC: 4318
Opcode: CPX E0 40 A: 0x80 X: 0x40 Y: 0x0 SP: 0xEE PC: 0xCAB5 P: 0x0 CYC: 4321
Opcode: BNE D0 9 A: 0x80 X: 0x40 Y: 0x0 SP: 0xEE PC: 0xCAB7 P: 0x0 CYC: 4324
Opcode: LDA A9 32 A: 0x80 X: 0x40 Y: 0x0 SP: 0xEE PC: 0xCAC2 P: 0x0 CYC: 4327
Opcode: STA 85 0 A: 0x32 X: 0x40 Y: 0x0 SP: 0xEE PC: 0xCAC4 P: 0x0 CYC: 4330
Opcode: NOP EA A: 0x32 X: 0x40 Y: 0x0 SP: 0xEE PC: 0xCAC6 P: 0x0 CYC: 4334
Opcode: CLV B8 A: 0x32 X: 0x40 Y: 0x0 SP: 0xEE PC: 0xCAC7 P: 0x0 CYC: 4337
Opcode: CPX E0 3F A: 0x32 X: 0x40 Y: 0x0 SP: 0xEE PC: 0xCAC8 P: 0x0 CYC: 4340
Opcode: BEQ F0 9 A: 0x32 X: 0x40 Y: 0x0 SP: 0xEE PC: 0xCACA P: 0x0 CYC: 4343
Opcode: BMI 30 7 A: 0x32 X: 0x40 Y: 0x0 SP: 0xEE PC: 0xCACC P: 0x0 CYC: 4346
Opcode: BCC 90 5 A: 0x32 X: 0x40 Y: 0x0 SP: 0xEE PC: 0xCACE P: 0x0 CYC: 4349
Opcode: LDA A9 33 A: 0x32 X: 0x40 Y: 0x0 SP: 0xEE PC: 0xCAD5 P: 0x0 CYC: 4352
Opcode: STA 85 0 A: 0x33 X: 0x40 Y: 0x0 SP: 0xEE PC: 0xCAD7 P: 0x0 CYC: 4355
Opcode: NOP EA A: 0x33 X: 0x40 Y: 0x0 SP: 0xEE PC: 0xCAD9 P: 0x0 CYC: 4359
Opcode: CPX E0 41 A: 0x33 X: 0x40 Y: 0x0 SP: 0xEE PC: 0xCADA P: 0x0 CYC: 4362
Opcode: BEQ F0 7 A: 0x33 X: 0x40 Y: 0x0 SP: 0xEE PC: 0xCADC P: 0x80 CYC: 4365
Opcode: BPL 10 5 A: 0x33 X: 0x40 Y: 0x0 SP: 0xEE PC: 0xCADE P: 0x80 CYC: 4368
Opcode: BPL 10 3 A: 0x33 X: 0x40 Y: 0x0 SP: 0xEE PC: 0xCAE0 P: 0x80 CYC: 4371
Opcode: JMP 4C E9 CA A: 0x33 X: 0x40 Y: 0x0 SP: 0xEE PC: 0xCAE2 P: 0x80 CYC: 4374
Opcode: NOP EA A: 0x33 X: 0x40 Y: 0x0 SP: 0xEE PC: 0xCAE9 P: 0x80 CYC: 4378
Opcode: LDX A2 80 A: 0x33 X: 0x40 Y: 0x0 SP: 0xEE PC: 0xCAEA P: 0x80 CYC: 4381
Opcode: CPX E0 0 A: 0x33 X: 0x80 Y: 0x0 SP: 0xEE PC: 0xCAEC P: 0x80 CYC: 4384
Opcode: BEQ F0 7 A: 0x33 X: 0x80 Y: 0x0 SP: 0xEE PC: 0xCAEE P: 0x80 CYC: 4387
Opcode: BPL 10 5 A: 0x33 X: 0x80 Y: 0x0 SP: 0xEE PC: 0xCAF0 P: 0x80 CYC: 4390
Opcode: BCC 90 3 A: 0x33 X: 0x80 Y: 0x0 SP: 0xEE PC: 0xCAF2 P: 0x80 CYC: 4393
Opcode: LDA A9 35 A: 0x33 X: 0x80 Y: 0x0 SP: 0xEE PC: 0xCAF7 P: 0x80 CYC: 4396
Opcode: STA 85 0 A: 0x35 X: 0x80 Y: 0x0 SP: 0xEE PC: 0xCAF9 P: 0x0 CYC: 4399
Opcode: NOP EA A: 0x35 X: 0x80 Y: 0x0 SP: 0xEE PC: 0xCAFB P: 0x0 CYC: 4403
Opcode: CPX E0 80 A: 0x35 X: 0x80 Y: 0x0 SP: 0xEE PC: 0xCAFC P: 0x0 CYC: 4406
Opcode: BNE D0 7 A: 0x35 X: 0x80 Y: 0x0 SP: 0xEE PC: 0xCAFE P: 0x0 CYC: 4409
Opcode: LDA A9 36 A: 0x35 X: 0x80 Y: 0x0 SP: 0xEE PC: 0xCB07 P: 0x0 CYC: 4412
Opcode: STA 85 0 A: 0x36 X: 0x80 Y: 0x0 SP: 0xEE PC: 0xCB09 P: 0x0 CYC: 4415
Opcode: NOP EA A: 0x36 X: 0x80 Y: 0x0 SP: 0xEE PC: 0xCB0B P: 0x0 CYC: 4419
Opcode: CPX E0 81 A: 0x36 X: 0x80 Y: 0x0 SP: 0xEE PC: 0xCB0C P: 0x0 CYC: 4422
Opcode: BCS B0 7 A: 0x36 X: 0x80 Y: 0x0 SP: 0xEE PC: 0xCB0E P: 0x80 CYC: 4425
Opcode: BEQ F0 5 A: 0x36 X: 0x80 Y: 0x0 SP: 0xEE PC: 0xCB10 P: 0x80 CYC: 4428
Opcode: BPL 10 3 A: 0x36 X: 0x80 Y: 0x0 SP: 0xEE PC: 0xCB12 P: 0x80 CYC: 4431
Opcode: JMP 4C 1B CB A: 0x36 X: 0x80 Y: 0x0 SP: 0xEE PC: 0xCB14 P: 0x80 CYC: 4434
Opcode: NOP EA A: 0x36 X: 0x80 Y: 0x0 SP: 0xEE PC: 0xCB1B P: 0x80 CYC: 4438
Opcode: CPX E0 7F A: 0x36 X: 0x80 Y: 0x0 SP: 0xEE PC: 0xCB1C P: 0x80 CYC: 4441
Opcode: BCC 90 7 A: 0x36 X: 0x80 Y: 0x0 SP: 0xEE PC: 0xCB1E P: 0x0 CYC: 4444
Opcode: LDA A9 38 A: 0x36 X: 0x80 Y: 0x0 SP: 0xEE PC: 0xCB27 P: 0x0 CYC: 4447
Opcode: STA 85 0 A: 0x38 X: 0x80 Y: 0x0 SP: 0xEE PC: 0xCB29 P: 0x0 CYC: 4450
Opcode: NOP EA A: 0x38 X: 0x80 Y: 0x0 SP: 0xEE PC: 0xCB2B P: 0x0 CYC: 4454
Opcode: SEC 38 A: 0x38 X: 0x80 Y: 0x0 SP: 0xEE PC: 0xCB2C P: 0x0 CYC: 4457
Opcode: CLV B8 A: 0x38 X: 0x80 Y: 0x0 SP: 0xEE PC: 0xCB2D P: 0x1 CYC: 4460
Opcode: LDX A2 9F A: 0x38 X: 0x80 Y: 0x0 SP: 0xEE PC: 0xCB2E P: 0x0 CYC: 4463
Opcode: BEQ F0 9 A: 0x38 X: 0x9F Y: 0x0 SP: 0xEE PC: 0xCB30 P: 0x80 CYC: 4466
Opcode: BPL 10 7 A: 0x38 X: 0x9F Y: 0x0 SP: 0xEE PC: 0xCB32 P: 0x80 CYC: 4469
Opcode: BVS 70 5 A: 0x38 X: 0x9F Y: 0x0 SP: 0xEE PC: 0xCB34 P: 0x80 CYC: 4472
Opcode: BCC 90 3 A: 0x38 X: 0x9F Y: 0x0 SP: 0xEE PC: 0xCB36 P: 0x80 CYC: 4475
Opcode: LDX A2 39 A: 0x38 X: 0x9F Y: 0x0 SP: 0xEE PC: 0xCB3B P: 0x80 CYC: 4478
Opcode: STX 86 0 A: 0x38 X: 0x39 Y: 0x0 SP: 0xEE PC: 0xCB3D P: 0x0 CYC: 4481
Opcode: NOP EA A: 0x38 X: 0x39 Y: 0x0 SP: 0xEE PC: 0xCB3F P: 0x0 CYC: 4485
Opcode: CLC 18 A: 0x38 X: 0x39 Y: 0x0 SP: 0xEE PC: 0xCB40 P: 0x0 CYC: 4488
Opcode: BIT 24 1 A: 0x38 X: 0x39 Y: 0x0 SP: 0xEE PC: 0xCB41 P: 0x0 CYC: 4491
Opcode: LDX A2 0 A: 0x38 X: 0x39 Y: 0x0 SP: 0xEE PC: 0xCB43 P: 0xC0 CYC: 4495
Opcode: BNE D0 9 A: 0x38 X: 0x0 Y: 0x0 SP: 0xEE PC: 0xCB45 P: 0x80 CYC: 4498
Opcode: LDX A2 3A A: 0x38 X: 0x0 Y: 0x0 SP: 0xEE PC: 0xCB50 P: 0x80 CYC: 4501
Opcode: STX 86 0 A: 0x38 X: 0x3A Y: 0x0 SP: 0xEE PC: 0xCB52 P: 0x0 CYC: 4504
Opcode: NOP EA A: 0x38 X: 0x3A Y: 0x0 SP: 0xEE PC: 0xCB54 P: 0x0 CYC: 4508
Opcode: SEC 38 A: 0x38 X: 0x3A Y: 0x0 SP: 0xEE PC: 0xCB55 P: 0x0 CYC: 4511
Opcode: CLV B8 A: 0x38 X: 0x3A Y: 0x0 SP: 0xEE PC: 0xCB56 P: 0x1 CYC: 4514
Opcode: LDY A0 9F A: 0x38 X: 0x3A Y: 0x0 SP: 0xEE PC: 0xCB57 P: 0x0 CYC: 4517
Opcode: BEQ F0 9 A: 0x38 X: 0x3A Y: 0x9F SP: 0xEE PC: 0xCB59 P: 0x80 CYC: 4520
Opcode: BPL 10 7 A: 0x38 X: 0x3A Y: 0x9F SP: 0xEE PC: 0xCB5B P: 0x80 CYC: 4523
Opcode: BVS 70 5 A: 0x38 X: 0x3A Y: 0x9F SP: 0xEE PC: 0xCB5D P: 0x80 CYC: 4526
Opcode: BCC 90 3 A: 0x38 X: 0x3A Y: 0x9F SP: 0xEE PC: 0xCB5F P: 0x80 CYC: 4529
Opcode: LDX A2 3B A: 0x38 X: 0x3A Y: 0x9F SP: 0xEE PC: 0xCB64 P: 0x80 CYC: 4532
Opcode: STX 86 0 A: 0x38 X: 0x3B Y: 0x9F SP: 0xEE PC: 0xCB66 P: 0x0 CYC: 4535
Opcode: NOP EA A: 0x38 X: 0x3B Y: 0x9F SP: 0xEE PC: 0xCB68 P: 0x0 CYC: 4539
Opcode: CLC 18 A: 0x38 X: 0x3B Y: 0x9F SP: 0xEE PC: 0xCB69 P: 0x0 CYC: 4542
Opcode: BIT 24 1 A: 0x38 X: 0x3B Y: 0x9F SP: 0xEE PC: 0xCB6A P: 0x0 CYC: 4545
Opcode: LDY A0 0 A: 0x38 X: 0x3B Y: 0x9F SP: 0xEE PC: 0xCB6C P: 0xC0 CYC: 4549
Opcode: BNE D0 9 A: 0x38 X: 0x3B Y: 0x0 SP: 0xEE PC: 0xCB6E P: 0x80 CYC: 4552
Opcode: LDX A2 3C A: 0x38 X: 0x3B Y: 0x0 SP: 0xEE PC: 0xCB79 P: 0x80 CYC: 4555
Opcode: STX 86 0 A: 0x38 X: 0x3C Y: 0x0 SP: 0xEE PC: 0xCB7B P: 0x0 CYC: 4558
Opcode: NOP EA A: 0x38 X: 0x3C Y: 0x0 SP: 0xEE PC: 0xCB7D P: 0x0 CYC: 4562
Opcode: LDA A9 55 A: 0x38 X: 0x3C Y: 0x0 SP: 0xEE PC: 0xCB7E P: 0x0 CYC: 4565
Opcode: LDX A2 AA A: 0x55 X: 0x3C Y: 0x0 SP: 0xEE PC: 0xCB80 P: 0x0 CYC: 4568
Opcode: LDY A0 33 A: 0x55 X: 0xAA Y: 0x0 SP: 0xEE PC: 0xCB82 P: 0x80 CYC: 4571
Opcode: CMP C9 55 A: 0x55 X: 0xAA Y: 0x33 SP: 0xEE PC: 0xCB84 P: 0x0 CYC: 4574
Opcode: BNE D0 23 A: 0x55 X: 0xAA Y: 0x33 SP: 0xEE PC: 0xCB86 P: 0x0 CYC: 4577
Opcode: LDX A2 3D A: 0x55 X: 0xAA Y: 0x33 SP: 0xEE PC: 0xCBAB P: 0x0 CYC: 4580
Opcode: STX 86 0 A: 0x55 X: 0x3D Y: 0x33 SP: 0xEE PC: 0xCBAD P: 0x0 CYC: 4583
Opcode: LDY A0 71 A: 0x55 X: 0x3D Y: 0x33 SP: 0xEE PC: 0xCBAF P: 0x0 CYC: 4587
Opcode: JSR 20 31 F9 A: 0x55 X: 0x3D Y: 0x71 SP: 0xEE PC: 0xCBB1 P: 0x0 CYC: 4590
Opcode: NOP 4 A9 A: 0x55 X: 0x3D Y: 0x71 SP: 0xEC PC: 0xF931 P: 0x0 CYC: 4597
Opcode: NOP EA A: 0x55 X: 0x3D Y: 0x71 SP: 0xEC PC: 0xF933 P: 0x0 CYC: 4601
Opcode: STA 85 0 A: 0x55 X: 0x3D Y: 0x71 SP: 0xEC PC: 0xF934 P: 0x0 CYC: 4604
Opcode: LDA A9 FF A: 0x55 X: 0x3D Y: 0x71 SP: 0xEC PC: 0xF936 P: 0x0 CYC: 4608
Opcode: STA 85 97 A: 0xFF X: 0x3D Y: 0x71 SP: 0xEC PC: 0xF938 P: 0x80 CYC: 4611
Opcode: STA 85 98 A: 0xFF X: 0x3D Y: 0x71 SP: 0xEC PC: 0xF93A P: 0x80 CYC: 4615
Opcode: BIT 24 98 A: 0xFF X: 0x3D Y: 0x71 SP: 0xEC PC: 0xF93C P: 0x80 CYC: 4619
Opcode: LDY A0 34 A: 0xFF X: 0x3D Y: 0x71 SP: 0xEC PC: 0xF93E P: 0xC0 CYC: 4623
Opcode: LDA B1 97 A: 0xFF X: 0x3D Y: 0x34 SP: 0xEC PC: 0xF940 P: 0x0 CYC: 4626
Opcode: CMP C9 A3 A: 0x24 X: 0x3D Y: 0x34 SP: 0xEC PC: 0xF942 P: 0x0 CYC: 4632
Opcode: BNE D0 2 A: 0x24 X: 0x3D Y: 0x34 SP: 0xEC PC: 0xF944 P: 0x80 CYC: 4635
Opcode: LDA A9 EB A: 0x24 X: 0x3D Y: 0x34 SP: 0xEC PC: 0xF948 P: 0x80 CYC: 4638
Opcode: STA 85 0 A: 0xEB X: 0x3D Y: 0x34 SP: 0xEC PC: 0xF94A P: 0x80 CYC: 4641
Opcode: LDA A5 0 A: 0xEB X: 0x3D Y: 0x34 SP: 0xEC PC: 0xF94C P: 0x80 CYC: 4645
Opcode: PHA 48 A: 0x0 X: 0x3D Y: 0x34 SP: 0xEC PC: 0xF94E P: 0x80 CYC: 4649
Opcode: LDA A9 46 A: 0x0 X: 0x3D Y: 0x34 SP: 0xEB PC: 0xF94F P: 0x80 CYC: 4653
Opcode: STA 85 FF A: 0x46 X: 0x3D Y: 0x34 SP: 0xEB PC: 0xF951 P: 0x0 CYC: 4656
Opcode: LDA A9 1 A: 0x46 X: 0x3D Y: 0x34 SP: 0xEB PC: 0xF953 P: 0x0 CYC: 4660
Opcode: STA 85 0 A: 0x1 X: 0x3D Y: 0x34 SP: 0xEB PC: 0xF955 P: 0x0 CYC: 4663
Opcode: LDY A0 FF A: 0x1 X: 0x3D Y: 0x34 SP: 0xEB PC: 0xF957 P: 0x0 CYC: 4667
Opcode: LDA B1 FF A: 0x1 X: 0x3D Y: 0xFF SP: 0xEB PC: 0xF959 P: 0x80 CYC: 4670
Opcode: CMP C9 12 A: 0x4C X: 0x3D Y: 0xFF SP: 0xEB PC: 0xF95B P: 0x0 CYC: 4676
Opcode: BEQ F0 4 A: 0x4C X: 0x3D Y: 0xFF SP: 0xEB PC: 0xF95D P: 0x0 CYC: 4679
Opcode: PLA 68 A: 0x4C X: 0x3D Y: 0xFF SP: 0xEB PC: 0xF95F P: 0x0 CYC: 4682
Opcode: LDA A9 EC A: 0xFF X: 0x3D Y: 0xFF SP: 0xEC PC: 0xF960 P: 0x80 CYC: 4687
Opcode: PHA 48 A: 0xEC X: 0x3D Y: 0xFF SP: 0xEC PC: 0xF962 P: 0x80 CYC: 4690
Opcode: PLA 68 A: 0xEC X: 0x3D Y: 0xFF SP: 0xEB PC: 0xF963 P: 0x80 CYC: 4694
Opcode: STA 85 0 A: 0xFF X: 0x3D Y: 0xFF SP: 0xEC PC: 0xF964 P: 0x80 CYC: 4699
Opcode: LDX A2 ED A: 0xFF X: 0x3D Y: 0xFF SP: 0xEC PC: 0xF966 P: 0x80 CYC: 4703
Opcode: LDA A9 0 A: 0xFF X: 0xED Y: 0xFF SP: 0xEC PC: 0xF968 P: 0x80 CYC: 4706
Opcode: STA 85 33 A: 0x0 X: 0xED Y: 0xFF SP: 0xEC PC: 0xF96A P: 0x80 CYC: 4709
Opcode: LDA A9 4 A: 0x0 X: 0xED Y: 0xFF SP: 0xEC PC: 0xF96C P: 0x80 CYC: 4713
Opcode: STA 85 34 A: 0x4 X: 0xED Y: 0xFF SP: 0xEC PC: 0xF96E P: 0x0 CYC: 4716
Opcode: LDY A0 0 A: 0x4 X: 0xED Y: 0xFF SP: 0xEC PC: 0xF970 P: 0x0 CYC: 4720
Opcode: CLC 18 A: 0x4 X: 0xED Y: 0x0 SP: 0xEC PC: 0xF972 P: 0x0 CYC: 4723
Opcode: LDA A9 FF A: 0x4 X: 0xED Y: 0x0 SP: 0xEC PC: 0xF973 P: 0x0 CYC: 4726
Opcode: STA 85 1 A: 0xFF X: 0xED Y: 0x0 SP: 0xEC PC: 0xF975 P: 0x80 CYC: 4729
Opcode: BIT 24 1 A: 0xFF X: 0xED Y: 0x0 SP: 0xEC PC: 0xF977 P: 0x80 CYC: 4733
Opcode: LDA A9 AA A: 0xFF X: 0xED Y: 0x0 SP: 0xEC PC: 0xF979 P: 0xC0 CYC: 4737
Opcode: STA 8D 0 4 A: 0xAA X: 0xED Y: 0x0 SP: 0xEC PC: 0xF97B P: 0x80 CYC: 4740
Opcode: LDA A9 55 A: 0xAA X: 0xED Y: 0x0 SP: 0xEC PC: 0xF97E P: 0x80 CYC: 4745
Opcode: ORA 11 33 A: 0x55 X: 0xED Y: 0x0 SP: 0xEC PC: 0xF980 P: 0x0 CYC: 4748
Opcode: BCS B0 8 A: 0x55 X: 0xED Y: 0x0 SP: 0xEC PC: 0xF982 P: 0x0 CYC: 4754
Opcode: BPL 10 6 A: 0x55 X: 0xED Y: 0x0 SP: 0xEC PC: 0xF984 P: 0x0 CYC: 4757
Opcode: STX 86 0 A: 0x55 X: 0xED Y: 0x0 SP: 0xEC PC: 0xF98C P: 0x0 CYC: 4760
Opcode: INX E8 A: 0x55 X: 0xED Y: 0x0 SP: 0xEC PC: 0xF98E P: 0x0 CYC: 4764
Opcode: SEC 38 A: 0x55 X: 0xEE Y: 0x0 SP: 0xEC PC: 0xF98F P: 0x0 CYC: 4767
Opcode: CLV B8 A: 0x55 X: 0xEE Y: 0x0 SP: 0xEC PC: 0xF990 P: 0x1 CYC: 4770
Opcode: LDA A9 0 A: 0x55 X: 0xEE Y: 0x0 SP: 0xEC PC: 0xF991 P: 0x0 CYC: 4773
Opcode: ORA 11 33 A: 0x0 X: 0xEE Y: 0x0 SP: 0xEC PC: 0xF993 P: 0x0 CYC: 4776
Opcode: BEQ F0 6 A: 0x4 X: 0xEE Y: 0x0 SP: 0xEC PC: 0xF995 P: 0x0 CYC: 4782
Opcode: BVS 70 4 A: 0x4 X: 0xEE Y: 0x0 SP: 0xEC PC: 0xF997 P: 0x0 CYC: 4785
Opcode: BCC 90 2 A: 0x4 X: 0xEE Y: 0x0 SP: 0xEC PC: 0xF999 P: 0x0 CYC: 4788
Opcode: STX 86 0 A: 0x4 X: 0xEE Y: 0x0 SP: 0xEC PC: 0xF99D P: 0x0 CYC: 4791
Opcode: INX E8 A: 0x4 X: 0xEE Y: 0x0 SP: 0xEC PC: 0xF99F P: 0x0 CYC: 4795
Opcode: CLC 18 A: 0x4 X: 0xEF Y: 0x0 SP: 0xEC PC: 0xF9A0 P: 0x0 CYC: 4798
Opcode: BIT 24 1 A: 0x4 X: 0xEF Y: 0x0 SP: 0xEC PC: 0xF9A1 P: 0x0 CYC: 4801
Opcode: LDA A9 55 A: 0x4 X: 0xEF Y: 0x0 SP: 0xEC PC: 0xF9A3 P: 0xC0 CYC: 4805
Opcode: AND 31 33 A: 0x55 X: 0xEF Y: 0x0 SP: 0xEC PC: 0xF9A5 P: 0x0 CYC: 4808
Opcode: BNE D0 6 A: 0x4 X: 0xEF Y: 0x0 SP: 0xEC PC: 0xF9A7 P: 0x0 CYC: 4814
Opcode: STX 86 0 A: 0x4 X: 0xEF Y: 0x0 SP: 0xEC PC: 0xF9AF P: 0x0 CYC: 4817
Opcode: INX E8 A: 0x4 X: 0xEF Y: 0x0 SP: 0xEC PC: 0xF9B1 P: 0x0 CYC: 4821
Opcode: SEC 38 A: 0x4 X: 0xF0 Y: 0x0 SP: 0xEC PC: 0xF9B2 P: 0x0 CYC: 4824
Opcode: CLV B8 A: 0x4 X: 0xF0 Y: 0x0 SP: 0xEC PC: 0xF9B3 P: 0x1 CYC: 4827
Opcode: LDA A9 EF A: 0x4 X: 0xF0 Y: 0x0 SP: 0xEC PC: 0xF9B4 P: 0x0 CYC: 4830
Opcode: STA 8D 0 4 A: 0xEF X: 0xF0 Y: 0x0 SP: 0xEC PC: 0xF9B6 P: 0x80 CYC: 4833
Opcode: LDA A9 F8 A: 0xEF X: 0xF0 Y: 0x0 SP: 0xEC PC: 0xF9B9 P: 0x80 CYC: 4838
Opcode: AND 31 33 A: 0xF8 X: 0xF0 Y: 0x0 SP: 0xEC PC: 0xF9BB P: 0x80 CYC: 4841
Opcode: BCC 90 8 A: 0x0 X: 0xF0 Y: 0x0 SP: 0xEC PC: 0xF9BD P: 0x80 CYC: 4847
Opcode: STX 86 0 A: 0x0 X: 0xF0 Y: 0x0 SP: 0xEC PC: 0xF9C7 P: 0x80 CYC: 4850
Opcode: INX E8 A: 0x0 X: 0xF0 Y: 0x0 SP: 0xEC PC: 0xF9C9 P: 0x80 CYC: 4854
Opcode: CLC 18 A: 0x0 X: 0xF1 Y: 0x0 SP: 0xEC PC: 0xF9CA P: 0x80 CYC: 4857
Opcode: BIT 24 1 A: 0x0 X: 0xF1 Y: 0x0 SP: 0xEC PC: 0xF9CB P: 0x0 CYC: 4860
Opcode: LDA A9 AA A: 0x0 X: 0xF1 Y: 0x0 SP: 0xEC PC: 0xF9CD P: 0xC2 CYC: 4864
Opcode: STA 8D 0 4 A: 0xAA X: 0xF1 Y: 0x0 SP: 0xEC PC: 0xF9CF P: 0x82 CYC: 4867
Opcode: LDA A9 5F A: 0xAA X: 0xF1 Y: 0x0 SP: 0xEC PC: 0xF9D2 P: 0x82 CYC: 4872
Opcode: EOR 51 33 A: 0x5F X: 0xF1 Y: 0x0 SP: 0xEC PC: 0xF9D4 P: 0x0 CYC: 4875
Opcode: BCS B0 8 A: 0x5B X: 0xF1 Y: 0x0 SP: 0xEC PC: 0xF9D6 P: 0x0 CYC: 4881
Opcode: BPL 10 6 A: 0x5B X: 0xF1 Y: 0x0 SP: 0xEC PC: 0xF9D8 P: 0x0 CYC: 4884
Opcode: STX 86 0 A: 0x5B X: 0xF1 Y: 0x0 SP: 0xEC PC: 0xF9E0 P: 0x0 CYC: 4887
Opcode: INX E8 A: 0x5B X: 0xF1 Y: 0x0 SP: 0xEC PC: 0xF9E2 P: 0x0 CYC: 4891
Opcode: SEC 38 A: 0x5B X: 0xF2 Y: 0x0 SP: 0xEC PC: 0xF9E3 P: 0x0 CYC: 4894
Opcode: CLV B8 A: 0x5B X: 0xF2 Y: 0x0 SP: 0xEC PC: 0xF9E4 P: 0x1 CYC: 4897
Opcode: LDA A9 70 A: 0x5B X: 0xF2 Y: 0x0 SP: 0xEC PC: 0xF9E5 P: 0x0 CYC: 4900
Opcode: STA 8D 0 4 A: 0x70 X: 0xF2 Y: 0x0 SP: 0xEC PC: 0xF9E7 P: 0x0 CYC: 4903
Opcode: EOR 51 33 A: 0x70 X: 0xF2 Y: 0x0 SP: 0xEC PC: 0xF9EA P: 0x0 CYC: 4908
Opcode: BNE D0 6 A: 0x74 X: 0xF2 Y: 0x0 SP: 0xEC PC: 0xF9EC P: 0x0 CYC: 4914
Opcode: STX 86 0 A: 0x74 X: 0xF2 Y: 0x0 SP: 0xEC PC: 0xF9F4 P: 0x0 CYC: 4917
Opcode: INX E8 A: 0x74 X: 0xF2 Y: 0x0 SP: 0xEC PC: 0xF9F6 P: 0x0 CYC: 4921
Opcode: CLC 18 A: 0x74 X: 0xF3 Y: 0x0 SP: 0xEC PC: 0xF9F7 P: 0x0 CYC: 4924
Opcode: BIT 24 1 A: 0x74 X: 0xF3 Y: 0x0 SP: 0xEC PC: 0xF9F8 P: 0x0 CYC: 4927
Opcode: LDA A9 69 A: 0x74 X: 0xF3 Y: 0x0 SP: 0xEC PC: 0xF9FA P: 0xC0 CYC: 4931
Opcode: STA 8D 0 4 A: 0x69 X: 0xF3 Y: 0x0 SP: 0xEC PC: 0xF9FC P: 0x0 CYC: 4934
Opcode: LDA A9 0 A: 0x69 X: 0xF3 Y: 0x0 SP: 0xEC PC: 0xF9FF P: 0x0 CYC: 4939
Opcode: ADC 71 33 A: 0x0 X: 0xF3 Y: 0x0 SP: 0xEC PC: 0xFA01 P: 0x0 CYC: 4942
Opcode: BMI 30 8 A: 0x0 X: 0xF3 Y: 0x0 SP: 0xEC PC: 0xFA03 P: 0x0 CYC: 4948
Opcode: BCS B0 6 A: 0x0 X: 0xF3 Y: 0x0 SP: 0xEC PC: 0xFA05 P: 0x0 CYC: 4951
Opcode: CMP C9 69 A: 0x0 X: 0xF3 Y: 0x0 SP: 0xEC PC: 0xFA07 P: 0x0 CYC: 4954
Opcode: BNE D0 2 A: 0x0 X: 0xF3 Y: 0x0 SP: 0xEC PC: 0xFA09 P: 0x80 CYC: 4957
Opcode: STX 86 0 A: 0x0 X: 0xF3 Y: 0x0 SP: 0xEC PC: 0xFA0D P: 0x80 CYC: 4960
Opcode: INX E8 A: 0x0 X: 0xF3 Y: 0x0 SP: 0xEC PC: 0xFA0F P: 0x80 CYC: 4964
Opcode: SEC 38 A: 0x0 X: 0xF4 Y: 0x0 SP: 0xEC PC: 0xFA10 P: 0x80 CYC: 4967
Opcode: BIT 24 1 A: 0x0 X: 0xF4 Y: 0x0 SP: 0xEC PC: 0xFA11 P: 0x81 CYC: 4970
Opcode: LDA A9 0 A: 0x0 X: 0xF4 Y: 0x0 SP: 0xEC PC: 0xFA13 P: 0xC3 CYC: 4974
Opcode: ADC 71 33 A: 0x0 X: 0xF4 Y: 0x0 SP: 0xEC PC: 0xFA15 P: 0x80 CYC: 4977
Opcode: BMI 30 8 A: 0x0 X: 0xF4 Y: 0x0 SP: 0xEC PC: 0xFA17 P: 0x0 CYC: 4983
Opcode: BCS B0 6 A: 0x0 X: 0xF4 Y: 0x0 SP: 0xEC PC: 0xFA19 P: 0x0 CYC: 4986
Opcode: CMP C9 6A A: 0x0 X: 0xF4 Y: 0x0 SP: 0xEC PC: 0xFA1B P: 0x0 CYC: 4989
Opcode: BNE D0 2 A: 0x0 X: 0xF4 Y: 0x0 SP: 0xEC PC: 0xFA1D P: 0x80 CYC: 4992
Opcode: STX 86 0 A: 0x0 X: 0xF4 Y: 0x0 SP: 0xEC PC: 0xFA21 P: 0x80 CYC: 4995
Opcode: INX E8 A: 0x0 X: 0xF4 Y: 0x0 SP: 0xEC PC: 0xFA23 P: 0x80 CYC: 4999
Opcode: SEC 38 A: 0x0 X: 0xF5 Y: 0x0 SP: 0xEC PC: 0xFA24 P: 0x80 CYC: 5002
Opcode: CLV B8 A: 0x0 X: 0xF5 Y: 0x0 SP: 0xEC PC: 0xFA25 P: 0x81 CYC: 5005
Opcode: LDA A9 7F A: 0x0 X: 0xF5 Y: 0x0 SP: 0xEC PC: 0xFA26 P: 0x0 CYC: 5008
Opcode: STA 8D 0 4 A: 0x7F X: 0xF5 Y: 0x0 SP: 0xEC PC: 0xFA28 P: 0x0 CYC: 5011
Opcode: ADC 71 33 A: 0x7F X: 0xF5 Y: 0x0 SP: 0xEC PC: 0xFA2B P: 0x0 CYC: 5016
Opcode: BPL 10 8 A: 0x7E X: 0xF5 Y: 0x0 SP: 0xEC PC: 0xFA2D P: 0x0 CYC: 5022
Opcode: STX 86 0 A: 0x7E X: 0xF5 Y: 0x0 SP: 0xEC PC: 0xFA37 P: 0x0 CYC: 5025
Opcode: INX E8 A: 0x7E X: 0xF5 Y: 0x0 SP: 0xEC PC: 0xFA39 P: 0x0 CYC: 5029
Opcode: CLC 18 A: 0x7E X: 0xF6 Y: 0x0 SP: 0xEC PC: 0xFA3A P: 0x0 CYC: 5032
Opcode: BIT 24 1 A: 0x7E X: 0xF6 Y: 0x0 SP: 0xEC PC: 0xFA3B P: 0x0 CYC: 5035
Opcode: LDA A9 80 A: 0x7E X: 0xF6 Y: 0x0 SP: 0xEC PC: 0xFA3D P: 0xC0 CYC: 5039
Opcode: STA 8D 0 4 A: 0x80 X: 0xF6 Y: 0x0 SP: 0xEC PC: 0xFA3F P: 0x80 CYC: 5042
Opcode: LDA A9 7F A: 0x80 X: 0xF6 Y: 0x0 SP: 0xEC PC: 0xFA42 P: 0x80 CYC: 5047
Opcode: ADC 71 33 A: 0x7F X: 0xF6 Y: 0x0 SP: 0xEC PC: 0xFA44 P: 0x0 CYC: 5050
Opcode: BPL 10 8 A: 0x7E X: 0xF6 Y: 0x0 SP: 0xEC PC: 0xFA46 P: 0x0 CYC: 5056
Opcode: STX 86 0 A: 0x7E X: 0xF6 Y: 0x0 SP: 0xEC PC: 0xFA50 P: 0x0 CYC: 5059
Opcode: INX E8 A: 0x7E X: 0xF6 Y: 0x0 SP: 0xEC PC: 0xFA52 P: 0x0 CYC: 5063
Opcode: SEC 38 A: 0x7E X: 0xF7 Y: 0x0 SP: 0xEC PC: 0xFA53 P: 0x0 CYC: 5066
Opcode: CLV B8 A: 0x7E X: 0xF7 Y: 0x0 SP: 0xEC PC: 0xFA54 P: 0x1 CYC: 5069
Opcode: LDA A9 80 A: 0x7E X: 0xF7 Y: 0x0 SP: 0xEC PC: 0xFA55 P: 0x0 CYC: 5072
Opcode: STA 8D 0 4 A: 0x80 X: 0xF7 Y: 0x0 SP: 0xEC PC: 0xFA57 P: 0x80 CYC: 5075
Opcode: LDA A9 7F A: 0x80 X: 0xF7 Y: 0x0 SP: 0xEC PC: 0xFA5A P: 0x80 CYC: 5080
Opcode: ADC 71 33 A: 0x7F X: 0xF7 Y: 0x0 SP: 0xEC PC: 0xFA5C P: 0x0 CYC: 5083
Opcode: BNE D0 6 A: 0x83 X: 0xF7 Y: 0x0 SP: 0xEC PC: 0xFA5E P: 0x0 CYC: 5089
Opcode: STX 86 0 A: 0x83 X: 0xF7 Y: 0x0 SP: 0xEC PC: 0xFA66 P: 0x0 CYC: 5092
Opcode: INX E8 A: 0x83 X: 0xF7 Y: 0x0 SP: 0xEC PC: 0xFA68 P: 0x0 CYC: 5096
Opcode: BIT 24 1 A: 0x83 X: 0xF8 Y: 0x0 SP: 0xEC PC: 0xFA69 P: 0x0 CYC: 5099
Opcode: LDA A9 40 A: 0x83 X: 0xF8 Y: 0x0 SP: 0xEC PC: 0xFA6B P: 0xC0 CYC: 5103
Opcode: STA 8D 0 4 A: 0x40 X: 0xF8 Y: 0x0 SP: 0xEC PC: 0xFA6D P: 0x0 CYC: 5106
Opcode: CMP D1 33 A: 0x40 X: 0xF8 Y: 0x0 SP: 0xEC PC: 0xFA70 P: 0x0 CYC: 5111
Opcode: BMI 30 6 A: 0x40 X: 0xF8 Y: 0x0 SP: 0xEC PC: 0xFA72 P: 0x80 CYC: 5117
Opcode: STX 86 0 A: 0x40 X: 0xF8 Y: 0x0 SP: 0xEC PC: 0xFA7A P: 0x80 CYC: 5120
Opcode: INX E8 A: 0x40 X: 0xF8 Y: 0x0 SP: 0xEC PC: 0xFA7C P: 0x80 CYC: 5124
Opcode: CLV B8 A: 0x40 X: 0xF9 Y: 0x0 SP: 0xEC PC: 0xFA7D P: 0x80 CYC: 5127
Opcode: DEC CE 0 4 A: 0x40 X: 0xF9 Y: 0x0 SP: 0xEC PC: 0xFA7E P: 0x0 CYC: 5130
Opcode: CMP D1 33 A: 0x40 X: 0xF9 Y: 0x0 SP: 0xEC PC: 0xFA81 P: 0x0 CYC: 5137
Opcode: BEQ F0 6 A: 0x40 X: 0xF9 Y: 0x0 SP: 0xEC PC: 0xFA83 P: 0x0 CYC: 5143
Opcode: BMI 30 4 A: 0x40 X: 0xF9 Y: 0x0 SP: 0xEC PC: 0xFA85 P: 0x0 CYC: 5146
Opcode: BCC 90 2 A: 0x40 X: 0xF9 Y: 0x0 SP: 0xEC PC: 0xFA87 P: 0x0 CYC: 5149
Opcode: STX 86 0 A: 0x40 X: 0xF9 Y: 0x0 SP: 0xEC PC: 0xFA8B P: 0x0 CYC: 5152
Opcode: INX E8 A: 0x40 X: 0xF9 Y: 0x0 SP: 0xEC PC: 0xFA8D P: 0x0 CYC: 5156
Opcode: INC EE 0 4 A: 0x40 X: 0xFA Y: 0x0 SP: 0xEC PC: 0xFA8E P: 0x0 CYC: 5159
Opcode: INC EE 0 4 A: 0x40 X: 0xFA Y: 0x0 SP: 0xEC PC: 0xFA91 P: 0x0 CYC: 5166
Opcode: CMP D1 33 A: 0x40 X: 0xFA Y: 0x0 SP: 0xEC PC: 0xFA94 P: 0x0 CYC: 5173
Opcode: BEQ F0 2 A: 0x40 X: 0xFA Y: 0x0 SP: 0xEC PC: 0xFA96 P: 0x0 CYC: 5179
Opcode: BMI 30 2 A: 0x40 X: 0xFA Y: 0x0 SP: 0xEC PC: 0xFA98 P: 0x0 CYC: 5182
Opcode: STX 86 0 A: 0x40 X: 0xFA Y: 0x0 SP: 0xEC PC: 0xFA9A P: 0x0 CYC: 5185
Opcode: INX E8 A: 0x40 X: 0xFA Y: 0x0 SP: 0xEC PC: 0xFA9C P: 0x0 CYC: 5189
Opcode: LDA A9 0 A: 0x40 X: 0xFB Y: 0x0 SP: 0xEC PC: 0xFA9D P: 0x0 CYC: 5192
Opcode: STA 8D 0 4 A: 0x0 X: 0xFB Y: 0x0 SP: 0xEC PC: 0xFA9F P: 0x0 CYC: 5195
Opcode: LDA A9 80 A: 0x0 X: 0xFB Y: 0x0 SP: 0xEC PC: 0xFAA2 P: 0x0 CYC: 5200
Opcode: CMP D1 33 A: 0x80 X: 0xFB Y: 0x0 SP: 0xEC PC: 0xFAA4 P: 0x80 CYC: 5203
Opcode: BEQ F0 4 A: 0x80 X: 0xFB Y: 0x0 SP: 0xEC PC: 0xFAA6 P: 0x80 CYC: 5209
Opcode: BPL 10 2 A: 0x80 X: 0xFB Y: 0x0 SP: 0xEC PC: 0xFAA8 P: 0x80 CYC: 5212
Opcode: BCS B0 2 A: 0x80 X: 0xFB Y: 0x0 SP: 0xEC PC: 0xFAAA P: 0x80 CYC: 5215
Opcode: STX 86 0 A: 0x80 X: 0xFB Y: 0x0 SP: 0xEC PC: 0xFAAC P: 0x80 CYC: 5218
Opcode: INX E8 A: 0x80 X: 0xFB Y: 0x0 SP: 0xEC PC: 0xFAAE P: 0x80 CYC: 5222
Opcode: LDY A0 80 A: 0x80 X: 0xFC Y: 0x0 SP: 0xEC PC: 0xFAAF P: 0x80 CYC: 5225
Opcode: STY 8C 0 4 A: 0x80 X: 0xFC Y: 0x80 SP: 0xEC PC: 0xFAB1 P: 0x80 CYC: 5228
Opcode: LDY A0 0 A: 0x80 X: 0xFC Y: 0x80 SP: 0xEC PC: 0xFAB4 P: 0x80 CYC: 5233
Opcode: CMP D1 33 A: 0x80 X: 0xFC Y: 0x0 SP: 0xEC PC: 0xFAB6 P: 0x80 CYC: 5236
Opcode: BNE D0 4 A: 0x80 X: 0xFC Y: 0x0 SP: 0xEC PC: 0xFAB8 P: 0x80 CYC: 5242
Opcode: STX 86 0 A: 0x80 X: 0xFC Y: 0x0 SP: 0xEC PC: 0xFABE P: 0x80 CYC: 5245
Opcode: INX E8 A: 0x80 X: 0xFC Y: 0x0 SP: 0xEC PC: 0xFAC0 P: 0x80 CYC: 5249
Opcode: INC EE 0 4 A: 0x80 X: 0xFD Y: 0x0 SP: 0xEC PC: 0xFAC1 P: 0x80 CYC: 5252
Opcode: CMP D1 33 A: 0x80 X: 0xFD Y: 0x0 SP: 0xEC PC: 0xFAC4 P: 0x80 CYC: 5259
Opcode: BCS B0 4 A: 0x80 X: 0xFD Y: 0x0 SP: 0xEC PC: 0xFAC6 P: 0x0 CYC: 5265
Opcode: BEQ F0 2 A: 0x80 X: 0xFD Y: 0x0 SP: 0xEC PC: 0xFAC8 P: 0x0 CYC: 5268
Opcode: BMI 30 2 A: 0x80 X: 0xFD Y: 0x0 SP: 0xEC PC: 0xFACA P: 0x0 CYC: 5271
Opcode: STX 86 0 A: 0x80 X: 0xFD Y: 0x0 SP: 0xEC PC: 0xFACC P: 0x0 CYC: 5274
Opcode: INX E8 A: 0x80 X: 0xFD Y: 0x0 SP: 0xEC PC: 0xFACE P: 0x0 CYC: 5278
Opcode: DEC CE 0 4 A: 0x80 X: 0xFE Y: 0x0 SP: 0xEC PC: 0xFACF P: 0x0 CYC: 5281
Opcode: DEC CE 0 4 A: 0x80 X: 0xFE Y: 0x0 SP: 0xEC PC: 0xFAD2 P: 0x0 CYC: 5288
Opcode: CMP D1 33 A: 0x80 X: 0xFE Y: 0x0 SP: 0xEC PC: 0xFAD5 P: 0x0 CYC: 5295
Opcode: BCC 90 4 A: 0x80 X: 0xFE Y: 0x0 SP: 0xEC PC: 0xFAD7 P: 0x80 CYC: 5301
Opcode: STX 86 0 A: 0x80 X: 0xFE Y: 0x0 SP: 0xEC PC: 0xFADD P: 0x80 CYC: 5304
Opcode: RTS 60 A: 0x80 X: 0xFE Y: 0x0 SP: 0xEC PC: 0xFADF P: 0x80 CYC: 5308
Opcode: BRK 0 A: 0x80 X: 0xFE Y: 0x0 SP: 0xEE PC: 0x0 P: 0x80 CYC: 5315
Opcode: JMP 4C B0 CA A: 0x80 X: 0xFE Y: 0x0 SP: 0xEB PC: 0xAAA9 P: 0x84 CYC: 5323
Opcode: NOP EA A: 0x80 X: 0xFE Y: 0x0 SP: 0xEB PC: 0xCAB0 P: 0x84 CYC: 5327
Opcode: BIT 24 1 A: 0x80 X: 0xFE Y: 0x0 SP: 0xEB PC: 0xCAB1 P: 0x84 CYC: 5330
Opcode: LDX A2 40 A: 0x80 X: 0xFE Y: 0x0 SP: 0xEB PC: 0xCAB3 P: 0xC0 CYC: 5334
Opcode: CPX E0 40 A: 0x80 X: 0x40 Y: 0x0 SP: 0xEB PC: 0xCAB5 P: 0x0 CYC: 5337
Opcode: BNE D0 9 A: 0x80 X: 0x40 Y: 0x0 SP: 0xEB PC: 0xCAB7 P: 0x0 CYC: 5340
